Traceback (most recent call last):
  File "/clusterfs/students/achmadjae/RA/02_deep3D/script/main.py", line 172, in <module>
    train_set, train_loader, val_set, val_loader = data_preparation(mode, filename)
                                                   ^^^^^^^^^^^^^^^^^^^^^^^^^^^^^^^^
  File "/clusterfs/students/achmadjae/RA/02_deep3D/script/main.py", line 27, in data_preparation
    with h5py.File(filename, 'r') as hf:
         ^^^^^^^^^^^^^^^^^^^^^^^^
  File "/clusterfs/students/achmadjae/.local/lib/python3.11/site-packages/h5py/_hl/files.py", line 567, in __init__
    fid = make_fid(name, mode, userblock_size, fapl, fcpl, swmr=swmr)
          ^^^^^^^^^^^^^^^^^^^^^^^^^^^^^^^^^^^^^^^^^^^^^^^^^^^^^^^^^^^
  File "/clusterfs/students/achmadjae/.local/lib/python3.11/site-packages/h5py/_hl/files.py", line 231, in make_fid
    fid = h5f.open(name, flags, fapl=fapl)
          ^^^^^^^^^^^^^^^^^^^^^^^^^^^^^^^^
  File "h5py/_objects.pyx", line 54, in h5py._objects.with_phil.wrapper
  File "h5py/_objects.pyx", line 55, in h5py._objects.with_phil.wrapper
  File "h5py/h5f.pyx", line 106, in h5py.h5f.open
FileNotFoundError: [Errno 2] Unable to open file (unable to open file: name = '/clusterfs/students/achmadjae/RA/02_deep3D/data/Be_train_40_15000.h5', errno = 2, error message = 'No such file or directory', flags = 0, o_flags = 0)
ic| feature.shape: (20000, 40, 40, 40), target.shape: (20000,)
Epoch: 1/1000, Train Loss: 2.2376, Val Loss: 0.2288 | 23.060 s
Epoch: 2/1000, Train Loss: 0.2043, Val Loss: 0.4245 | 22.676 s
Epoch: 3/1000, Train Loss: 0.1801, Val Loss: 0.1688 | 23.454 s
Epoch: 4/1000, Train Loss: 0.1220, Val Loss: 0.1038 | 22.811 s
Epoch: 5/1000, Train Loss: 0.1007, Val Loss: 0.1291 | 22.659 s
Epoch: 6/1000, Train Loss: 0.1431, Val Loss: 0.0349 | 22.541 s
Epoch: 7/1000, Train Loss: 0.2273, Val Loss: 0.0506 | 22.463 s
Epoch: 8/1000, Train Loss: 0.1797, Val Loss: 0.7477 | 23.063 s
Epoch 00018: reducing learning rate of group 0 to 1.0000e-05.
Epoch: 9/1000, Train Loss: 0.2465, Val Loss: 0.1316 | 22.391 s
Epoch: 10/1000, Train Loss: 0.0367, Val Loss: 0.0311 | 22.766 s
Epoch: 11/1000, Train Loss: 0.0312, Val Loss: 0.0314 | 22.759 s
Epoch: 12/1000, Train Loss: 0.0310, Val Loss: 0.0306 | 23.048 s
Epoch: 13/1000, Train Loss: 0.0307, Val Loss: 0.0307 | 22.940 s
Epoch: 14/1000, Train Loss: 0.0313, Val Loss: 0.0310 | 22.745 s
Epoch: 15/1000, Train Loss: 0.0308, Val Loss: 0.0303 | 22.952 s
Epoch: 16/1000, Train Loss: 0.0307, Val Loss: 0.0306 | 22.680 s
Epoch: 17/1000, Train Loss: 0.0308, Val Loss: 0.0304 | 22.621 s
Epoch 00036: reducing learning rate of group 0 to 1.0000e-06.
Epoch: 18/1000, Train Loss: 0.0309, Val Loss: 0.0306 | 22.514 s
Epoch: 19/1000, Train Loss: 0.0299, Val Loss: 0.0299 | 22.648 s
Epoch: 20/1000, Train Loss: 0.0298, Val Loss: 0.0299 | 22.918 s
Epoch: 21/1000, Train Loss: 0.0298, Val Loss: 0.0301 | 22.527 s
Epoch: 22/1000, Train Loss: 0.0298, Val Loss: 0.0299 | 22.841 s
Epoch: 23/1000, Train Loss: 0.0299, Val Loss: 0.0299 | 22.930 s
Epoch: 24/1000, Train Loss: 0.0299, Val Loss: 0.0298 | 23.078 s
Epoch: 25/1000, Train Loss: 0.0297, Val Loss: 0.0298 | 22.391 s
Epoch: 26/1000, Train Loss: 0.0298, Val Loss: 0.0301 | 22.731 s
Epoch: 27/1000, Train Loss: 0.0299, Val Loss: 0.0298 | 22.476 s
Epoch: 28/1000, Train Loss: 0.0299, Val Loss: 0.0301 | 22.567 s
Epoch: 29/1000, Train Loss: 0.0299, Val Loss: 0.0300 | 22.466 s
Epoch: 30/1000, Train Loss: 0.0297, Val Loss: 0.0298 | 22.695 s
Epoch: 31/1000, Train Loss: 0.0297, Val Loss: 0.0303 | 22.283 s
Epoch: 32/1000, Train Loss: 0.0297, Val Loss: 0.0299 | 22.551 s
Epoch: 33/1000, Train Loss: 0.0299, Val Loss: 0.0297 | 22.493 s
Epoch: 34/1000, Train Loss: 0.0297, Val Loss: 0.0298 | 22.676 s
Epoch: 35/1000, Train Loss: 0.0298, Val Loss: 0.0316 | 22.687 s
Epoch: 36/1000, Train Loss: 0.0298, Val Loss: 0.0298 | 22.936 s
Epoch: 37/1000, Train Loss: 0.0296, Val Loss: 0.0296 | 22.762 s
Epoch: 38/1000, Train Loss: 0.0299, Val Loss: 0.0308 | 22.786 s
Epoch: 39/1000, Train Loss: 0.0297, Val Loss: 0.0304 | 22.493 s
Epoch: 40/1000, Train Loss: 0.0297, Val Loss: 0.0298 | 22.264 s
Epoch: 41/1000, Train Loss: 0.0296, Val Loss: 0.0296 | 22.777 s
Epoch: 42/1000, Train Loss: 0.0297, Val Loss: 0.0295 | 22.822 s
Epoch: 43/1000, Train Loss: 0.0297, Val Loss: 0.0298 | 23.007 s
Epoch: 44/1000, Train Loss: 0.0295, Val Loss: 0.0296 | 22.467 s
Epoch: 45/1000, Train Loss: 0.0294, Val Loss: 0.0296 | 22.528 s
Epoch: 46/1000, Train Loss: 0.0295, Val Loss: 0.0295 | 22.536 s
Epoch: 47/1000, Train Loss: 0.0295, Val Loss: 0.0314 | 22.659 s
Epoch: 48/1000, Train Loss: 0.0299, Val Loss: 0.0327 | 22.571 s
Epoch: 49/1000, Train Loss: 0.0296, Val Loss: 0.0296 | 22.763 s
Epoch: 50/1000, Train Loss: 0.0296, Val Loss: 0.0301 | 22.328 s
Epoch: 51/1000, Train Loss: 0.0293, Val Loss: 0.0296 | 22.370 s
Epoch: 52/1000, Train Loss: 0.0293, Val Loss: 0.0293 | 22.593 s
Epoch: 53/1000, Train Loss: 0.0294, Val Loss: 0.0308 | 22.614 s
Epoch: 54/1000, Train Loss: 0.0296, Val Loss: 0.0293 | 22.633 s
Epoch: 55/1000, Train Loss: 0.0295, Val Loss: 0.0294 | 22.522 s
Epoch: 56/1000, Train Loss: 0.0296, Val Loss: 0.0295 | 22.826 s
Epoch: 57/1000, Train Loss: 0.0292, Val Loss: 0.0292 | 22.403 s
Epoch: 58/1000, Train Loss: 0.0294, Val Loss: 0.0294 | 22.879 s
Epoch: 59/1000, Train Loss: 0.0293, Val Loss: 0.0315 | 22.443 s
Epoch: 60/1000, Train Loss: 0.0292, Val Loss: 0.0292 | 22.443 s
Epoch: 61/1000, Train Loss: 0.0293, Val Loss: 0.0291 | 22.722 s
Epoch: 62/1000, Train Loss: 0.0291, Val Loss: 0.0294 | 22.575 s
Epoch: 63/1000, Train Loss: 0.0292, Val Loss: 0.0291 | 22.324 s
Epoch: 64/1000, Train Loss: 0.0291, Val Loss: 0.0291 | 22.640 s
Epoch: 65/1000, Train Loss: 0.0292, Val Loss: 0.0297 | 22.736 s
Epoch: 66/1000, Train Loss: 0.0290, Val Loss: 0.0292 | 22.627 s
Epoch: 67/1000, Train Loss: 0.0294, Val Loss: 0.0292 | 22.768 s
Epoch: 68/1000, Train Loss: 0.0291, Val Loss: 0.0295 | 22.985 s
Epoch: 69/1000, Train Loss: 0.0290, Val Loss: 0.0291 | 22.852 s
Epoch: 70/1000, Train Loss: 0.0291, Val Loss: 0.0292 | 22.885 s
Epoch: 71/1000, Train Loss: 0.0292, Val Loss: 0.0291 | 22.571 s
Epoch: 72/1000, Train Loss: 0.0292, Val Loss: 0.0289 | 22.779 s
Epoch: 73/1000, Train Loss: 0.0292, Val Loss: 0.0297 | 22.674 s
Epoch: 74/1000, Train Loss: 0.0289, Val Loss: 0.0295 | 22.869 s
Epoch: 75/1000, Train Loss: 0.0290, Val Loss: 0.0289 | 22.500 s
Epoch: 76/1000, Train Loss: 0.0289, Val Loss: 0.0289 | 22.712 s
Epoch: 77/1000, Train Loss: 0.0287, Val Loss: 0.0288 | 22.809 s
Epoch: 78/1000, Train Loss: 0.0287, Val Loss: 0.0289 | 22.749 s
Epoch: 79/1000, Train Loss: 0.0287, Val Loss: 0.0288 | 22.453 s
Epoch: 80/1000, Train Loss: 0.0289, Val Loss: 0.0286 | 22.695 s
Epoch: 81/1000, Train Loss: 0.0287, Val Loss: 0.0286 | 22.979 s
Epoch: 82/1000, Train Loss: 0.0290, Val Loss: 0.0286 | 22.946 s
Epoch: 83/1000, Train Loss: 0.0287, Val Loss: 0.0288 | 22.800 s
Epoch: 84/1000, Train Loss: 0.0287, Val Loss: 0.0286 | 22.697 s
Epoch: 85/1000, Train Loss: 0.0287, Val Loss: 0.0285 | 22.559 s
Epoch: 86/1000, Train Loss: 0.0286, Val Loss: 0.0290 | 22.483 s
Epoch: 87/1000, Train Loss: 0.0287, Val Loss: 0.0287 | 22.783 s
Epoch: 88/1000, Train Loss: 0.0285, Val Loss: 0.0284 | 22.211 s
Epoch: 89/1000, Train Loss: 0.0289, Val Loss: 0.0285 | 22.962 s
Epoch: 90/1000, Train Loss: 0.0285, Val Loss: 0.0285 | 22.610 s
Epoch: 91/1000, Train Loss: 0.0286, Val Loss: 0.0286 | 22.744 s
Epoch: 92/1000, Train Loss: 0.0285, Val Loss: 0.0284 | 22.625 s
Epoch: 93/1000, Train Loss: 0.0285, Val Loss: 0.0289 | 22.656 s
Epoch: 94/1000, Train Loss: 0.0285, Val Loss: 0.0284 | 22.383 s
Epoch: 95/1000, Train Loss: 0.0284, Val Loss: 0.0283 | 22.264 s
Epoch: 96/1000, Train Loss: 0.0284, Val Loss: 0.0283 | 22.753 s
Epoch: 97/1000, Train Loss: 0.0283, Val Loss: 0.0282 | 22.385 s
Epoch: 98/1000, Train Loss: 0.0283, Val Loss: 0.0287 | 22.796 s
Epoch: 99/1000, Train Loss: 0.0283, Val Loss: 0.0284 | 22.428 s
Epoch: 100/1000, Train Loss: 0.0282, Val Loss: 0.0282 | 22.829 s
Epoch: 101/1000, Train Loss: 0.0283, Val Loss: 0.0282 | 22.507 s
Epoch: 102/1000, Train Loss: 0.0282, Val Loss: 0.0285 | 22.365 s
Epoch: 103/1000, Train Loss: 0.0282, Val Loss: 0.0295 | 22.900 s
Epoch: 104/1000, Train Loss: 0.0283, Val Loss: 0.0310 | 22.566 s
Epoch: 105/1000, Train Loss: 0.0283, Val Loss: 0.0280 | 22.473 s
Epoch: 106/1000, Train Loss: 0.0281, Val Loss: 0.0284 | 22.728 s
Epoch: 107/1000, Train Loss: 0.0283, Val Loss: 0.0280 | 22.248 s
Epoch: 108/1000, Train Loss: 0.0282, Val Loss: 0.0280 | 22.728 s
Epoch: 109/1000, Train Loss: 0.0280, Val Loss: 0.0280 | 23.038 s
Epoch: 110/1000, Train Loss: 0.0284, Val Loss: 0.0279 | 22.494 s
Epoch: 111/1000, Train Loss: 0.0282, Val Loss: 0.0280 | 22.216 s
Epoch: 112/1000, Train Loss: 0.0281, Val Loss: 0.0281 | 22.657 s
Epoch: 113/1000, Train Loss: 0.0281, Val Loss: 0.0279 | 22.669 s
Epoch: 114/1000, Train Loss: 0.0278, Val Loss: 0.0281 | 22.411 s
Epoch: 115/1000, Train Loss: 0.0280, Val Loss: 0.0278 | 22.996 s
Epoch: 116/1000, Train Loss: 0.0279, Val Loss: 0.0285 | 22.400 s
Epoch: 117/1000, Train Loss: 0.0280, Val Loss: 0.0279 | 22.537 s
Epoch: 118/1000, Train Loss: 0.0280, Val Loss: 0.0278 | 22.307 s
Epoch: 119/1000, Train Loss: 0.0279, Val Loss: 0.0291 | 22.718 s
Epoch: 120/1000, Train Loss: 0.0278, Val Loss: 0.0277 | 22.619 s
Epoch: 121/1000, Train Loss: 0.0278, Val Loss: 0.0287 | 22.481 s
Epoch: 122/1000, Train Loss: 0.0279, Val Loss: 0.0278 | 22.247 s
Epoch: 123/1000, Train Loss: 0.0278, Val Loss: 0.0278 | 22.659 s
Epoch: 124/1000, Train Loss: 0.0277, Val Loss: 0.0277 | 22.589 s
Epoch: 125/1000, Train Loss: 0.0276, Val Loss: 0.0276 | 22.958 s
Epoch: 126/1000, Train Loss: 0.0277, Val Loss: 0.0278 | 22.687 s
Epoch: 127/1000, Train Loss: 0.0276, Val Loss: 0.0277 | 22.495 s
Epoch: 128/1000, Train Loss: 0.0275, Val Loss: 0.0276 | 22.756 s
Epoch: 129/1000, Train Loss: 0.0276, Val Loss: 0.0276 | 22.738 s
Epoch: 130/1000, Train Loss: 0.0276, Val Loss: 0.0277 | 22.539 s
Epoch: 131/1000, Train Loss: 0.0276, Val Loss: 0.0278 | 22.649 s
Epoch: 132/1000, Train Loss: 0.0278, Val Loss: 0.0275 | 23.031 s
Epoch: 133/1000, Train Loss: 0.0275, Val Loss: 0.0282 | 22.959 s
Epoch: 134/1000, Train Loss: 0.0275, Val Loss: 0.0276 | 22.524 s
Epoch: 135/1000, Train Loss: 0.0277, Val Loss: 0.0276 | 22.665 s
Epoch: 136/1000, Train Loss: 0.0273, Val Loss: 0.0274 | 22.538 s
Epoch: 137/1000, Train Loss: 0.0276, Val Loss: 0.0281 | 22.388 s
Epoch: 138/1000, Train Loss: 0.0274, Val Loss: 0.0273 | 22.919 s
Epoch: 139/1000, Train Loss: 0.0273, Val Loss: 0.0279 | 23.002 s
Epoch: 140/1000, Train Loss: 0.0275, Val Loss: 0.0281 | 22.717 s
Epoch: 141/1000, Train Loss: 0.0273, Val Loss: 0.0278 | 22.578 s
Epoch: 142/1000, Train Loss: 0.0272, Val Loss: 0.0272 | 22.897 s
Epoch: 143/1000, Train Loss: 0.0273, Val Loss: 0.0281 | 22.338 s
Epoch: 144/1000, Train Loss: 0.0274, Val Loss: 0.0274 | 22.633 s
Epoch: 145/1000, Train Loss: 0.0271, Val Loss: 0.0276 | 22.870 s
Epoch: 146/1000, Train Loss: 0.0272, Val Loss: 0.0272 | 22.622 s
Epoch: 147/1000, Train Loss: 0.0272, Val Loss: 0.0272 | 22.700 s
Epoch: 148/1000, Train Loss: 0.0274, Val Loss: 0.0275 | 22.685 s
Epoch: 149/1000, Train Loss: 0.0271, Val Loss: 0.0271 | 22.448 s
Epoch: 150/1000, Train Loss: 0.0271, Val Loss: 0.0270 | 22.754 s
Epoch: 151/1000, Train Loss: 0.0273, Val Loss: 0.0273 | 22.273 s
Epoch: 152/1000, Train Loss: 0.0271, Val Loss: 0.0275 | 22.828 s
Epoch: 153/1000, Train Loss: 0.0271, Val Loss: 0.0281 | 22.505 s
Epoch: 154/1000, Train Loss: 0.0269, Val Loss: 0.0269 | 22.733 s
Epoch: 155/1000, Train Loss: 0.0268, Val Loss: 0.0269 | 22.520 s
Epoch: 156/1000, Train Loss: 0.0269, Val Loss: 0.0269 | 22.759 s
Epoch: 157/1000, Train Loss: 0.0270, Val Loss: 0.0270 | 22.603 s
Epoch: 158/1000, Train Loss: 0.0269, Val Loss: 0.0277 | 22.862 s
Epoch: 159/1000, Train Loss: 0.0270, Val Loss: 0.0273 | 22.843 s
Epoch: 160/1000, Train Loss: 0.0268, Val Loss: 0.0270 | 22.627 s
Epoch: 161/1000, Train Loss: 0.0268, Val Loss: 0.0269 | 22.526 s
Epoch: 162/1000, Train Loss: 0.0267, Val Loss: 0.0273 | 22.880 s
Epoch: 163/1000, Train Loss: 0.0267, Val Loss: 0.0279 | 22.434 s
Epoch: 164/1000, Train Loss: 0.0268, Val Loss: 0.0272 | 22.881 s
Epoch: 165/1000, Train Loss: 0.0267, Val Loss: 0.0279 | 22.294 s
Epoch: 166/1000, Train Loss: 0.0269, Val Loss: 0.0269 | 22.782 s
Epoch: 167/1000, Train Loss: 0.0267, Val Loss: 0.0269 | 22.819 s
Epoch: 168/1000, Train Loss: 0.0268, Val Loss: 0.0275 | 22.710 s
Epoch: 169/1000, Train Loss: 0.0268, Val Loss: 0.0266 | 22.352 s
Epoch: 170/1000, Train Loss: 0.0265, Val Loss: 0.0267 | 22.534 s
Epoch: 171/1000, Train Loss: 0.0266, Val Loss: 0.0281 | 23.081 s
Epoch: 172/1000, Train Loss: 0.0267, Val Loss: 0.0268 | 22.649 s
Epoch: 173/1000, Train Loss: 0.0265, Val Loss: 0.0269 | 22.991 s
Epoch: 174/1000, Train Loss: 0.0265, Val Loss: 0.0285 | 22.720 s
Epoch: 175/1000, Train Loss: 0.0264, Val Loss: 0.0264 | 22.823 s
Epoch: 176/1000, Train Loss: 0.0264, Val Loss: 0.0265 | 22.884 s
Epoch: 177/1000, Train Loss: 0.0265, Val Loss: 0.0270 | 22.358 s
Epoch: 178/1000, Train Loss: 0.0265, Val Loss: 0.0267 | 22.283 s
Epoch: 179/1000, Train Loss: 0.0265, Val Loss: 0.0267 | 22.754 s
Epoch: 180/1000, Train Loss: 0.0263, Val Loss: 0.0269 | 22.876 s
Epoch: 181/1000, Train Loss: 0.0263, Val Loss: 0.0264 | 22.467 s
Epoch: 182/1000, Train Loss: 0.0261, Val Loss: 0.0268 | 22.446 s
Epoch: 183/1000, Train Loss: 0.0263, Val Loss: 0.0263 | 22.190 s
Epoch: 184/1000, Train Loss: 0.0263, Val Loss: 0.0267 | 22.926 s
Epoch: 185/1000, Train Loss: 0.0261, Val Loss: 0.0264 | 22.680 s
Epoch: 186/1000, Train Loss: 0.0261, Val Loss: 0.0261 | 22.418 s
Epoch: 187/1000, Train Loss: 0.0260, Val Loss: 0.0261 | 22.625 s
Epoch: 188/1000, Train Loss: 0.0263, Val Loss: 0.0260 | 22.502 s
Epoch: 189/1000, Train Loss: 0.0260, Val Loss: 0.0267 | 22.640 s
Epoch: 190/1000, Train Loss: 0.0261, Val Loss: 0.0260 | 22.695 s
Epoch: 191/1000, Train Loss: 0.0261, Val Loss: 0.0260 | 22.868 s
Epoch: 192/1000, Train Loss: 0.0264, Val Loss: 0.0260 | 23.041 s
Epoch: 193/1000, Train Loss: 0.0260, Val Loss: 0.0260 | 22.546 s
Epoch: 194/1000, Train Loss: 0.0259, Val Loss: 0.0259 | 22.518 s
Epoch: 195/1000, Train Loss: 0.0261, Val Loss: 0.0259 | 22.550 s
Epoch: 196/1000, Train Loss: 0.0259, Val Loss: 0.0258 | 22.719 s
Epoch: 197/1000, Train Loss: 0.0261, Val Loss: 0.0258 | 22.359 s
Epoch: 198/1000, Train Loss: 0.0257, Val Loss: 0.0258 | 22.845 s
Epoch: 199/1000, Train Loss: 0.0259, Val Loss: 0.0268 | 22.415 s
Epoch: 200/1000, Train Loss: 0.0260, Val Loss: 0.0263 | 22.133 s
Epoch: 201/1000, Train Loss: 0.0257, Val Loss: 0.0259 | 22.405 s
Epoch: 202/1000, Train Loss: 0.0259, Val Loss: 0.0258 | 22.884 s
Epoch: 203/1000, Train Loss: 0.0256, Val Loss: 0.0257 | 22.335 s
Epoch: 204/1000, Train Loss: 0.0256, Val Loss: 0.0256 | 22.495 s
Epoch: 205/1000, Train Loss: 0.0257, Val Loss: 0.0256 | 22.427 s
Epoch: 206/1000, Train Loss: 0.0257, Val Loss: 0.0269 | 22.608 s
Epoch: 207/1000, Train Loss: 0.0260, Val Loss: 0.0261 | 22.515 s
Epoch: 208/1000, Train Loss: 0.0258, Val Loss: 0.0255 | 22.789 s
Epoch: 209/1000, Train Loss: 0.0255, Val Loss: 0.0258 | 22.316 s
Epoch: 210/1000, Train Loss: 0.0259, Val Loss: 0.0260 | 22.363 s
Epoch: 211/1000, Train Loss: 0.0257, Val Loss: 0.0258 | 22.456 s
Epoch: 212/1000, Train Loss: 0.0257, Val Loss: 0.0254 | 22.559 s
Epoch: 213/1000, Train Loss: 0.0255, Val Loss: 0.0254 | 22.430 s
Epoch: 214/1000, Train Loss: 0.0255, Val Loss: 0.0267 | 22.646 s
Epoch: 215/1000, Train Loss: 0.0254, Val Loss: 0.0253 | 22.795 s
Epoch: 216/1000, Train Loss: 0.0253, Val Loss: 0.0256 | 22.960 s
Epoch: 217/1000, Train Loss: 0.0254, Val Loss: 0.0253 | 22.495 s
Epoch: 218/1000, Train Loss: 0.0253, Val Loss: 0.0253 | 22.639 s
Epoch: 219/1000, Train Loss: 0.0254, Val Loss: 0.0257 | 23.080 s
Epoch: 220/1000, Train Loss: 0.0255, Val Loss: 0.0252 | 22.554 s
Epoch: 221/1000, Train Loss: 0.0254, Val Loss: 0.0253 | 23.191 s
Epoch: 222/1000, Train Loss: 0.0255, Val Loss: 0.0253 | 22.680 s
Epoch: 223/1000, Train Loss: 0.0252, Val Loss: 0.0251 | 22.571 s
Epoch: 224/1000, Train Loss: 0.0251, Val Loss: 0.0253 | 22.756 s
Epoch: 225/1000, Train Loss: 0.0251, Val Loss: 0.0254 | 22.454 s
Epoch: 226/1000, Train Loss: 0.0250, Val Loss: 0.0252 | 22.776 s
Epoch: 227/1000, Train Loss: 0.0251, Val Loss: 0.0251 | 22.652 s
Epoch: 228/1000, Train Loss: 0.0251, Val Loss: 0.0251 | 23.151 s
Epoch: 229/1000, Train Loss: 0.0249, Val Loss: 0.0253 | 22.588 s
Epoch: 230/1000, Train Loss: 0.0249, Val Loss: 0.0249 | 22.875 s
Epoch: 231/1000, Train Loss: 0.0250, Val Loss: 0.0249 | 23.034 s
Epoch: 232/1000, Train Loss: 0.0249, Val Loss: 0.0251 | 22.591 s
Epoch: 233/1000, Train Loss: 0.0249, Val Loss: 0.0249 | 22.614 s
Epoch: 234/1000, Train Loss: 0.0248, Val Loss: 0.0259 | 22.609 s
Epoch: 235/1000, Train Loss: 0.0248, Val Loss: 0.0248 | 22.775 s
Epoch: 236/1000, Train Loss: 0.0249, Val Loss: 0.0256 | 22.609 s
Epoch: 237/1000, Train Loss: 0.0249, Val Loss: 0.0248 | 22.766 s
Epoch: 238/1000, Train Loss: 0.0247, Val Loss: 0.0247 | 22.416 s
Epoch: 239/1000, Train Loss: 0.0248, Val Loss: 0.0247 | 22.790 s
Epoch: 240/1000, Train Loss: 0.0246, Val Loss: 0.0250 | 22.725 s
Epoch: 241/1000, Train Loss: 0.0246, Val Loss: 0.0246 | 22.970 s
Epoch: 242/1000, Train Loss: 0.0247, Val Loss: 0.0248 | 22.446 s
Epoch: 243/1000, Train Loss: 0.0245, Val Loss: 0.0247 | 23.024 s
Epoch: 244/1000, Train Loss: 0.0247, Val Loss: 0.0246 | 22.861 s
Epoch: 245/1000, Train Loss: 0.0248, Val Loss: 0.0253 | 22.756 s
Epoch: 246/1000, Train Loss: 0.0246, Val Loss: 0.0245 | 22.456 s
Epoch: 247/1000, Train Loss: 0.0244, Val Loss: 0.0245 | 22.477 s
Epoch: 248/1000, Train Loss: 0.0246, Val Loss: 0.0251 | 22.848 s
Epoch: 249/1000, Train Loss: 0.0244, Val Loss: 0.0248 | 22.614 s
Epoch: 250/1000, Train Loss: 0.0246, Val Loss: 0.0244 | 22.586 s
Epoch: 251/1000, Train Loss: 0.0244, Val Loss: 0.0249 | 22.269 s
Epoch: 252/1000, Train Loss: 0.0245, Val Loss: 0.0248 | 22.685 s
Epoch: 253/1000, Train Loss: 0.0242, Val Loss: 0.0243 | 22.670 s
Epoch: 254/1000, Train Loss: 0.0243, Val Loss: 0.0249 | 22.573 s
Epoch: 255/1000, Train Loss: 0.0241, Val Loss: 0.0250 | 23.002 s
Epoch: 256/1000, Train Loss: 0.0242, Val Loss: 0.0247 | 22.557 s
Epoch: 257/1000, Train Loss: 0.0241, Val Loss: 0.0261 | 22.541 s
Epoch: 258/1000, Train Loss: 0.0245, Val Loss: 0.0241 | 22.493 s
Epoch: 259/1000, Train Loss: 0.0241, Val Loss: 0.0241 | 22.498 s
Epoch: 260/1000, Train Loss: 0.0241, Val Loss: 0.0252 | 22.363 s
Epoch: 261/1000, Train Loss: 0.0240, Val Loss: 0.0246 | 22.600 s
Epoch: 262/1000, Train Loss: 0.0241, Val Loss: 0.0241 | 22.559 s
Epoch: 263/1000, Train Loss: 0.0240, Val Loss: 0.0241 | 22.173 s
Epoch: 264/1000, Train Loss: 0.0239, Val Loss: 0.0239 | 22.511 s
Epoch: 265/1000, Train Loss: 0.0239, Val Loss: 0.0239 | 22.354 s
Epoch: 266/1000, Train Loss: 0.0243, Val Loss: 0.0238 | 22.382 s
Epoch: 267/1000, Train Loss: 0.0238, Val Loss: 0.0250 | 22.876 s
Epoch: 268/1000, Train Loss: 0.0238, Val Loss: 0.0238 | 22.600 s
Epoch: 269/1000, Train Loss: 0.0240, Val Loss: 0.0237 | 22.539 s
Epoch: 270/1000, Train Loss: 0.0237, Val Loss: 0.0242 | 22.845 s
Epoch: 271/1000, Train Loss: 0.0237, Val Loss: 0.0236 | 22.961 s
Epoch: 272/1000, Train Loss: 0.0238, Val Loss: 0.0236 | 22.716 s
Epoch: 273/1000, Train Loss: 0.0238, Val Loss: 0.0237 | 22.486 s
Epoch: 274/1000, Train Loss: 0.0236, Val Loss: 0.0242 | 22.709 s
Epoch: 275/1000, Train Loss: 0.0238, Val Loss: 0.0236 | 22.634 s
Epoch: 276/1000, Train Loss: 0.0236, Val Loss: 0.0240 | 22.424 s
Epoch: 277/1000, Train Loss: 0.0235, Val Loss: 0.0236 | 22.975 s
Epoch: 278/1000, Train Loss: 0.0236, Val Loss: 0.0240 | 22.243 s
Epoch: 279/1000, Train Loss: 0.0236, Val Loss: 0.0234 | 22.772 s
Epoch: 280/1000, Train Loss: 0.0234, Val Loss: 0.0234 | 22.483 s
Epoch: 281/1000, Train Loss: 0.0236, Val Loss: 0.0249 | 22.599 s
Epoch: 282/1000, Train Loss: 0.0236, Val Loss: 0.0233 | 22.771 s
Epoch: 283/1000, Train Loss: 0.0233, Val Loss: 0.0233 | 22.501 s
Epoch: 284/1000, Train Loss: 0.0233, Val Loss: 0.0238 | 22.750 s
Epoch: 285/1000, Train Loss: 0.0234, Val Loss: 0.0235 | 22.533 s
Epoch: 286/1000, Train Loss: 0.0234, Val Loss: 0.0240 | 22.863 s
Epoch: 287/1000, Train Loss: 0.0234, Val Loss: 0.0231 | 22.821 s
Epoch: 288/1000, Train Loss: 0.0231, Val Loss: 0.0232 | 22.339 s
Epoch: 289/1000, Train Loss: 0.0231, Val Loss: 0.0231 | 22.635 s
Epoch: 290/1000, Train Loss: 0.0231, Val Loss: 0.0235 | 23.041 s
Epoch: 291/1000, Train Loss: 0.0231, Val Loss: 0.0231 | 22.727 s
Epoch: 292/1000, Train Loss: 0.0230, Val Loss: 0.0233 | 22.811 s
Epoch: 293/1000, Train Loss: 0.0232, Val Loss: 0.0232 | 22.683 s
Epoch: 294/1000, Train Loss: 0.0229, Val Loss: 0.0232 | 22.935 s
Epoch: 295/1000, Train Loss: 0.0229, Val Loss: 0.0228 | 22.961 s
Epoch: 296/1000, Train Loss: 0.0229, Val Loss: 0.0230 | 22.413 s
Epoch: 297/1000, Train Loss: 0.0230, Val Loss: 0.0228 | 22.523 s
Epoch: 298/1000, Train Loss: 0.0227, Val Loss: 0.0230 | 23.343 s
Epoch: 299/1000, Train Loss: 0.0227, Val Loss: 0.0229 | 22.955 s
Epoch: 300/1000, Train Loss: 0.0226, Val Loss: 0.0227 | 22.718 s
Epoch: 301/1000, Train Loss: 0.0225, Val Loss: 0.0226 | 22.411 s
Epoch: 302/1000, Train Loss: 0.0226, Val Loss: 0.0226 | 22.436 s
Epoch: 303/1000, Train Loss: 0.0228, Val Loss: 0.0226 | 22.721 s
Epoch: 304/1000, Train Loss: 0.0226, Val Loss: 0.0229 | 22.833 s
Epoch: 305/1000, Train Loss: 0.0225, Val Loss: 0.0226 | 22.943 s
Epoch: 306/1000, Train Loss: 0.0225, Val Loss: 0.0227 | 22.830 s
Epoch: 307/1000, Train Loss: 0.0223, Val Loss: 0.0230 | 22.328 s
Epoch: 308/1000, Train Loss: 0.0223, Val Loss: 0.0227 | 22.919 s
Epoch: 309/1000, Train Loss: 0.0224, Val Loss: 0.0229 | 22.593 s
Epoch: 310/1000, Train Loss: 0.0223, Val Loss: 0.0234 | 22.885 s
Epoch: 311/1000, Train Loss: 0.0223, Val Loss: 0.0222 | 22.967 s
Epoch: 312/1000, Train Loss: 0.0224, Val Loss: 0.0224 | 23.051 s
Epoch: 313/1000, Train Loss: 0.0222, Val Loss: 0.0227 | 22.724 s
Epoch: 314/1000, Train Loss: 0.0222, Val Loss: 0.0231 | 22.640 s
Epoch: 315/1000, Train Loss: 0.0221, Val Loss: 0.0221 | 22.361 s
Epoch: 316/1000, Train Loss: 0.0220, Val Loss: 0.0221 | 22.993 s
Epoch: 317/1000, Train Loss: 0.0219, Val Loss: 0.0220 | 22.734 s
Epoch: 318/1000, Train Loss: 0.0219, Val Loss: 0.0222 | 22.896 s
Epoch: 319/1000, Train Loss: 0.0219, Val Loss: 0.0222 | 22.526 s
Epoch: 320/1000, Train Loss: 0.0219, Val Loss: 0.0223 | 22.678 s
Epoch: 321/1000, Train Loss: 0.0219, Val Loss: 0.0220 | 22.736 s
Epoch: 322/1000, Train Loss: 0.0218, Val Loss: 0.0224 | 22.683 s
Epoch: 323/1000, Train Loss: 0.0217, Val Loss: 0.0217 | 22.627 s
Epoch: 324/1000, Train Loss: 0.0218, Val Loss: 0.0225 | 22.717 s
Epoch: 325/1000, Train Loss: 0.0216, Val Loss: 0.0217 | 22.802 s
Epoch: 326/1000, Train Loss: 0.0217, Val Loss: 0.0216 | 22.626 s
Epoch: 327/1000, Train Loss: 0.0215, Val Loss: 0.0215 | 22.942 s
Epoch: 328/1000, Train Loss: 0.0217, Val Loss: 0.0215 | 22.770 s
Epoch: 329/1000, Train Loss: 0.0214, Val Loss: 0.0215 | 22.810 s
Epoch: 330/1000, Train Loss: 0.0219, Val Loss: 0.0215 | 22.624 s
Epoch: 331/1000, Train Loss: 0.0214, Val Loss: 0.0214 | 22.537 s
Epoch: 332/1000, Train Loss: 0.0217, Val Loss: 0.0224 | 22.681 s
Epoch: 333/1000, Train Loss: 0.0217, Val Loss: 0.0216 | 22.460 s
Epoch: 334/1000, Train Loss: 0.0213, Val Loss: 0.0216 | 22.779 s
Epoch: 335/1000, Train Loss: 0.0213, Val Loss: 0.0212 | 22.599 s
Epoch: 336/1000, Train Loss: 0.0213, Val Loss: 0.0212 | 22.795 s
Epoch: 337/1000, Train Loss: 0.0212, Val Loss: 0.0214 | 22.267 s
Epoch: 338/1000, Train Loss: 0.0212, Val Loss: 0.0211 | 22.738 s
Epoch: 339/1000, Train Loss: 0.0211, Val Loss: 0.0211 | 22.828 s
Epoch: 340/1000, Train Loss: 0.0213, Val Loss: 0.0210 | 22.597 s
Epoch: 341/1000, Train Loss: 0.0210, Val Loss: 0.0210 | 22.858 s
Epoch: 342/1000, Train Loss: 0.0210, Val Loss: 0.0213 | 22.278 s
Epoch: 343/1000, Train Loss: 0.0210, Val Loss: 0.0211 | 22.524 s
Epoch: 344/1000, Train Loss: 0.0209, Val Loss: 0.0210 | 22.470 s
Epoch: 345/1000, Train Loss: 0.0208, Val Loss: 0.0215 | 22.586 s
Epoch: 346/1000, Train Loss: 0.0209, Val Loss: 0.0210 | 23.084 s
Epoch: 347/1000, Train Loss: 0.0208, Val Loss: 0.0210 | 22.546 s
Epoch: 348/1000, Train Loss: 0.0207, Val Loss: 0.0216 | 22.676 s
Epoch: 349/1000, Train Loss: 0.0207, Val Loss: 0.0207 | 22.620 s
Epoch: 350/1000, Train Loss: 0.0210, Val Loss: 0.0206 | 22.710 s
Epoch: 351/1000, Train Loss: 0.0204, Val Loss: 0.0206 | 22.656 s
Epoch: 352/1000, Train Loss: 0.0205, Val Loss: 0.0214 | 22.833 s
Epoch: 353/1000, Train Loss: 0.0206, Val Loss: 0.0206 | 22.521 s
Epoch: 354/1000, Train Loss: 0.0205, Val Loss: 0.0205 | 22.560 s
Epoch: 355/1000, Train Loss: 0.0204, Val Loss: 0.0207 | 22.351 s
Epoch: 356/1000, Train Loss: 0.0204, Val Loss: 0.0206 | 22.643 s
Epoch: 357/1000, Train Loss: 0.0204, Val Loss: 0.0204 | 22.921 s
Epoch: 358/1000, Train Loss: 0.0203, Val Loss: 0.0209 | 22.810 s
Epoch: 359/1000, Train Loss: 0.0205, Val Loss: 0.0202 | 22.692 s
Epoch: 360/1000, Train Loss: 0.0201, Val Loss: 0.0202 | 23.046 s
Epoch: 361/1000, Train Loss: 0.0201, Val Loss: 0.0206 | 22.498 s
Epoch: 362/1000, Train Loss: 0.0202, Val Loss: 0.0201 | 22.894 s
Epoch: 363/1000, Train Loss: 0.0200, Val Loss: 0.0207 | 22.644 s
Epoch: 364/1000, Train Loss: 0.0201, Val Loss: 0.0205 | 22.755 s
Epoch: 365/1000, Train Loss: 0.0201, Val Loss: 0.0202 | 22.411 s
Epoch: 366/1000, Train Loss: 0.0200, Val Loss: 0.0203 | 22.678 s
Epoch: 367/1000, Train Loss: 0.0200, Val Loss: 0.0199 | 22.510 s
Epoch: 368/1000, Train Loss: 0.0198, Val Loss: 0.0198 | 22.669 s
Epoch: 369/1000, Train Loss: 0.0199, Val Loss: 0.0204 | 22.698 s
Epoch: 370/1000, Train Loss: 0.0198, Val Loss: 0.0198 | 22.755 s
Epoch: 371/1000, Train Loss: 0.0199, Val Loss: 0.0197 | 22.771 s
Epoch: 372/1000, Train Loss: 0.0197, Val Loss: 0.0199 | 22.390 s
Epoch: 373/1000, Train Loss: 0.0199, Val Loss: 0.0196 | 22.903 s
Epoch: 374/1000, Train Loss: 0.0196, Val Loss: 0.0197 | 22.502 s
Epoch: 375/1000, Train Loss: 0.0197, Val Loss: 0.0195 | 22.789 s
Epoch: 376/1000, Train Loss: 0.0196, Val Loss: 0.0196 | 22.714 s
Epoch: 377/1000, Train Loss: 0.0195, Val Loss: 0.0195 | 23.136 s
Epoch: 378/1000, Train Loss: 0.0194, Val Loss: 0.0194 | 22.493 s
Epoch: 379/1000, Train Loss: 0.0193, Val Loss: 0.0194 | 22.718 s
Epoch: 380/1000, Train Loss: 0.0194, Val Loss: 0.0194 | 22.478 s
Epoch: 381/1000, Train Loss: 0.0195, Val Loss: 0.0193 | 23.041 s
Epoch: 382/1000, Train Loss: 0.0192, Val Loss: 0.0193 | 23.237 s
Epoch: 383/1000, Train Loss: 0.0193, Val Loss: 0.0192 | 22.952 s
Epoch: 384/1000, Train Loss: 0.0193, Val Loss: 0.0195 | 22.872 s
Epoch: 385/1000, Train Loss: 0.0192, Val Loss: 0.0205 | 22.810 s
Epoch: 386/1000, Train Loss: 0.0190, Val Loss: 0.0192 | 22.650 s
Epoch: 387/1000, Train Loss: 0.0191, Val Loss: 0.0190 | 22.800 s
Epoch: 388/1000, Train Loss: 0.0192, Val Loss: 0.0190 | 22.924 s
Epoch: 389/1000, Train Loss: 0.0188, Val Loss: 0.0191 | 22.508 s
Epoch: 390/1000, Train Loss: 0.0190, Val Loss: 0.0194 | 22.689 s
Epoch: 391/1000, Train Loss: 0.0190, Val Loss: 0.0194 | 22.950 s
Epoch: 392/1000, Train Loss: 0.0193, Val Loss: 0.0191 | 22.422 s
Epoch: 393/1000, Train Loss: 0.0189, Val Loss: 0.0191 | 22.764 s
Epoch: 394/1000, Train Loss: 0.0187, Val Loss: 0.0187 | 22.610 s
Epoch: 395/1000, Train Loss: 0.0188, Val Loss: 0.0188 | 22.499 s
Epoch: 396/1000, Train Loss: 0.0185, Val Loss: 0.0187 | 22.519 s
Epoch: 397/1000, Train Loss: 0.0186, Val Loss: 0.0185 | 22.457 s
Epoch: 398/1000, Train Loss: 0.0186, Val Loss: 0.0186 | 22.673 s
Epoch: 399/1000, Train Loss: 0.0185, Val Loss: 0.0185 | 22.755 s
Epoch: 400/1000, Train Loss: 0.0185, Val Loss: 0.0192 | 22.620 s
Epoch: 401/1000, Train Loss: 0.0183, Val Loss: 0.0208 | 22.241 s
Epoch: 402/1000, Train Loss: 0.0184, Val Loss: 0.0185 | 22.897 s
Epoch: 403/1000, Train Loss: 0.0183, Val Loss: 0.0183 | 22.700 s
Epoch: 404/1000, Train Loss: 0.0183, Val Loss: 0.0184 | 22.474 s
Epoch: 405/1000, Train Loss: 0.0183, Val Loss: 0.0182 | 22.653 s
Epoch: 406/1000, Train Loss: 0.0180, Val Loss: 0.0181 | 22.541 s
Epoch: 407/1000, Train Loss: 0.0181, Val Loss: 0.0182 | 22.763 s
Epoch: 408/1000, Train Loss: 0.0180, Val Loss: 0.0180 | 23.029 s
Epoch: 409/1000, Train Loss: 0.0181, Val Loss: 0.0180 | 22.793 s
Epoch: 410/1000, Train Loss: 0.0180, Val Loss: 0.0179 | 22.668 s
Epoch: 411/1000, Train Loss: 0.0181, Val Loss: 0.0179 | 22.477 s
Epoch: 412/1000, Train Loss: 0.0180, Val Loss: 0.0181 | 22.948 s
Epoch: 413/1000, Train Loss: 0.0179, Val Loss: 0.0179 | 22.462 s
Epoch: 414/1000, Train Loss: 0.0178, Val Loss: 0.0179 | 22.779 s
Epoch: 415/1000, Train Loss: 0.0179, Val Loss: 0.0177 | 22.905 s
Epoch: 416/1000, Train Loss: 0.0177, Val Loss: 0.0176 | 22.560 s
Epoch: 417/1000, Train Loss: 0.0178, Val Loss: 0.0177 | 22.826 s
Epoch: 418/1000, Train Loss: 0.0175, Val Loss: 0.0177 | 23.176 s
Epoch: 419/1000, Train Loss: 0.0176, Val Loss: 0.0176 | 22.530 s
Epoch: 420/1000, Train Loss: 0.0177, Val Loss: 0.0183 | 22.889 s
Epoch: 421/1000, Train Loss: 0.0176, Val Loss: 0.0178 | 23.199 s
Epoch: 422/1000, Train Loss: 0.0174, Val Loss: 0.0173 | 22.504 s
Epoch: 423/1000, Train Loss: 0.0172, Val Loss: 0.0173 | 22.955 s
Epoch: 424/1000, Train Loss: 0.0173, Val Loss: 0.0176 | 22.932 s
Epoch: 425/1000, Train Loss: 0.0171, Val Loss: 0.0174 | 22.895 s
Epoch: 426/1000, Train Loss: 0.0172, Val Loss: 0.0171 | 23.147 s
Epoch: 427/1000, Train Loss: 0.0172, Val Loss: 0.0171 | 22.786 s
Epoch: 428/1000, Train Loss: 0.0171, Val Loss: 0.0173 | 22.449 s
Epoch: 429/1000, Train Loss: 0.0169, Val Loss: 0.0170 | 22.649 s
Epoch: 430/1000, Train Loss: 0.0171, Val Loss: 0.0172 | 22.882 s
Epoch: 431/1000, Train Loss: 0.0169, Val Loss: 0.0171 | 22.307 s
Epoch: 432/1000, Train Loss: 0.0168, Val Loss: 0.0168 | 22.333 s
Epoch: 433/1000, Train Loss: 0.0168, Val Loss: 0.0173 | 22.897 s
Epoch: 434/1000, Train Loss: 0.0168, Val Loss: 0.0167 | 22.592 s
Epoch: 435/1000, Train Loss: 0.0166, Val Loss: 0.0179 | 22.830 s
Epoch: 436/1000, Train Loss: 0.0166, Val Loss: 0.0168 | 22.467 s
Epoch: 437/1000, Train Loss: 0.0167, Val Loss: 0.0172 | 22.894 s
Epoch: 438/1000, Train Loss: 0.0166, Val Loss: 0.0166 | 22.404 s
Epoch: 439/1000, Train Loss: 0.0166, Val Loss: 0.0165 | 22.486 s
Epoch: 440/1000, Train Loss: 0.0167, Val Loss: 0.0164 | 22.772 s
Epoch: 441/1000, Train Loss: 0.0165, Val Loss: 0.0163 | 22.687 s
Epoch: 442/1000, Train Loss: 0.0163, Val Loss: 0.0165 | 23.236 s
Epoch: 443/1000, Train Loss: 0.0163, Val Loss: 0.0165 | 22.765 s
Epoch: 444/1000, Train Loss: 0.0160, Val Loss: 0.0175 | 23.012 s
Epoch: 445/1000, Train Loss: 0.0162, Val Loss: 0.0161 | 22.636 s
Epoch: 446/1000, Train Loss: 0.0160, Val Loss: 0.0160 | 22.784 s
Epoch: 447/1000, Train Loss: 0.0160, Val Loss: 0.0164 | 22.827 s
Epoch: 448/1000, Train Loss: 0.0159, Val Loss: 0.0159 | 22.485 s
Epoch: 449/1000, Train Loss: 0.0160, Val Loss: 0.0158 | 22.642 s
Epoch: 450/1000, Train Loss: 0.0159, Val Loss: 0.0158 | 22.385 s
Epoch: 451/1000, Train Loss: 0.0157, Val Loss: 0.0157 | 22.679 s
Epoch: 452/1000, Train Loss: 0.0158, Val Loss: 0.0162 | 22.799 s
Epoch: 453/1000, Train Loss: 0.0158, Val Loss: 0.0156 | 22.538 s
Epoch: 454/1000, Train Loss: 0.0156, Val Loss: 0.0164 | 22.410 s
Epoch: 455/1000, Train Loss: 0.0156, Val Loss: 0.0163 | 22.480 s
Epoch: 456/1000, Train Loss: 0.0158, Val Loss: 0.0154 | 22.625 s
Epoch: 457/1000, Train Loss: 0.0154, Val Loss: 0.0157 | 22.672 s
Epoch: 458/1000, Train Loss: 0.0155, Val Loss: 0.0153 | 22.398 s
Epoch: 459/1000, Train Loss: 0.0156, Val Loss: 0.0154 | 23.024 s
Epoch: 460/1000, Train Loss: 0.0153, Val Loss: 0.0171 | 22.384 s
Epoch: 461/1000, Train Loss: 0.0152, Val Loss: 0.0163 | 22.671 s
Epoch: 462/1000, Train Loss: 0.0152, Val Loss: 0.0151 | 22.840 s
Epoch: 463/1000, Train Loss: 0.0152, Val Loss: 0.0151 | 22.918 s
Epoch: 464/1000, Train Loss: 0.0151, Val Loss: 0.0154 | 22.606 s
Epoch: 465/1000, Train Loss: 0.0152, Val Loss: 0.0151 | 22.670 s
Epoch: 466/1000, Train Loss: 0.0149, Val Loss: 0.0155 | 22.394 s
Epoch: 467/1000, Train Loss: 0.0150, Val Loss: 0.0151 | 22.573 s
Epoch: 468/1000, Train Loss: 0.0149, Val Loss: 0.0167 | 22.782 s
Epoch: 469/1000, Train Loss: 0.0147, Val Loss: 0.0147 | 22.679 s
Epoch: 470/1000, Train Loss: 0.0147, Val Loss: 0.0147 | 22.608 s
Epoch: 471/1000, Train Loss: 0.0147, Val Loss: 0.0146 | 22.821 s
Epoch: 472/1000, Train Loss: 0.0145, Val Loss: 0.0158 | 22.565 s
Epoch: 473/1000, Train Loss: 0.0146, Val Loss: 0.0145 | 22.668 s
Epoch: 474/1000, Train Loss: 0.0145, Val Loss: 0.0151 | 22.898 s
Epoch: 475/1000, Train Loss: 0.0145, Val Loss: 0.0152 | 22.614 s
Epoch: 476/1000, Train Loss: 0.0144, Val Loss: 0.0151 | 23.087 s
Epoch: 477/1000, Train Loss: 0.0144, Val Loss: 0.0142 | 22.947 s
Epoch: 478/1000, Train Loss: 0.0142, Val Loss: 0.0146 | 22.594 s
Epoch: 479/1000, Train Loss: 0.0142, Val Loss: 0.0143 | 22.616 s
Epoch: 480/1000, Train Loss: 0.0142, Val Loss: 0.0141 | 22.647 s
Epoch: 481/1000, Train Loss: 0.0140, Val Loss: 0.0142 | 22.859 s
Epoch: 482/1000, Train Loss: 0.0140, Val Loss: 0.0142 | 22.606 s
Epoch: 483/1000, Train Loss: 0.0140, Val Loss: 0.0140 | 22.714 s
Epoch: 484/1000, Train Loss: 0.0138, Val Loss: 0.0139 | 22.447 s
Epoch: 485/1000, Train Loss: 0.0137, Val Loss: 0.0140 | 22.500 s
Epoch: 486/1000, Train Loss: 0.0138, Val Loss: 0.0137 | 22.389 s
Epoch: 487/1000, Train Loss: 0.0136, Val Loss: 0.0136 | 22.880 s
Epoch: 488/1000, Train Loss: 0.0136, Val Loss: 0.0136 | 23.068 s
Epoch: 489/1000, Train Loss: 0.0136, Val Loss: 0.0135 | 22.918 s
Epoch: 490/1000, Train Loss: 0.0135, Val Loss: 0.0140 | 22.692 s
Epoch: 491/1000, Train Loss: 0.0134, Val Loss: 0.0135 | 22.694 s
Epoch: 492/1000, Train Loss: 0.0133, Val Loss: 0.0135 | 22.566 s
Epoch: 493/1000, Train Loss: 0.0134, Val Loss: 0.0138 | 22.340 s
Epoch: 494/1000, Train Loss: 0.0132, Val Loss: 0.0138 | 22.749 s
Epoch: 495/1000, Train Loss: 0.0130, Val Loss: 0.0131 | 22.533 s
Epoch: 496/1000, Train Loss: 0.0130, Val Loss: 0.0135 | 22.813 s
Epoch: 497/1000, Train Loss: 0.0131, Val Loss: 0.0133 | 22.571 s
Epoch: 498/1000, Train Loss: 0.0131, Val Loss: 0.0130 | 22.520 s
Epoch: 499/1000, Train Loss: 0.0129, Val Loss: 0.0134 | 23.112 s
Epoch: 500/1000, Train Loss: 0.0129, Val Loss: 0.0138 | 22.346 s
Epoch: 501/1000, Train Loss: 0.0127, Val Loss: 0.0129 | 22.501 s
Epoch: 502/1000, Train Loss: 0.0130, Val Loss: 0.0128 | 22.639 s
Epoch: 503/1000, Train Loss: 0.0126, Val Loss: 0.0127 | 22.485 s
Epoch: 504/1000, Train Loss: 0.0125, Val Loss: 0.0130 | 22.526 s
Epoch: 505/1000, Train Loss: 0.0126, Val Loss: 0.0125 | 22.418 s
Epoch: 506/1000, Train Loss: 0.0125, Val Loss: 0.0125 | 22.900 s
Epoch: 507/1000, Train Loss: 0.0123, Val Loss: 0.0124 | 22.237 s
Epoch: 508/1000, Train Loss: 0.0123, Val Loss: 0.0128 | 22.574 s
Epoch: 509/1000, Train Loss: 0.0123, Val Loss: 0.0125 | 22.269 s
Epoch: 510/1000, Train Loss: 0.0123, Val Loss: 0.0122 | 23.079 s
Epoch: 511/1000, Train Loss: 0.0122, Val Loss: 0.0123 | 22.743 s
Epoch: 512/1000, Train Loss: 0.0120, Val Loss: 0.0122 | 22.537 s
Epoch: 513/1000, Train Loss: 0.0121, Val Loss: 0.0128 | 22.404 s
Epoch: 514/1000, Train Loss: 0.0120, Val Loss: 0.0119 | 22.776 s
Epoch: 515/1000, Train Loss: 0.0120, Val Loss: 0.0119 | 22.495 s
Epoch: 516/1000, Train Loss: 0.0118, Val Loss: 0.0122 | 22.770 s
Epoch: 517/1000, Train Loss: 0.0118, Val Loss: 0.0118 | 22.305 s
Epoch: 518/1000, Train Loss: 0.0117, Val Loss: 0.0121 | 22.715 s
Epoch: 519/1000, Train Loss: 0.0117, Val Loss: 0.0118 | 22.658 s
Epoch: 520/1000, Train Loss: 0.0117, Val Loss: 0.0116 | 22.480 s
Epoch: 521/1000, Train Loss: 0.0115, Val Loss: 0.0115 | 22.257 s
Epoch: 522/1000, Train Loss: 0.0115, Val Loss: 0.0114 | 22.406 s
Epoch: 523/1000, Train Loss: 0.0113, Val Loss: 0.0119 | 22.637 s
Epoch: 524/1000, Train Loss: 0.0116, Val Loss: 0.0113 | 22.597 s
Epoch: 525/1000, Train Loss: 0.0113, Val Loss: 0.0113 | 22.272 s
Epoch: 526/1000, Train Loss: 0.0112, Val Loss: 0.0114 | 22.231 s
Epoch: 527/1000, Train Loss: 0.0113, Val Loss: 0.0116 | 22.935 s
Epoch: 528/1000, Train Loss: 0.0111, Val Loss: 0.0113 | 22.812 s
Epoch: 529/1000, Train Loss: 0.0110, Val Loss: 0.0112 | 22.940 s
Epoch: 530/1000, Train Loss: 0.0110, Val Loss: 0.0112 | 22.913 s
Epoch: 531/1000, Train Loss: 0.0109, Val Loss: 0.0109 | 22.624 s
Epoch: 532/1000, Train Loss: 0.0109, Val Loss: 0.0110 | 22.539 s
Epoch: 533/1000, Train Loss: 0.0109, Val Loss: 0.0108 | 22.477 s
Epoch: 534/1000, Train Loss: 0.0108, Val Loss: 0.0125 | 22.463 s
Epoch: 535/1000, Train Loss: 0.0108, Val Loss: 0.0107 | 22.169 s
Epoch: 536/1000, Train Loss: 0.0106, Val Loss: 0.0109 | 22.301 s
Epoch: 537/1000, Train Loss: 0.0104, Val Loss: 0.0105 | 22.490 s
Epoch: 538/1000, Train Loss: 0.0104, Val Loss: 0.0104 | 22.770 s
Epoch: 539/1000, Train Loss: 0.0105, Val Loss: 0.0111 | 22.482 s
Epoch: 540/1000, Train Loss: 0.0105, Val Loss: 0.0109 | 22.908 s
Epoch: 541/1000, Train Loss: 0.0104, Val Loss: 0.0110 | 23.161 s
Epoch: 542/1000, Train Loss: 0.0103, Val Loss: 0.0102 | 22.754 s
Epoch: 543/1000, Train Loss: 0.0102, Val Loss: 0.0102 | 22.329 s
Epoch: 544/1000, Train Loss: 0.0101, Val Loss: 0.0101 | 22.776 s
Epoch: 545/1000, Train Loss: 0.0099, Val Loss: 0.0102 | 22.676 s
Epoch: 546/1000, Train Loss: 0.0103, Val Loss: 0.0102 | 22.761 s
Epoch: 547/1000, Train Loss: 0.0101, Val Loss: 0.0100 | 22.364 s
Epoch: 548/1000, Train Loss: 0.0098, Val Loss: 0.0102 | 22.336 s
Epoch: 549/1000, Train Loss: 0.0097, Val Loss: 0.0100 | 22.302 s
Epoch: 550/1000, Train Loss: 0.0098, Val Loss: 0.0112 | 22.344 s
Epoch: 551/1000, Train Loss: 0.0097, Val Loss: 0.0098 | 22.710 s
Epoch: 552/1000, Train Loss: 0.0098, Val Loss: 0.0096 | 22.542 s
Epoch: 553/1000, Train Loss: 0.0095, Val Loss: 0.0096 | 22.391 s
Epoch: 554/1000, Train Loss: 0.0095, Val Loss: 0.0095 | 22.254 s
Epoch: 555/1000, Train Loss: 0.0094, Val Loss: 0.0094 | 22.691 s
Epoch: 556/1000, Train Loss: 0.0093, Val Loss: 0.0094 | 22.425 s
Epoch: 557/1000, Train Loss: 0.0094, Val Loss: 0.0102 | 22.671 s
Epoch: 558/1000, Train Loss: 0.0092, Val Loss: 0.0095 | 22.450 s
Epoch: 559/1000, Train Loss: 0.0092, Val Loss: 0.0092 | 22.498 s
Epoch: 560/1000, Train Loss: 0.0091, Val Loss: 0.0092 | 22.738 s
Epoch: 561/1000, Train Loss: 0.0090, Val Loss: 0.0093 | 22.590 s
Epoch: 562/1000, Train Loss: 0.0091, Val Loss: 0.0099 | 22.303 s
Epoch: 563/1000, Train Loss: 0.0089, Val Loss: 0.0089 | 22.305 s
Epoch: 564/1000, Train Loss: 0.0090, Val Loss: 0.0093 | 22.410 s
Epoch: 565/1000, Train Loss: 0.0089, Val Loss: 0.0088 | 22.488 s
Epoch: 566/1000, Train Loss: 0.0089, Val Loss: 0.0088 | 22.548 s
Epoch: 567/1000, Train Loss: 0.0087, Val Loss: 0.0091 | 22.736 s
Epoch: 568/1000, Train Loss: 0.0089, Val Loss: 0.0089 | 22.322 s
Epoch: 569/1000, Train Loss: 0.0086, Val Loss: 0.0088 | 22.770 s
Epoch: 570/1000, Train Loss: 0.0085, Val Loss: 0.0086 | 22.694 s
Epoch: 571/1000, Train Loss: 0.0087, Val Loss: 0.0086 | 22.217 s
Epoch: 572/1000, Train Loss: 0.0085, Val Loss: 0.0085 | 22.439 s
Epoch: 573/1000, Train Loss: 0.0085, Val Loss: 0.0086 | 22.655 s
Epoch: 574/1000, Train Loss: 0.0085, Val Loss: 0.0085 | 22.528 s
Epoch: 575/1000, Train Loss: 0.0084, Val Loss: 0.0086 | 22.724 s
Epoch: 576/1000, Train Loss: 0.0083, Val Loss: 0.0088 | 22.859 s
Epoch: 577/1000, Train Loss: 0.0082, Val Loss: 0.0082 | 22.827 s
Epoch: 578/1000, Train Loss: 0.0081, Val Loss: 0.0083 | 22.296 s
Epoch: 579/1000, Train Loss: 0.0080, Val Loss: 0.0082 | 22.808 s
Epoch: 580/1000, Train Loss: 0.0082, Val Loss: 0.0082 | 22.695 s
Epoch: 581/1000, Train Loss: 0.0086, Val Loss: 0.0085 | 22.425 s
Epoch: 582/1000, Train Loss: 0.0081, Val Loss: 0.0083 | 22.754 s
Epoch: 583/1000, Train Loss: 0.0079, Val Loss: 0.0079 | 22.380 s
Epoch: 584/1000, Train Loss: 0.0078, Val Loss: 0.0081 | 22.904 s
Epoch: 585/1000, Train Loss: 0.0078, Val Loss: 0.0079 | 22.577 s
Epoch: 586/1000, Train Loss: 0.0078, Val Loss: 0.0079 | 23.223 s
Epoch: 587/1000, Train Loss: 0.0078, Val Loss: 0.0078 | 22.657 s
Epoch: 588/1000, Train Loss: 0.0077, Val Loss: 0.0082 | 22.396 s
Epoch: 589/1000, Train Loss: 0.0078, Val Loss: 0.0087 | 22.644 s
Epoch: 590/1000, Train Loss: 0.0076, Val Loss: 0.0082 | 22.680 s
Epoch: 591/1000, Train Loss: 0.0074, Val Loss: 0.0076 | 22.563 s
Epoch: 592/1000, Train Loss: 0.0076, Val Loss: 0.0076 | 22.448 s
Epoch: 593/1000, Train Loss: 0.0076, Val Loss: 0.0076 | 22.755 s
Epoch: 594/1000, Train Loss: 0.0076, Val Loss: 0.0087 | 22.680 s
Epoch: 595/1000, Train Loss: 0.0075, Val Loss: 0.0076 | 22.337 s
Epoch: 596/1000, Train Loss: 0.0074, Val Loss: 0.0075 | 23.071 s
Epoch: 597/1000, Train Loss: 0.0074, Val Loss: 0.0074 | 22.650 s
Epoch: 598/1000, Train Loss: 0.0072, Val Loss: 0.0073 | 22.502 s
Epoch: 599/1000, Train Loss: 0.0072, Val Loss: 0.0073 | 22.535 s
Epoch: 600/1000, Train Loss: 0.0075, Val Loss: 0.0074 | 22.329 s
Epoch: 601/1000, Train Loss: 0.0074, Val Loss: 0.0073 | 22.689 s
Epoch: 602/1000, Train Loss: 0.0075, Val Loss: 0.0076 | 23.020 s
Epoch: 603/1000, Train Loss: 0.0071, Val Loss: 0.0073 | 22.281 s
Epoch: 604/1000, Train Loss: 0.0073, Val Loss: 0.0075 | 21.875 s
Epoch: 605/1000, Train Loss: 0.0073, Val Loss: 0.0074 | 22.472 s
Epoch: 606/1000, Train Loss: 0.0070, Val Loss: 0.0072 | 22.203 s
Epoch: 607/1000, Train Loss: 0.0069, Val Loss: 0.0071 | 22.774 s
Epoch: 608/1000, Train Loss: 0.0070, Val Loss: 0.0071 | 22.849 s
Epoch: 609/1000, Train Loss: 0.0071, Val Loss: 0.0073 | 23.033 s
Epoch: 610/1000, Train Loss: 0.0071, Val Loss: 0.0070 | 22.739 s
Epoch: 611/1000, Train Loss: 0.0070, Val Loss: 0.0070 | 22.814 s
Epoch: 612/1000, Train Loss: 0.0070, Val Loss: 0.0071 | 22.869 s
Epoch: 613/1000, Train Loss: 0.0070, Val Loss: 0.0070 | 23.003 s
Epoch: 614/1000, Train Loss: 0.0069, Val Loss: 0.0069 | 22.868 s
Epoch: 615/1000, Train Loss: 0.0068, Val Loss: 0.0075 | 22.823 s
Epoch: 616/1000, Train Loss: 0.0070, Val Loss: 0.0071 | 22.332 s
Epoch: 617/1000, Train Loss: 0.0067, Val Loss: 0.0070 | 22.754 s
Epoch: 618/1000, Train Loss: 0.0068, Val Loss: 0.0073 | 22.672 s
Epoch: 619/1000, Train Loss: 0.0069, Val Loss: 0.0068 | 22.509 s
Epoch: 620/1000, Train Loss: 0.0067, Val Loss: 0.0076 | 22.614 s
Epoch: 621/1000, Train Loss: 0.0068, Val Loss: 0.0067 | 22.720 s
Epoch: 622/1000, Train Loss: 0.0068, Val Loss: 0.0070 | 22.956 s
Epoch: 623/1000, Train Loss: 0.0066, Val Loss: 0.0069 | 22.559 s
Epoch: 624/1000, Train Loss: 0.0066, Val Loss: 0.0073 | 22.945 s
Epoch: 625/1000, Train Loss: 0.0066, Val Loss: 0.0067 | 22.620 s
Epoch: 626/1000, Train Loss: 0.0065, Val Loss: 0.0067 | 22.811 s
Epoch: 627/1000, Train Loss: 0.0065, Val Loss: 0.0069 | 22.529 s
Epoch: 628/1000, Train Loss: 0.0066, Val Loss: 0.0065 | 22.636 s
Epoch: 629/1000, Train Loss: 0.0064, Val Loss: 0.0065 | 22.340 s
Epoch: 630/1000, Train Loss: 0.0065, Val Loss: 0.0067 | 22.696 s
Epoch: 631/1000, Train Loss: 0.0064, Val Loss: 0.0064 | 22.280 s
Epoch: 632/1000, Train Loss: 0.0064, Val Loss: 0.0065 | 22.488 s
Epoch: 633/1000, Train Loss: 0.0064, Val Loss: 0.0064 | 22.326 s
Epoch: 634/1000, Train Loss: 0.0063, Val Loss: 0.0068 | 22.794 s
Epoch: 635/1000, Train Loss: 0.0063, Val Loss: 0.0063 | 22.693 s
Epoch: 636/1000, Train Loss: 0.0064, Val Loss: 0.0063 | 22.777 s
Epoch: 637/1000, Train Loss: 0.0065, Val Loss: 0.0078 | 22.445 s
Epoch: 638/1000, Train Loss: 0.0064, Val Loss: 0.0064 | 22.603 s
Epoch: 639/1000, Train Loss: 0.0062, Val Loss: 0.0063 | 22.533 s
Epoch: 640/1000, Train Loss: 0.0062, Val Loss: 0.0065 | 22.545 s
Epoch: 641/1000, Train Loss: 0.0062, Val Loss: 0.0062 | 22.582 s
Epoch: 642/1000, Train Loss: 0.0061, Val Loss: 0.0062 | 22.762 s
Epoch: 643/1000, Train Loss: 0.0062, Val Loss: 0.0062 | 22.656 s
Epoch: 644/1000, Train Loss: 0.0063, Val Loss: 0.0062 | 22.934 s
Epoch: 645/1000, Train Loss: 0.0063, Val Loss: 0.0075 | 22.612 s
Epoch: 646/1000, Train Loss: 0.0061, Val Loss: 0.0061 | 23.191 s
Epoch: 647/1000, Train Loss: 0.0061, Val Loss: 0.0065 | 22.705 s
Epoch: 648/1000, Train Loss: 0.0061, Val Loss: 0.0061 | 22.734 s
Epoch: 649/1000, Train Loss: 0.0062, Val Loss: 0.0061 | 22.671 s
Epoch: 650/1000, Train Loss: 0.0060, Val Loss: 0.0060 | 22.824 s
Epoch: 651/1000, Train Loss: 0.0061, Val Loss: 0.0061 | 22.185 s
Epoch: 652/1000, Train Loss: 0.0062, Val Loss: 0.0071 | 22.543 s
Epoch: 653/1000, Train Loss: 0.0062, Val Loss: 0.0060 | 22.475 s
Epoch: 654/1000, Train Loss: 0.0060, Val Loss: 0.0060 | 22.294 s
Epoch: 655/1000, Train Loss: 0.0061, Val Loss: 0.0060 | 22.691 s
Epoch: 656/1000, Train Loss: 0.0061, Val Loss: 0.0060 | 22.486 s
Epoch: 657/1000, Train Loss: 0.0060, Val Loss: 0.0060 | 22.804 s
Epoch: 658/1000, Train Loss: 0.0061, Val Loss: 0.0076 | 22.570 s
Epoch: 659/1000, Train Loss: 0.0062, Val Loss: 0.0061 | 22.494 s
Epoch: 660/1000, Train Loss: 0.0060, Val Loss: 0.0060 | 23.009 s
Epoch: 661/1000, Train Loss: 0.0059, Val Loss: 0.0062 | 22.808 s
Epoch: 662/1000, Train Loss: 0.0059, Val Loss: 0.0059 | 22.591 s
Epoch: 663/1000, Train Loss: 0.0060, Val Loss: 0.0060 | 22.657 s
Epoch: 664/1000, Train Loss: 0.0059, Val Loss: 0.0058 | 22.649 s
Epoch: 665/1000, Train Loss: 0.0060, Val Loss: 0.0060 | 22.653 s
Epoch: 666/1000, Train Loss: 0.0060, Val Loss: 0.0059 | 22.647 s
Epoch: 667/1000, Train Loss: 0.0058, Val Loss: 0.0061 | 22.742 s
Epoch: 668/1000, Train Loss: 0.0060, Val Loss: 0.0060 | 22.774 s
Epoch: 669/1000, Train Loss: 0.0058, Val Loss: 0.0058 | 22.988 s
Epoch: 670/1000, Train Loss: 0.0059, Val Loss: 0.0058 | 22.399 s
Epoch: 671/1000, Train Loss: 0.0058, Val Loss: 0.0058 | 22.421 s
Epoch: 672/1000, Train Loss: 0.0058, Val Loss: 0.0057 | 22.715 s
Epoch: 673/1000, Train Loss: 0.0057, Val Loss: 0.0058 | 22.562 s
Epoch: 674/1000, Train Loss: 0.0057, Val Loss: 0.0058 | 22.926 s
Epoch: 675/1000, Train Loss: 0.0056, Val Loss: 0.0058 | 22.301 s
Epoch: 676/1000, Train Loss: 0.0059, Val Loss: 0.0057 | 22.919 s
Epoch: 677/1000, Train Loss: 0.0059, Val Loss: 0.0059 | 22.229 s
Epoch: 678/1000, Train Loss: 0.0057, Val Loss: 0.0069 | 22.626 s
Epoch: 679/1000, Train Loss: 0.0061, Val Loss: 0.0057 | 22.985 s
Epoch: 680/1000, Train Loss: 0.0056, Val Loss: 0.0059 | 22.437 s
Epoch: 681/1000, Train Loss: 0.0056, Val Loss: 0.0056 | 22.524 s
Epoch: 682/1000, Train Loss: 0.0057, Val Loss: 0.0062 | 22.617 s
Epoch: 683/1000, Train Loss: 0.0056, Val Loss: 0.0057 | 22.418 s
Epoch: 684/1000, Train Loss: 0.0057, Val Loss: 0.0056 | 22.661 s
Epoch: 685/1000, Train Loss: 0.0057, Val Loss: 0.0062 | 22.496 s
Epoch: 686/1000, Train Loss: 0.0055, Val Loss: 0.0056 | 22.827 s
Epoch: 687/1000, Train Loss: 0.0057, Val Loss: 0.0063 | 22.713 s
Epoch: 688/1000, Train Loss: 0.0056, Val Loss: 0.0058 | 22.828 s
Epoch: 689/1000, Train Loss: 0.0055, Val Loss: 0.0055 | 22.542 s
Epoch: 690/1000, Train Loss: 0.0055, Val Loss: 0.0061 | 22.771 s
Epoch: 691/1000, Train Loss: 0.0055, Val Loss: 0.0055 | 22.662 s
Epoch: 692/1000, Train Loss: 0.0055, Val Loss: 0.0061 | 22.862 s
Epoch: 693/1000, Train Loss: 0.0061, Val Loss: 0.0055 | 22.181 s
Epoch: 694/1000, Train Loss: 0.0056, Val Loss: 0.0057 | 22.263 s
Epoch: 695/1000, Train Loss: 0.0054, Val Loss: 0.0055 | 22.510 s
Epoch: 696/1000, Train Loss: 0.0056, Val Loss: 0.0056 | 22.411 s
Epoch: 697/1000, Train Loss: 0.0054, Val Loss: 0.0058 | 22.600 s
Epoch: 698/1000, Train Loss: 0.0054, Val Loss: 0.0055 | 22.421 s
Epoch: 699/1000, Train Loss: 0.0056, Val Loss: 0.0054 | 22.341 s
Epoch: 700/1000, Train Loss: 0.0055, Val Loss: 0.0057 | 22.811 s
Epoch: 701/1000, Train Loss: 0.0055, Val Loss: 0.0054 | 22.313 s
Epoch: 702/1000, Train Loss: 0.0054, Val Loss: 0.0055 | 22.801 s
Epoch: 703/1000, Train Loss: 0.0055, Val Loss: 0.0055 | 22.727 s
Epoch: 704/1000, Train Loss: 0.0054, Val Loss: 0.0055 | 22.493 s
Epoch: 705/1000, Train Loss: 0.0055, Val Loss: 0.0054 | 22.642 s
Epoch: 706/1000, Train Loss: 0.0054, Val Loss: 0.0058 | 22.513 s
Epoch: 707/1000, Train Loss: 0.0055, Val Loss: 0.0057 | 22.434 s
Epoch: 708/1000, Train Loss: 0.0054, Val Loss: 0.0054 | 22.527 s
Epoch: 709/1000, Train Loss: 0.0053, Val Loss: 0.0057 | 22.720 s
Epoch: 710/1000, Train Loss: 0.0054, Val Loss: 0.0070 | 22.879 s
Epoch: 711/1000, Train Loss: 0.0054, Val Loss: 0.0059 | 22.952 s
Epoch: 712/1000, Train Loss: 0.0053, Val Loss: 0.0053 | 22.455 s
Epoch: 713/1000, Train Loss: 0.0054, Val Loss: 0.0057 | 22.730 s
Epoch: 714/1000, Train Loss: 0.0053, Val Loss: 0.0057 | 22.782 s
Epoch: 715/1000, Train Loss: 0.0054, Val Loss: 0.0053 | 22.669 s
Epoch: 716/1000, Train Loss: 0.0054, Val Loss: 0.0052 | 22.258 s
Epoch: 717/1000, Train Loss: 0.0052, Val Loss: 0.0052 | 22.237 s
Epoch: 718/1000, Train Loss: 0.0055, Val Loss: 0.0059 | 22.701 s
Epoch: 719/1000, Train Loss: 0.0054, Val Loss: 0.0064 | 22.893 s
Epoch: 720/1000, Train Loss: 0.0053, Val Loss: 0.0052 | 22.469 s
Epoch: 721/1000, Train Loss: 0.0053, Val Loss: 0.0052 | 22.326 s
Epoch: 722/1000, Train Loss: 0.0052, Val Loss: 0.0052 | 22.753 s
Epoch: 723/1000, Train Loss: 0.0053, Val Loss: 0.0052 | 22.940 s
Epoch: 724/1000, Train Loss: 0.0052, Val Loss: 0.0052 | 22.491 s
Epoch: 725/1000, Train Loss: 0.0053, Val Loss: 0.0056 | 22.732 s
Epoch: 726/1000, Train Loss: 0.0052, Val Loss: 0.0057 | 22.559 s
Epoch: 727/1000, Train Loss: 0.0053, Val Loss: 0.0055 | 22.298 s
Epoch: 728/1000, Train Loss: 0.0053, Val Loss: 0.0053 | 22.433 s
Epoch: 729/1000, Train Loss: 0.0054, Val Loss: 0.0053 | 22.628 s
Epoch: 730/1000, Train Loss: 0.0053, Val Loss: 0.0058 | 22.796 s
Epoch: 731/1000, Train Loss: 0.0054, Val Loss: 0.0062 | 22.830 s
Epoch: 732/1000, Train Loss: 0.0054, Val Loss: 0.0051 | 22.578 s
Epoch: 733/1000, Train Loss: 0.0051, Val Loss: 0.0054 | 22.848 s
Epoch: 734/1000, Train Loss: 0.0053, Val Loss: 0.0056 | 23.020 s
Epoch: 735/1000, Train Loss: 0.0052, Val Loss: 0.0053 | 22.583 s
Epoch: 736/1000, Train Loss: 0.0051, Val Loss: 0.0051 | 22.753 s
Epoch: 737/1000, Train Loss: 0.0052, Val Loss: 0.0057 | 22.388 s
Epoch: 738/1000, Train Loss: 0.0052, Val Loss: 0.0054 | 22.630 s
Epoch: 739/1000, Train Loss: 0.0051, Val Loss: 0.0054 | 22.307 s
Epoch: 740/1000, Train Loss: 0.0051, Val Loss: 0.0052 | 22.552 s
Epoch: 741/1000, Train Loss: 0.0051, Val Loss: 0.0055 | 22.619 s
Epoch: 742/1000, Train Loss: 0.0051, Val Loss: 0.0050 | 22.481 s
Epoch: 743/1000, Train Loss: 0.0051, Val Loss: 0.0052 | 22.451 s
Epoch: 744/1000, Train Loss: 0.0053, Val Loss: 0.0050 | 22.645 s
Epoch: 745/1000, Train Loss: 0.0052, Val Loss: 0.0051 | 22.710 s
Epoch: 746/1000, Train Loss: 0.0053, Val Loss: 0.0052 | 22.360 s
Epoch: 747/1000, Train Loss: 0.0051, Val Loss: 0.0053 | 22.374 s
Epoch: 748/1000, Train Loss: 0.0051, Val Loss: 0.0051 | 22.736 s
Epoch: 749/1000, Train Loss: 0.0051, Val Loss: 0.0053 | 22.177 s
Epoch: 750/1000, Train Loss: 0.0052, Val Loss: 0.0055 | 23.025 s
Epoch: 751/1000, Train Loss: 0.0051, Val Loss: 0.0052 | 22.577 s
Epoch: 752/1000, Train Loss: 0.0051, Val Loss: 0.0050 | 22.866 s
Epoch: 753/1000, Train Loss: 0.0050, Val Loss: 0.0051 | 22.627 s
Epoch: 754/1000, Train Loss: 0.0050, Val Loss: 0.0050 | 22.817 s
Epoch: 755/1000, Train Loss: 0.0050, Val Loss: 0.0055 | 22.335 s
Epoch: 756/1000, Train Loss: 0.0050, Val Loss: 0.0050 | 22.325 s
Epoch: 757/1000, Train Loss: 0.0051, Val Loss: 0.0050 | 22.332 s
Epoch: 758/1000, Train Loss: 0.0052, Val Loss: 0.0058 | 22.783 s
Epoch: 759/1000, Train Loss: 0.0050, Val Loss: 0.0052 | 22.578 s
Epoch: 760/1000, Train Loss: 0.0049, Val Loss: 0.0052 | 22.597 s
Epoch: 761/1000, Train Loss: 0.0054, Val Loss: 0.0050 | 22.512 s
Epoch: 762/1000, Train Loss: 0.0050, Val Loss: 0.0051 | 22.389 s
Epoch: 763/1000, Train Loss: 0.0050, Val Loss: 0.0052 | 22.904 s
Epoch: 764/1000, Train Loss: 0.0053, Val Loss: 0.0050 | 22.410 s
Epoch: 765/1000, Train Loss: 0.0050, Val Loss: 0.0050 | 22.325 s
Epoch: 766/1000, Train Loss: 0.0050, Val Loss: 0.0055 | 23.473 s
Epoch: 767/1000, Train Loss: 0.0050, Val Loss: 0.0055 | 22.602 s
Epoch: 768/1000, Train Loss: 0.0049, Val Loss: 0.0056 | 22.762 s
Epoch: 769/1000, Train Loss: 0.0049, Val Loss: 0.0049 | 22.512 s
Epoch: 770/1000, Train Loss: 0.0049, Val Loss: 0.0052 | 23.037 s
Epoch: 771/1000, Train Loss: 0.0050, Val Loss: 0.0051 | 22.707 s
Epoch: 772/1000, Train Loss: 0.0051, Val Loss: 0.0049 | 22.433 s
Epoch: 773/1000, Train Loss: 0.0050, Val Loss: 0.0049 | 22.954 s
Epoch: 774/1000, Train Loss: 0.0049, Val Loss: 0.0049 | 22.608 s
Epoch: 775/1000, Train Loss: 0.0049, Val Loss: 0.0049 | 22.691 s
Epoch: 776/1000, Train Loss: 0.0050, Val Loss: 0.0054 | 22.460 s
Epoch: 777/1000, Train Loss: 0.0051, Val Loss: 0.0052 | 22.536 s
Epoch: 778/1000, Train Loss: 0.0049, Val Loss: 0.0049 | 22.788 s
Epoch: 779/1000, Train Loss: 0.0051, Val Loss: 0.0049 | 22.801 s
Epoch: 780/1000, Train Loss: 0.0050, Val Loss: 0.0048 | 22.555 s
Epoch: 781/1000, Train Loss: 0.0049, Val Loss: 0.0048 | 22.360 s
Epoch: 782/1000, Train Loss: 0.0050, Val Loss: 0.0064 | 22.966 s
Epoch: 783/1000, Train Loss: 0.0051, Val Loss: 0.0055 | 22.523 s
Epoch: 784/1000, Train Loss: 0.0050, Val Loss: 0.0053 | 22.867 s
Epoch: 785/1000, Train Loss: 0.0050, Val Loss: 0.0049 | 22.483 s
Epoch: 786/1000, Train Loss: 0.0050, Val Loss: 0.0049 | 22.860 s
Epoch: 787/1000, Train Loss: 0.0048, Val Loss: 0.0053 | 22.602 s
Epoch: 788/1000, Train Loss: 0.0051, Val Loss: 0.0049 | 22.800 s
Epoch: 789/1000, Train Loss: 0.0049, Val Loss: 0.0049 | 22.483 s
Epoch: 790/1000, Train Loss: 0.0050, Val Loss: 0.0058 | 22.951 s
Epoch: 791/1000, Train Loss: 0.0048, Val Loss: 0.0053 | 22.582 s
Epoch: 792/1000, Train Loss: 0.0049, Val Loss: 0.0050 | 22.520 s
Epoch: 793/1000, Train Loss: 0.0048, Val Loss: 0.0049 | 22.786 s
Epoch: 794/1000, Train Loss: 0.0048, Val Loss: 0.0049 | 22.991 s
Epoch: 795/1000, Train Loss: 0.0048, Val Loss: 0.0048 | 22.407 s
Epoch: 796/1000, Train Loss: 0.0047, Val Loss: 0.0050 | 22.788 s
Epoch: 797/1000, Train Loss: 0.0049, Val Loss: 0.0048 | 22.510 s
Epoch: 798/1000, Train Loss: 0.0049, Val Loss: 0.0052 | 22.402 s
Epoch: 799/1000, Train Loss: 0.0050, Val Loss: 0.0059 | 22.858 s
Epoch: 800/1000, Train Loss: 0.0049, Val Loss: 0.0048 | 22.717 s
Epoch: 801/1000, Train Loss: 0.0050, Val Loss: 0.0048 | 23.055 s
Epoch: 802/1000, Train Loss: 0.0048, Val Loss: 0.0050 | 22.533 s
Epoch: 803/1000, Train Loss: 0.0049, Val Loss: 0.0047 | 23.000 s
Epoch: 804/1000, Train Loss: 0.0049, Val Loss: 0.0050 | 22.669 s
Epoch: 805/1000, Train Loss: 0.0048, Val Loss: 0.0049 | 22.323 s
Epoch: 806/1000, Train Loss: 0.0047, Val Loss: 0.0048 | 22.748 s
Epoch: 807/1000, Train Loss: 0.0048, Val Loss: 0.0047 | 22.872 s
Epoch: 808/1000, Train Loss: 0.0048, Val Loss: 0.0050 | 22.794 s
Epoch: 809/1000, Train Loss: 0.0049, Val Loss: 0.0049 | 22.962 s
Epoch: 810/1000, Train Loss: 0.0048, Val Loss: 0.0047 | 22.654 s
Epoch: 811/1000, Train Loss: 0.0047, Val Loss: 0.0052 | 22.361 s
Epoch: 812/1000, Train Loss: 0.0049, Val Loss: 0.0047 | 22.603 s
Epoch: 813/1000, Train Loss: 0.0048, Val Loss: 0.0047 | 22.337 s
Epoch: 814/1000, Train Loss: 0.0050, Val Loss: 0.0047 | 22.578 s
Epoch: 815/1000, Train Loss: 0.0047, Val Loss: 0.0048 | 22.268 s
Epoch: 816/1000, Train Loss: 0.0048, Val Loss: 0.0048 | 22.651 s
Epoch: 817/1000, Train Loss: 0.0048, Val Loss: 0.0051 | 22.479 s
Epoch: 818/1000, Train Loss: 0.0048, Val Loss: 0.0047 | 22.265 s
Epoch: 819/1000, Train Loss: 0.0047, Val Loss: 0.0048 | 22.292 s
Epoch: 820/1000, Train Loss: 0.0048, Val Loss: 0.0047 | 22.797 s
Epoch: 821/1000, Train Loss: 0.0048, Val Loss: 0.0052 | 22.735 s
Epoch: 822/1000, Train Loss: 0.0049, Val Loss: 0.0051 | 22.953 s
Epoch: 823/1000, Train Loss: 0.0047, Val Loss: 0.0050 | 22.554 s
Epoch: 824/1000, Train Loss: 0.0047, Val Loss: 0.0048 | 22.706 s
Epoch: 825/1000, Train Loss: 0.0048, Val Loss: 0.0047 | 22.298 s
Epoch: 826/1000, Train Loss: 0.0049, Val Loss: 0.0047 | 22.517 s
Epoch: 827/1000, Train Loss: 0.0049, Val Loss: 0.0048 | 22.551 s
Epoch: 828/1000, Train Loss: 0.0047, Val Loss: 0.0046 | 22.903 s
Epoch: 829/1000, Train Loss: 0.0048, Val Loss: 0.0052 | 22.594 s
Epoch: 830/1000, Train Loss: 0.0048, Val Loss: 0.0046 | 22.869 s
Epoch: 831/1000, Train Loss: 0.0048, Val Loss: 0.0054 | 22.728 s
Epoch: 832/1000, Train Loss: 0.0048, Val Loss: 0.0046 | 22.714 s
Epoch: 833/1000, Train Loss: 0.0047, Val Loss: 0.0054 | 22.743 s
Epoch: 834/1000, Train Loss: 0.0047, Val Loss: 0.0062 | 22.945 s
Epoch: 835/1000, Train Loss: 0.0049, Val Loss: 0.0048 | 22.854 s
Epoch: 836/1000, Train Loss: 0.0048, Val Loss: 0.0057 | 22.994 s
Epoch: 837/1000, Train Loss: 0.0048, Val Loss: 0.0048 | 22.811 s
Epoch: 838/1000, Train Loss: 0.0047, Val Loss: 0.0046 | 22.594 s
Epoch: 839/1000, Train Loss: 0.0048, Val Loss: 0.0046 | 22.828 s
Epoch: 840/1000, Train Loss: 0.0048, Val Loss: 0.0046 | 22.890 s
Epoch: 841/1000, Train Loss: 0.0047, Val Loss: 0.0046 | 22.367 s
Epoch: 842/1000, Train Loss: 0.0047, Val Loss: 0.0047 | 22.681 s
Epoch: 843/1000, Train Loss: 0.0047, Val Loss: 0.0046 | 22.380 s
Epoch: 844/1000, Train Loss: 0.0046, Val Loss: 0.0047 | 22.694 s
Epoch: 845/1000, Train Loss: 0.0045, Val Loss: 0.0048 | 22.608 s
Epoch: 846/1000, Train Loss: 0.0047, Val Loss: 0.0051 | 22.443 s
Epoch: 847/1000, Train Loss: 0.0047, Val Loss: 0.0053 | 22.757 s
Epoch: 848/1000, Train Loss: 0.0047, Val Loss: 0.0046 | 22.263 s
Epoch: 849/1000, Train Loss: 0.0046, Val Loss: 0.0046 | 23.087 s
Epoch: 850/1000, Train Loss: 0.0047, Val Loss: 0.0046 | 22.964 s
Epoch: 851/1000, Train Loss: 0.0047, Val Loss: 0.0055 | 22.646 s
Epoch: 852/1000, Train Loss: 0.0048, Val Loss: 0.0048 | 22.499 s
Epoch: 853/1000, Train Loss: 0.0046, Val Loss: 0.0045 | 22.842 s
Epoch: 854/1000, Train Loss: 0.0046, Val Loss: 0.0048 | 22.728 s
Epoch: 855/1000, Train Loss: 0.0048, Val Loss: 0.0060 | 22.312 s
Epoch: 856/1000, Train Loss: 0.0046, Val Loss: 0.0046 | 22.901 s
Epoch: 857/1000, Train Loss: 0.0047, Val Loss: 0.0060 | 22.641 s
Epoch: 858/1000, Train Loss: 0.0046, Val Loss: 0.0045 | 22.648 s
Epoch: 859/1000, Train Loss: 0.0048, Val Loss: 0.0051 | 22.964 s
Epoch: 860/1000, Train Loss: 0.0047, Val Loss: 0.0047 | 22.913 s
Epoch: 861/1000, Train Loss: 0.0047, Val Loss: 0.0045 | 22.894 s
Epoch: 862/1000, Train Loss: 0.0046, Val Loss: 0.0047 | 22.742 s
Epoch: 863/1000, Train Loss: 0.0046, Val Loss: 0.0054 | 22.921 s
Epoch: 864/1000, Train Loss: 0.0046, Val Loss: 0.0049 | 22.235 s
Epoch: 865/1000, Train Loss: 0.0047, Val Loss: 0.0046 | 22.292 s
Epoch: 866/1000, Train Loss: 0.0047, Val Loss: 0.0058 | 22.239 s
Epoch: 867/1000, Train Loss: 0.0048, Val Loss: 0.0050 | 22.418 s
Epoch: 868/1000, Train Loss: 0.0047, Val Loss: 0.0047 | 22.805 s
Epoch: 869/1000, Train Loss: 0.0046, Val Loss: 0.0054 | 22.708 s
Epoch: 870/1000, Train Loss: 0.0047, Val Loss: 0.0045 | 22.705 s
Epoch: 871/1000, Train Loss: 0.0047, Val Loss: 0.0066 | 22.512 s
Epoch: 872/1000, Train Loss: 0.0047, Val Loss: 0.0047 | 22.505 s
Epoch: 873/1000, Train Loss: 0.0047, Val Loss: 0.0048 | 22.746 s
Epoch: 874/1000, Train Loss: 0.0047, Val Loss: 0.0045 | 23.017 s
Epoch: 875/1000, Train Loss: 0.0045, Val Loss: 0.0046 | 22.575 s
Epoch: 876/1000, Train Loss: 0.0046, Val Loss: 0.0045 | 22.433 s
Epoch: 877/1000, Train Loss: 0.0046, Val Loss: 0.0045 | 22.493 s
Epoch: 878/1000, Train Loss: 0.0046, Val Loss: 0.0052 | 22.708 s
Epoch: 879/1000, Train Loss: 0.0046, Val Loss: 0.0052 | 22.672 s
Epoch: 880/1000, Train Loss: 0.0045, Val Loss: 0.0049 | 22.875 s
Epoch: 881/1000, Train Loss: 0.0046, Val Loss: 0.0045 | 22.495 s
Epoch: 882/1000, Train Loss: 0.0046, Val Loss: 0.0045 | 22.700 s
Epoch: 883/1000, Train Loss: 0.0046, Val Loss: 0.0045 | 22.296 s
Epoch: 884/1000, Train Loss: 0.0045, Val Loss: 0.0046 | 22.581 s
Epoch: 885/1000, Train Loss: 0.0045, Val Loss: 0.0045 | 22.814 s
Epoch: 886/1000, Train Loss: 0.0046, Val Loss: 0.0052 | 22.852 s
Epoch: 887/1000, Train Loss: 0.0045, Val Loss: 0.0047 | 22.911 s
Epoch: 888/1000, Train Loss: 0.0045, Val Loss: 0.0047 | 22.865 s
Epoch: 889/1000, Train Loss: 0.0045, Val Loss: 0.0049 | 22.704 s
Epoch: 890/1000, Train Loss: 0.0047, Val Loss: 0.0054 | 22.310 s
Epoch: 891/1000, Train Loss: 0.0045, Val Loss: 0.0046 | 22.387 s
Epoch: 892/1000, Train Loss: 0.0045, Val Loss: 0.0044 | 22.596 s
Epoch: 893/1000, Train Loss: 0.0045, Val Loss: 0.0044 | 22.907 s
Epoch: 894/1000, Train Loss: 0.0045, Val Loss: 0.0044 | 22.530 s
Epoch: 895/1000, Train Loss: 0.0046, Val Loss: 0.0044 | 22.942 s
Epoch: 896/1000, Train Loss: 0.0045, Val Loss: 0.0044 | 22.949 s
Epoch: 897/1000, Train Loss: 0.0044, Val Loss: 0.0055 | 22.851 s
Epoch: 898/1000, Train Loss: 0.0045, Val Loss: 0.0045 | 22.576 s
Epoch: 899/1000, Train Loss: 0.0045, Val Loss: 0.0044 | 22.726 s
Epoch: 900/1000, Train Loss: 0.0045, Val Loss: 0.0047 | 22.682 s
Epoch: 901/1000, Train Loss: 0.0044, Val Loss: 0.0044 | 22.501 s
Epoch: 902/1000, Train Loss: 0.0047, Val Loss: 0.0045 | 22.246 s
Epoch: 903/1000, Train Loss: 0.0044, Val Loss: 0.0044 | 22.466 s
Epoch: 904/1000, Train Loss: 0.0046, Val Loss: 0.0043 | 22.895 s
Epoch: 905/1000, Train Loss: 0.0045, Val Loss: 0.0045 | 22.768 s
Epoch: 906/1000, Train Loss: 0.0044, Val Loss: 0.0047 | 23.001 s
Epoch: 907/1000, Train Loss: 0.0045, Val Loss: 0.0044 | 22.813 s
Epoch: 908/1000, Train Loss: 0.0046, Val Loss: 0.0044 | 22.765 s
Epoch: 909/1000, Train Loss: 0.0044, Val Loss: 0.0043 | 22.716 s
Epoch: 910/1000, Train Loss: 0.0045, Val Loss: 0.0043 | 22.830 s
Epoch: 911/1000, Train Loss: 0.0045, Val Loss: 0.0048 | 22.777 s
Epoch: 912/1000, Train Loss: 0.0044, Val Loss: 0.0046 | 22.696 s
Epoch: 913/1000, Train Loss: 0.0044, Val Loss: 0.0046 | 22.902 s
Epoch: 914/1000, Train Loss: 0.0045, Val Loss: 0.0043 | 22.870 s
Epoch: 915/1000, Train Loss: 0.0046, Val Loss: 0.0044 | 22.839 s
Epoch: 916/1000, Train Loss: 0.0045, Val Loss: 0.0046 | 22.569 s
Epoch: 917/1000, Train Loss: 0.0044, Val Loss: 0.0046 | 22.873 s
Epoch: 918/1000, Train Loss: 0.0044, Val Loss: 0.0046 | 22.475 s
Epoch: 919/1000, Train Loss: 0.0044, Val Loss: 0.0049 | 22.763 s
Epoch: 920/1000, Train Loss: 0.0045, Val Loss: 0.0043 | 22.622 s
Epoch: 921/1000, Train Loss: 0.0043, Val Loss: 0.0045 | 22.594 s
Epoch: 922/1000, Train Loss: 0.0044, Val Loss: 0.0046 | 22.396 s
Epoch: 923/1000, Train Loss: 0.0044, Val Loss: 0.0043 | 22.894 s
Epoch: 924/1000, Train Loss: 0.0044, Val Loss: 0.0043 | 22.683 s
Epoch: 925/1000, Train Loss: 0.0045, Val Loss: 0.0044 | 22.961 s
Epoch: 926/1000, Train Loss: 0.0045, Val Loss: 0.0043 | 22.600 s
Epoch: 927/1000, Train Loss: 0.0045, Val Loss: 0.0043 | 22.640 s
Epoch: 928/1000, Train Loss: 0.0043, Val Loss: 0.0043 | 22.771 s
Epoch: 929/1000, Train Loss: 0.0045, Val Loss: 0.0043 | 22.492 s
Epoch: 930/1000, Train Loss: 0.0044, Val Loss: 0.0043 | 22.674 s
Epoch: 931/1000, Train Loss: 0.0043, Val Loss: 0.0045 | 23.024 s
Epoch: 932/1000, Train Loss: 0.0043, Val Loss: 0.0043 | 22.645 s
Epoch: 933/1000, Train Loss: 0.0043, Val Loss: 0.0043 | 22.743 s
Epoch: 934/1000, Train Loss: 0.0045, Val Loss: 0.0043 | 23.271 s
Epoch: 935/1000, Train Loss: 0.0043, Val Loss: 0.0043 | 22.926 s
Epoch: 936/1000, Train Loss: 0.0043, Val Loss: 0.0043 | 22.911 s
Epoch: 937/1000, Train Loss: 0.0043, Val Loss: 0.0043 | 22.673 s
Epoch: 938/1000, Train Loss: 0.0043, Val Loss: 0.0042 | 22.557 s
Epoch: 939/1000, Train Loss: 0.0043, Val Loss: 0.0043 | 22.370 s
Epoch: 940/1000, Train Loss: 0.0045, Val Loss: 0.0048 | 22.912 s
Epoch: 941/1000, Train Loss: 0.0043, Val Loss: 0.0042 | 22.395 s
Epoch: 942/1000, Train Loss: 0.0043, Val Loss: 0.0042 | 22.657 s
Epoch: 943/1000, Train Loss: 0.0043, Val Loss: 0.0051 | 22.425 s
Epoch: 944/1000, Train Loss: 0.0043, Val Loss: 0.0046 | 22.788 s
Epoch: 945/1000, Train Loss: 0.0043, Val Loss: 0.0042 | 22.360 s
Epoch: 946/1000, Train Loss: 0.0043, Val Loss: 0.0042 | 22.338 s
Epoch: 947/1000, Train Loss: 0.0043, Val Loss: 0.0043 | 22.523 s
Epoch: 948/1000, Train Loss: 0.0043, Val Loss: 0.0042 | 22.720 s
Epoch: 949/1000, Train Loss: 0.0042, Val Loss: 0.0043 | 22.520 s
Epoch: 950/1000, Train Loss: 0.0043, Val Loss: 0.0043 | 22.674 s
Epoch: 951/1000, Train Loss: 0.0043, Val Loss: 0.0042 | 22.525 s
Epoch: 952/1000, Train Loss: 0.0045, Val Loss: 0.0053 | 22.703 s
Epoch: 953/1000, Train Loss: 0.0043, Val Loss: 0.0042 | 22.576 s
Epoch: 954/1000, Train Loss: 0.0044, Val Loss: 0.0043 | 22.791 s
Epoch: 955/1000, Train Loss: 0.0042, Val Loss: 0.0042 | 22.717 s
Epoch: 956/1000, Train Loss: 0.0042, Val Loss: 0.0047 | 22.392 s
Epoch: 957/1000, Train Loss: 0.0043, Val Loss: 0.0046 | 22.516 s
Epoch: 958/1000, Train Loss: 0.0044, Val Loss: 0.0044 | 23.036 s
Epoch: 959/1000, Train Loss: 0.0042, Val Loss: 0.0042 | 22.500 s
Epoch: 960/1000, Train Loss: 0.0042, Val Loss: 0.0043 | 22.580 s
Epoch: 961/1000, Train Loss: 0.0043, Val Loss: 0.0050 | 22.593 s
Epoch: 962/1000, Train Loss: 0.0043, Val Loss: 0.0044 | 22.613 s
Epoch: 963/1000, Train Loss: 0.0042, Val Loss: 0.0043 | 23.160 s
Epoch: 964/1000, Train Loss: 0.0042, Val Loss: 0.0042 | 23.204 s
Epoch: 965/1000, Train Loss: 0.0043, Val Loss: 0.0053 | 22.138 s
Epoch: 966/1000, Train Loss: 0.0045, Val Loss: 0.0046 | 22.357 s
Epoch: 967/1000, Train Loss: 0.0043, Val Loss: 0.0043 | 22.776 s
Epoch: 968/1000, Train Loss: 0.0042, Val Loss: 0.0042 | 22.234 s
Epoch: 969/1000, Train Loss: 0.0042, Val Loss: 0.0042 | 22.681 s
Epoch: 970/1000, Train Loss: 0.0042, Val Loss: 0.0042 | 22.542 s
Epoch: 971/1000, Train Loss: 0.0043, Val Loss: 0.0042 | 22.961 s
Epoch: 972/1000, Train Loss: 0.0042, Val Loss: 0.0043 | 22.641 s
Epoch: 973/1000, Train Loss: 0.0042, Val Loss: 0.0042 | 22.634 s
Epoch: 974/1000, Train Loss: 0.0043, Val Loss: 0.0044 | 22.519 s
Epoch: 975/1000, Train Loss: 0.0043, Val Loss: 0.0041 | 22.001 s
Epoch: 976/1000, Train Loss: 0.0042, Val Loss: 0.0042 | 22.484 s
Epoch: 977/1000, Train Loss: 0.0042, Val Loss: 0.0041 | 23.064 s
Epoch: 978/1000, Train Loss: 0.0042, Val Loss: 0.0044 | 22.714 s
Epoch: 979/1000, Train Loss: 0.0043, Val Loss: 0.0041 | 22.957 s
Epoch: 980/1000, Train Loss: 0.0042, Val Loss: 0.0043 | 22.799 s
Epoch: 981/1000, Train Loss: 0.0042, Val Loss: 0.0044 | 22.790 s
Epoch: 982/1000, Train Loss: 0.0044, Val Loss: 0.0041 | 22.329 s
Epoch: 983/1000, Train Loss: 0.0042, Val Loss: 0.0042 | 22.384 s
Epoch: 984/1000, Train Loss: 0.0042, Val Loss: 0.0045 | 22.548 s
Epoch: 985/1000, Train Loss: 0.0043, Val Loss: 0.0041 | 22.640 s
Epoch: 986/1000, Train Loss: 0.0041, Val Loss: 0.0043 | 22.564 s
Epoch: 987/1000, Train Loss: 0.0041, Val Loss: 0.0041 | 22.614 s
Epoch: 988/1000, Train Loss: 0.0043, Val Loss: 0.0041 | 22.844 s
Epoch: 989/1000, Train Loss: 0.0042, Val Loss: 0.0041 | 22.461 s
Epoch: 990/1000, Train Loss: 0.0042, Val Loss: 0.0044 | 22.509 s
Epoch: 991/1000, Train Loss: 0.0042, Val Loss: 0.0050 | 22.649 s
Epoch: 992/1000, Train Loss: 0.0041, Val Loss: 0.0043 | 22.847 s
Epoch: 993/1000, Train Loss: 0.0043, Val Loss: 0.0042 | 22.656 s
Epoch: 994/1000, Train Loss: 0.0041, Val Loss: 0.0042 | 23.065 s
Epoch: 995/1000, Train Loss: 0.0043, Val Loss: 0.0041 | 22.829 s
Epoch: 996/1000, Train Loss: 0.0042, Val Loss: 0.0040 | 22.738 s
Epoch: 997/1000, Train Loss: 0.0042, Val Loss: 0.0043 | 22.979 s
Epoch: 998/1000, Train Loss: 0.0045, Val Loss: 0.0045 | 22.614 s
Epoch: 999/1000, Train Loss: 0.0042, Val Loss: 0.0042 | 22.752 s
Epoch: 1000/1000, Train Loss: 0.0041, Val Loss: 0.0042 | 22.840 s
