Traceback (most recent call last):
  File "/clusterfs/students/achmadjae/RA/02_deep3D/script/main.py", line 172, in <module>
    train_set, train_loader, val_set, val_loader = data_preparation(mode, filename)
                                                   ^^^^^^^^^^^^^^^^^^^^^^^^^^^^^^^^
  File "/clusterfs/students/achmadjae/RA/02_deep3D/script/main.py", line 27, in data_preparation
    with h5py.File(filename, 'r') as hf:
         ^^^^^^^^^^^^^^^^^^^^^^^^
  File "/clusterfs/students/achmadjae/.local/lib/python3.11/site-packages/h5py/_hl/files.py", line 567, in __init__
    fid = make_fid(name, mode, userblock_size, fapl, fcpl, swmr=swmr)
          ^^^^^^^^^^^^^^^^^^^^^^^^^^^^^^^^^^^^^^^^^^^^^^^^^^^^^^^^^^^
  File "/clusterfs/students/achmadjae/.local/lib/python3.11/site-packages/h5py/_hl/files.py", line 231, in make_fid
    fid = h5f.open(name, flags, fapl=fapl)
          ^^^^^^^^^^^^^^^^^^^^^^^^^^^^^^^^
  File "h5py/_objects.pyx", line 54, in h5py._objects.with_phil.wrapper
  File "h5py/_objects.pyx", line 55, in h5py._objects.with_phil.wrapper
  File "h5py/h5f.pyx", line 106, in h5py.h5f.open
FileNotFoundError: [Errno 2] Unable to open file (unable to open file: name = '/clusterfs/students/achmadjae/RA/02_deep3D/data/H_train_40_15000.h5', errno = 2, error message = 'No such file or directory', flags = 0, o_flags = 0)
ic| feature.shape: (20000, 40, 40, 40), target.shape: (20000,)
Epoch: 1/1000, Train Loss: 0.1933, Val Loss: 0.0166 | 21.836 s
Epoch: 2/1000, Train Loss: 0.0071, Val Loss: 0.0039 | 21.055 s
Epoch: 3/1000, Train Loss: 0.0078, Val Loss: 0.0098 | 21.713 s
Epoch: 4/1000, Train Loss: 0.0073, Val Loss: 0.0023 | 21.431 s
Epoch: 5/1000, Train Loss: 0.0031, Val Loss: 0.0036 | 21.400 s
Epoch: 6/1000, Train Loss: 0.0047, Val Loss: 0.0051 | 21.077 s
Epoch 00014: reducing learning rate of group 0 to 1.0000e-05.
Epoch: 7/1000, Train Loss: 0.0039, Val Loss: 0.0024 | 21.209 s
Epoch: 8/1000, Train Loss: 0.0021, Val Loss: 0.0021 | 20.662 s
Epoch: 9/1000, Train Loss: 0.0021, Val Loss: 0.0021 | 21.164 s
Epoch: 10/1000, Train Loss: 0.0021, Val Loss: 0.0021 | 21.625 s
Epoch 00022: reducing learning rate of group 0 to 1.0000e-06.
Epoch: 11/1000, Train Loss: 0.0022, Val Loss: 0.0023 | 21.049 s
Epoch: 12/1000, Train Loss: 0.0021, Val Loss: 0.0021 | 20.364 s
Epoch: 13/1000, Train Loss: 0.0021, Val Loss: 0.0021 | 20.778 s
Epoch: 14/1000, Train Loss: 0.0021, Val Loss: 0.0021 | 21.289 s
Epoch: 15/1000, Train Loss: 0.0021, Val Loss: 0.0021 | 20.886 s
Epoch: 16/1000, Train Loss: 0.0021, Val Loss: 0.0021 | 20.658 s
Epoch: 17/1000, Train Loss: 0.0021, Val Loss: 0.0021 | 20.775 s
Epoch: 18/1000, Train Loss: 0.0021, Val Loss: 0.0021 | 21.116 s
Epoch: 19/1000, Train Loss: 0.0021, Val Loss: 0.0021 | 20.931 s
Epoch: 20/1000, Train Loss: 0.0021, Val Loss: 0.0021 | 20.712 s
Epoch: 21/1000, Train Loss: 0.0021, Val Loss: 0.0021 | 20.831 s
Epoch: 22/1000, Train Loss: 0.0021, Val Loss: 0.0021 | 20.829 s
Epoch: 23/1000, Train Loss: 0.0021, Val Loss: 0.0021 | 21.103 s
Epoch: 24/1000, Train Loss: 0.0021, Val Loss: 0.0021 | 21.265 s
Epoch: 25/1000, Train Loss: 0.0021, Val Loss: 0.0021 | 20.747 s
Epoch: 26/1000, Train Loss: 0.0021, Val Loss: 0.0021 | 20.512 s
Epoch: 27/1000, Train Loss: 0.0021, Val Loss: 0.0021 | 20.394 s
Epoch: 28/1000, Train Loss: 0.0021, Val Loss: 0.0021 | 21.439 s
Epoch: 29/1000, Train Loss: 0.0021, Val Loss: 0.0021 | 21.001 s
Epoch: 30/1000, Train Loss: 0.0021, Val Loss: 0.0021 | 21.498 s
Epoch: 31/1000, Train Loss: 0.0021, Val Loss: 0.0021 | 22.046 s
Epoch: 32/1000, Train Loss: 0.0021, Val Loss: 0.0021 | 20.437 s
Epoch: 33/1000, Train Loss: 0.0021, Val Loss: 0.0021 | 21.027 s
Epoch: 34/1000, Train Loss: 0.0021, Val Loss: 0.0021 | 20.805 s
Epoch: 35/1000, Train Loss: 0.0021, Val Loss: 0.0021 | 21.120 s
Epoch: 36/1000, Train Loss: 0.0021, Val Loss: 0.0021 | 21.226 s
Epoch: 37/1000, Train Loss: 0.0021, Val Loss: 0.0021 | 21.401 s
Epoch: 38/1000, Train Loss: 0.0021, Val Loss: 0.0022 | 20.296 s
Epoch: 39/1000, Train Loss: 0.0021, Val Loss: 0.0021 | 21.118 s
Epoch: 40/1000, Train Loss: 0.0021, Val Loss: 0.0021 | 21.501 s
Epoch: 41/1000, Train Loss: 0.0021, Val Loss: 0.0021 | 21.090 s
Epoch: 42/1000, Train Loss: 0.0021, Val Loss: 0.0021 | 20.708 s
Epoch: 43/1000, Train Loss: 0.0021, Val Loss: 0.0021 | 20.936 s
Epoch: 44/1000, Train Loss: 0.0021, Val Loss: 0.0021 | 20.138 s
Epoch: 45/1000, Train Loss: 0.0021, Val Loss: 0.0021 | 20.314 s
Epoch: 46/1000, Train Loss: 0.0021, Val Loss: 0.0021 | 19.915 s
Epoch: 47/1000, Train Loss: 0.0021, Val Loss: 0.0021 | 21.282 s
Epoch: 48/1000, Train Loss: 0.0021, Val Loss: 0.0021 | 21.895 s
Epoch: 49/1000, Train Loss: 0.0021, Val Loss: 0.0021 | 20.249 s
Epoch: 50/1000, Train Loss: 0.0021, Val Loss: 0.0021 | 20.626 s
Epoch: 51/1000, Train Loss: 0.0021, Val Loss: 0.0021 | 20.974 s
Epoch: 52/1000, Train Loss: 0.0021, Val Loss: 0.0021 | 21.221 s
Epoch: 53/1000, Train Loss: 0.0021, Val Loss: 0.0021 | 21.085 s
Epoch: 54/1000, Train Loss: 0.0021, Val Loss: 0.0021 | 21.079 s
Epoch: 55/1000, Train Loss: 0.0021, Val Loss: 0.0021 | 20.698 s
Epoch: 56/1000, Train Loss: 0.0021, Val Loss: 0.0021 | 20.608 s
Epoch: 57/1000, Train Loss: 0.0021, Val Loss: 0.0021 | 21.224 s
Epoch: 58/1000, Train Loss: 0.0021, Val Loss: 0.0021 | 20.874 s
Epoch: 59/1000, Train Loss: 0.0021, Val Loss: 0.0021 | 20.493 s
Epoch: 60/1000, Train Loss: 0.0021, Val Loss: 0.0021 | 20.174 s
Epoch: 61/1000, Train Loss: 0.0021, Val Loss: 0.0021 | 21.060 s
Epoch: 62/1000, Train Loss: 0.0021, Val Loss: 0.0021 | 20.879 s
Epoch: 63/1000, Train Loss: 0.0021, Val Loss: 0.0021 | 21.491 s
Epoch: 64/1000, Train Loss: 0.0021, Val Loss: 0.0021 | 20.661 s
Epoch: 65/1000, Train Loss: 0.0021, Val Loss: 0.0021 | 20.925 s
Epoch: 66/1000, Train Loss: 0.0021, Val Loss: 0.0021 | 21.550 s
Epoch: 67/1000, Train Loss: 0.0021, Val Loss: 0.0021 | 21.244 s
Epoch: 68/1000, Train Loss: 0.0021, Val Loss: 0.0021 | 21.253 s
Epoch: 69/1000, Train Loss: 0.0021, Val Loss: 0.0021 | 20.953 s
Epoch: 70/1000, Train Loss: 0.0021, Val Loss: 0.0021 | 20.574 s
Epoch: 71/1000, Train Loss: 0.0021, Val Loss: 0.0021 | 20.817 s
Epoch: 72/1000, Train Loss: 0.0021, Val Loss: 0.0021 | 20.125 s
Epoch: 73/1000, Train Loss: 0.0021, Val Loss: 0.0021 | 20.104 s
Epoch: 74/1000, Train Loss: 0.0021, Val Loss: 0.0020 | 19.888 s
Epoch: 75/1000, Train Loss: 0.0021, Val Loss: 0.0021 | 20.201 s
Epoch: 76/1000, Train Loss: 0.0021, Val Loss: 0.0020 | 20.352 s
Epoch: 77/1000, Train Loss: 0.0021, Val Loss: 0.0020 | 20.201 s
Epoch: 78/1000, Train Loss: 0.0021, Val Loss: 0.0021 | 20.260 s
Epoch: 79/1000, Train Loss: 0.0021, Val Loss: 0.0021 | 20.091 s
Epoch: 80/1000, Train Loss: 0.0021, Val Loss: 0.0021 | 20.064 s
Epoch: 81/1000, Train Loss: 0.0021, Val Loss: 0.0021 | 20.300 s
Epoch: 82/1000, Train Loss: 0.0021, Val Loss: 0.0020 | 19.897 s
Epoch: 83/1000, Train Loss: 0.0021, Val Loss: 0.0020 | 19.443 s
Epoch: 84/1000, Train Loss: 0.0021, Val Loss: 0.0020 | 20.011 s
Epoch: 85/1000, Train Loss: 0.0021, Val Loss: 0.0021 | 19.814 s
Epoch: 86/1000, Train Loss: 0.0021, Val Loss: 0.0021 | 19.319 s
Epoch: 87/1000, Train Loss: 0.0020, Val Loss: 0.0020 | 19.058 s
Epoch: 88/1000, Train Loss: 0.0021, Val Loss: 0.0021 | 18.728 s
Epoch: 89/1000, Train Loss: 0.0021, Val Loss: 0.0021 | 19.159 s
Epoch: 90/1000, Train Loss: 0.0021, Val Loss: 0.0022 | 19.313 s
Epoch: 91/1000, Train Loss: 0.0021, Val Loss: 0.0020 | 18.925 s
Epoch: 92/1000, Train Loss: 0.0021, Val Loss: 0.0020 | 19.188 s
Epoch: 93/1000, Train Loss: 0.0020, Val Loss: 0.0020 | 18.994 s
Epoch: 94/1000, Train Loss: 0.0021, Val Loss: 0.0020 | 19.181 s
Epoch: 95/1000, Train Loss: 0.0021, Val Loss: 0.0020 | 18.582 s
Epoch: 96/1000, Train Loss: 0.0020, Val Loss: 0.0020 | 18.860 s
Epoch: 97/1000, Train Loss: 0.0021, Val Loss: 0.0020 | 19.000 s
Epoch: 98/1000, Train Loss: 0.0021, Val Loss: 0.0020 | 18.784 s
Epoch: 99/1000, Train Loss: 0.0021, Val Loss: 0.0020 | 19.150 s
Epoch: 100/1000, Train Loss: 0.0020, Val Loss: 0.0021 | 19.290 s
Epoch: 101/1000, Train Loss: 0.0020, Val Loss: 0.0020 | 19.239 s
Epoch: 102/1000, Train Loss: 0.0021, Val Loss: 0.0020 | 18.819 s
Epoch: 103/1000, Train Loss: 0.0021, Val Loss: 0.0021 | 18.583 s
Epoch: 104/1000, Train Loss: 0.0020, Val Loss: 0.0020 | 19.114 s
Epoch: 105/1000, Train Loss: 0.0020, Val Loss: 0.0020 | 19.146 s
Epoch: 106/1000, Train Loss: 0.0020, Val Loss: 0.0020 | 19.151 s
Epoch: 107/1000, Train Loss: 0.0020, Val Loss: 0.0020 | 18.707 s
Epoch: 108/1000, Train Loss: 0.0020, Val Loss: 0.0021 | 18.800 s
Epoch: 109/1000, Train Loss: 0.0020, Val Loss: 0.0020 | 19.174 s
Epoch: 110/1000, Train Loss: 0.0020, Val Loss: 0.0020 | 18.794 s
Epoch: 111/1000, Train Loss: 0.0020, Val Loss: 0.0020 | 18.641 s
Epoch: 112/1000, Train Loss: 0.0020, Val Loss: 0.0020 | 18.871 s
Epoch: 113/1000, Train Loss: 0.0020, Val Loss: 0.0020 | 18.910 s
Epoch: 114/1000, Train Loss: 0.0020, Val Loss: 0.0021 | 19.193 s
Epoch: 115/1000, Train Loss: 0.0020, Val Loss: 0.0020 | 18.772 s
Epoch: 116/1000, Train Loss: 0.0020, Val Loss: 0.0020 | 18.791 s
Epoch: 117/1000, Train Loss: 0.0020, Val Loss: 0.0021 | 18.948 s
Epoch: 118/1000, Train Loss: 0.0020, Val Loss: 0.0020 | 18.869 s
Epoch: 119/1000, Train Loss: 0.0020, Val Loss: 0.0020 | 18.748 s
Epoch: 120/1000, Train Loss: 0.0020, Val Loss: 0.0020 | 18.883 s
Epoch: 121/1000, Train Loss: 0.0020, Val Loss: 0.0020 | 19.349 s
Epoch: 122/1000, Train Loss: 0.0020, Val Loss: 0.0020 | 18.768 s
Epoch: 123/1000, Train Loss: 0.0020, Val Loss: 0.0020 | 19.151 s
Epoch: 124/1000, Train Loss: 0.0020, Val Loss: 0.0020 | 18.869 s
Epoch: 125/1000, Train Loss: 0.0020, Val Loss: 0.0020 | 19.167 s
Epoch: 126/1000, Train Loss: 0.0020, Val Loss: 0.0020 | 18.854 s
Epoch: 127/1000, Train Loss: 0.0020, Val Loss: 0.0020 | 19.105 s
Epoch: 128/1000, Train Loss: 0.0020, Val Loss: 0.0020 | 19.175 s
Epoch: 129/1000, Train Loss: 0.0020, Val Loss: 0.0021 | 18.908 s
Epoch: 130/1000, Train Loss: 0.0020, Val Loss: 0.0021 | 18.897 s
Epoch: 131/1000, Train Loss: 0.0020, Val Loss: 0.0020 | 18.728 s
Epoch: 132/1000, Train Loss: 0.0020, Val Loss: 0.0020 | 19.060 s
Epoch: 133/1000, Train Loss: 0.0020, Val Loss: 0.0020 | 18.919 s
Epoch: 134/1000, Train Loss: 0.0020, Val Loss: 0.0020 | 18.623 s
Epoch: 135/1000, Train Loss: 0.0020, Val Loss: 0.0020 | 19.046 s
Epoch: 136/1000, Train Loss: 0.0020, Val Loss: 0.0020 | 19.101 s
Epoch: 137/1000, Train Loss: 0.0020, Val Loss: 0.0020 | 19.003 s
Epoch: 138/1000, Train Loss: 0.0020, Val Loss: 0.0020 | 18.867 s
Epoch: 139/1000, Train Loss: 0.0020, Val Loss: 0.0021 | 18.904 s
Epoch: 140/1000, Train Loss: 0.0020, Val Loss: 0.0020 | 18.836 s
Epoch: 141/1000, Train Loss: 0.0020, Val Loss: 0.0020 | 18.742 s
Epoch: 142/1000, Train Loss: 0.0020, Val Loss: 0.0020 | 18.871 s
Epoch: 143/1000, Train Loss: 0.0020, Val Loss: 0.0020 | 19.040 s
Epoch: 144/1000, Train Loss: 0.0020, Val Loss: 0.0020 | 18.397 s
Epoch: 145/1000, Train Loss: 0.0020, Val Loss: 0.0020 | 18.864 s
Epoch: 146/1000, Train Loss: 0.0020, Val Loss: 0.0020 | 18.901 s
Epoch: 147/1000, Train Loss: 0.0020, Val Loss: 0.0020 | 19.147 s
Epoch: 148/1000, Train Loss: 0.0020, Val Loss: 0.0020 | 18.975 s
Epoch: 149/1000, Train Loss: 0.0020, Val Loss: 0.0020 | 18.801 s
Epoch: 150/1000, Train Loss: 0.0020, Val Loss: 0.0020 | 19.198 s
Epoch: 151/1000, Train Loss: 0.0020, Val Loss: 0.0021 | 18.939 s
Epoch: 152/1000, Train Loss: 0.0020, Val Loss: 0.0020 | 18.581 s
Epoch: 153/1000, Train Loss: 0.0020, Val Loss: 0.0020 | 18.692 s
Epoch: 154/1000, Train Loss: 0.0020, Val Loss: 0.0020 | 19.092 s
Epoch: 155/1000, Train Loss: 0.0020, Val Loss: 0.0020 | 18.869 s
Epoch: 156/1000, Train Loss: 0.0020, Val Loss: 0.0021 | 19.065 s
Epoch: 157/1000, Train Loss: 0.0020, Val Loss: 0.0020 | 18.966 s
Epoch: 158/1000, Train Loss: 0.0020, Val Loss: 0.0020 | 18.727 s
Epoch: 159/1000, Train Loss: 0.0020, Val Loss: 0.0020 | 18.630 s
Epoch: 160/1000, Train Loss: 0.0020, Val Loss: 0.0020 | 18.819 s
Epoch: 161/1000, Train Loss: 0.0020, Val Loss: 0.0020 | 19.160 s
Epoch: 162/1000, Train Loss: 0.0020, Val Loss: 0.0020 | 18.932 s
Epoch: 163/1000, Train Loss: 0.0020, Val Loss: 0.0020 | 18.990 s
Epoch: 164/1000, Train Loss: 0.0020, Val Loss: 0.0020 | 19.026 s
Epoch: 165/1000, Train Loss: 0.0020, Val Loss: 0.0020 | 18.886 s
Epoch: 166/1000, Train Loss: 0.0020, Val Loss: 0.0020 | 19.220 s
Epoch: 167/1000, Train Loss: 0.0020, Val Loss: 0.0020 | 18.936 s
Epoch: 168/1000, Train Loss: 0.0020, Val Loss: 0.0020 | 18.697 s
Epoch: 169/1000, Train Loss: 0.0020, Val Loss: 0.0020 | 18.816 s
Epoch: 170/1000, Train Loss: 0.0020, Val Loss: 0.0020 | 19.153 s
Epoch: 171/1000, Train Loss: 0.0020, Val Loss: 0.0020 | 18.945 s
Epoch: 172/1000, Train Loss: 0.0020, Val Loss: 0.0020 | 18.905 s
Epoch: 173/1000, Train Loss: 0.0020, Val Loss: 0.0020 | 19.049 s
Epoch: 174/1000, Train Loss: 0.0020, Val Loss: 0.0020 | 18.849 s
Epoch: 175/1000, Train Loss: 0.0020, Val Loss: 0.0020 | 18.980 s
Epoch: 176/1000, Train Loss: 0.0020, Val Loss: 0.0020 | 18.740 s
Epoch: 177/1000, Train Loss: 0.0020, Val Loss: 0.0020 | 18.869 s
Epoch: 178/1000, Train Loss: 0.0020, Val Loss: 0.0020 | 19.114 s
Epoch: 179/1000, Train Loss: 0.0020, Val Loss: 0.0020 | 18.973 s
Epoch: 180/1000, Train Loss: 0.0020, Val Loss: 0.0020 | 18.670 s
Epoch: 181/1000, Train Loss: 0.0020, Val Loss: 0.0020 | 18.624 s
Epoch: 182/1000, Train Loss: 0.0020, Val Loss: 0.0020 | 18.772 s
Epoch: 183/1000, Train Loss: 0.0020, Val Loss: 0.0020 | 18.911 s
Epoch: 184/1000, Train Loss: 0.0020, Val Loss: 0.0020 | 19.090 s
Epoch: 185/1000, Train Loss: 0.0020, Val Loss: 0.0020 | 19.008 s
Epoch: 186/1000, Train Loss: 0.0020, Val Loss: 0.0020 | 19.094 s
Epoch: 187/1000, Train Loss: 0.0020, Val Loss: 0.0020 | 19.010 s
Epoch: 188/1000, Train Loss: 0.0020, Val Loss: 0.0020 | 18.495 s
Epoch: 189/1000, Train Loss: 0.0020, Val Loss: 0.0020 | 19.117 s
Epoch: 190/1000, Train Loss: 0.0020, Val Loss: 0.0020 | 19.097 s
Epoch: 191/1000, Train Loss: 0.0020, Val Loss: 0.0020 | 19.457 s
Epoch: 192/1000, Train Loss: 0.0020, Val Loss: 0.0020 | 18.777 s
Epoch: 193/1000, Train Loss: 0.0020, Val Loss: 0.0020 | 18.829 s
Epoch: 194/1000, Train Loss: 0.0020, Val Loss: 0.0020 | 18.578 s
Epoch: 195/1000, Train Loss: 0.0020, Val Loss: 0.0020 | 18.988 s
Epoch: 196/1000, Train Loss: 0.0020, Val Loss: 0.0019 | 18.805 s
Epoch: 197/1000, Train Loss: 0.0020, Val Loss: 0.0020 | 19.224 s
Epoch: 198/1000, Train Loss: 0.0020, Val Loss: 0.0020 | 18.748 s
Epoch: 199/1000, Train Loss: 0.0020, Val Loss: 0.0019 | 18.956 s
Epoch: 200/1000, Train Loss: 0.0020, Val Loss: 0.0020 | 18.908 s
Epoch: 201/1000, Train Loss: 0.0020, Val Loss: 0.0020 | 18.916 s
Epoch: 202/1000, Train Loss: 0.0020, Val Loss: 0.0019 | 19.013 s
Epoch: 203/1000, Train Loss: 0.0020, Val Loss: 0.0020 | 19.019 s
Epoch: 204/1000, Train Loss: 0.0020, Val Loss: 0.0019 | 18.965 s
Epoch: 205/1000, Train Loss: 0.0020, Val Loss: 0.0020 | 18.721 s
Epoch: 206/1000, Train Loss: 0.0019, Val Loss: 0.0019 | 18.805 s
Epoch: 207/1000, Train Loss: 0.0019, Val Loss: 0.0019 | 18.971 s
Epoch: 208/1000, Train Loss: 0.0020, Val Loss: 0.0019 | 19.046 s
Epoch: 209/1000, Train Loss: 0.0020, Val Loss: 0.0019 | 18.699 s
Epoch: 210/1000, Train Loss: 0.0019, Val Loss: 0.0019 | 18.810 s
Epoch: 211/1000, Train Loss: 0.0019, Val Loss: 0.0019 | 18.760 s
Epoch: 212/1000, Train Loss: 0.0019, Val Loss: 0.0020 | 18.651 s
Epoch: 213/1000, Train Loss: 0.0019, Val Loss: 0.0019 | 19.081 s
Epoch: 214/1000, Train Loss: 0.0019, Val Loss: 0.0019 | 19.088 s
Epoch: 215/1000, Train Loss: 0.0019, Val Loss: 0.0019 | 18.865 s
Epoch: 216/1000, Train Loss: 0.0019, Val Loss: 0.0019 | 18.851 s
Epoch: 217/1000, Train Loss: 0.0019, Val Loss: 0.0019 | 19.213 s
Epoch: 218/1000, Train Loss: 0.0019, Val Loss: 0.0019 | 18.595 s
Epoch: 219/1000, Train Loss: 0.0020, Val Loss: 0.0019 | 19.149 s
Epoch: 220/1000, Train Loss: 0.0019, Val Loss: 0.0019 | 18.733 s
Epoch: 221/1000, Train Loss: 0.0019, Val Loss: 0.0019 | 19.096 s
Epoch: 222/1000, Train Loss: 0.0019, Val Loss: 0.0019 | 18.884 s
Epoch: 223/1000, Train Loss: 0.0019, Val Loss: 0.0019 | 18.654 s
Epoch: 224/1000, Train Loss: 0.0019, Val Loss: 0.0020 | 19.191 s
Epoch: 225/1000, Train Loss: 0.0019, Val Loss: 0.0020 | 18.832 s
Epoch: 226/1000, Train Loss: 0.0019, Val Loss: 0.0019 | 18.646 s
Epoch: 227/1000, Train Loss: 0.0019, Val Loss: 0.0019 | 19.032 s
Epoch: 228/1000, Train Loss: 0.0019, Val Loss: 0.0019 | 18.978 s
Epoch: 229/1000, Train Loss: 0.0019, Val Loss: 0.0019 | 19.074 s
Epoch: 230/1000, Train Loss: 0.0019, Val Loss: 0.0019 | 18.975 s
Epoch: 231/1000, Train Loss: 0.0019, Val Loss: 0.0019 | 18.898 s
Epoch: 232/1000, Train Loss: 0.0019, Val Loss: 0.0019 | 18.791 s
Epoch: 233/1000, Train Loss: 0.0019, Val Loss: 0.0019 | 18.585 s
Epoch: 234/1000, Train Loss: 0.0019, Val Loss: 0.0020 | 18.959 s
Epoch: 235/1000, Train Loss: 0.0019, Val Loss: 0.0019 | 18.824 s
Epoch: 236/1000, Train Loss: 0.0019, Val Loss: 0.0019 | 18.976 s
Epoch: 237/1000, Train Loss: 0.0019, Val Loss: 0.0019 | 18.855 s
Epoch: 238/1000, Train Loss: 0.0019, Val Loss: 0.0019 | 18.905 s
Epoch: 239/1000, Train Loss: 0.0019, Val Loss: 0.0019 | 19.095 s
Epoch: 240/1000, Train Loss: 0.0019, Val Loss: 0.0019 | 18.927 s
Epoch: 241/1000, Train Loss: 0.0019, Val Loss: 0.0019 | 18.740 s
Epoch: 242/1000, Train Loss: 0.0019, Val Loss: 0.0019 | 18.894 s
Epoch: 243/1000, Train Loss: 0.0019, Val Loss: 0.0019 | 18.996 s
Epoch: 244/1000, Train Loss: 0.0019, Val Loss: 0.0019 | 18.665 s
Epoch: 245/1000, Train Loss: 0.0019, Val Loss: 0.0019 | 18.973 s
Epoch: 246/1000, Train Loss: 0.0019, Val Loss: 0.0019 | 18.929 s
Epoch: 247/1000, Train Loss: 0.0019, Val Loss: 0.0019 | 19.052 s
Epoch: 248/1000, Train Loss: 0.0019, Val Loss: 0.0019 | 18.875 s
Epoch: 249/1000, Train Loss: 0.0019, Val Loss: 0.0019 | 18.881 s
Epoch: 250/1000, Train Loss: 0.0019, Val Loss: 0.0019 | 18.920 s
Epoch: 251/1000, Train Loss: 0.0019, Val Loss: 0.0019 | 18.945 s
Epoch: 252/1000, Train Loss: 0.0019, Val Loss: 0.0019 | 18.896 s
Epoch: 253/1000, Train Loss: 0.0019, Val Loss: 0.0019 | 18.733 s
Epoch: 254/1000, Train Loss: 0.0019, Val Loss: 0.0019 | 18.824 s
Epoch: 255/1000, Train Loss: 0.0019, Val Loss: 0.0019 | 18.951 s
Epoch: 256/1000, Train Loss: 0.0019, Val Loss: 0.0020 | 18.962 s
Epoch: 257/1000, Train Loss: 0.0019, Val Loss: 0.0019 | 19.200 s
Epoch: 258/1000, Train Loss: 0.0019, Val Loss: 0.0019 | 18.780 s
Epoch: 259/1000, Train Loss: 0.0019, Val Loss: 0.0019 | 19.014 s
Epoch: 260/1000, Train Loss: 0.0019, Val Loss: 0.0019 | 19.148 s
Epoch: 261/1000, Train Loss: 0.0019, Val Loss: 0.0019 | 18.492 s
Epoch: 262/1000, Train Loss: 0.0019, Val Loss: 0.0019 | 18.964 s
Epoch: 263/1000, Train Loss: 0.0019, Val Loss: 0.0019 | 18.644 s
Epoch: 264/1000, Train Loss: 0.0019, Val Loss: 0.0019 | 18.840 s
Epoch: 265/1000, Train Loss: 0.0019, Val Loss: 0.0019 | 19.033 s
Epoch: 266/1000, Train Loss: 0.0019, Val Loss: 0.0019 | 19.397 s
Epoch: 267/1000, Train Loss: 0.0019, Val Loss: 0.0020 | 19.125 s
Epoch: 268/1000, Train Loss: 0.0019, Val Loss: 0.0019 | 18.759 s
Epoch: 269/1000, Train Loss: 0.0019, Val Loss: 0.0019 | 19.126 s
Epoch: 270/1000, Train Loss: 0.0019, Val Loss: 0.0019 | 18.734 s
Epoch: 271/1000, Train Loss: 0.0019, Val Loss: 0.0018 | 19.139 s
Epoch: 272/1000, Train Loss: 0.0019, Val Loss: 0.0018 | 18.875 s
Epoch: 273/1000, Train Loss: 0.0019, Val Loss: 0.0019 | 19.019 s
Epoch: 274/1000, Train Loss: 0.0019, Val Loss: 0.0019 | 18.487 s
Epoch: 275/1000, Train Loss: 0.0019, Val Loss: 0.0018 | 18.363 s
Epoch: 276/1000, Train Loss: 0.0019, Val Loss: 0.0018 | 18.953 s
Epoch: 277/1000, Train Loss: 0.0019, Val Loss: 0.0018 | 19.050 s
Epoch: 278/1000, Train Loss: 0.0019, Val Loss: 0.0018 | 18.812 s
Epoch: 279/1000, Train Loss: 0.0019, Val Loss: 0.0018 | 19.330 s
Epoch: 280/1000, Train Loss: 0.0018, Val Loss: 0.0019 | 22.825 s
Epoch: 281/1000, Train Loss: 0.0018, Val Loss: 0.0019 | 22.522 s
Epoch: 282/1000, Train Loss: 0.0018, Val Loss: 0.0019 | 22.363 s
Epoch: 283/1000, Train Loss: 0.0018, Val Loss: 0.0018 | 22.309 s
Epoch: 284/1000, Train Loss: 0.0018, Val Loss: 0.0019 | 22.091 s
Epoch: 285/1000, Train Loss: 0.0018, Val Loss: 0.0018 | 22.504 s
Epoch: 286/1000, Train Loss: 0.0018, Val Loss: 0.0018 | 22.422 s
Epoch: 287/1000, Train Loss: 0.0018, Val Loss: 0.0018 | 22.754 s
Epoch: 288/1000, Train Loss: 0.0018, Val Loss: 0.0019 | 22.206 s
Epoch: 289/1000, Train Loss: 0.0018, Val Loss: 0.0018 | 22.615 s
Epoch: 290/1000, Train Loss: 0.0018, Val Loss: 0.0018 | 22.598 s
Epoch: 291/1000, Train Loss: 0.0018, Val Loss: 0.0019 | 22.184 s
Epoch: 292/1000, Train Loss: 0.0018, Val Loss: 0.0019 | 22.305 s
Epoch: 293/1000, Train Loss: 0.0018, Val Loss: 0.0018 | 22.447 s
Epoch: 294/1000, Train Loss: 0.0018, Val Loss: 0.0018 | 22.454 s
Epoch: 295/1000, Train Loss: 0.0018, Val Loss: 0.0018 | 22.768 s
Epoch: 296/1000, Train Loss: 0.0018, Val Loss: 0.0018 | 22.569 s
Epoch: 297/1000, Train Loss: 0.0018, Val Loss: 0.0018 | 22.837 s
Epoch: 298/1000, Train Loss: 0.0018, Val Loss: 0.0018 | 22.813 s
Epoch: 299/1000, Train Loss: 0.0018, Val Loss: 0.0018 | 22.634 s
Epoch: 300/1000, Train Loss: 0.0018, Val Loss: 0.0018 | 22.539 s
Epoch: 301/1000, Train Loss: 0.0018, Val Loss: 0.0018 | 22.835 s
Epoch: 302/1000, Train Loss: 0.0018, Val Loss: 0.0018 | 22.385 s
Epoch: 303/1000, Train Loss: 0.0018, Val Loss: 0.0018 | 22.374 s
Epoch: 304/1000, Train Loss: 0.0018, Val Loss: 0.0018 | 22.463 s
Epoch: 305/1000, Train Loss: 0.0018, Val Loss: 0.0018 | 22.551 s
Epoch: 306/1000, Train Loss: 0.0018, Val Loss: 0.0018 | 22.653 s
Epoch: 307/1000, Train Loss: 0.0018, Val Loss: 0.0020 | 22.214 s
Epoch: 308/1000, Train Loss: 0.0018, Val Loss: 0.0018 | 22.896 s
Epoch: 309/1000, Train Loss: 0.0018, Val Loss: 0.0018 | 22.651 s
Epoch: 310/1000, Train Loss: 0.0018, Val Loss: 0.0018 | 22.675 s
Epoch: 311/1000, Train Loss: 0.0018, Val Loss: 0.0018 | 22.691 s
Epoch: 312/1000, Train Loss: 0.0018, Val Loss: 0.0018 | 22.592 s
Epoch: 313/1000, Train Loss: 0.0018, Val Loss: 0.0018 | 22.262 s
Epoch: 314/1000, Train Loss: 0.0018, Val Loss: 0.0018 | 22.470 s
Epoch: 315/1000, Train Loss: 0.0018, Val Loss: 0.0018 | 22.344 s
Epoch: 316/1000, Train Loss: 0.0018, Val Loss: 0.0018 | 22.283 s
Epoch: 317/1000, Train Loss: 0.0018, Val Loss: 0.0018 | 22.371 s
Epoch: 318/1000, Train Loss: 0.0018, Val Loss: 0.0018 | 22.403 s
Epoch: 319/1000, Train Loss: 0.0018, Val Loss: 0.0018 | 22.541 s
Epoch: 320/1000, Train Loss: 0.0018, Val Loss: 0.0018 | 22.729 s
Epoch: 321/1000, Train Loss: 0.0018, Val Loss: 0.0018 | 22.240 s
Epoch: 322/1000, Train Loss: 0.0018, Val Loss: 0.0018 | 22.344 s
Epoch: 323/1000, Train Loss: 0.0018, Val Loss: 0.0018 | 22.545 s
Epoch: 324/1000, Train Loss: 0.0018, Val Loss: 0.0018 | 22.252 s
Epoch: 325/1000, Train Loss: 0.0018, Val Loss: 0.0018 | 22.550 s
Epoch: 326/1000, Train Loss: 0.0018, Val Loss: 0.0018 | 22.037 s
Epoch: 327/1000, Train Loss: 0.0018, Val Loss: 0.0018 | 22.629 s
Epoch: 328/1000, Train Loss: 0.0018, Val Loss: 0.0017 | 22.814 s
Epoch: 329/1000, Train Loss: 0.0018, Val Loss: 0.0017 | 22.283 s
Epoch: 330/1000, Train Loss: 0.0018, Val Loss: 0.0017 | 22.577 s
Epoch: 331/1000, Train Loss: 0.0017, Val Loss: 0.0018 | 22.610 s
Epoch: 332/1000, Train Loss: 0.0017, Val Loss: 0.0018 | 22.463 s
Epoch: 333/1000, Train Loss: 0.0017, Val Loss: 0.0017 | 22.474 s
Epoch: 334/1000, Train Loss: 0.0017, Val Loss: 0.0017 | 22.687 s
Epoch: 335/1000, Train Loss: 0.0017, Val Loss: 0.0017 | 22.566 s
Epoch: 336/1000, Train Loss: 0.0017, Val Loss: 0.0017 | 22.641 s
Epoch: 337/1000, Train Loss: 0.0018, Val Loss: 0.0017 | 22.789 s
Epoch: 338/1000, Train Loss: 0.0017, Val Loss: 0.0017 | 22.358 s
Epoch: 339/1000, Train Loss: 0.0017, Val Loss: 0.0017 | 22.788 s
Epoch: 340/1000, Train Loss: 0.0017, Val Loss: 0.0017 | 22.525 s
Epoch: 341/1000, Train Loss: 0.0017, Val Loss: 0.0017 | 22.830 s
Epoch: 342/1000, Train Loss: 0.0017, Val Loss: 0.0017 | 22.550 s
Epoch: 343/1000, Train Loss: 0.0017, Val Loss: 0.0017 | 22.570 s
Epoch: 344/1000, Train Loss: 0.0017, Val Loss: 0.0017 | 22.513 s
Epoch: 345/1000, Train Loss: 0.0017, Val Loss: 0.0017 | 22.270 s
Epoch: 346/1000, Train Loss: 0.0017, Val Loss: 0.0017 | 22.566 s
Epoch: 347/1000, Train Loss: 0.0017, Val Loss: 0.0017 | 22.642 s
Epoch: 348/1000, Train Loss: 0.0017, Val Loss: 0.0017 | 22.724 s
Epoch: 349/1000, Train Loss: 0.0017, Val Loss: 0.0017 | 22.652 s
Epoch: 350/1000, Train Loss: 0.0017, Val Loss: 0.0017 | 22.380 s
Epoch: 351/1000, Train Loss: 0.0017, Val Loss: 0.0017 | 22.204 s
Epoch: 352/1000, Train Loss: 0.0017, Val Loss: 0.0017 | 22.389 s
Epoch: 353/1000, Train Loss: 0.0017, Val Loss: 0.0017 | 22.603 s
Epoch: 354/1000, Train Loss: 0.0017, Val Loss: 0.0017 | 22.526 s
Epoch: 355/1000, Train Loss: 0.0017, Val Loss: 0.0017 | 22.889 s
Epoch: 356/1000, Train Loss: 0.0017, Val Loss: 0.0017 | 22.349 s
Epoch: 357/1000, Train Loss: 0.0017, Val Loss: 0.0017 | 22.643 s
Epoch: 358/1000, Train Loss: 0.0017, Val Loss: 0.0017 | 22.610 s
Epoch: 359/1000, Train Loss: 0.0017, Val Loss: 0.0017 | 22.683 s
Epoch: 360/1000, Train Loss: 0.0017, Val Loss: 0.0017 | 22.278 s
Epoch: 361/1000, Train Loss: 0.0017, Val Loss: 0.0017 | 22.443 s
Epoch: 362/1000, Train Loss: 0.0017, Val Loss: 0.0017 | 22.655 s
Epoch: 363/1000, Train Loss: 0.0017, Val Loss: 0.0017 | 22.245 s
Epoch: 364/1000, Train Loss: 0.0017, Val Loss: 0.0017 | 22.552 s
Epoch: 365/1000, Train Loss: 0.0017, Val Loss: 0.0017 | 22.605 s
Epoch: 366/1000, Train Loss: 0.0017, Val Loss: 0.0017 | 22.375 s
Epoch: 367/1000, Train Loss: 0.0017, Val Loss: 0.0017 | 22.533 s
Epoch: 368/1000, Train Loss: 0.0017, Val Loss: 0.0016 | 22.374 s
Epoch: 369/1000, Train Loss: 0.0017, Val Loss: 0.0016 | 22.233 s
Epoch: 370/1000, Train Loss: 0.0017, Val Loss: 0.0016 | 22.045 s
Epoch: 371/1000, Train Loss: 0.0017, Val Loss: 0.0016 | 22.349 s
Epoch: 372/1000, Train Loss: 0.0017, Val Loss: 0.0017 | 22.694 s
Epoch: 373/1000, Train Loss: 0.0017, Val Loss: 0.0016 | 22.741 s
Epoch: 374/1000, Train Loss: 0.0017, Val Loss: 0.0017 | 22.502 s
Epoch: 375/1000, Train Loss: 0.0016, Val Loss: 0.0016 | 22.392 s
Epoch: 376/1000, Train Loss: 0.0016, Val Loss: 0.0016 | 22.910 s
Epoch: 377/1000, Train Loss: 0.0016, Val Loss: 0.0016 | 22.522 s
Epoch: 378/1000, Train Loss: 0.0016, Val Loss: 0.0016 | 22.876 s
Epoch: 379/1000, Train Loss: 0.0016, Val Loss: 0.0016 | 22.753 s
Epoch: 380/1000, Train Loss: 0.0016, Val Loss: 0.0016 | 22.902 s
Epoch: 381/1000, Train Loss: 0.0016, Val Loss: 0.0016 | 23.892 s
Epoch: 382/1000, Train Loss: 0.0016, Val Loss: 0.0016 | 22.636 s
Epoch: 383/1000, Train Loss: 0.0016, Val Loss: 0.0016 | 22.602 s
Epoch: 384/1000, Train Loss: 0.0016, Val Loss: 0.0016 | 22.586 s
Epoch: 385/1000, Train Loss: 0.0016, Val Loss: 0.0016 | 22.813 s
Epoch: 386/1000, Train Loss: 0.0016, Val Loss: 0.0016 | 22.543 s
Epoch: 387/1000, Train Loss: 0.0016, Val Loss: 0.0016 | 22.577 s
Epoch: 388/1000, Train Loss: 0.0016, Val Loss: 0.0016 | 22.745 s
Epoch: 389/1000, Train Loss: 0.0016, Val Loss: 0.0016 | 22.289 s
Epoch: 390/1000, Train Loss: 0.0016, Val Loss: 0.0017 | 22.680 s
Epoch: 391/1000, Train Loss: 0.0016, Val Loss: 0.0016 | 22.549 s
Epoch: 392/1000, Train Loss: 0.0016, Val Loss: 0.0016 | 22.485 s
Epoch: 393/1000, Train Loss: 0.0016, Val Loss: 0.0016 | 22.315 s
Epoch: 394/1000, Train Loss: 0.0016, Val Loss: 0.0016 | 22.445 s
Epoch: 395/1000, Train Loss: 0.0016, Val Loss: 0.0016 | 22.615 s
Epoch: 396/1000, Train Loss: 0.0016, Val Loss: 0.0016 | 22.349 s
Epoch: 397/1000, Train Loss: 0.0016, Val Loss: 0.0016 | 22.532 s
Epoch: 398/1000, Train Loss: 0.0016, Val Loss: 0.0016 | 22.374 s
Epoch: 399/1000, Train Loss: 0.0016, Val Loss: 0.0016 | 22.531 s
Epoch: 400/1000, Train Loss: 0.0016, Val Loss: 0.0016 | 22.650 s
Epoch: 401/1000, Train Loss: 0.0016, Val Loss: 0.0016 | 22.769 s
Epoch: 402/1000, Train Loss: 0.0016, Val Loss: 0.0016 | 22.493 s
Epoch: 403/1000, Train Loss: 0.0016, Val Loss: 0.0016 | 22.664 s
Epoch: 404/1000, Train Loss: 0.0016, Val Loss: 0.0016 | 22.869 s
Epoch: 405/1000, Train Loss: 0.0016, Val Loss: 0.0015 | 22.307 s
Epoch: 406/1000, Train Loss: 0.0016, Val Loss: 0.0015 | 22.869 s
Epoch: 407/1000, Train Loss: 0.0016, Val Loss: 0.0015 | 22.448 s
Epoch: 408/1000, Train Loss: 0.0015, Val Loss: 0.0015 | 22.939 s
Epoch: 409/1000, Train Loss: 0.0015, Val Loss: 0.0016 | 22.601 s
Epoch: 410/1000, Train Loss: 0.0015, Val Loss: 0.0016 | 22.436 s
Epoch: 411/1000, Train Loss: 0.0016, Val Loss: 0.0016 | 22.748 s
Epoch: 412/1000, Train Loss: 0.0016, Val Loss: 0.0015 | 22.518 s
Epoch: 413/1000, Train Loss: 0.0015, Val Loss: 0.0015 | 22.321 s
Epoch: 414/1000, Train Loss: 0.0015, Val Loss: 0.0015 | 22.569 s
Epoch: 415/1000, Train Loss: 0.0015, Val Loss: 0.0015 | 22.645 s
Epoch: 416/1000, Train Loss: 0.0015, Val Loss: 0.0015 | 22.391 s
Epoch: 417/1000, Train Loss: 0.0015, Val Loss: 0.0015 | 22.543 s
Epoch: 418/1000, Train Loss: 0.0015, Val Loss: 0.0015 | 22.440 s
Epoch: 419/1000, Train Loss: 0.0015, Val Loss: 0.0015 | 22.255 s
Epoch: 420/1000, Train Loss: 0.0015, Val Loss: 0.0015 | 22.320 s
Epoch: 421/1000, Train Loss: 0.0015, Val Loss: 0.0015 | 22.308 s
Epoch: 422/1000, Train Loss: 0.0015, Val Loss: 0.0015 | 22.543 s
Epoch: 423/1000, Train Loss: 0.0015, Val Loss: 0.0015 | 22.342 s
Epoch: 424/1000, Train Loss: 0.0015, Val Loss: 0.0015 | 22.598 s
Epoch: 425/1000, Train Loss: 0.0015, Val Loss: 0.0015 | 22.473 s
Epoch: 426/1000, Train Loss: 0.0015, Val Loss: 0.0015 | 22.578 s
Epoch: 427/1000, Train Loss: 0.0015, Val Loss: 0.0015 | 22.746 s
Epoch: 428/1000, Train Loss: 0.0015, Val Loss: 0.0015 | 22.285 s
Epoch: 429/1000, Train Loss: 0.0015, Val Loss: 0.0015 | 22.570 s
Epoch: 430/1000, Train Loss: 0.0015, Val Loss: 0.0015 | 22.684 s
Epoch: 431/1000, Train Loss: 0.0015, Val Loss: 0.0015 | 22.746 s
Epoch: 432/1000, Train Loss: 0.0015, Val Loss: 0.0015 | 22.590 s
Epoch: 433/1000, Train Loss: 0.0015, Val Loss: 0.0015 | 22.816 s
Epoch: 434/1000, Train Loss: 0.0015, Val Loss: 0.0014 | 23.099 s
Epoch: 435/1000, Train Loss: 0.0015, Val Loss: 0.0014 | 22.279 s
Epoch: 436/1000, Train Loss: 0.0014, Val Loss: 0.0015 | 22.446 s
Epoch: 437/1000, Train Loss: 0.0014, Val Loss: 0.0014 | 22.639 s
Epoch: 438/1000, Train Loss: 0.0014, Val Loss: 0.0014 | 22.160 s
Epoch: 439/1000, Train Loss: 0.0014, Val Loss: 0.0014 | 22.524 s
Epoch: 440/1000, Train Loss: 0.0014, Val Loss: 0.0014 | 22.473 s
Epoch: 441/1000, Train Loss: 0.0014, Val Loss: 0.0015 | 22.744 s
Epoch: 442/1000, Train Loss: 0.0014, Val Loss: 0.0014 | 22.396 s
Epoch: 443/1000, Train Loss: 0.0014, Val Loss: 0.0014 | 22.336 s
Epoch: 444/1000, Train Loss: 0.0014, Val Loss: 0.0014 | 22.888 s
Epoch: 445/1000, Train Loss: 0.0014, Val Loss: 0.0014 | 22.682 s
Epoch: 446/1000, Train Loss: 0.0014, Val Loss: 0.0014 | 22.525 s
Epoch: 447/1000, Train Loss: 0.0014, Val Loss: 0.0014 | 22.595 s
Epoch: 448/1000, Train Loss: 0.0014, Val Loss: 0.0014 | 22.418 s
Epoch: 449/1000, Train Loss: 0.0014, Val Loss: 0.0014 | 22.564 s
Epoch: 450/1000, Train Loss: 0.0014, Val Loss: 0.0014 | 22.251 s
Epoch: 451/1000, Train Loss: 0.0014, Val Loss: 0.0014 | 22.634 s
Epoch: 452/1000, Train Loss: 0.0014, Val Loss: 0.0014 | 22.284 s
Epoch: 453/1000, Train Loss: 0.0014, Val Loss: 0.0014 | 22.366 s
Epoch: 454/1000, Train Loss: 0.0014, Val Loss: 0.0014 | 22.536 s
Epoch: 455/1000, Train Loss: 0.0014, Val Loss: 0.0014 | 22.538 s
Epoch: 456/1000, Train Loss: 0.0014, Val Loss: 0.0014 | 22.395 s
Epoch: 457/1000, Train Loss: 0.0014, Val Loss: 0.0014 | 22.646 s
Epoch: 458/1000, Train Loss: 0.0014, Val Loss: 0.0014 | 22.350 s
Epoch: 459/1000, Train Loss: 0.0014, Val Loss: 0.0013 | 22.316 s
Epoch: 460/1000, Train Loss: 0.0014, Val Loss: 0.0014 | 22.403 s
Epoch: 461/1000, Train Loss: 0.0013, Val Loss: 0.0013 | 22.508 s
Epoch: 462/1000, Train Loss: 0.0013, Val Loss: 0.0013 | 22.305 s
Epoch: 463/1000, Train Loss: 0.0013, Val Loss: 0.0013 | 22.057 s
Epoch: 464/1000, Train Loss: 0.0013, Val Loss: 0.0013 | 22.282 s
Epoch: 465/1000, Train Loss: 0.0013, Val Loss: 0.0013 | 22.578 s
Epoch: 466/1000, Train Loss: 0.0013, Val Loss: 0.0013 | 22.667 s
Epoch: 467/1000, Train Loss: 0.0013, Val Loss: 0.0013 | 22.595 s
Epoch: 468/1000, Train Loss: 0.0013, Val Loss: 0.0014 | 22.681 s
Epoch: 469/1000, Train Loss: 0.0013, Val Loss: 0.0013 | 22.213 s
Epoch: 470/1000, Train Loss: 0.0013, Val Loss: 0.0013 | 22.337 s
Epoch: 471/1000, Train Loss: 0.0013, Val Loss: 0.0013 | 22.185 s
Epoch: 472/1000, Train Loss: 0.0013, Val Loss: 0.0013 | 22.674 s
Epoch: 473/1000, Train Loss: 0.0013, Val Loss: 0.0013 | 22.519 s
Epoch: 474/1000, Train Loss: 0.0013, Val Loss: 0.0013 | 22.644 s
Epoch: 475/1000, Train Loss: 0.0013, Val Loss: 0.0013 | 22.217 s
Epoch: 476/1000, Train Loss: 0.0013, Val Loss: 0.0013 | 22.503 s
Epoch: 477/1000, Train Loss: 0.0013, Val Loss: 0.0013 | 22.373 s
Epoch: 478/1000, Train Loss: 0.0013, Val Loss: 0.0013 | 22.719 s
Epoch: 479/1000, Train Loss: 0.0013, Val Loss: 0.0013 | 22.394 s
Epoch: 480/1000, Train Loss: 0.0013, Val Loss: 0.0013 | 22.304 s
Epoch: 481/1000, Train Loss: 0.0013, Val Loss: 0.0013 | 22.313 s
Epoch: 482/1000, Train Loss: 0.0013, Val Loss: 0.0013 | 22.591 s
Epoch: 483/1000, Train Loss: 0.0013, Val Loss: 0.0012 | 22.438 s
Epoch: 484/1000, Train Loss: 0.0013, Val Loss: 0.0012 | 22.487 s
Epoch: 485/1000, Train Loss: 0.0012, Val Loss: 0.0013 | 22.470 s
Epoch: 486/1000, Train Loss: 0.0012, Val Loss: 0.0012 | 22.330 s
Epoch: 487/1000, Train Loss: 0.0012, Val Loss: 0.0012 | 22.744 s
Epoch: 488/1000, Train Loss: 0.0012, Val Loss: 0.0012 | 22.182 s
Epoch: 489/1000, Train Loss: 0.0012, Val Loss: 0.0012 | 22.255 s
Epoch: 490/1000, Train Loss: 0.0012, Val Loss: 0.0012 | 22.527 s
Epoch: 491/1000, Train Loss: 0.0012, Val Loss: 0.0012 | 22.329 s
Epoch: 492/1000, Train Loss: 0.0012, Val Loss: 0.0013 | 22.285 s
Epoch: 493/1000, Train Loss: 0.0012, Val Loss: 0.0012 | 22.467 s
Epoch: 494/1000, Train Loss: 0.0012, Val Loss: 0.0012 | 22.558 s
Epoch: 495/1000, Train Loss: 0.0012, Val Loss: 0.0012 | 22.636 s
Epoch: 496/1000, Train Loss: 0.0012, Val Loss: 0.0013 | 22.618 s
Epoch: 497/1000, Train Loss: 0.0012, Val Loss: 0.0012 | 22.625 s
Epoch: 498/1000, Train Loss: 0.0012, Val Loss: 0.0012 | 22.390 s
Epoch: 499/1000, Train Loss: 0.0012, Val Loss: 0.0012 | 22.551 s
Epoch: 500/1000, Train Loss: 0.0012, Val Loss: 0.0012 | 22.824 s
Epoch: 501/1000, Train Loss: 0.0012, Val Loss: 0.0012 | 22.772 s
Epoch: 502/1000, Train Loss: 0.0012, Val Loss: 0.0012 | 22.460 s
Epoch: 503/1000, Train Loss: 0.0012, Val Loss: 0.0012 | 22.500 s
Epoch: 504/1000, Train Loss: 0.0011, Val Loss: 0.0012 | 22.349 s
Epoch: 505/1000, Train Loss: 0.0011, Val Loss: 0.0011 | 22.558 s
Epoch: 506/1000, Train Loss: 0.0011, Val Loss: 0.0011 | 22.884 s
Epoch: 507/1000, Train Loss: 0.0011, Val Loss: 0.0011 | 22.409 s
Epoch: 508/1000, Train Loss: 0.0011, Val Loss: 0.0011 | 22.371 s
Epoch: 509/1000, Train Loss: 0.0011, Val Loss: 0.0011 | 22.105 s
Epoch: 510/1000, Train Loss: 0.0011, Val Loss: 0.0011 | 22.623 s
Epoch: 511/1000, Train Loss: 0.0011, Val Loss: 0.0012 | 22.668 s
Epoch: 512/1000, Train Loss: 0.0011, Val Loss: 0.0011 | 22.387 s
Epoch: 513/1000, Train Loss: 0.0011, Val Loss: 0.0011 | 22.453 s
Epoch: 514/1000, Train Loss: 0.0011, Val Loss: 0.0011 | 22.311 s
Epoch: 515/1000, Train Loss: 0.0011, Val Loss: 0.0011 | 22.378 s
Epoch: 516/1000, Train Loss: 0.0011, Val Loss: 0.0011 | 22.519 s
Epoch: 517/1000, Train Loss: 0.0011, Val Loss: 0.0011 | 22.430 s
Epoch: 518/1000, Train Loss: 0.0011, Val Loss: 0.0011 | 22.296 s
Epoch: 519/1000, Train Loss: 0.0011, Val Loss: 0.0011 | 22.411 s
Epoch: 520/1000, Train Loss: 0.0011, Val Loss: 0.0010 | 22.362 s
Epoch: 521/1000, Train Loss: 0.0011, Val Loss: 0.0010 | 22.679 s
Epoch: 522/1000, Train Loss: 0.0010, Val Loss: 0.0010 | 22.649 s
Epoch: 523/1000, Train Loss: 0.0010, Val Loss: 0.0010 | 22.300 s
Epoch: 524/1000, Train Loss: 0.0010, Val Loss: 0.0010 | 22.639 s
Epoch: 525/1000, Train Loss: 0.0010, Val Loss: 0.0010 | 22.499 s
Epoch: 526/1000, Train Loss: 0.0010, Val Loss: 0.0011 | 22.700 s
Epoch: 527/1000, Train Loss: 0.0010, Val Loss: 0.0010 | 22.792 s
Epoch: 528/1000, Train Loss: 0.0010, Val Loss: 0.0010 | 22.754 s
Epoch: 529/1000, Train Loss: 0.0010, Val Loss: 0.0010 | 22.455 s
Epoch: 530/1000, Train Loss: 0.0010, Val Loss: 0.0010 | 22.353 s
Epoch: 531/1000, Train Loss: 0.0010, Val Loss: 0.0010 | 22.146 s
Epoch: 532/1000, Train Loss: 0.0010, Val Loss: 0.0010 | 22.452 s
Epoch: 533/1000, Train Loss: 0.0010, Val Loss: 0.0010 | 22.325 s
Epoch: 534/1000, Train Loss: 0.0010, Val Loss: 0.0010 | 22.458 s
Epoch: 535/1000, Train Loss: 0.0010, Val Loss: 0.0010 | 22.442 s
Epoch: 536/1000, Train Loss: 0.0010, Val Loss: 0.0010 | 22.325 s
Epoch: 537/1000, Train Loss: 0.0010, Val Loss: 0.0010 | 22.323 s
Epoch: 538/1000, Train Loss: 0.0010, Val Loss: 0.0009 | 22.423 s
Epoch: 539/1000, Train Loss: 0.0010, Val Loss: 0.0010 | 22.557 s
Epoch: 540/1000, Train Loss: 0.0009, Val Loss: 0.0009 | 22.754 s
Epoch: 541/1000, Train Loss: 0.0009, Val Loss: 0.0009 | 22.410 s
Epoch: 542/1000, Train Loss: 0.0009, Val Loss: 0.0009 | 22.398 s
Epoch: 543/1000, Train Loss: 0.0009, Val Loss: 0.0009 | 22.589 s
Epoch: 544/1000, Train Loss: 0.0009, Val Loss: 0.0009 | 22.744 s
Epoch: 545/1000, Train Loss: 0.0009, Val Loss: 0.0009 | 22.699 s
Epoch: 546/1000, Train Loss: 0.0009, Val Loss: 0.0009 | 22.603 s
Epoch: 547/1000, Train Loss: 0.0009, Val Loss: 0.0009 | 22.481 s
Epoch: 548/1000, Train Loss: 0.0009, Val Loss: 0.0009 | 22.421 s
Epoch: 549/1000, Train Loss: 0.0009, Val Loss: 0.0009 | 22.617 s
Epoch: 550/1000, Train Loss: 0.0009, Val Loss: 0.0009 | 22.286 s
Epoch: 551/1000, Train Loss: 0.0009, Val Loss: 0.0009 | 22.641 s
Epoch: 552/1000, Train Loss: 0.0009, Val Loss: 0.0009 | 22.606 s
Epoch: 553/1000, Train Loss: 0.0009, Val Loss: 0.0009 | 22.428 s
Epoch: 554/1000, Train Loss: 0.0009, Val Loss: 0.0009 | 22.529 s
Epoch: 555/1000, Train Loss: 0.0009, Val Loss: 0.0008 | 22.294 s
Epoch: 556/1000, Train Loss: 0.0008, Val Loss: 0.0009 | 22.462 s
Epoch: 557/1000, Train Loss: 0.0008, Val Loss: 0.0008 | 22.584 s
Epoch: 558/1000, Train Loss: 0.0008, Val Loss: 0.0008 | 22.557 s
Epoch: 559/1000, Train Loss: 0.0008, Val Loss: 0.0008 | 22.179 s
Epoch: 560/1000, Train Loss: 0.0008, Val Loss: 0.0009 | 22.378 s
Epoch: 561/1000, Train Loss: 0.0008, Val Loss: 0.0008 | 22.423 s
Epoch: 562/1000, Train Loss: 0.0008, Val Loss: 0.0008 | 22.327 s
Epoch: 563/1000, Train Loss: 0.0008, Val Loss: 0.0008 | 22.278 s
Epoch: 564/1000, Train Loss: 0.0008, Val Loss: 0.0008 | 22.514 s
Epoch: 565/1000, Train Loss: 0.0008, Val Loss: 0.0008 | 22.534 s
Epoch: 566/1000, Train Loss: 0.0008, Val Loss: 0.0008 | 22.700 s
Epoch: 567/1000, Train Loss: 0.0008, Val Loss: 0.0008 | 22.476 s
Epoch: 568/1000, Train Loss: 0.0008, Val Loss: 0.0008 | 22.611 s
Epoch: 569/1000, Train Loss: 0.0008, Val Loss: 0.0008 | 22.452 s
Epoch: 570/1000, Train Loss: 0.0008, Val Loss: 0.0008 | 22.281 s
Epoch: 571/1000, Train Loss: 0.0008, Val Loss: 0.0008 | 22.705 s
Epoch: 572/1000, Train Loss: 0.0008, Val Loss: 0.0007 | 22.728 s
Epoch: 573/1000, Train Loss: 0.0008, Val Loss: 0.0007 | 22.061 s
Epoch: 574/1000, Train Loss: 0.0007, Val Loss: 0.0007 | 22.526 s
Epoch: 575/1000, Train Loss: 0.0007, Val Loss: 0.0007 | 22.688 s
Epoch: 576/1000, Train Loss: 0.0007, Val Loss: 0.0007 | 22.787 s
Epoch: 577/1000, Train Loss: 0.0007, Val Loss: 0.0007 | 22.515 s
Epoch: 578/1000, Train Loss: 0.0007, Val Loss: 0.0007 | 22.264 s
Epoch: 579/1000, Train Loss: 0.0007, Val Loss: 0.0007 | 22.501 s
Epoch: 580/1000, Train Loss: 0.0007, Val Loss: 0.0007 | 22.593 s
Epoch: 581/1000, Train Loss: 0.0007, Val Loss: 0.0007 | 23.100 s
Epoch: 582/1000, Train Loss: 0.0007, Val Loss: 0.0007 | 22.378 s
Epoch: 583/1000, Train Loss: 0.0007, Val Loss: 0.0007 | 22.699 s
Epoch: 584/1000, Train Loss: 0.0007, Val Loss: 0.0007 | 22.915 s
Epoch: 585/1000, Train Loss: 0.0007, Val Loss: 0.0007 | 22.591 s
Epoch: 586/1000, Train Loss: 0.0007, Val Loss: 0.0007 | 21.968 s
Epoch: 587/1000, Train Loss: 0.0007, Val Loss: 0.0007 | 22.098 s
Epoch: 588/1000, Train Loss: 0.0007, Val Loss: 0.0007 | 22.749 s
Epoch: 589/1000, Train Loss: 0.0007, Val Loss: 0.0006 | 22.282 s
Epoch: 590/1000, Train Loss: 0.0007, Val Loss: 0.0006 | 22.548 s
Epoch: 591/1000, Train Loss: 0.0006, Val Loss: 0.0007 | 22.376 s
Epoch: 592/1000, Train Loss: 0.0006, Val Loss: 0.0006 | 22.376 s
Epoch: 593/1000, Train Loss: 0.0006, Val Loss: 0.0006 | 22.605 s
Epoch: 594/1000, Train Loss: 0.0006, Val Loss: 0.0006 | 22.816 s
Epoch: 595/1000, Train Loss: 0.0006, Val Loss: 0.0006 | 22.872 s
Epoch: 596/1000, Train Loss: 0.0006, Val Loss: 0.0006 | 22.519 s
Epoch: 597/1000, Train Loss: 0.0006, Val Loss: 0.0006 | 22.546 s
Epoch: 598/1000, Train Loss: 0.0006, Val Loss: 0.0006 | 22.666 s
Epoch: 599/1000, Train Loss: 0.0006, Val Loss: 0.0006 | 22.229 s
Epoch: 600/1000, Train Loss: 0.0006, Val Loss: 0.0006 | 22.779 s
Epoch: 601/1000, Train Loss: 0.0006, Val Loss: 0.0006 | 22.515 s
Epoch: 602/1000, Train Loss: 0.0006, Val Loss: 0.0006 | 22.788 s
Epoch: 603/1000, Train Loss: 0.0006, Val Loss: 0.0006 | 22.597 s
Epoch: 604/1000, Train Loss: 0.0006, Val Loss: 0.0006 | 22.329 s
Epoch: 605/1000, Train Loss: 0.0006, Val Loss: 0.0006 | 22.700 s
Epoch: 606/1000, Train Loss: 0.0006, Val Loss: 0.0006 | 22.503 s
Epoch: 607/1000, Train Loss: 0.0006, Val Loss: 0.0006 | 22.735 s
Epoch: 608/1000, Train Loss: 0.0006, Val Loss: 0.0006 | 22.783 s
Epoch: 609/1000, Train Loss: 0.0006, Val Loss: 0.0006 | 22.534 s
Epoch: 610/1000, Train Loss: 0.0006, Val Loss: 0.0006 | 22.595 s
Epoch: 611/1000, Train Loss: 0.0006, Val Loss: 0.0005 | 22.429 s
Epoch: 612/1000, Train Loss: 0.0006, Val Loss: 0.0006 | 22.610 s
Epoch: 613/1000, Train Loss: 0.0005, Val Loss: 0.0005 | 22.978 s
Epoch: 614/1000, Train Loss: 0.0006, Val Loss: 0.0005 | 23.034 s
Epoch: 615/1000, Train Loss: 0.0006, Val Loss: 0.0005 | 22.397 s
Epoch: 616/1000, Train Loss: 0.0005, Val Loss: 0.0006 | 22.364 s
Epoch: 617/1000, Train Loss: 0.0005, Val Loss: 0.0005 | 22.405 s
Epoch: 618/1000, Train Loss: 0.0005, Val Loss: 0.0006 | 22.651 s
Epoch: 619/1000, Train Loss: 0.0005, Val Loss: 0.0005 | 22.611 s
Epoch: 620/1000, Train Loss: 0.0005, Val Loss: 0.0005 | 22.598 s
Epoch: 621/1000, Train Loss: 0.0005, Val Loss: 0.0005 | 22.517 s
Epoch: 622/1000, Train Loss: 0.0005, Val Loss: 0.0005 | 22.407 s
Epoch: 623/1000, Train Loss: 0.0005, Val Loss: 0.0005 | 22.285 s
Epoch: 624/1000, Train Loss: 0.0005, Val Loss: 0.0005 | 22.621 s
Epoch: 625/1000, Train Loss: 0.0005, Val Loss: 0.0005 | 22.270 s
Epoch: 626/1000, Train Loss: 0.0005, Val Loss: 0.0006 | 22.338 s
Epoch: 627/1000, Train Loss: 0.0005, Val Loss: 0.0005 | 22.530 s
Epoch: 628/1000, Train Loss: 0.0005, Val Loss: 0.0005 | 22.342 s
Epoch: 629/1000, Train Loss: 0.0005, Val Loss: 0.0005 | 22.517 s
Epoch: 630/1000, Train Loss: 0.0005, Val Loss: 0.0005 | 22.459 s
Epoch: 631/1000, Train Loss: 0.0005, Val Loss: 0.0005 | 22.219 s
Epoch: 632/1000, Train Loss: 0.0005, Val Loss: 0.0005 | 22.419 s
Epoch: 633/1000, Train Loss: 0.0005, Val Loss: 0.0005 | 22.400 s
Epoch: 634/1000, Train Loss: 0.0005, Val Loss: 0.0005 | 22.478 s
Epoch: 635/1000, Train Loss: 0.0005, Val Loss: 0.0005 | 22.851 s
Epoch: 636/1000, Train Loss: 0.0005, Val Loss: 0.0005 | 22.661 s
Epoch: 637/1000, Train Loss: 0.0005, Val Loss: 0.0005 | 22.517 s
Epoch: 638/1000, Train Loss: 0.0005, Val Loss: 0.0005 | 22.884 s
Epoch: 639/1000, Train Loss: 0.0005, Val Loss: 0.0005 | 22.484 s
Epoch: 640/1000, Train Loss: 0.0005, Val Loss: 0.0005 | 22.620 s
Epoch: 641/1000, Train Loss: 0.0005, Val Loss: 0.0005 | 22.705 s
Epoch: 642/1000, Train Loss: 0.0005, Val Loss: 0.0005 | 22.629 s
Epoch: 643/1000, Train Loss: 0.0005, Val Loss: 0.0005 | 22.414 s
Epoch: 644/1000, Train Loss: 0.0005, Val Loss: 0.0004 | 22.572 s
Epoch: 645/1000, Train Loss: 0.0005, Val Loss: 0.0005 | 22.385 s
Epoch: 646/1000, Train Loss: 0.0005, Val Loss: 0.0005 | 22.482 s
Epoch: 647/1000, Train Loss: 0.0005, Val Loss: 0.0004 | 22.343 s
Epoch: 648/1000, Train Loss: 0.0005, Val Loss: 0.0004 | 22.401 s
Epoch: 649/1000, Train Loss: 0.0005, Val Loss: 0.0005 | 22.282 s
Epoch: 650/1000, Train Loss: 0.0005, Val Loss: 0.0004 | 22.542 s
Epoch: 651/1000, Train Loss: 0.0005, Val Loss: 0.0004 | 22.292 s
Epoch: 652/1000, Train Loss: 0.0004, Val Loss: 0.0004 | 22.667 s
Epoch: 653/1000, Train Loss: 0.0005, Val Loss: 0.0004 | 22.350 s
Epoch: 654/1000, Train Loss: 0.0005, Val Loss: 0.0004 | 22.675 s
Epoch: 655/1000, Train Loss: 0.0004, Val Loss: 0.0004 | 22.541 s
Epoch: 656/1000, Train Loss: 0.0004, Val Loss: 0.0004 | 22.552 s
Epoch: 657/1000, Train Loss: 0.0004, Val Loss: 0.0004 | 22.814 s
Epoch: 658/1000, Train Loss: 0.0004, Val Loss: 0.0004 | 22.211 s
Epoch: 659/1000, Train Loss: 0.0005, Val Loss: 0.0004 | 22.657 s
Epoch: 660/1000, Train Loss: 0.0004, Val Loss: 0.0004 | 22.763 s
Epoch: 661/1000, Train Loss: 0.0004, Val Loss: 0.0004 | 22.436 s
Epoch: 662/1000, Train Loss: 0.0004, Val Loss: 0.0004 | 22.433 s
Epoch: 663/1000, Train Loss: 0.0004, Val Loss: 0.0005 | 22.668 s
Epoch: 664/1000, Train Loss: 0.0005, Val Loss: 0.0004 | 22.730 s
Epoch: 665/1000, Train Loss: 0.0004, Val Loss: 0.0004 | 22.783 s
Epoch: 666/1000, Train Loss: 0.0004, Val Loss: 0.0004 | 22.676 s
Epoch: 667/1000, Train Loss: 0.0004, Val Loss: 0.0005 | 22.399 s
Epoch: 668/1000, Train Loss: 0.0004, Val Loss: 0.0004 | 22.292 s
Epoch: 669/1000, Train Loss: 0.0004, Val Loss: 0.0004 | 22.246 s
Epoch: 670/1000, Train Loss: 0.0004, Val Loss: 0.0004 | 22.379 s
Epoch: 671/1000, Train Loss: 0.0004, Val Loss: 0.0004 | 22.355 s
Epoch: 672/1000, Train Loss: 0.0004, Val Loss: 0.0004 | 22.489 s
Epoch: 673/1000, Train Loss: 0.0004, Val Loss: 0.0004 | 22.511 s
Epoch: 674/1000, Train Loss: 0.0004, Val Loss: 0.0004 | 22.327 s
Epoch: 675/1000, Train Loss: 0.0004, Val Loss: 0.0005 | 22.606 s
Epoch: 676/1000, Train Loss: 0.0004, Val Loss: 0.0004 | 22.618 s
Epoch: 677/1000, Train Loss: 0.0004, Val Loss: 0.0004 | 22.310 s
Epoch: 678/1000, Train Loss: 0.0004, Val Loss: 0.0005 | 22.719 s
Epoch: 679/1000, Train Loss: 0.0004, Val Loss: 0.0004 | 22.661 s
Epoch: 680/1000, Train Loss: 0.0004, Val Loss: 0.0004 | 22.434 s
Epoch: 681/1000, Train Loss: 0.0004, Val Loss: 0.0004 | 22.498 s
Epoch: 682/1000, Train Loss: 0.0004, Val Loss: 0.0004 | 22.810 s
Epoch: 683/1000, Train Loss: 0.0004, Val Loss: 0.0004 | 22.993 s
Epoch: 684/1000, Train Loss: 0.0004, Val Loss: 0.0004 | 22.518 s
Epoch: 685/1000, Train Loss: 0.0004, Val Loss: 0.0004 | 22.215 s
Epoch: 686/1000, Train Loss: 0.0004, Val Loss: 0.0004 | 22.742 s
Epoch: 687/1000, Train Loss: 0.0004, Val Loss: 0.0004 | 22.702 s
Epoch: 688/1000, Train Loss: 0.0004, Val Loss: 0.0004 | 22.712 s
Epoch: 689/1000, Train Loss: 0.0004, Val Loss: 0.0004 | 22.320 s
Epoch: 690/1000, Train Loss: 0.0004, Val Loss: 0.0004 | 22.333 s
Epoch: 691/1000, Train Loss: 0.0004, Val Loss: 0.0004 | 22.753 s
Epoch: 692/1000, Train Loss: 0.0004, Val Loss: 0.0004 | 22.730 s
Epoch: 693/1000, Train Loss: 0.0004, Val Loss: 0.0004 | 22.164 s
Epoch: 694/1000, Train Loss: 0.0004, Val Loss: 0.0004 | 22.515 s
Epoch: 695/1000, Train Loss: 0.0004, Val Loss: 0.0004 | 22.512 s
Epoch: 696/1000, Train Loss: 0.0004, Val Loss: 0.0004 | 22.616 s
Epoch: 697/1000, Train Loss: 0.0004, Val Loss: 0.0004 | 22.557 s
Epoch: 698/1000, Train Loss: 0.0004, Val Loss: 0.0004 | 22.276 s
Epoch: 699/1000, Train Loss: 0.0004, Val Loss: 0.0004 | 22.378 s
Epoch: 700/1000, Train Loss: 0.0004, Val Loss: 0.0004 | 22.244 s
Epoch: 701/1000, Train Loss: 0.0004, Val Loss: 0.0004 | 22.568 s
Epoch: 702/1000, Train Loss: 0.0004, Val Loss: 0.0004 | 22.531 s
Epoch: 703/1000, Train Loss: 0.0004, Val Loss: 0.0004 | 22.468 s
Epoch: 704/1000, Train Loss: 0.0004, Val Loss: 0.0004 | 22.817 s
Epoch: 705/1000, Train Loss: 0.0004, Val Loss: 0.0004 | 22.478 s
Epoch: 706/1000, Train Loss: 0.0004, Val Loss: 0.0004 | 23.052 s
Epoch: 707/1000, Train Loss: 0.0004, Val Loss: 0.0004 | 22.341 s
Epoch: 708/1000, Train Loss: 0.0004, Val Loss: 0.0004 | 22.298 s
Epoch: 709/1000, Train Loss: 0.0004, Val Loss: 0.0004 | 22.390 s
Epoch: 710/1000, Train Loss: 0.0004, Val Loss: 0.0004 | 22.471 s
Epoch: 711/1000, Train Loss: 0.0004, Val Loss: 0.0004 | 22.390 s
Epoch: 712/1000, Train Loss: 0.0004, Val Loss: 0.0004 | 22.772 s
Epoch: 713/1000, Train Loss: 0.0004, Val Loss: 0.0004 | 22.322 s
Epoch: 714/1000, Train Loss: 0.0004, Val Loss: 0.0004 | 22.377 s
Epoch: 715/1000, Train Loss: 0.0004, Val Loss: 0.0004 | 22.347 s
Epoch: 716/1000, Train Loss: 0.0004, Val Loss: 0.0004 | 22.612 s
Epoch: 717/1000, Train Loss: 0.0004, Val Loss: 0.0004 | 22.674 s
Epoch: 718/1000, Train Loss: 0.0004, Val Loss: 0.0004 | 22.657 s
Epoch: 719/1000, Train Loss: 0.0004, Val Loss: 0.0005 | 22.525 s
Epoch: 720/1000, Train Loss: 0.0004, Val Loss: 0.0004 | 22.290 s
Epoch: 721/1000, Train Loss: 0.0004, Val Loss: 0.0004 | 22.663 s
Epoch: 722/1000, Train Loss: 0.0004, Val Loss: 0.0004 | 22.325 s
Epoch: 723/1000, Train Loss: 0.0004, Val Loss: 0.0004 | 22.468 s
Epoch: 724/1000, Train Loss: 0.0004, Val Loss: 0.0004 | 22.270 s
Epoch: 725/1000, Train Loss: 0.0004, Val Loss: 0.0004 | 22.419 s
Epoch: 726/1000, Train Loss: 0.0004, Val Loss: 0.0004 | 22.491 s
Epoch: 727/1000, Train Loss: 0.0004, Val Loss: 0.0004 | 22.232 s
Epoch: 728/1000, Train Loss: 0.0004, Val Loss: 0.0003 | 22.677 s
Epoch: 729/1000, Train Loss: 0.0004, Val Loss: 0.0003 | 22.520 s
Epoch: 730/1000, Train Loss: 0.0004, Val Loss: 0.0003 | 22.989 s
Epoch: 731/1000, Train Loss: 0.0004, Val Loss: 0.0004 | 22.772 s
Epoch: 732/1000, Train Loss: 0.0004, Val Loss: 0.0004 | 22.295 s
Epoch: 733/1000, Train Loss: 0.0004, Val Loss: 0.0003 | 22.424 s
Epoch: 734/1000, Train Loss: 0.0004, Val Loss: 0.0003 | 22.509 s
Epoch: 735/1000, Train Loss: 0.0004, Val Loss: 0.0004 | 22.684 s
Epoch: 736/1000, Train Loss: 0.0004, Val Loss: 0.0004 | 22.498 s
Epoch: 737/1000, Train Loss: 0.0004, Val Loss: 0.0003 | 22.592 s
Epoch: 738/1000, Train Loss: 0.0004, Val Loss: 0.0004 | 22.211 s
Epoch: 739/1000, Train Loss: 0.0004, Val Loss: 0.0004 | 22.415 s
Epoch: 740/1000, Train Loss: 0.0004, Val Loss: 0.0004 | 22.491 s
Epoch: 741/1000, Train Loss: 0.0004, Val Loss: 0.0003 | 22.645 s
Epoch: 742/1000, Train Loss: 0.0004, Val Loss: 0.0003 | 22.794 s
Epoch: 743/1000, Train Loss: 0.0004, Val Loss: 0.0004 | 22.410 s
Epoch: 744/1000, Train Loss: 0.0004, Val Loss: 0.0003 | 22.470 s
Epoch: 745/1000, Train Loss: 0.0004, Val Loss: 0.0003 | 22.692 s
Epoch: 746/1000, Train Loss: 0.0004, Val Loss: 0.0003 | 22.750 s
Epoch: 747/1000, Train Loss: 0.0004, Val Loss: 0.0003 | 22.339 s
Epoch: 748/1000, Train Loss: 0.0004, Val Loss: 0.0003 | 22.709 s
Epoch: 749/1000, Train Loss: 0.0004, Val Loss: 0.0003 | 22.671 s
Epoch: 750/1000, Train Loss: 0.0004, Val Loss: 0.0004 | 22.521 s
Epoch: 751/1000, Train Loss: 0.0004, Val Loss: 0.0003 | 22.178 s
Epoch: 752/1000, Train Loss: 0.0003, Val Loss: 0.0003 | 22.735 s
Epoch: 753/1000, Train Loss: 0.0003, Val Loss: 0.0003 | 23.852 s
Epoch: 754/1000, Train Loss: 0.0003, Val Loss: 0.0003 | 22.398 s
Epoch: 755/1000, Train Loss: 0.0003, Val Loss: 0.0003 | 22.489 s
Epoch: 756/1000, Train Loss: 0.0003, Val Loss: 0.0003 | 22.848 s
Epoch: 757/1000, Train Loss: 0.0003, Val Loss: 0.0004 | 22.507 s
Epoch: 758/1000, Train Loss: 0.0003, Val Loss: 0.0003 | 22.363 s
Epoch: 759/1000, Train Loss: 0.0003, Val Loss: 0.0003 | 22.469 s
Epoch: 760/1000, Train Loss: 0.0003, Val Loss: 0.0003 | 22.598 s
Epoch: 761/1000, Train Loss: 0.0004, Val Loss: 0.0004 | 22.484 s
Epoch: 762/1000, Train Loss: 0.0003, Val Loss: 0.0003 | 22.340 s
Epoch: 763/1000, Train Loss: 0.0003, Val Loss: 0.0004 | 22.341 s
Epoch: 764/1000, Train Loss: 0.0004, Val Loss: 0.0004 | 22.189 s
Epoch: 765/1000, Train Loss: 0.0003, Val Loss: 0.0004 | 22.487 s
Epoch: 766/1000, Train Loss: 0.0003, Val Loss: 0.0003 | 22.436 s
Epoch: 767/1000, Train Loss: 0.0003, Val Loss: 0.0004 | 22.531 s
Epoch: 768/1000, Train Loss: 0.0003, Val Loss: 0.0003 | 22.527 s
Epoch: 769/1000, Train Loss: 0.0003, Val Loss: 0.0003 | 22.054 s
Epoch: 770/1000, Train Loss: 0.0003, Val Loss: 0.0003 | 22.771 s
Epoch: 771/1000, Train Loss: 0.0003, Val Loss: 0.0003 | 22.292 s
Epoch: 772/1000, Train Loss: 0.0003, Val Loss: 0.0003 | 22.387 s
Epoch: 773/1000, Train Loss: 0.0003, Val Loss: 0.0003 | 22.501 s
Epoch: 774/1000, Train Loss: 0.0003, Val Loss: 0.0003 | 22.609 s
Epoch: 775/1000, Train Loss: 0.0003, Val Loss: 0.0004 | 22.447 s
Epoch: 776/1000, Train Loss: 0.0003, Val Loss: 0.0003 | 22.452 s
Epoch: 777/1000, Train Loss: 0.0003, Val Loss: 0.0003 | 22.340 s
Epoch: 778/1000, Train Loss: 0.0003, Val Loss: 0.0003 | 22.804 s
Epoch: 779/1000, Train Loss: 0.0003, Val Loss: 0.0003 | 22.303 s
Epoch: 780/1000, Train Loss: 0.0003, Val Loss: 0.0003 | 22.411 s
Epoch: 781/1000, Train Loss: 0.0003, Val Loss: 0.0003 | 22.674 s
Epoch: 782/1000, Train Loss: 0.0003, Val Loss: 0.0003 | 22.558 s
Epoch: 783/1000, Train Loss: 0.0003, Val Loss: 0.0003 | 22.796 s
Epoch: 784/1000, Train Loss: 0.0003, Val Loss: 0.0003 | 22.800 s
Epoch: 785/1000, Train Loss: 0.0003, Val Loss: 0.0003 | 22.093 s
Epoch: 786/1000, Train Loss: 0.0003, Val Loss: 0.0003 | 22.513 s
Epoch: 787/1000, Train Loss: 0.0003, Val Loss: 0.0003 | 22.327 s
Epoch: 788/1000, Train Loss: 0.0003, Val Loss: 0.0003 | 22.486 s
Epoch: 789/1000, Train Loss: 0.0003, Val Loss: 0.0003 | 22.542 s
Epoch: 790/1000, Train Loss: 0.0003, Val Loss: 0.0003 | 22.392 s
Epoch: 791/1000, Train Loss: 0.0003, Val Loss: 0.0003 | 22.952 s
Epoch: 792/1000, Train Loss: 0.0003, Val Loss: 0.0003 | 22.442 s
Epoch: 793/1000, Train Loss: 0.0003, Val Loss: 0.0003 | 22.700 s
Epoch: 794/1000, Train Loss: 0.0003, Val Loss: 0.0003 | 22.430 s
Epoch: 795/1000, Train Loss: 0.0003, Val Loss: 0.0003 | 22.739 s
Epoch: 796/1000, Train Loss: 0.0003, Val Loss: 0.0003 | 22.807 s
Epoch: 797/1000, Train Loss: 0.0003, Val Loss: 0.0003 | 22.531 s
Epoch: 798/1000, Train Loss: 0.0003, Val Loss: 0.0003 | 22.325 s
Epoch: 799/1000, Train Loss: 0.0003, Val Loss: 0.0003 | 22.314 s
Epoch: 800/1000, Train Loss: 0.0003, Val Loss: 0.0003 | 22.845 s
Epoch: 801/1000, Train Loss: 0.0003, Val Loss: 0.0003 | 22.312 s
Epoch: 802/1000, Train Loss: 0.0003, Val Loss: 0.0003 | 22.306 s
Epoch: 803/1000, Train Loss: 0.0003, Val Loss: 0.0003 | 22.533 s
Epoch: 804/1000, Train Loss: 0.0003, Val Loss: 0.0003 | 22.461 s
Epoch: 805/1000, Train Loss: 0.0003, Val Loss: 0.0003 | 22.819 s
Epoch: 806/1000, Train Loss: 0.0003, Val Loss: 0.0003 | 22.382 s
Epoch: 807/1000, Train Loss: 0.0003, Val Loss: 0.0003 | 22.550 s
Epoch: 808/1000, Train Loss: 0.0003, Val Loss: 0.0003 | 22.720 s
Epoch: 809/1000, Train Loss: 0.0003, Val Loss: 0.0003 | 22.724 s
Epoch: 810/1000, Train Loss: 0.0003, Val Loss: 0.0003 | 22.338 s
Epoch: 811/1000, Train Loss: 0.0003, Val Loss: 0.0003 | 22.605 s
Epoch: 812/1000, Train Loss: 0.0003, Val Loss: 0.0003 | 22.948 s
Epoch: 813/1000, Train Loss: 0.0003, Val Loss: 0.0003 | 22.655 s
Epoch: 814/1000, Train Loss: 0.0003, Val Loss: 0.0003 | 22.412 s
Epoch: 815/1000, Train Loss: 0.0003, Val Loss: 0.0003 | 22.271 s
Epoch: 816/1000, Train Loss: 0.0003, Val Loss: 0.0003 | 22.203 s
Epoch: 817/1000, Train Loss: 0.0003, Val Loss: 0.0003 | 22.296 s
Epoch: 818/1000, Train Loss: 0.0003, Val Loss: 0.0003 | 22.816 s
Epoch: 819/1000, Train Loss: 0.0003, Val Loss: 0.0003 | 22.612 s
Epoch: 820/1000, Train Loss: 0.0003, Val Loss: 0.0003 | 22.668 s
Epoch: 821/1000, Train Loss: 0.0003, Val Loss: 0.0003 | 22.764 s
Epoch: 822/1000, Train Loss: 0.0003, Val Loss: 0.0003 | 22.443 s
Epoch: 823/1000, Train Loss: 0.0003, Val Loss: 0.0003 | 22.650 s
Epoch: 824/1000, Train Loss: 0.0003, Val Loss: 0.0003 | 22.243 s
Epoch: 825/1000, Train Loss: 0.0003, Val Loss: 0.0003 | 22.651 s
Epoch: 826/1000, Train Loss: 0.0003, Val Loss: 0.0003 | 22.294 s
Epoch: 827/1000, Train Loss: 0.0003, Val Loss: 0.0003 | 22.558 s
Epoch: 828/1000, Train Loss: 0.0003, Val Loss: 0.0003 | 22.612 s
Epoch: 829/1000, Train Loss: 0.0003, Val Loss: 0.0003 | 22.308 s
Epoch: 830/1000, Train Loss: 0.0003, Val Loss: 0.0003 | 22.351 s
Epoch: 831/1000, Train Loss: 0.0003, Val Loss: 0.0003 | 22.468 s
Epoch: 832/1000, Train Loss: 0.0003, Val Loss: 0.0003 | 22.152 s
Epoch: 833/1000, Train Loss: 0.0003, Val Loss: 0.0003 | 22.360 s
Epoch: 834/1000, Train Loss: 0.0003, Val Loss: 0.0003 | 22.288 s
Epoch: 835/1000, Train Loss: 0.0003, Val Loss: 0.0003 | 22.414 s
Epoch: 836/1000, Train Loss: 0.0003, Val Loss: 0.0003 | 22.289 s
Epoch: 837/1000, Train Loss: 0.0003, Val Loss: 0.0003 | 22.334 s
Epoch: 838/1000, Train Loss: 0.0003, Val Loss: 0.0003 | 22.469 s
Epoch: 839/1000, Train Loss: 0.0003, Val Loss: 0.0003 | 22.428 s
Epoch: 840/1000, Train Loss: 0.0003, Val Loss: 0.0004 | 22.418 s
Epoch: 841/1000, Train Loss: 0.0003, Val Loss: 0.0003 | 22.539 s
Epoch: 842/1000, Train Loss: 0.0003, Val Loss: 0.0003 | 22.489 s
Epoch: 843/1000, Train Loss: 0.0003, Val Loss: 0.0003 | 22.364 s
Epoch: 844/1000, Train Loss: 0.0003, Val Loss: 0.0004 | 22.498 s
Epoch: 845/1000, Train Loss: 0.0003, Val Loss: 0.0003 | 22.520 s
Epoch: 846/1000, Train Loss: 0.0003, Val Loss: 0.0003 | 22.411 s
Epoch: 847/1000, Train Loss: 0.0003, Val Loss: 0.0003 | 22.610 s
Epoch: 848/1000, Train Loss: 0.0003, Val Loss: 0.0003 | 22.305 s
Epoch: 849/1000, Train Loss: 0.0003, Val Loss: 0.0003 | 22.458 s
Epoch: 850/1000, Train Loss: 0.0003, Val Loss: 0.0003 | 22.536 s
Epoch: 851/1000, Train Loss: 0.0003, Val Loss: 0.0003 | 22.310 s
Epoch: 852/1000, Train Loss: 0.0003, Val Loss: 0.0004 | 22.533 s
Epoch: 853/1000, Train Loss: 0.0003, Val Loss: 0.0003 | 22.279 s
Epoch: 854/1000, Train Loss: 0.0003, Val Loss: 0.0003 | 22.874 s
Epoch: 855/1000, Train Loss: 0.0003, Val Loss: 0.0003 | 22.477 s
Epoch: 856/1000, Train Loss: 0.0003, Val Loss: 0.0003 | 22.560 s
Epoch: 857/1000, Train Loss: 0.0003, Val Loss: 0.0003 | 22.543 s
Epoch: 858/1000, Train Loss: 0.0003, Val Loss: 0.0003 | 22.465 s
Epoch: 859/1000, Train Loss: 0.0003, Val Loss: 0.0003 | 22.386 s
Epoch: 860/1000, Train Loss: 0.0003, Val Loss: 0.0003 | 22.294 s
Epoch: 861/1000, Train Loss: 0.0003, Val Loss: 0.0003 | 22.767 s
Epoch: 862/1000, Train Loss: 0.0003, Val Loss: 0.0003 | 22.482 s
Epoch: 863/1000, Train Loss: 0.0003, Val Loss: 0.0003 | 22.319 s
Epoch: 864/1000, Train Loss: 0.0003, Val Loss: 0.0003 | 22.500 s
Epoch: 865/1000, Train Loss: 0.0003, Val Loss: 0.0003 | 22.593 s
Epoch: 866/1000, Train Loss: 0.0003, Val Loss: 0.0003 | 22.802 s
Epoch: 867/1000, Train Loss: 0.0003, Val Loss: 0.0003 | 22.686 s
Epoch: 868/1000, Train Loss: 0.0003, Val Loss: 0.0003 | 22.199 s
Epoch: 869/1000, Train Loss: 0.0003, Val Loss: 0.0003 | 22.718 s
Epoch: 870/1000, Train Loss: 0.0003, Val Loss: 0.0003 | 21.976 s
Epoch: 871/1000, Train Loss: 0.0003, Val Loss: 0.0003 | 22.278 s
Epoch: 872/1000, Train Loss: 0.0003, Val Loss: 0.0003 | 22.283 s
Epoch: 873/1000, Train Loss: 0.0003, Val Loss: 0.0003 | 22.671 s
Epoch: 874/1000, Train Loss: 0.0003, Val Loss: 0.0003 | 22.398 s
Epoch: 875/1000, Train Loss: 0.0003, Val Loss: 0.0003 | 22.522 s
Epoch: 876/1000, Train Loss: 0.0003, Val Loss: 0.0003 | 22.152 s
Epoch: 877/1000, Train Loss: 0.0003, Val Loss: 0.0003 | 22.517 s
Epoch: 878/1000, Train Loss: 0.0003, Val Loss: 0.0003 | 22.687 s
Epoch: 879/1000, Train Loss: 0.0003, Val Loss: 0.0003 | 22.531 s
Epoch: 880/1000, Train Loss: 0.0003, Val Loss: 0.0003 | 22.981 s
Epoch: 881/1000, Train Loss: 0.0003, Val Loss: 0.0003 | 22.925 s
Epoch: 882/1000, Train Loss: 0.0003, Val Loss: 0.0003 | 22.752 s
Epoch: 883/1000, Train Loss: 0.0003, Val Loss: 0.0003 | 22.273 s
Epoch: 884/1000, Train Loss: 0.0003, Val Loss: 0.0003 | 22.510 s
Epoch: 885/1000, Train Loss: 0.0003, Val Loss: 0.0003 | 22.522 s
Epoch: 886/1000, Train Loss: 0.0003, Val Loss: 0.0003 | 22.265 s
Epoch: 887/1000, Train Loss: 0.0003, Val Loss: 0.0003 | 22.885 s
Epoch: 888/1000, Train Loss: 0.0003, Val Loss: 0.0003 | 22.596 s
Epoch: 889/1000, Train Loss: 0.0003, Val Loss: 0.0003 | 22.538 s
Epoch: 890/1000, Train Loss: 0.0003, Val Loss: 0.0003 | 22.373 s
Epoch: 891/1000, Train Loss: 0.0003, Val Loss: 0.0003 | 22.914 s
Epoch: 892/1000, Train Loss: 0.0003, Val Loss: 0.0003 | 22.188 s
Epoch: 893/1000, Train Loss: 0.0003, Val Loss: 0.0004 | 22.615 s
Epoch: 894/1000, Train Loss: 0.0003, Val Loss: 0.0003 | 22.381 s
Epoch: 895/1000, Train Loss: 0.0003, Val Loss: 0.0003 | 22.332 s
Epoch: 896/1000, Train Loss: 0.0003, Val Loss: 0.0003 | 22.194 s
Epoch: 897/1000, Train Loss: 0.0003, Val Loss: 0.0003 | 22.577 s
Epoch: 898/1000, Train Loss: 0.0003, Val Loss: 0.0003 | 22.156 s
Epoch: 899/1000, Train Loss: 0.0003, Val Loss: 0.0003 | 22.676 s
Epoch: 900/1000, Train Loss: 0.0003, Val Loss: 0.0003 | 22.551 s
Epoch: 901/1000, Train Loss: 0.0003, Val Loss: 0.0003 | 22.809 s
Epoch: 902/1000, Train Loss: 0.0003, Val Loss: 0.0003 | 22.451 s
Epoch: 903/1000, Train Loss: 0.0003, Val Loss: 0.0003 | 22.408 s
Epoch: 904/1000, Train Loss: 0.0003, Val Loss: 0.0003 | 22.592 s
Epoch: 905/1000, Train Loss: 0.0003, Val Loss: 0.0003 | 22.272 s
Epoch: 906/1000, Train Loss: 0.0003, Val Loss: 0.0003 | 22.530 s
Epoch: 907/1000, Train Loss: 0.0003, Val Loss: 0.0003 | 22.605 s
Epoch: 908/1000, Train Loss: 0.0003, Val Loss: 0.0003 | 22.524 s
Epoch: 909/1000, Train Loss: 0.0003, Val Loss: 0.0003 | 22.462 s
Epoch: 910/1000, Train Loss: 0.0003, Val Loss: 0.0003 | 22.294 s
Epoch: 911/1000, Train Loss: 0.0003, Val Loss: 0.0003 | 22.335 s
Epoch: 912/1000, Train Loss: 0.0003, Val Loss: 0.0003 | 22.628 s
Epoch: 913/1000, Train Loss: 0.0003, Val Loss: 0.0003 | 22.560 s
Epoch: 914/1000, Train Loss: 0.0003, Val Loss: 0.0003 | 22.198 s
Epoch: 915/1000, Train Loss: 0.0003, Val Loss: 0.0003 | 22.276 s
Epoch: 916/1000, Train Loss: 0.0003, Val Loss: 0.0003 | 22.843 s
Epoch: 917/1000, Train Loss: 0.0003, Val Loss: 0.0003 | 22.416 s
Epoch: 918/1000, Train Loss: 0.0003, Val Loss: 0.0003 | 22.403 s
Epoch: 919/1000, Train Loss: 0.0003, Val Loss: 0.0003 | 22.718 s
Epoch: 920/1000, Train Loss: 0.0003, Val Loss: 0.0003 | 22.639 s
Epoch: 921/1000, Train Loss: 0.0003, Val Loss: 0.0003 | 22.544 s
Epoch: 922/1000, Train Loss: 0.0003, Val Loss: 0.0003 | 22.626 s
Epoch: 923/1000, Train Loss: 0.0003, Val Loss: 0.0003 | 22.662 s
Epoch: 924/1000, Train Loss: 0.0003, Val Loss: 0.0003 | 22.237 s
Epoch: 925/1000, Train Loss: 0.0003, Val Loss: 0.0003 | 22.643 s
Epoch: 926/1000, Train Loss: 0.0003, Val Loss: 0.0003 | 22.509 s
Epoch: 927/1000, Train Loss: 0.0003, Val Loss: 0.0003 | 22.515 s
Epoch: 928/1000, Train Loss: 0.0003, Val Loss: 0.0003 | 22.317 s
Epoch: 929/1000, Train Loss: 0.0003, Val Loss: 0.0003 | 22.204 s
Epoch: 930/1000, Train Loss: 0.0003, Val Loss: 0.0003 | 22.304 s
Epoch: 931/1000, Train Loss: 0.0003, Val Loss: 0.0003 | 22.427 s
Epoch: 932/1000, Train Loss: 0.0003, Val Loss: 0.0003 | 22.673 s
Epoch: 933/1000, Train Loss: 0.0003, Val Loss: 0.0003 | 22.446 s
Epoch: 934/1000, Train Loss: 0.0003, Val Loss: 0.0003 | 22.067 s
Epoch: 935/1000, Train Loss: 0.0003, Val Loss: 0.0003 | 22.914 s
Epoch: 936/1000, Train Loss: 0.0003, Val Loss: 0.0003 | 22.946 s
Epoch: 937/1000, Train Loss: 0.0003, Val Loss: 0.0003 | 22.528 s
Epoch: 938/1000, Train Loss: 0.0003, Val Loss: 0.0003 | 22.479 s
Epoch: 939/1000, Train Loss: 0.0003, Val Loss: 0.0003 | 22.702 s
Epoch: 940/1000, Train Loss: 0.0003, Val Loss: 0.0003 | 22.491 s
Epoch: 941/1000, Train Loss: 0.0003, Val Loss: 0.0003 | 22.649 s
Epoch: 942/1000, Train Loss: 0.0003, Val Loss: 0.0003 | 22.483 s
Epoch: 943/1000, Train Loss: 0.0003, Val Loss: 0.0003 | 22.560 s
Epoch: 944/1000, Train Loss: 0.0003, Val Loss: 0.0003 | 22.772 s
Epoch: 945/1000, Train Loss: 0.0003, Val Loss: 0.0003 | 22.565 s
Epoch: 946/1000, Train Loss: 0.0003, Val Loss: 0.0003 | 22.502 s
Epoch: 947/1000, Train Loss: 0.0003, Val Loss: 0.0003 | 22.465 s
Epoch: 948/1000, Train Loss: 0.0003, Val Loss: 0.0003 | 22.221 s
Epoch: 949/1000, Train Loss: 0.0003, Val Loss: 0.0003 | 22.650 s
Epoch: 950/1000, Train Loss: 0.0003, Val Loss: 0.0003 | 22.334 s
Epoch: 951/1000, Train Loss: 0.0003, Val Loss: 0.0003 | 22.700 s
Epoch: 952/1000, Train Loss: 0.0003, Val Loss: 0.0002 | 22.356 s
Epoch: 953/1000, Train Loss: 0.0003, Val Loss: 0.0003 | 22.486 s
Epoch: 954/1000, Train Loss: 0.0003, Val Loss: 0.0002 | 22.750 s
Epoch: 955/1000, Train Loss: 0.0003, Val Loss: 0.0002 | 22.576 s
Epoch: 956/1000, Train Loss: 0.0003, Val Loss: 0.0003 | 22.627 s
Epoch: 957/1000, Train Loss: 0.0003, Val Loss: 0.0003 | 22.319 s
Epoch: 958/1000, Train Loss: 0.0003, Val Loss: 0.0002 | 22.463 s
Epoch: 959/1000, Train Loss: 0.0003, Val Loss: 0.0002 | 22.786 s
Epoch: 960/1000, Train Loss: 0.0003, Val Loss: 0.0002 | 22.605 s
Epoch: 961/1000, Train Loss: 0.0003, Val Loss: 0.0003 | 22.641 s
Epoch: 962/1000, Train Loss: 0.0003, Val Loss: 0.0002 | 22.621 s
Epoch: 963/1000, Train Loss: 0.0003, Val Loss: 0.0002 | 22.695 s
Epoch: 964/1000, Train Loss: 0.0003, Val Loss: 0.0003 | 22.708 s
Epoch: 965/1000, Train Loss: 0.0003, Val Loss: 0.0002 | 22.829 s
Epoch: 966/1000, Train Loss: 0.0003, Val Loss: 0.0003 | 22.643 s
Epoch: 967/1000, Train Loss: 0.0003, Val Loss: 0.0003 | 22.708 s
Epoch: 968/1000, Train Loss: 0.0003, Val Loss: 0.0002 | 22.807 s
Epoch: 969/1000, Train Loss: 0.0003, Val Loss: 0.0003 | 22.847 s
Epoch: 970/1000, Train Loss: 0.0003, Val Loss: 0.0003 | 22.657 s
Epoch: 971/1000, Train Loss: 0.0003, Val Loss: 0.0003 | 22.208 s
Epoch: 972/1000, Train Loss: 0.0003, Val Loss: 0.0002 | 22.835 s
Epoch: 973/1000, Train Loss: 0.0003, Val Loss: 0.0002 | 22.556 s
Epoch: 974/1000, Train Loss: 0.0003, Val Loss: 0.0003 | 22.549 s
Epoch: 975/1000, Train Loss: 0.0003, Val Loss: 0.0002 | 22.373 s
Epoch: 976/1000, Train Loss: 0.0003, Val Loss: 0.0002 | 22.524 s
Epoch: 977/1000, Train Loss: 0.0003, Val Loss: 0.0003 | 22.384 s
Epoch: 978/1000, Train Loss: 0.0003, Val Loss: 0.0003 | 22.762 s
Epoch: 979/1000, Train Loss: 0.0003, Val Loss: 0.0003 | 22.737 s
Epoch: 980/1000, Train Loss: 0.0003, Val Loss: 0.0003 | 22.741 s
Epoch: 981/1000, Train Loss: 0.0003, Val Loss: 0.0002 | 22.519 s
Epoch: 982/1000, Train Loss: 0.0003, Val Loss: 0.0002 | 22.560 s
Epoch: 983/1000, Train Loss: 0.0002, Val Loss: 0.0002 | 22.435 s
Epoch: 984/1000, Train Loss: 0.0003, Val Loss: 0.0002 | 22.198 s
Epoch: 985/1000, Train Loss: 0.0003, Val Loss: 0.0002 | 22.353 s
Epoch: 986/1000, Train Loss: 0.0003, Val Loss: 0.0002 | 22.522 s
Epoch: 987/1000, Train Loss: 0.0003, Val Loss: 0.0003 | 22.519 s
Epoch: 988/1000, Train Loss: 0.0003, Val Loss: 0.0002 | 22.527 s
Epoch: 989/1000, Train Loss: 0.0003, Val Loss: 0.0002 | 22.616 s
Epoch: 990/1000, Train Loss: 0.0002, Val Loss: 0.0003 | 22.578 s
Epoch: 991/1000, Train Loss: 0.0003, Val Loss: 0.0002 | 22.674 s
Epoch: 992/1000, Train Loss: 0.0003, Val Loss: 0.0003 | 23.050 s
Epoch: 993/1000, Train Loss: 0.0003, Val Loss: 0.0002 | 22.790 s
Epoch: 994/1000, Train Loss: 0.0003, Val Loss: 0.0003 | 22.486 s
Epoch: 995/1000, Train Loss: 0.0003, Val Loss: 0.0002 | 22.652 s
Epoch: 996/1000, Train Loss: 0.0003, Val Loss: 0.0003 | 22.470 s
Epoch: 997/1000, Train Loss: 0.0003, Val Loss: 0.0002 | 22.646 s
Epoch: 998/1000, Train Loss: 0.0003, Val Loss: 0.0002 | 22.786 s
Epoch: 999/1000, Train Loss: 0.0003, Val Loss: 0.0002 | 22.788 s
Epoch: 1000/1000, Train Loss: 0.0003, Val Loss: 0.0002 | 22.736 s
