Traceback (most recent call last):
  File "/clusterfs/students/achmadjae/RA/02_deep3D/script/main.py", line 172, in <module>
    train_set, train_loader, val_set, val_loader = data_preparation(mode, filename)
                                                   ^^^^^^^^^^^^^^^^^^^^^^^^^^^^^^^^
  File "/clusterfs/students/achmadjae/RA/02_deep3D/script/main.py", line 27, in data_preparation
    with h5py.File(filename, 'r') as hf:
         ^^^^^^^^^^^^^^^^^^^^^^^^
  File "/clusterfs/students/achmadjae/.local/lib/python3.11/site-packages/h5py/_hl/files.py", line 567, in __init__
    fid = make_fid(name, mode, userblock_size, fapl, fcpl, swmr=swmr)
          ^^^^^^^^^^^^^^^^^^^^^^^^^^^^^^^^^^^^^^^^^^^^^^^^^^^^^^^^^^^
  File "/clusterfs/students/achmadjae/.local/lib/python3.11/site-packages/h5py/_hl/files.py", line 231, in make_fid
    fid = h5f.open(name, flags, fapl=fapl)
          ^^^^^^^^^^^^^^^^^^^^^^^^^^^^^^^^
  File "h5py/_objects.pyx", line 54, in h5py._objects.with_phil.wrapper
  File "h5py/_objects.pyx", line 55, in h5py._objects.with_phil.wrapper
  File "h5py/h5f.pyx", line 106, in h5py.h5f.open
FileNotFoundError: [Errno 2] Unable to open file (unable to open file: name = '/clusterfs/students/achmadjae/RA/02_deep3D/data/He_train_40_15000.h5', errno = 2, error message = 'No such file or directory', flags = 0, o_flags = 0)
ic| feature.shape: (20000, 40, 40, 40), target.shape: (20000,)
Epoch: 1/1000, Train Loss: 0.7160, Val Loss: 0.0346 | 20.832 s
Epoch: 2/1000, Train Loss: 0.0584, Val Loss: 0.0090 | 20.041 s
Epoch: 3/1000, Train Loss: 0.0516, Val Loss: 0.0403 | 22.315 s
Epoch: 4/1000, Train Loss: 0.0333, Val Loss: 0.0089 | 18.997 s
Epoch: 5/1000, Train Loss: 0.0412, Val Loss: 0.0192 | 21.792 s
Epoch: 6/1000, Train Loss: 0.0314, Val Loss: 0.0175 | 20.093 s
Epoch 00014: reducing learning rate of group 0 to 1.0000e-05.
Epoch: 7/1000, Train Loss: 0.0471, Val Loss: 0.0351 | 21.084 s
Epoch: 8/1000, Train Loss: 0.0093, Val Loss: 0.0078 | 20.415 s
Epoch: 9/1000, Train Loss: 0.0080, Val Loss: 0.0079 | 21.631 s
Epoch: 10/1000, Train Loss: 0.0079, Val Loss: 0.0080 | 22.858 s
Epoch 00022: reducing learning rate of group 0 to 1.0000e-06.
Epoch: 11/1000, Train Loss: 0.0080, Val Loss: 0.0081 | 20.566 s
Epoch: 12/1000, Train Loss: 0.0077, Val Loss: 0.0077 | 20.599 s
Epoch: 13/1000, Train Loss: 0.0077, Val Loss: 0.0077 | 19.382 s
Epoch: 14/1000, Train Loss: 0.0077, Val Loss: 0.0077 | 21.414 s
Epoch: 15/1000, Train Loss: 0.0077, Val Loss: 0.0077 | 21.497 s
Epoch: 16/1000, Train Loss: 0.0077, Val Loss: 0.0077 | 19.291 s
Epoch: 17/1000, Train Loss: 0.0077, Val Loss: 0.0077 | 21.034 s
Epoch: 18/1000, Train Loss: 0.0077, Val Loss: 0.0078 | 22.184 s
Epoch: 19/1000, Train Loss: 0.0077, Val Loss: 0.0078 | 19.096 s
Epoch: 20/1000, Train Loss: 0.0077, Val Loss: 0.0077 | 19.945 s
Epoch: 21/1000, Train Loss: 0.0077, Val Loss: 0.0077 | 20.281 s
Epoch: 22/1000, Train Loss: 0.0077, Val Loss: 0.0077 | 21.928 s
Epoch: 23/1000, Train Loss: 0.0077, Val Loss: 0.0077 | 20.855 s
Epoch: 24/1000, Train Loss: 0.0077, Val Loss: 0.0077 | 21.659 s
Epoch: 25/1000, Train Loss: 0.0077, Val Loss: 0.0077 | 19.831 s
Epoch: 26/1000, Train Loss: 0.0077, Val Loss: 0.0077 | 19.992 s
Epoch: 27/1000, Train Loss: 0.0077, Val Loss: 0.0077 | 20.648 s
Epoch: 28/1000, Train Loss: 0.0077, Val Loss: 0.0077 | 20.117 s
Epoch: 29/1000, Train Loss: 0.0076, Val Loss: 0.0077 | 19.274 s
Epoch: 30/1000, Train Loss: 0.0077, Val Loss: 0.0077 | 19.651 s
Epoch: 31/1000, Train Loss: 0.0077, Val Loss: 0.0076 | 20.437 s
Epoch: 32/1000, Train Loss: 0.0077, Val Loss: 0.0076 | 19.842 s
Epoch: 33/1000, Train Loss: 0.0077, Val Loss: 0.0076 | 21.149 s
Epoch: 34/1000, Train Loss: 0.0077, Val Loss: 0.0077 | 20.221 s
Epoch: 35/1000, Train Loss: 0.0077, Val Loss: 0.0076 | 21.093 s
Epoch: 36/1000, Train Loss: 0.0077, Val Loss: 0.0078 | 21.593 s
Epoch: 37/1000, Train Loss: 0.0076, Val Loss: 0.0077 | 20.106 s
Epoch: 38/1000, Train Loss: 0.0077, Val Loss: 0.0076 | 19.883 s
Epoch: 39/1000, Train Loss: 0.0077, Val Loss: 0.0076 | 19.869 s
Epoch: 40/1000, Train Loss: 0.0077, Val Loss: 0.0076 | 19.164 s
Epoch: 41/1000, Train Loss: 0.0077, Val Loss: 0.0076 | 20.455 s
Epoch: 42/1000, Train Loss: 0.0077, Val Loss: 0.0078 | 22.679 s
Epoch: 43/1000, Train Loss: 0.0077, Val Loss: 0.0076 | 22.777 s
Epoch: 44/1000, Train Loss: 0.0077, Val Loss: 0.0077 | 19.576 s
Epoch: 45/1000, Train Loss: 0.0076, Val Loss: 0.0077 | 21.825 s
Epoch: 46/1000, Train Loss: 0.0076, Val Loss: 0.0076 | 20.579 s
Epoch: 47/1000, Train Loss: 0.0077, Val Loss: 0.0079 | 19.912 s
Epoch: 48/1000, Train Loss: 0.0076, Val Loss: 0.0077 | 21.425 s
Epoch: 49/1000, Train Loss: 0.0076, Val Loss: 0.0076 | 20.192 s
Epoch: 50/1000, Train Loss: 0.0076, Val Loss: 0.0076 | 22.319 s
Epoch: 51/1000, Train Loss: 0.0077, Val Loss: 0.0076 | 20.501 s
Epoch: 52/1000, Train Loss: 0.0076, Val Loss: 0.0076 | 21.096 s
Epoch: 53/1000, Train Loss: 0.0076, Val Loss: 0.0078 | 20.937 s
Epoch: 54/1000, Train Loss: 0.0076, Val Loss: 0.0076 | 21.594 s
Epoch: 55/1000, Train Loss: 0.0077, Val Loss: 0.0075 | 19.714 s
Epoch: 56/1000, Train Loss: 0.0077, Val Loss: 0.0076 | 21.741 s
Epoch: 57/1000, Train Loss: 0.0076, Val Loss: 0.0075 | 21.371 s
Epoch: 58/1000, Train Loss: 0.0076, Val Loss: 0.0076 | 20.137 s
Epoch: 59/1000, Train Loss: 0.0076, Val Loss: 0.0076 | 20.228 s
Epoch: 60/1000, Train Loss: 0.0076, Val Loss: 0.0075 | 21.554 s
Epoch: 61/1000, Train Loss: 0.0076, Val Loss: 0.0075 | 20.641 s
Epoch: 62/1000, Train Loss: 0.0075, Val Loss: 0.0075 | 20.489 s
Epoch: 63/1000, Train Loss: 0.0076, Val Loss: 0.0075 | 21.308 s
Epoch: 64/1000, Train Loss: 0.0076, Val Loss: 0.0076 | 20.544 s
Epoch: 65/1000, Train Loss: 0.0076, Val Loss: 0.0076 | 20.211 s
Epoch: 66/1000, Train Loss: 0.0076, Val Loss: 0.0075 | 21.985 s
Epoch: 67/1000, Train Loss: 0.0076, Val Loss: 0.0079 | 20.205 s
Epoch: 68/1000, Train Loss: 0.0076, Val Loss: 0.0076 | 21.652 s
Epoch: 69/1000, Train Loss: 0.0075, Val Loss: 0.0075 | 20.846 s
Epoch: 70/1000, Train Loss: 0.0075, Val Loss: 0.0075 | 20.845 s
Epoch: 71/1000, Train Loss: 0.0075, Val Loss: 0.0075 | 21.916 s
Epoch: 72/1000, Train Loss: 0.0075, Val Loss: 0.0076 | 20.155 s
Epoch: 73/1000, Train Loss: 0.0075, Val Loss: 0.0075 | 22.517 s
Epoch: 74/1000, Train Loss: 0.0075, Val Loss: 0.0075 | 19.813 s
Epoch: 75/1000, Train Loss: 0.0075, Val Loss: 0.0075 | 20.390 s
Epoch: 76/1000, Train Loss: 0.0075, Val Loss: 0.0076 | 21.637 s
Epoch: 77/1000, Train Loss: 0.0075, Val Loss: 0.0075 | 20.874 s
Epoch: 78/1000, Train Loss: 0.0075, Val Loss: 0.0075 | 20.394 s
Epoch: 79/1000, Train Loss: 0.0075, Val Loss: 0.0075 | 19.111 s
Epoch: 80/1000, Train Loss: 0.0075, Val Loss: 0.0075 | 22.810 s
Epoch: 81/1000, Train Loss: 0.0076, Val Loss: 0.0075 | 22.903 s
Epoch: 82/1000, Train Loss: 0.0075, Val Loss: 0.0076 | 20.533 s
Epoch: 83/1000, Train Loss: 0.0075, Val Loss: 0.0075 | 20.453 s
Epoch: 84/1000, Train Loss: 0.0075, Val Loss: 0.0074 | 21.305 s
Epoch: 85/1000, Train Loss: 0.0075, Val Loss: 0.0076 | 20.363 s
Epoch: 86/1000, Train Loss: 0.0074, Val Loss: 0.0075 | 21.541 s
Epoch: 87/1000, Train Loss: 0.0075, Val Loss: 0.0074 | 20.801 s
Epoch: 88/1000, Train Loss: 0.0074, Val Loss: 0.0077 | 21.732 s
Epoch: 89/1000, Train Loss: 0.0076, Val Loss: 0.0074 | 22.162 s
Epoch: 90/1000, Train Loss: 0.0074, Val Loss: 0.0074 | 21.961 s
Epoch: 91/1000, Train Loss: 0.0075, Val Loss: 0.0075 | 19.807 s
Epoch: 92/1000, Train Loss: 0.0074, Val Loss: 0.0074 | 20.530 s
Epoch: 93/1000, Train Loss: 0.0074, Val Loss: 0.0075 | 20.157 s
Epoch: 94/1000, Train Loss: 0.0074, Val Loss: 0.0074 | 20.098 s
Epoch: 95/1000, Train Loss: 0.0074, Val Loss: 0.0074 | 20.564 s
Epoch: 96/1000, Train Loss: 0.0075, Val Loss: 0.0074 | 19.568 s
Epoch: 97/1000, Train Loss: 0.0076, Val Loss: 0.0074 | 21.591 s
Epoch: 98/1000, Train Loss: 0.0075, Val Loss: 0.0074 | 20.199 s
Epoch: 99/1000, Train Loss: 0.0074, Val Loss: 0.0085 | 22.041 s
Epoch: 100/1000, Train Loss: 0.0075, Val Loss: 0.0077 | 19.964 s
Epoch: 101/1000, Train Loss: 0.0075, Val Loss: 0.0076 | 22.385 s
Epoch: 102/1000, Train Loss: 0.0074, Val Loss: 0.0074 | 20.551 s
Epoch: 103/1000, Train Loss: 0.0074, Val Loss: 0.0074 | 22.652 s
Epoch: 104/1000, Train Loss: 0.0074, Val Loss: 0.0074 | 21.131 s
Epoch: 105/1000, Train Loss: 0.0074, Val Loss: 0.0074 | 22.943 s
Epoch: 106/1000, Train Loss: 0.0074, Val Loss: 0.0073 | 21.673 s
Epoch: 107/1000, Train Loss: 0.0074, Val Loss: 0.0075 | 21.578 s
Epoch: 108/1000, Train Loss: 0.0074, Val Loss: 0.0074 | 22.006 s
Epoch: 109/1000, Train Loss: 0.0074, Val Loss: 0.0076 | 21.214 s
Epoch: 110/1000, Train Loss: 0.0074, Val Loss: 0.0074 | 22.271 s
Epoch: 111/1000, Train Loss: 0.0073, Val Loss: 0.0073 | 21.008 s
Epoch: 112/1000, Train Loss: 0.0074, Val Loss: 0.0074 | 20.470 s
Epoch: 113/1000, Train Loss: 0.0073, Val Loss: 0.0074 | 21.038 s
Epoch: 114/1000, Train Loss: 0.0074, Val Loss: 0.0073 | 21.277 s
Epoch: 115/1000, Train Loss: 0.0074, Val Loss: 0.0073 | 21.256 s
Epoch: 116/1000, Train Loss: 0.0073, Val Loss: 0.0078 | 19.900 s
Epoch: 117/1000, Train Loss: 0.0073, Val Loss: 0.0073 | 23.010 s
Epoch: 118/1000, Train Loss: 0.0074, Val Loss: 0.0076 | 21.255 s
Epoch: 119/1000, Train Loss: 0.0073, Val Loss: 0.0073 | 22.351 s
Epoch: 120/1000, Train Loss: 0.0073, Val Loss: 0.0074 | 22.209 s
Epoch: 121/1000, Train Loss: 0.0073, Val Loss: 0.0073 | 21.265 s
Epoch: 122/1000, Train Loss: 0.0073, Val Loss: 0.0073 | 19.900 s
Epoch: 123/1000, Train Loss: 0.0073, Val Loss: 0.0073 | 20.294 s
Epoch: 124/1000, Train Loss: 0.0073, Val Loss: 0.0074 | 20.891 s
Epoch: 125/1000, Train Loss: 0.0074, Val Loss: 0.0072 | 20.799 s
Epoch: 126/1000, Train Loss: 0.0073, Val Loss: 0.0073 | 22.064 s
Epoch: 127/1000, Train Loss: 0.0073, Val Loss: 0.0074 | 19.759 s
Epoch: 128/1000, Train Loss: 0.0073, Val Loss: 0.0072 | 19.983 s
Epoch: 129/1000, Train Loss: 0.0072, Val Loss: 0.0073 | 19.398 s
Epoch: 130/1000, Train Loss: 0.0073, Val Loss: 0.0073 | 22.024 s
Epoch: 131/1000, Train Loss: 0.0073, Val Loss: 0.0072 | 22.259 s
Epoch: 132/1000, Train Loss: 0.0072, Val Loss: 0.0072 | 20.954 s
Epoch: 133/1000, Train Loss: 0.0073, Val Loss: 0.0077 | 20.750 s
Epoch: 134/1000, Train Loss: 0.0073, Val Loss: 0.0073 | 19.654 s
Epoch: 135/1000, Train Loss: 0.0072, Val Loss: 0.0072 | 21.170 s
Epoch: 136/1000, Train Loss: 0.0073, Val Loss: 0.0072 | 21.498 s
Epoch: 137/1000, Train Loss: 0.0073, Val Loss: 0.0073 | 21.467 s
Epoch: 138/1000, Train Loss: 0.0072, Val Loss: 0.0072 | 21.594 s
Epoch: 139/1000, Train Loss: 0.0073, Val Loss: 0.0076 | 20.641 s
Epoch: 140/1000, Train Loss: 0.0072, Val Loss: 0.0072 | 22.052 s
Epoch: 141/1000, Train Loss: 0.0072, Val Loss: 0.0073 | 21.214 s
Epoch: 142/1000, Train Loss: 0.0072, Val Loss: 0.0073 | 21.077 s
Epoch: 143/1000, Train Loss: 0.0072, Val Loss: 0.0072 | 20.596 s
Epoch: 144/1000, Train Loss: 0.0072, Val Loss: 0.0071 | 20.442 s
Epoch: 145/1000, Train Loss: 0.0072, Val Loss: 0.0071 | 20.914 s
Epoch: 146/1000, Train Loss: 0.0072, Val Loss: 0.0072 | 20.581 s
Epoch: 147/1000, Train Loss: 0.0072, Val Loss: 0.0072 | 21.895 s
Epoch: 148/1000, Train Loss: 0.0072, Val Loss: 0.0074 | 22.553 s
Epoch: 149/1000, Train Loss: 0.0072, Val Loss: 0.0072 | 22.074 s
Epoch: 150/1000, Train Loss: 0.0072, Val Loss: 0.0071 | 21.900 s
Epoch: 151/1000, Train Loss: 0.0072, Val Loss: 0.0073 | 21.841 s
Epoch: 152/1000, Train Loss: 0.0072, Val Loss: 0.0071 | 20.249 s
Epoch: 153/1000, Train Loss: 0.0071, Val Loss: 0.0072 | 20.225 s
Epoch: 154/1000, Train Loss: 0.0071, Val Loss: 0.0072 | 21.332 s
Epoch: 155/1000, Train Loss: 0.0071, Val Loss: 0.0072 | 20.542 s
Epoch: 156/1000, Train Loss: 0.0072, Val Loss: 0.0072 | 20.524 s
Epoch: 157/1000, Train Loss: 0.0072, Val Loss: 0.0071 | 21.086 s
Epoch: 158/1000, Train Loss: 0.0072, Val Loss: 0.0071 | 19.901 s
Epoch: 159/1000, Train Loss: 0.0072, Val Loss: 0.0074 | 20.687 s
Epoch: 160/1000, Train Loss: 0.0071, Val Loss: 0.0071 | 21.810 s
Epoch: 161/1000, Train Loss: 0.0071, Val Loss: 0.0071 | 21.140 s
Epoch: 162/1000, Train Loss: 0.0071, Val Loss: 0.0072 | 19.965 s
Epoch: 163/1000, Train Loss: 0.0071, Val Loss: 0.0071 | 20.177 s
Epoch: 164/1000, Train Loss: 0.0071, Val Loss: 0.0071 | 21.615 s
Epoch: 165/1000, Train Loss: 0.0071, Val Loss: 0.0071 | 21.335 s
Epoch: 166/1000, Train Loss: 0.0071, Val Loss: 0.0072 | 22.394 s
Epoch: 167/1000, Train Loss: 0.0071, Val Loss: 0.0073 | 21.130 s
Epoch: 168/1000, Train Loss: 0.0071, Val Loss: 0.0071 | 20.987 s
Epoch: 169/1000, Train Loss: 0.0071, Val Loss: 0.0070 | 20.156 s
Epoch: 170/1000, Train Loss: 0.0071, Val Loss: 0.0071 | 22.109 s
Epoch: 171/1000, Train Loss: 0.0071, Val Loss: 0.0070 | 20.975 s
Epoch: 172/1000, Train Loss: 0.0071, Val Loss: 0.0070 | 20.304 s
Epoch: 173/1000, Train Loss: 0.0071, Val Loss: 0.0070 | 22.376 s
Epoch: 174/1000, Train Loss: 0.0071, Val Loss: 0.0072 | 22.510 s
Epoch: 175/1000, Train Loss: 0.0071, Val Loss: 0.0070 | 19.609 s
Epoch: 176/1000, Train Loss: 0.0070, Val Loss: 0.0072 | 20.096 s
Epoch: 177/1000, Train Loss: 0.0071, Val Loss: 0.0070 | 20.051 s
Epoch: 178/1000, Train Loss: 0.0071, Val Loss: 0.0071 | 19.682 s
Epoch: 179/1000, Train Loss: 0.0071, Val Loss: 0.0071 | 20.872 s
Epoch: 180/1000, Train Loss: 0.0070, Val Loss: 0.0070 | 21.665 s
Epoch: 181/1000, Train Loss: 0.0071, Val Loss: 0.0070 | 20.857 s
Epoch: 182/1000, Train Loss: 0.0071, Val Loss: 0.0070 | 21.732 s
Epoch: 183/1000, Train Loss: 0.0071, Val Loss: 0.0070 | 20.244 s
Epoch: 184/1000, Train Loss: 0.0070, Val Loss: 0.0070 | 21.768 s
Epoch: 185/1000, Train Loss: 0.0070, Val Loss: 0.0070 | 19.940 s
Epoch: 186/1000, Train Loss: 0.0070, Val Loss: 0.0070 | 20.996 s
Epoch: 187/1000, Train Loss: 0.0071, Val Loss: 0.0070 | 21.308 s
Epoch: 188/1000, Train Loss: 0.0071, Val Loss: 0.0071 | 20.009 s
Epoch: 189/1000, Train Loss: 0.0070, Val Loss: 0.0072 | 21.927 s
Epoch: 190/1000, Train Loss: 0.0070, Val Loss: 0.0070 | 20.113 s
Epoch: 191/1000, Train Loss: 0.0070, Val Loss: 0.0070 | 22.548 s
Epoch: 192/1000, Train Loss: 0.0070, Val Loss: 0.0070 | 20.985 s
Epoch: 193/1000, Train Loss: 0.0072, Val Loss: 0.0073 | 21.249 s
Epoch: 194/1000, Train Loss: 0.0070, Val Loss: 0.0070 | 21.215 s
Epoch: 195/1000, Train Loss: 0.0070, Val Loss: 0.0070 | 20.120 s
Epoch: 196/1000, Train Loss: 0.0070, Val Loss: 0.0070 | 21.516 s
Epoch: 197/1000, Train Loss: 0.0070, Val Loss: 0.0070 | 20.396 s
Epoch: 198/1000, Train Loss: 0.0070, Val Loss: 0.0069 | 20.821 s
Epoch: 199/1000, Train Loss: 0.0070, Val Loss: 0.0071 | 19.840 s
Epoch: 200/1000, Train Loss: 0.0070, Val Loss: 0.0069 | 22.856 s
Epoch: 201/1000, Train Loss: 0.0070, Val Loss: 0.0072 | 23.130 s
Epoch: 202/1000, Train Loss: 0.0070, Val Loss: 0.0070 | 22.113 s
Epoch: 203/1000, Train Loss: 0.0070, Val Loss: 0.0070 | 21.483 s
Epoch: 204/1000, Train Loss: 0.0070, Val Loss: 0.0069 | 19.833 s
Epoch: 205/1000, Train Loss: 0.0070, Val Loss: 0.0070 | 19.685 s
Epoch: 206/1000, Train Loss: 0.0069, Val Loss: 0.0069 | 20.385 s
Epoch: 207/1000, Train Loss: 0.0070, Val Loss: 0.0069 | 19.965 s
Epoch: 208/1000, Train Loss: 0.0069, Val Loss: 0.0069 | 20.110 s
Epoch: 209/1000, Train Loss: 0.0070, Val Loss: 0.0070 | 20.680 s
Epoch: 210/1000, Train Loss: 0.0070, Val Loss: 0.0069 | 19.803 s
Epoch: 211/1000, Train Loss: 0.0070, Val Loss: 0.0069 | 22.012 s
Epoch: 212/1000, Train Loss: 0.0070, Val Loss: 0.0070 | 21.687 s
Epoch: 213/1000, Train Loss: 0.0070, Val Loss: 0.0069 | 22.622 s
Epoch: 214/1000, Train Loss: 0.0069, Val Loss: 0.0069 | 22.147 s
Epoch: 215/1000, Train Loss: 0.0070, Val Loss: 0.0070 | 22.193 s
Epoch: 216/1000, Train Loss: 0.0070, Val Loss: 0.0069 | 22.834 s
Epoch: 217/1000, Train Loss: 0.0070, Val Loss: 0.0070 | 20.816 s
Epoch: 218/1000, Train Loss: 0.0070, Val Loss: 0.0069 | 22.234 s
Epoch: 219/1000, Train Loss: 0.0070, Val Loss: 0.0071 | 19.784 s
Epoch: 220/1000, Train Loss: 0.0069, Val Loss: 0.0071 | 21.995 s
Epoch: 221/1000, Train Loss: 0.0069, Val Loss: 0.0069 | 21.213 s
Epoch: 222/1000, Train Loss: 0.0069, Val Loss: 0.0069 | 21.485 s
Epoch: 223/1000, Train Loss: 0.0069, Val Loss: 0.0069 | 21.342 s
Epoch: 224/1000, Train Loss: 0.0069, Val Loss: 0.0069 | 20.699 s
Epoch: 225/1000, Train Loss: 0.0069, Val Loss: 0.0069 | 20.093 s
Epoch: 226/1000, Train Loss: 0.0069, Val Loss: 0.0069 | 21.254 s
Epoch: 227/1000, Train Loss: 0.0069, Val Loss: 0.0070 | 21.691 s
Epoch: 228/1000, Train Loss: 0.0069, Val Loss: 0.0069 | 20.968 s
Epoch: 229/1000, Train Loss: 0.0070, Val Loss: 0.0070 | 20.415 s
Epoch: 230/1000, Train Loss: 0.0070, Val Loss: 0.0070 | 21.588 s
Epoch: 231/1000, Train Loss: 0.0070, Val Loss: 0.0069 | 21.953 s
Epoch: 232/1000, Train Loss: 0.0068, Val Loss: 0.0068 | 21.693 s
Epoch: 233/1000, Train Loss: 0.0069, Val Loss: 0.0070 | 21.778 s
Epoch: 234/1000, Train Loss: 0.0069, Val Loss: 0.0070 | 23.162 s
Epoch: 235/1000, Train Loss: 0.0069, Val Loss: 0.0068 | 20.467 s
Epoch: 236/1000, Train Loss: 0.0069, Val Loss: 0.0069 | 21.100 s
Epoch: 237/1000, Train Loss: 0.0069, Val Loss: 0.0070 | 20.502 s
Epoch: 238/1000, Train Loss: 0.0069, Val Loss: 0.0073 | 20.086 s
Epoch: 239/1000, Train Loss: 0.0068, Val Loss: 0.0068 | 21.423 s
Epoch: 240/1000, Train Loss: 0.0068, Val Loss: 0.0071 | 21.642 s
Epoch: 241/1000, Train Loss: 0.0069, Val Loss: 0.0069 | 19.566 s
Epoch: 242/1000, Train Loss: 0.0069, Val Loss: 0.0068 | 22.034 s
Epoch: 243/1000, Train Loss: 0.0068, Val Loss: 0.0068 | 20.363 s
Epoch: 244/1000, Train Loss: 0.0068, Val Loss: 0.0068 | 21.440 s
Epoch: 245/1000, Train Loss: 0.0068, Val Loss: 0.0068 | 22.091 s
Epoch: 246/1000, Train Loss: 0.0068, Val Loss: 0.0070 | 22.130 s
Epoch: 247/1000, Train Loss: 0.0068, Val Loss: 0.0069 | 20.563 s
Epoch: 248/1000, Train Loss: 0.0068, Val Loss: 0.0068 | 21.584 s
Epoch: 249/1000, Train Loss: 0.0069, Val Loss: 0.0068 | 19.884 s
Epoch: 250/1000, Train Loss: 0.0068, Val Loss: 0.0068 | 20.993 s
Epoch: 251/1000, Train Loss: 0.0069, Val Loss: 0.0068 | 20.040 s
Epoch: 252/1000, Train Loss: 0.0068, Val Loss: 0.0068 | 20.927 s
Epoch: 253/1000, Train Loss: 0.0068, Val Loss: 0.0076 | 19.942 s
Epoch: 254/1000, Train Loss: 0.0068, Val Loss: 0.0068 | 22.128 s
Epoch: 255/1000, Train Loss: 0.0068, Val Loss: 0.0067 | 19.503 s
Epoch: 256/1000, Train Loss: 0.0068, Val Loss: 0.0068 | 20.516 s
Epoch: 257/1000, Train Loss: 0.0068, Val Loss: 0.0069 | 22.538 s
Epoch: 258/1000, Train Loss: 0.0068, Val Loss: 0.0068 | 25.300 s
Epoch: 259/1000, Train Loss: 0.0068, Val Loss: 0.0068 | 24.965 s
Epoch: 260/1000, Train Loss: 0.0068, Val Loss: 0.0067 | 24.481 s
Epoch: 261/1000, Train Loss: 0.0068, Val Loss: 0.0069 | 24.215 s
Epoch: 262/1000, Train Loss: 0.0068, Val Loss: 0.0068 | 25.294 s
Epoch: 263/1000, Train Loss: 0.0067, Val Loss: 0.0067 | 25.499 s
Epoch: 264/1000, Train Loss: 0.0068, Val Loss: 0.0068 | 25.866 s
Epoch: 265/1000, Train Loss: 0.0067, Val Loss: 0.0069 | 25.947 s
Epoch: 266/1000, Train Loss: 0.0068, Val Loss: 0.0067 | 26.349 s
Epoch: 267/1000, Train Loss: 0.0067, Val Loss: 0.0067 | 23.832 s
Epoch: 268/1000, Train Loss: 0.0067, Val Loss: 0.0067 | 25.332 s
Epoch: 269/1000, Train Loss: 0.0067, Val Loss: 0.0067 | 25.611 s
Epoch: 270/1000, Train Loss: 0.0067, Val Loss: 0.0069 | 22.718 s
Epoch: 271/1000, Train Loss: 0.0067, Val Loss: 0.0067 | 24.768 s
Epoch: 272/1000, Train Loss: 0.0068, Val Loss: 0.0068 | 25.159 s
Epoch: 273/1000, Train Loss: 0.0067, Val Loss: 0.0069 | 24.918 s
Epoch: 274/1000, Train Loss: 0.0067, Val Loss: 0.0067 | 24.181 s
Epoch: 275/1000, Train Loss: 0.0067, Val Loss: 0.0066 | 23.868 s
Epoch: 276/1000, Train Loss: 0.0067, Val Loss: 0.0067 | 23.360 s
Epoch: 277/1000, Train Loss: 0.0067, Val Loss: 0.0066 | 25.176 s
Epoch: 278/1000, Train Loss: 0.0067, Val Loss: 0.0066 | 23.397 s
Epoch: 279/1000, Train Loss: 0.0067, Val Loss: 0.0071 | 23.961 s
Epoch: 280/1000, Train Loss: 0.0067, Val Loss: 0.0067 | 25.356 s
Epoch: 281/1000, Train Loss: 0.0067, Val Loss: 0.0066 | 23.604 s
Epoch: 282/1000, Train Loss: 0.0066, Val Loss: 0.0067 | 23.105 s
Epoch: 283/1000, Train Loss: 0.0066, Val Loss: 0.0066 | 25.629 s
Epoch: 284/1000, Train Loss: 0.0066, Val Loss: 0.0066 | 25.250 s
Epoch: 285/1000, Train Loss: 0.0066, Val Loss: 0.0067 | 24.028 s
Epoch: 286/1000, Train Loss: 0.0066, Val Loss: 0.0067 | 24.527 s
Epoch: 287/1000, Train Loss: 0.0066, Val Loss: 0.0066 | 25.582 s
Epoch: 288/1000, Train Loss: 0.0066, Val Loss: 0.0066 | 26.125 s
Epoch: 289/1000, Train Loss: 0.0066, Val Loss: 0.0066 | 23.591 s
Epoch: 290/1000, Train Loss: 0.0066, Val Loss: 0.0066 | 23.886 s
Epoch: 291/1000, Train Loss: 0.0067, Val Loss: 0.0067 | 25.368 s
Epoch: 292/1000, Train Loss: 0.0066, Val Loss: 0.0067 | 24.236 s
Epoch: 293/1000, Train Loss: 0.0066, Val Loss: 0.0066 | 24.106 s
Epoch: 294/1000, Train Loss: 0.0066, Val Loss: 0.0065 | 24.879 s
Epoch: 295/1000, Train Loss: 0.0066, Val Loss: 0.0065 | 24.088 s
Epoch: 296/1000, Train Loss: 0.0066, Val Loss: 0.0066 | 25.142 s
Epoch: 297/1000, Train Loss: 0.0066, Val Loss: 0.0067 | 25.126 s
Epoch: 298/1000, Train Loss: 0.0066, Val Loss: 0.0067 | 23.533 s
Epoch: 299/1000, Train Loss: 0.0066, Val Loss: 0.0068 | 24.602 s
Epoch: 300/1000, Train Loss: 0.0066, Val Loss: 0.0065 | 25.159 s
Epoch: 301/1000, Train Loss: 0.0066, Val Loss: 0.0065 | 23.997 s
Epoch: 302/1000, Train Loss: 0.0066, Val Loss: 0.0066 | 24.384 s
Epoch: 303/1000, Train Loss: 0.0066, Val Loss: 0.0065 | 24.794 s
Epoch: 304/1000, Train Loss: 0.0066, Val Loss: 0.0065 | 23.000 s
Epoch: 305/1000, Train Loss: 0.0066, Val Loss: 0.0065 | 22.612 s
Epoch: 306/1000, Train Loss: 0.0066, Val Loss: 0.0066 | 25.610 s
Epoch: 307/1000, Train Loss: 0.0065, Val Loss: 0.0066 | 24.096 s
Epoch: 308/1000, Train Loss: 0.0065, Val Loss: 0.0066 | 25.401 s
Epoch: 309/1000, Train Loss: 0.0065, Val Loss: 0.0065 | 25.474 s
Epoch: 310/1000, Train Loss: 0.0065, Val Loss: 0.0066 | 24.944 s
Epoch: 311/1000, Train Loss: 0.0065, Val Loss: 0.0065 | 23.261 s
Epoch: 312/1000, Train Loss: 0.0065, Val Loss: 0.0065 | 23.184 s
Epoch: 313/1000, Train Loss: 0.0066, Val Loss: 0.0065 | 23.838 s
Epoch: 314/1000, Train Loss: 0.0065, Val Loss: 0.0067 | 23.492 s
Epoch: 315/1000, Train Loss: 0.0065, Val Loss: 0.0065 | 26.715 s
Epoch: 316/1000, Train Loss: 0.0065, Val Loss: 0.0064 | 25.938 s
Epoch: 317/1000, Train Loss: 0.0065, Val Loss: 0.0065 | 25.336 s
Epoch: 318/1000, Train Loss: 0.0065, Val Loss: 0.0064 | 24.406 s
Epoch: 319/1000, Train Loss: 0.0065, Val Loss: 0.0065 | 26.622 s
Epoch: 320/1000, Train Loss: 0.0065, Val Loss: 0.0065 | 24.725 s
Epoch: 321/1000, Train Loss: 0.0065, Val Loss: 0.0065 | 24.107 s
Epoch: 322/1000, Train Loss: 0.0065, Val Loss: 0.0065 | 25.004 s
Epoch: 323/1000, Train Loss: 0.0065, Val Loss: 0.0064 | 23.917 s
Epoch: 324/1000, Train Loss: 0.0065, Val Loss: 0.0064 | 24.783 s
Epoch: 325/1000, Train Loss: 0.0064, Val Loss: 0.0065 | 25.029 s
Epoch: 326/1000, Train Loss: 0.0065, Val Loss: 0.0065 | 26.491 s
Epoch: 327/1000, Train Loss: 0.0064, Val Loss: 0.0064 | 25.122 s
Epoch: 328/1000, Train Loss: 0.0064, Val Loss: 0.0064 | 24.652 s
Epoch: 329/1000, Train Loss: 0.0065, Val Loss: 0.0064 | 24.239 s
Epoch: 330/1000, Train Loss: 0.0065, Val Loss: 0.0068 | 25.718 s
Epoch: 331/1000, Train Loss: 0.0064, Val Loss: 0.0067 | 25.151 s
Epoch: 332/1000, Train Loss: 0.0064, Val Loss: 0.0064 | 24.936 s
Epoch: 333/1000, Train Loss: 0.0064, Val Loss: 0.0064 | 24.126 s
Epoch: 334/1000, Train Loss: 0.0065, Val Loss: 0.0064 | 24.977 s
Epoch: 335/1000, Train Loss: 0.0064, Val Loss: 0.0064 | 25.547 s
Epoch: 336/1000, Train Loss: 0.0064, Val Loss: 0.0064 | 23.949 s
Epoch: 337/1000, Train Loss: 0.0064, Val Loss: 0.0064 | 24.158 s
Epoch: 338/1000, Train Loss: 0.0064, Val Loss: 0.0064 | 24.935 s
Epoch: 339/1000, Train Loss: 0.0064, Val Loss: 0.0064 | 23.078 s
Epoch: 340/1000, Train Loss: 0.0064, Val Loss: 0.0064 | 25.096 s
Epoch: 341/1000, Train Loss: 0.0064, Val Loss: 0.0063 | 25.393 s
Epoch: 342/1000, Train Loss: 0.0064, Val Loss: 0.0063 | 24.562 s
Epoch: 343/1000, Train Loss: 0.0064, Val Loss: 0.0064 | 23.243 s
Epoch: 344/1000, Train Loss: 0.0064, Val Loss: 0.0063 | 24.980 s
Epoch: 345/1000, Train Loss: 0.0064, Val Loss: 0.0063 | 24.692 s
Epoch: 346/1000, Train Loss: 0.0063, Val Loss: 0.0063 | 23.763 s
Epoch: 347/1000, Train Loss: 0.0064, Val Loss: 0.0063 | 23.892 s
Epoch: 348/1000, Train Loss: 0.0064, Val Loss: 0.0063 | 22.550 s
Epoch: 349/1000, Train Loss: 0.0063, Val Loss: 0.0065 | 22.776 s
Epoch: 350/1000, Train Loss: 0.0064, Val Loss: 0.0063 | 24.977 s
Epoch: 351/1000, Train Loss: 0.0063, Val Loss: 0.0064 | 25.293 s
Epoch: 352/1000, Train Loss: 0.0063, Val Loss: 0.0063 | 25.661 s
Epoch: 353/1000, Train Loss: 0.0064, Val Loss: 0.0063 | 24.961 s
Epoch: 354/1000, Train Loss: 0.0063, Val Loss: 0.0063 | 24.674 s
Epoch: 355/1000, Train Loss: 0.0064, Val Loss: 0.0063 | 25.015 s
Epoch: 356/1000, Train Loss: 0.0063, Val Loss: 0.0063 | 24.353 s
Epoch: 357/1000, Train Loss: 0.0063, Val Loss: 0.0063 | 24.561 s
Epoch: 358/1000, Train Loss: 0.0063, Val Loss: 0.0063 | 26.584 s
Epoch: 359/1000, Train Loss: 0.0063, Val Loss: 0.0064 | 23.331 s
Epoch: 360/1000, Train Loss: 0.0063, Val Loss: 0.0069 | 25.446 s
Epoch: 361/1000, Train Loss: 0.0064, Val Loss: 0.0063 | 26.559 s
Epoch: 362/1000, Train Loss: 0.0062, Val Loss: 0.0062 | 25.309 s
Epoch: 363/1000, Train Loss: 0.0063, Val Loss: 0.0063 | 25.849 s
Epoch: 364/1000, Train Loss: 0.0063, Val Loss: 0.0062 | 24.058 s
Epoch: 365/1000, Train Loss: 0.0063, Val Loss: 0.0062 | 25.256 s
Epoch: 366/1000, Train Loss: 0.0063, Val Loss: 0.0066 | 23.950 s
Epoch: 367/1000, Train Loss: 0.0063, Val Loss: 0.0062 | 24.705 s
Epoch: 368/1000, Train Loss: 0.0063, Val Loss: 0.0062 | 24.479 s
Epoch: 369/1000, Train Loss: 0.0062, Val Loss: 0.0065 | 23.370 s
Epoch: 370/1000, Train Loss: 0.0063, Val Loss: 0.0063 | 23.276 s
Epoch: 371/1000, Train Loss: 0.0063, Val Loss: 0.0062 | 26.154 s
Epoch: 372/1000, Train Loss: 0.0063, Val Loss: 0.0062 | 23.660 s
Epoch: 373/1000, Train Loss: 0.0063, Val Loss: 0.0062 | 25.937 s
Epoch: 374/1000, Train Loss: 0.0062, Val Loss: 0.0064 | 25.515 s
Epoch: 375/1000, Train Loss: 0.0062, Val Loss: 0.0062 | 23.838 s
Epoch: 376/1000, Train Loss: 0.0063, Val Loss: 0.0062 | 23.744 s
Epoch: 377/1000, Train Loss: 0.0063, Val Loss: 0.0062 | 25.467 s
Epoch: 378/1000, Train Loss: 0.0062, Val Loss: 0.0062 | 25.328 s
Epoch: 379/1000, Train Loss: 0.0062, Val Loss: 0.0062 | 23.727 s
Epoch: 380/1000, Train Loss: 0.0062, Val Loss: 0.0062 | 24.823 s
Epoch: 381/1000, Train Loss: 0.0062, Val Loss: 0.0066 | 25.924 s
Epoch: 382/1000, Train Loss: 0.0062, Val Loss: 0.0062 | 25.592 s
Epoch: 383/1000, Train Loss: 0.0062, Val Loss: 0.0062 | 23.443 s
Epoch: 384/1000, Train Loss: 0.0062, Val Loss: 0.0063 | 24.731 s
Epoch: 385/1000, Train Loss: 0.0062, Val Loss: 0.0061 | 25.689 s
Epoch: 386/1000, Train Loss: 0.0062, Val Loss: 0.0061 | 24.607 s
Epoch: 387/1000, Train Loss: 0.0061, Val Loss: 0.0062 | 24.734 s
Epoch: 388/1000, Train Loss: 0.0062, Val Loss: 0.0062 | 26.147 s
Epoch: 389/1000, Train Loss: 0.0061, Val Loss: 0.0061 | 22.877 s
Epoch: 390/1000, Train Loss: 0.0062, Val Loss: 0.0062 | 25.204 s
Epoch: 391/1000, Train Loss: 0.0062, Val Loss: 0.0061 | 24.449 s
Epoch: 392/1000, Train Loss: 0.0061, Val Loss: 0.0061 | 25.458 s
Epoch: 393/1000, Train Loss: 0.0062, Val Loss: 0.0064 | 24.755 s
Epoch: 394/1000, Train Loss: 0.0062, Val Loss: 0.0061 | 25.088 s
Epoch: 395/1000, Train Loss: 0.0061, Val Loss: 0.0061 | 24.394 s
Epoch: 396/1000, Train Loss: 0.0061, Val Loss: 0.0061 | 23.170 s
Epoch: 397/1000, Train Loss: 0.0061, Val Loss: 0.0060 | 24.311 s
Epoch: 398/1000, Train Loss: 0.0061, Val Loss: 0.0061 | 25.028 s
Epoch: 399/1000, Train Loss: 0.0061, Val Loss: 0.0061 | 24.759 s
Epoch: 400/1000, Train Loss: 0.0061, Val Loss: 0.0061 | 23.948 s
Epoch: 401/1000, Train Loss: 0.0061, Val Loss: 0.0060 | 24.025 s
Epoch: 402/1000, Train Loss: 0.0061, Val Loss: 0.0061 | 25.686 s
Epoch: 403/1000, Train Loss: 0.0061, Val Loss: 0.0063 | 24.840 s
Epoch: 404/1000, Train Loss: 0.0061, Val Loss: 0.0063 | 25.368 s
Epoch: 405/1000, Train Loss: 0.0061, Val Loss: 0.0060 | 24.602 s
Epoch: 406/1000, Train Loss: 0.0060, Val Loss: 0.0060 | 24.673 s
Epoch: 407/1000, Train Loss: 0.0061, Val Loss: 0.0060 | 24.903 s
Epoch: 408/1000, Train Loss: 0.0060, Val Loss: 0.0060 | 24.869 s
Epoch: 409/1000, Train Loss: 0.0061, Val Loss: 0.0061 | 24.508 s
Epoch: 410/1000, Train Loss: 0.0061, Val Loss: 0.0060 | 24.612 s
Epoch: 411/1000, Train Loss: 0.0060, Val Loss: 0.0060 | 23.940 s
Epoch: 412/1000, Train Loss: 0.0061, Val Loss: 0.0060 | 25.413 s
Epoch: 413/1000, Train Loss: 0.0061, Val Loss: 0.0060 | 25.141 s
Epoch: 414/1000, Train Loss: 0.0060, Val Loss: 0.0061 | 24.593 s
Epoch: 415/1000, Train Loss: 0.0060, Val Loss: 0.0060 | 26.122 s
Epoch: 416/1000, Train Loss: 0.0060, Val Loss: 0.0060 | 25.318 s
Epoch: 417/1000, Train Loss: 0.0060, Val Loss: 0.0060 | 24.204 s
Epoch: 418/1000, Train Loss: 0.0060, Val Loss: 0.0059 | 24.708 s
Epoch: 419/1000, Train Loss: 0.0059, Val Loss: 0.0059 | 25.871 s
Epoch: 420/1000, Train Loss: 0.0060, Val Loss: 0.0060 | 24.877 s
Epoch: 421/1000, Train Loss: 0.0060, Val Loss: 0.0060 | 26.273 s
Epoch: 422/1000, Train Loss: 0.0060, Val Loss: 0.0060 | 26.226 s
Epoch: 423/1000, Train Loss: 0.0060, Val Loss: 0.0060 | 24.449 s
Epoch: 424/1000, Train Loss: 0.0060, Val Loss: 0.0059 | 24.781 s
Epoch: 425/1000, Train Loss: 0.0060, Val Loss: 0.0059 | 25.529 s
Epoch: 426/1000, Train Loss: 0.0059, Val Loss: 0.0060 | 24.875 s
Epoch: 427/1000, Train Loss: 0.0060, Val Loss: 0.0059 | 23.881 s
Epoch: 428/1000, Train Loss: 0.0059, Val Loss: 0.0060 | 25.100 s
Epoch: 429/1000, Train Loss: 0.0060, Val Loss: 0.0061 | 23.900 s
Epoch: 430/1000, Train Loss: 0.0060, Val Loss: 0.0059 | 24.259 s
Epoch: 431/1000, Train Loss: 0.0060, Val Loss: 0.0063 | 25.481 s
Epoch: 432/1000, Train Loss: 0.0060, Val Loss: 0.0059 | 24.629 s
Epoch: 433/1000, Train Loss: 0.0059, Val Loss: 0.0058 | 24.964 s
Epoch: 434/1000, Train Loss: 0.0060, Val Loss: 0.0060 | 24.127 s
Epoch: 435/1000, Train Loss: 0.0059, Val Loss: 0.0060 | 24.458 s
Epoch: 436/1000, Train Loss: 0.0059, Val Loss: 0.0059 | 24.529 s
Epoch: 437/1000, Train Loss: 0.0059, Val Loss: 0.0058 | 24.549 s
Epoch: 438/1000, Train Loss: 0.0058, Val Loss: 0.0058 | 25.065 s
Epoch: 439/1000, Train Loss: 0.0059, Val Loss: 0.0061 | 24.701 s
Epoch: 440/1000, Train Loss: 0.0058, Val Loss: 0.0058 | 24.594 s
Epoch: 441/1000, Train Loss: 0.0059, Val Loss: 0.0059 | 24.147 s
Epoch: 442/1000, Train Loss: 0.0058, Val Loss: 0.0058 | 24.145 s
Epoch: 443/1000, Train Loss: 0.0058, Val Loss: 0.0061 | 24.399 s
Epoch: 444/1000, Train Loss: 0.0059, Val Loss: 0.0058 | 25.080 s
Epoch: 445/1000, Train Loss: 0.0058, Val Loss: 0.0058 | 24.223 s
Epoch: 446/1000, Train Loss: 0.0058, Val Loss: 0.0058 | 24.668 s
Epoch: 447/1000, Train Loss: 0.0058, Val Loss: 0.0058 | 24.275 s
Epoch: 448/1000, Train Loss: 0.0059, Val Loss: 0.0058 | 26.103 s
Epoch: 449/1000, Train Loss: 0.0058, Val Loss: 0.0057 | 26.741 s
Epoch: 450/1000, Train Loss: 0.0058, Val Loss: 0.0059 | 23.221 s
Epoch: 451/1000, Train Loss: 0.0058, Val Loss: 0.0060 | 23.380 s
Epoch: 452/1000, Train Loss: 0.0058, Val Loss: 0.0062 | 23.018 s
Epoch: 453/1000, Train Loss: 0.0058, Val Loss: 0.0059 | 24.766 s
Epoch: 454/1000, Train Loss: 0.0058, Val Loss: 0.0059 | 24.561 s
Epoch: 455/1000, Train Loss: 0.0058, Val Loss: 0.0058 | 24.003 s
Epoch: 456/1000, Train Loss: 0.0058, Val Loss: 0.0057 | 24.600 s
Epoch: 457/1000, Train Loss: 0.0058, Val Loss: 0.0058 | 25.565 s
Epoch: 458/1000, Train Loss: 0.0057, Val Loss: 0.0057 | 24.484 s
Epoch: 459/1000, Train Loss: 0.0058, Val Loss: 0.0057 | 24.888 s
Epoch: 460/1000, Train Loss: 0.0057, Val Loss: 0.0057 | 23.599 s
Epoch: 461/1000, Train Loss: 0.0058, Val Loss: 0.0057 | 25.362 s
Epoch: 462/1000, Train Loss: 0.0057, Val Loss: 0.0057 | 23.907 s
Epoch: 463/1000, Train Loss: 0.0057, Val Loss: 0.0059 | 23.906 s
Epoch: 464/1000, Train Loss: 0.0057, Val Loss: 0.0056 | 24.493 s
Epoch: 465/1000, Train Loss: 0.0057, Val Loss: 0.0058 | 23.872 s
Epoch: 466/1000, Train Loss: 0.0057, Val Loss: 0.0056 | 25.097 s
Epoch: 467/1000, Train Loss: 0.0057, Val Loss: 0.0056 | 24.971 s
Epoch: 468/1000, Train Loss: 0.0057, Val Loss: 0.0056 | 24.294 s
Epoch: 469/1000, Train Loss: 0.0058, Val Loss: 0.0056 | 23.346 s
Epoch: 470/1000, Train Loss: 0.0056, Val Loss: 0.0056 | 26.081 s
Epoch: 471/1000, Train Loss: 0.0057, Val Loss: 0.0056 | 26.281 s
Epoch: 472/1000, Train Loss: 0.0057, Val Loss: 0.0057 | 25.916 s
Epoch: 473/1000, Train Loss: 0.0057, Val Loss: 0.0056 | 23.145 s
Epoch: 474/1000, Train Loss: 0.0057, Val Loss: 0.0060 | 24.642 s
Epoch: 475/1000, Train Loss: 0.0056, Val Loss: 0.0056 | 24.267 s
Epoch: 476/1000, Train Loss: 0.0056, Val Loss: 0.0058 | 23.639 s
Epoch: 477/1000, Train Loss: 0.0056, Val Loss: 0.0056 | 24.942 s
Epoch: 478/1000, Train Loss: 0.0056, Val Loss: 0.0056 | 24.922 s
Epoch: 479/1000, Train Loss: 0.0056, Val Loss: 0.0056 | 24.324 s
Epoch: 480/1000, Train Loss: 0.0056, Val Loss: 0.0061 | 24.437 s
Epoch: 481/1000, Train Loss: 0.0056, Val Loss: 0.0056 | 24.604 s
Epoch: 482/1000, Train Loss: 0.0056, Val Loss: 0.0056 | 23.619 s
Epoch: 483/1000, Train Loss: 0.0056, Val Loss: 0.0060 | 24.070 s
Epoch: 484/1000, Train Loss: 0.0056, Val Loss: 0.0055 | 25.488 s
Epoch: 485/1000, Train Loss: 0.0055, Val Loss: 0.0055 | 23.848 s
Epoch: 486/1000, Train Loss: 0.0055, Val Loss: 0.0055 | 24.978 s
Epoch: 487/1000, Train Loss: 0.0055, Val Loss: 0.0057 | 25.271 s
Epoch: 488/1000, Train Loss: 0.0056, Val Loss: 0.0055 | 25.833 s
Epoch: 489/1000, Train Loss: 0.0055, Val Loss: 0.0055 | 25.560 s
Epoch: 490/1000, Train Loss: 0.0055, Val Loss: 0.0055 | 24.094 s
Epoch: 491/1000, Train Loss: 0.0055, Val Loss: 0.0054 | 23.269 s
Epoch: 492/1000, Train Loss: 0.0055, Val Loss: 0.0054 | 25.651 s
Epoch: 493/1000, Train Loss: 0.0055, Val Loss: 0.0055 | 24.196 s
Epoch: 494/1000, Train Loss: 0.0055, Val Loss: 0.0057 | 24.755 s
Epoch: 495/1000, Train Loss: 0.0055, Val Loss: 0.0055 | 24.940 s
Epoch: 496/1000, Train Loss: 0.0055, Val Loss: 0.0055 | 23.927 s
Epoch: 497/1000, Train Loss: 0.0055, Val Loss: 0.0054 | 23.529 s
Epoch: 498/1000, Train Loss: 0.0054, Val Loss: 0.0054 | 24.513 s
Epoch: 499/1000, Train Loss: 0.0054, Val Loss: 0.0055 | 24.177 s
Epoch: 500/1000, Train Loss: 0.0055, Val Loss: 0.0054 | 24.941 s
Epoch: 501/1000, Train Loss: 0.0054, Val Loss: 0.0055 | 24.234 s
Epoch: 502/1000, Train Loss: 0.0054, Val Loss: 0.0055 | 24.289 s
Epoch: 503/1000, Train Loss: 0.0054, Val Loss: 0.0054 | 23.784 s
Epoch: 504/1000, Train Loss: 0.0055, Val Loss: 0.0053 | 25.003 s
Epoch: 505/1000, Train Loss: 0.0055, Val Loss: 0.0054 | 24.719 s
Epoch: 506/1000, Train Loss: 0.0054, Val Loss: 0.0053 | 25.489 s
Epoch: 507/1000, Train Loss: 0.0054, Val Loss: 0.0056 | 23.844 s
Epoch: 508/1000, Train Loss: 0.0054, Val Loss: 0.0053 | 23.851 s
Epoch: 509/1000, Train Loss: 0.0054, Val Loss: 0.0053 | 23.105 s
Epoch: 510/1000, Train Loss: 0.0054, Val Loss: 0.0055 | 25.642 s
Epoch: 511/1000, Train Loss: 0.0054, Val Loss: 0.0054 | 25.612 s
Epoch: 512/1000, Train Loss: 0.0053, Val Loss: 0.0053 | 25.652 s
Epoch: 513/1000, Train Loss: 0.0053, Val Loss: 0.0054 | 24.552 s
Epoch: 514/1000, Train Loss: 0.0053, Val Loss: 0.0056 | 25.191 s
Epoch: 515/1000, Train Loss: 0.0053, Val Loss: 0.0054 | 26.069 s
Epoch: 516/1000, Train Loss: 0.0053, Val Loss: 0.0053 | 24.473 s
Epoch: 517/1000, Train Loss: 0.0054, Val Loss: 0.0052 | 23.969 s
Epoch: 518/1000, Train Loss: 0.0053, Val Loss: 0.0053 | 23.092 s
Epoch: 519/1000, Train Loss: 0.0053, Val Loss: 0.0053 | 25.345 s
Epoch: 520/1000, Train Loss: 0.0053, Val Loss: 0.0053 | 25.656 s
Epoch: 521/1000, Train Loss: 0.0053, Val Loss: 0.0053 | 25.066 s
Epoch: 522/1000, Train Loss: 0.0053, Val Loss: 0.0052 | 23.430 s
Epoch: 523/1000, Train Loss: 0.0053, Val Loss: 0.0052 | 23.952 s
Epoch: 524/1000, Train Loss: 0.0053, Val Loss: 0.0056 | 23.592 s
Epoch: 525/1000, Train Loss: 0.0053, Val Loss: 0.0058 | 23.450 s
Epoch: 526/1000, Train Loss: 0.0054, Val Loss: 0.0052 | 25.271 s
Epoch: 527/1000, Train Loss: 0.0053, Val Loss: 0.0053 | 24.463 s
Epoch: 528/1000, Train Loss: 0.0053, Val Loss: 0.0053 | 24.336 s
Epoch: 529/1000, Train Loss: 0.0052, Val Loss: 0.0057 | 23.160 s
Epoch: 530/1000, Train Loss: 0.0052, Val Loss: 0.0051 | 24.859 s
Epoch: 531/1000, Train Loss: 0.0052, Val Loss: 0.0052 | 22.189 s
Epoch: 532/1000, Train Loss: 0.0052, Val Loss: 0.0051 | 23.619 s
Epoch: 533/1000, Train Loss: 0.0052, Val Loss: 0.0052 | 25.718 s
Epoch: 534/1000, Train Loss: 0.0052, Val Loss: 0.0051 | 25.617 s
Epoch: 535/1000, Train Loss: 0.0051, Val Loss: 0.0051 | 25.638 s
Epoch: 536/1000, Train Loss: 0.0052, Val Loss: 0.0051 | 24.483 s
Epoch: 537/1000, Train Loss: 0.0052, Val Loss: 0.0051 | 24.627 s
Epoch: 538/1000, Train Loss: 0.0051, Val Loss: 0.0051 | 25.773 s
Epoch: 539/1000, Train Loss: 0.0052, Val Loss: 0.0051 | 24.785 s
Epoch: 540/1000, Train Loss: 0.0051, Val Loss: 0.0051 | 25.575 s
Epoch: 541/1000, Train Loss: 0.0051, Val Loss: 0.0052 | 24.850 s
Epoch: 542/1000, Train Loss: 0.0051, Val Loss: 0.0051 | 24.466 s
Epoch: 543/1000, Train Loss: 0.0051, Val Loss: 0.0051 | 24.735 s
Epoch: 544/1000, Train Loss: 0.0051, Val Loss: 0.0050 | 24.570 s
Epoch: 545/1000, Train Loss: 0.0051, Val Loss: 0.0051 | 23.291 s
Epoch: 546/1000, Train Loss: 0.0051, Val Loss: 0.0050 | 25.088 s
Epoch: 547/1000, Train Loss: 0.0051, Val Loss: 0.0050 | 23.283 s
Epoch: 548/1000, Train Loss: 0.0051, Val Loss: 0.0053 | 24.238 s
Epoch: 549/1000, Train Loss: 0.0050, Val Loss: 0.0050 | 24.298 s
Epoch: 550/1000, Train Loss: 0.0050, Val Loss: 0.0050 | 22.483 s
Epoch: 551/1000, Train Loss: 0.0050, Val Loss: 0.0050 | 24.438 s
Epoch: 552/1000, Train Loss: 0.0050, Val Loss: 0.0053 | 24.094 s
Epoch: 553/1000, Train Loss: 0.0050, Val Loss: 0.0049 | 23.819 s
Epoch: 554/1000, Train Loss: 0.0050, Val Loss: 0.0049 | 24.768 s
Epoch: 555/1000, Train Loss: 0.0052, Val Loss: 0.0050 | 24.111 s
Epoch: 556/1000, Train Loss: 0.0049, Val Loss: 0.0050 | 23.292 s
Epoch: 557/1000, Train Loss: 0.0050, Val Loss: 0.0049 | 25.638 s
Epoch: 558/1000, Train Loss: 0.0049, Val Loss: 0.0049 | 23.723 s
Epoch: 559/1000, Train Loss: 0.0049, Val Loss: 0.0050 | 23.073 s
Epoch: 560/1000, Train Loss: 0.0049, Val Loss: 0.0049 | 24.516 s
Epoch: 561/1000, Train Loss: 0.0050, Val Loss: 0.0049 | 23.847 s
Epoch: 562/1000, Train Loss: 0.0049, Val Loss: 0.0048 | 24.303 s
Epoch: 563/1000, Train Loss: 0.0049, Val Loss: 0.0049 | 24.076 s
Epoch: 564/1000, Train Loss: 0.0049, Val Loss: 0.0049 | 21.836 s
Epoch: 565/1000, Train Loss: 0.0049, Val Loss: 0.0049 | 25.204 s
Epoch: 566/1000, Train Loss: 0.0049, Val Loss: 0.0049 | 23.010 s
Epoch: 567/1000, Train Loss: 0.0049, Val Loss: 0.0049 | 25.920 s
Epoch: 568/1000, Train Loss: 0.0049, Val Loss: 0.0049 | 22.405 s
Epoch: 569/1000, Train Loss: 0.0048, Val Loss: 0.0048 | 24.174 s
Epoch: 570/1000, Train Loss: 0.0049, Val Loss: 0.0048 | 23.293 s
Epoch: 571/1000, Train Loss: 0.0048, Val Loss: 0.0049 | 25.321 s
Epoch: 572/1000, Train Loss: 0.0048, Val Loss: 0.0049 | 24.331 s
Epoch: 573/1000, Train Loss: 0.0048, Val Loss: 0.0048 | 23.984 s
Epoch: 574/1000, Train Loss: 0.0048, Val Loss: 0.0048 | 24.555 s
Epoch: 575/1000, Train Loss: 0.0049, Val Loss: 0.0048 | 25.281 s
Epoch: 576/1000, Train Loss: 0.0048, Val Loss: 0.0047 | 23.993 s
Epoch: 577/1000, Train Loss: 0.0047, Val Loss: 0.0047 | 25.141 s
Epoch: 578/1000, Train Loss: 0.0047, Val Loss: 0.0047 | 23.849 s
Epoch: 579/1000, Train Loss: 0.0048, Val Loss: 0.0047 | 25.252 s
Epoch: 580/1000, Train Loss: 0.0047, Val Loss: 0.0050 | 25.331 s
Epoch: 581/1000, Train Loss: 0.0047, Val Loss: 0.0048 | 24.783 s
Epoch: 582/1000, Train Loss: 0.0047, Val Loss: 0.0047 | 24.482 s
Epoch: 583/1000, Train Loss: 0.0048, Val Loss: 0.0046 | 25.879 s
Epoch: 584/1000, Train Loss: 0.0047, Val Loss: 0.0046 | 24.726 s
Epoch: 585/1000, Train Loss: 0.0047, Val Loss: 0.0047 | 25.283 s
Epoch: 586/1000, Train Loss: 0.0047, Val Loss: 0.0046 | 25.519 s
Epoch: 587/1000, Train Loss: 0.0047, Val Loss: 0.0046 | 23.549 s
Epoch: 588/1000, Train Loss: 0.0046, Val Loss: 0.0046 | 25.862 s
Epoch: 589/1000, Train Loss: 0.0046, Val Loss: 0.0048 | 23.690 s
Epoch: 590/1000, Train Loss: 0.0046, Val Loss: 0.0046 | 22.857 s
Epoch: 591/1000, Train Loss: 0.0046, Val Loss: 0.0045 | 25.136 s
Epoch: 592/1000, Train Loss: 0.0046, Val Loss: 0.0045 | 24.953 s
Epoch: 593/1000, Train Loss: 0.0047, Val Loss: 0.0046 | 24.316 s
Epoch: 594/1000, Train Loss: 0.0046, Val Loss: 0.0045 | 22.511 s
Epoch: 595/1000, Train Loss: 0.0046, Val Loss: 0.0045 | 24.904 s
Epoch: 596/1000, Train Loss: 0.0046, Val Loss: 0.0045 | 24.782 s
Epoch: 597/1000, Train Loss: 0.0046, Val Loss: 0.0045 | 27.112 s
Epoch: 598/1000, Train Loss: 0.0045, Val Loss: 0.0045 | 26.048 s
Epoch: 599/1000, Train Loss: 0.0046, Val Loss: 0.0046 | 25.070 s
Epoch: 600/1000, Train Loss: 0.0045, Val Loss: 0.0046 | 25.626 s
Epoch: 601/1000, Train Loss: 0.0045, Val Loss: 0.0045 | 23.584 s
Epoch: 602/1000, Train Loss: 0.0046, Val Loss: 0.0047 | 25.391 s
Epoch: 603/1000, Train Loss: 0.0045, Val Loss: 0.0044 | 24.920 s
Epoch: 604/1000, Train Loss: 0.0045, Val Loss: 0.0045 | 24.902 s
Epoch: 605/1000, Train Loss: 0.0045, Val Loss: 0.0047 | 24.387 s
Epoch: 606/1000, Train Loss: 0.0045, Val Loss: 0.0044 | 25.260 s
Epoch: 607/1000, Train Loss: 0.0044, Val Loss: 0.0044 | 26.375 s
Epoch: 608/1000, Train Loss: 0.0044, Val Loss: 0.0046 | 24.433 s
Epoch: 609/1000, Train Loss: 0.0044, Val Loss: 0.0045 | 24.806 s
Epoch: 610/1000, Train Loss: 0.0044, Val Loss: 0.0044 | 26.524 s
Epoch: 611/1000, Train Loss: 0.0044, Val Loss: 0.0043 | 24.406 s
Epoch: 612/1000, Train Loss: 0.0044, Val Loss: 0.0043 | 24.775 s
Epoch: 613/1000, Train Loss: 0.0043, Val Loss: 0.0044 | 23.992 s
Epoch: 614/1000, Train Loss: 0.0044, Val Loss: 0.0047 | 23.914 s
Epoch: 615/1000, Train Loss: 0.0044, Val Loss: 0.0043 | 24.138 s
Epoch: 616/1000, Train Loss: 0.0043, Val Loss: 0.0044 | 24.729 s
Epoch: 617/1000, Train Loss: 0.0043, Val Loss: 0.0047 | 24.456 s
Epoch: 618/1000, Train Loss: 0.0043, Val Loss: 0.0047 | 23.337 s
Epoch: 619/1000, Train Loss: 0.0043, Val Loss: 0.0042 | 23.717 s
Epoch: 620/1000, Train Loss: 0.0043, Val Loss: 0.0043 | 23.693 s
Epoch: 621/1000, Train Loss: 0.0043, Val Loss: 0.0042 | 23.741 s
Epoch: 622/1000, Train Loss: 0.0043, Val Loss: 0.0043 | 25.806 s
Epoch: 623/1000, Train Loss: 0.0043, Val Loss: 0.0043 | 25.153 s
Epoch: 624/1000, Train Loss: 0.0043, Val Loss: 0.0043 | 26.167 s
Epoch: 625/1000, Train Loss: 0.0042, Val Loss: 0.0043 | 25.060 s
Epoch: 626/1000, Train Loss: 0.0042, Val Loss: 0.0041 | 24.503 s
Epoch: 627/1000, Train Loss: 0.0042, Val Loss: 0.0042 | 23.826 s
Epoch: 628/1000, Train Loss: 0.0042, Val Loss: 0.0042 | 24.085 s
Epoch: 629/1000, Train Loss: 0.0042, Val Loss: 0.0041 | 24.200 s
Epoch: 630/1000, Train Loss: 0.0042, Val Loss: 0.0042 | 25.627 s
Epoch: 631/1000, Train Loss: 0.0042, Val Loss: 0.0041 | 24.148 s
Epoch: 632/1000, Train Loss: 0.0042, Val Loss: 0.0043 | 23.058 s
Epoch: 633/1000, Train Loss: 0.0042, Val Loss: 0.0041 | 23.694 s
Epoch: 634/1000, Train Loss: 0.0041, Val Loss: 0.0041 | 24.456 s
Epoch: 635/1000, Train Loss: 0.0041, Val Loss: 0.0041 | 25.649 s
Epoch: 636/1000, Train Loss: 0.0041, Val Loss: 0.0042 | 24.410 s
Epoch: 637/1000, Train Loss: 0.0041, Val Loss: 0.0041 | 25.840 s
Epoch: 638/1000, Train Loss: 0.0041, Val Loss: 0.0040 | 25.119 s
Epoch: 639/1000, Train Loss: 0.0041, Val Loss: 0.0044 | 24.604 s
Epoch: 640/1000, Train Loss: 0.0041, Val Loss: 0.0040 | 25.101 s
Epoch: 641/1000, Train Loss: 0.0040, Val Loss: 0.0040 | 24.919 s
Epoch: 642/1000, Train Loss: 0.0040, Val Loss: 0.0040 | 24.969 s
Epoch: 643/1000, Train Loss: 0.0040, Val Loss: 0.0039 | 24.879 s
Epoch: 644/1000, Train Loss: 0.0040, Val Loss: 0.0040 | 24.211 s
Epoch: 645/1000, Train Loss: 0.0040, Val Loss: 0.0039 | 22.336 s
Epoch: 646/1000, Train Loss: 0.0040, Val Loss: 0.0040 | 25.635 s
Epoch: 647/1000, Train Loss: 0.0040, Val Loss: 0.0041 | 24.155 s
Epoch: 648/1000, Train Loss: 0.0040, Val Loss: 0.0039 | 24.346 s
Epoch: 649/1000, Train Loss: 0.0039, Val Loss: 0.0039 | 23.896 s
Epoch: 650/1000, Train Loss: 0.0039, Val Loss: 0.0038 | 23.995 s
Epoch: 651/1000, Train Loss: 0.0039, Val Loss: 0.0039 | 24.456 s
Epoch: 652/1000, Train Loss: 0.0039, Val Loss: 0.0039 | 25.159 s
Epoch: 653/1000, Train Loss: 0.0039, Val Loss: 0.0038 | 24.551 s
Epoch: 654/1000, Train Loss: 0.0039, Val Loss: 0.0040 | 23.492 s
Epoch: 655/1000, Train Loss: 0.0039, Val Loss: 0.0038 | 25.440 s
Epoch: 656/1000, Train Loss: 0.0039, Val Loss: 0.0040 | 24.503 s
Epoch: 657/1000, Train Loss: 0.0038, Val Loss: 0.0038 | 25.694 s
Epoch: 658/1000, Train Loss: 0.0039, Val Loss: 0.0037 | 23.949 s
Epoch: 659/1000, Train Loss: 0.0038, Val Loss: 0.0038 | 24.137 s
Epoch: 660/1000, Train Loss: 0.0038, Val Loss: 0.0037 | 24.492 s
Epoch: 661/1000, Train Loss: 0.0038, Val Loss: 0.0039 | 25.246 s
Epoch: 662/1000, Train Loss: 0.0038, Val Loss: 0.0038 | 23.763 s
Epoch: 663/1000, Train Loss: 0.0038, Val Loss: 0.0037 | 24.736 s
Epoch: 664/1000, Train Loss: 0.0039, Val Loss: 0.0037 | 23.638 s
Epoch: 665/1000, Train Loss: 0.0037, Val Loss: 0.0038 | 24.478 s
Epoch: 666/1000, Train Loss: 0.0038, Val Loss: 0.0036 | 24.590 s
Epoch: 667/1000, Train Loss: 0.0037, Val Loss: 0.0039 | 23.433 s
Epoch: 668/1000, Train Loss: 0.0037, Val Loss: 0.0036 | 24.721 s
Epoch: 669/1000, Train Loss: 0.0037, Val Loss: 0.0038 | 25.126 s
Epoch: 670/1000, Train Loss: 0.0036, Val Loss: 0.0036 | 25.261 s
Epoch: 671/1000, Train Loss: 0.0036, Val Loss: 0.0036 | 23.639 s
Epoch: 672/1000, Train Loss: 0.0036, Val Loss: 0.0036 | 24.167 s
Epoch: 673/1000, Train Loss: 0.0036, Val Loss: 0.0035 | 24.932 s
Epoch: 674/1000, Train Loss: 0.0037, Val Loss: 0.0036 | 25.017 s
Epoch: 675/1000, Train Loss: 0.0036, Val Loss: 0.0035 | 24.375 s
Epoch: 676/1000, Train Loss: 0.0036, Val Loss: 0.0035 | 24.478 s
Epoch: 677/1000, Train Loss: 0.0036, Val Loss: 0.0035 | 22.577 s
Epoch: 678/1000, Train Loss: 0.0036, Val Loss: 0.0035 | 25.610 s
Epoch: 679/1000, Train Loss: 0.0035, Val Loss: 0.0035 | 24.940 s
Epoch: 680/1000, Train Loss: 0.0036, Val Loss: 0.0036 | 23.936 s
Epoch: 681/1000, Train Loss: 0.0035, Val Loss: 0.0034 | 23.926 s
Epoch: 682/1000, Train Loss: 0.0035, Val Loss: 0.0035 | 25.425 s
Epoch: 683/1000, Train Loss: 0.0035, Val Loss: 0.0034 | 25.915 s
Epoch: 684/1000, Train Loss: 0.0035, Val Loss: 0.0036 | 25.222 s
Epoch: 685/1000, Train Loss: 0.0035, Val Loss: 0.0034 | 25.758 s
Epoch: 686/1000, Train Loss: 0.0035, Val Loss: 0.0036 | 24.717 s
Epoch: 687/1000, Train Loss: 0.0034, Val Loss: 0.0034 | 25.245 s
Epoch: 688/1000, Train Loss: 0.0034, Val Loss: 0.0033 | 24.417 s
Epoch: 689/1000, Train Loss: 0.0035, Val Loss: 0.0036 | 24.203 s
Epoch: 690/1000, Train Loss: 0.0034, Val Loss: 0.0034 | 25.237 s
Epoch: 691/1000, Train Loss: 0.0034, Val Loss: 0.0033 | 25.110 s
Epoch: 692/1000, Train Loss: 0.0033, Val Loss: 0.0033 | 24.677 s
Epoch: 693/1000, Train Loss: 0.0034, Val Loss: 0.0035 | 24.175 s
Epoch: 694/1000, Train Loss: 0.0033, Val Loss: 0.0033 | 24.850 s
Epoch: 695/1000, Train Loss: 0.0034, Val Loss: 0.0034 | 23.840 s
Epoch: 696/1000, Train Loss: 0.0033, Val Loss: 0.0032 | 23.572 s
Epoch: 697/1000, Train Loss: 0.0033, Val Loss: 0.0032 | 24.519 s
Epoch: 698/1000, Train Loss: 0.0033, Val Loss: 0.0032 | 23.387 s
Epoch: 699/1000, Train Loss: 0.0033, Val Loss: 0.0032 | 25.094 s
Epoch: 700/1000, Train Loss: 0.0032, Val Loss: 0.0032 | 25.578 s
Epoch: 701/1000, Train Loss: 0.0032, Val Loss: 0.0034 | 25.238 s
Epoch: 702/1000, Train Loss: 0.0032, Val Loss: 0.0031 | 23.754 s
Epoch: 703/1000, Train Loss: 0.0032, Val Loss: 0.0032 | 24.861 s
Epoch: 704/1000, Train Loss: 0.0032, Val Loss: 0.0033 | 24.929 s
Epoch: 705/1000, Train Loss: 0.0032, Val Loss: 0.0033 | 25.781 s
Epoch: 706/1000, Train Loss: 0.0032, Val Loss: 0.0031 | 24.159 s
Epoch: 707/1000, Train Loss: 0.0031, Val Loss: 0.0032 | 24.599 s
Epoch: 708/1000, Train Loss: 0.0032, Val Loss: 0.0031 | 24.792 s
Epoch: 709/1000, Train Loss: 0.0032, Val Loss: 0.0030 | 24.028 s
Epoch: 710/1000, Train Loss: 0.0031, Val Loss: 0.0030 | 25.337 s
Epoch: 711/1000, Train Loss: 0.0031, Val Loss: 0.0030 | 25.177 s
Epoch: 712/1000, Train Loss: 0.0031, Val Loss: 0.0030 | 25.124 s
Epoch: 713/1000, Train Loss: 0.0031, Val Loss: 0.0031 | 24.206 s
Epoch: 714/1000, Train Loss: 0.0030, Val Loss: 0.0033 | 23.732 s
Epoch: 715/1000, Train Loss: 0.0032, Val Loss: 0.0030 | 24.496 s
Epoch: 716/1000, Train Loss: 0.0030, Val Loss: 0.0030 | 25.604 s
Epoch: 717/1000, Train Loss: 0.0030, Val Loss: 0.0029 | 25.213 s
Epoch: 718/1000, Train Loss: 0.0030, Val Loss: 0.0031 | 25.502 s
Epoch: 719/1000, Train Loss: 0.0030, Val Loss: 0.0031 | 25.760 s
Epoch: 720/1000, Train Loss: 0.0030, Val Loss: 0.0029 | 22.763 s
Epoch: 721/1000, Train Loss: 0.0030, Val Loss: 0.0029 | 24.554 s
Epoch: 722/1000, Train Loss: 0.0030, Val Loss: 0.0029 | 24.964 s
Epoch: 723/1000, Train Loss: 0.0029, Val Loss: 0.0028 | 23.960 s
Epoch: 724/1000, Train Loss: 0.0029, Val Loss: 0.0028 | 24.495 s
Epoch: 725/1000, Train Loss: 0.0029, Val Loss: 0.0029 | 26.115 s
Epoch: 726/1000, Train Loss: 0.0029, Val Loss: 0.0030 | 23.804 s
Epoch: 727/1000, Train Loss: 0.0029, Val Loss: 0.0028 | 24.904 s
Epoch: 728/1000, Train Loss: 0.0029, Val Loss: 0.0028 | 25.400 s
Epoch: 729/1000, Train Loss: 0.0029, Val Loss: 0.0028 | 25.507 s
Epoch: 730/1000, Train Loss: 0.0029, Val Loss: 0.0028 | 25.702 s
Epoch: 731/1000, Train Loss: 0.0028, Val Loss: 0.0027 | 24.631 s
Epoch: 732/1000, Train Loss: 0.0028, Val Loss: 0.0027 | 22.993 s
Epoch: 733/1000, Train Loss: 0.0028, Val Loss: 0.0027 | 24.472 s
Epoch: 734/1000, Train Loss: 0.0028, Val Loss: 0.0027 | 24.409 s
Epoch: 735/1000, Train Loss: 0.0027, Val Loss: 0.0028 | 25.530 s
Epoch: 736/1000, Train Loss: 0.0027, Val Loss: 0.0027 | 25.660 s
Epoch: 737/1000, Train Loss: 0.0028, Val Loss: 0.0030 | 25.917 s
Epoch: 738/1000, Train Loss: 0.0027, Val Loss: 0.0027 | 24.979 s
Epoch: 739/1000, Train Loss: 0.0027, Val Loss: 0.0027 | 24.322 s
Epoch: 740/1000, Train Loss: 0.0027, Val Loss: 0.0027 | 23.464 s
Epoch: 741/1000, Train Loss: 0.0027, Val Loss: 0.0026 | 24.199 s
Epoch: 742/1000, Train Loss: 0.0026, Val Loss: 0.0027 | 24.050 s
Epoch: 743/1000, Train Loss: 0.0026, Val Loss: 0.0026 | 25.031 s
Epoch: 744/1000, Train Loss: 0.0026, Val Loss: 0.0026 | 25.307 s
Epoch: 745/1000, Train Loss: 0.0026, Val Loss: 0.0026 | 26.577 s
Epoch: 746/1000, Train Loss: 0.0026, Val Loss: 0.0029 | 25.732 s
Epoch: 747/1000, Train Loss: 0.0026, Val Loss: 0.0027 | 23.918 s
Epoch: 748/1000, Train Loss: 0.0026, Val Loss: 0.0025 | 24.802 s
Epoch: 749/1000, Train Loss: 0.0025, Val Loss: 0.0025 | 25.495 s
Epoch: 750/1000, Train Loss: 0.0026, Val Loss: 0.0025 | 25.545 s
Epoch: 751/1000, Train Loss: 0.0025, Val Loss: 0.0024 | 23.840 s
Epoch: 752/1000, Train Loss: 0.0025, Val Loss: 0.0025 | 25.167 s
Epoch: 753/1000, Train Loss: 0.0025, Val Loss: 0.0028 | 23.233 s
Epoch: 754/1000, Train Loss: 0.0025, Val Loss: 0.0024 | 25.354 s
Epoch: 755/1000, Train Loss: 0.0025, Val Loss: 0.0024 | 23.143 s
Epoch: 756/1000, Train Loss: 0.0025, Val Loss: 0.0024 | 23.622 s
Epoch: 757/1000, Train Loss: 0.0024, Val Loss: 0.0025 | 25.142 s
Epoch: 758/1000, Train Loss: 0.0024, Val Loss: 0.0025 | 25.504 s
Epoch: 759/1000, Train Loss: 0.0024, Val Loss: 0.0027 | 25.452 s
Epoch: 760/1000, Train Loss: 0.0025, Val Loss: 0.0023 | 24.419 s
Epoch: 761/1000, Train Loss: 0.0024, Val Loss: 0.0023 | 24.273 s
Epoch: 762/1000, Train Loss: 0.0024, Val Loss: 0.0023 | 22.933 s
Epoch: 763/1000, Train Loss: 0.0024, Val Loss: 0.0023 | 25.972 s
Epoch: 764/1000, Train Loss: 0.0024, Val Loss: 0.0023 | 25.357 s
Epoch: 765/1000, Train Loss: 0.0023, Val Loss: 0.0023 | 24.235 s
Epoch: 766/1000, Train Loss: 0.0023, Val Loss: 0.0023 | 26.109 s
Epoch: 767/1000, Train Loss: 0.0024, Val Loss: 0.0023 | 25.573 s
Epoch: 768/1000, Train Loss: 0.0023, Val Loss: 0.0022 | 23.581 s
Epoch: 769/1000, Train Loss: 0.0023, Val Loss: 0.0022 | 25.263 s
Epoch: 770/1000, Train Loss: 0.0022, Val Loss: 0.0022 | 25.273 s
Epoch: 771/1000, Train Loss: 0.0022, Val Loss: 0.0022 | 24.205 s
Epoch: 772/1000, Train Loss: 0.0022, Val Loss: 0.0022 | 25.636 s
Epoch: 773/1000, Train Loss: 0.0022, Val Loss: 0.0021 | 25.425 s
Epoch: 774/1000, Train Loss: 0.0022, Val Loss: 0.0021 | 24.508 s
Epoch: 775/1000, Train Loss: 0.0022, Val Loss: 0.0021 | 25.048 s
Epoch: 776/1000, Train Loss: 0.0021, Val Loss: 0.0023 | 24.600 s
Epoch: 777/1000, Train Loss: 0.0022, Val Loss: 0.0021 | 23.498 s
Epoch: 778/1000, Train Loss: 0.0021, Val Loss: 0.0021 | 24.891 s
Epoch: 779/1000, Train Loss: 0.0021, Val Loss: 0.0021 | 24.278 s
Epoch: 780/1000, Train Loss: 0.0021, Val Loss: 0.0021 | 23.954 s
Epoch: 781/1000, Train Loss: 0.0021, Val Loss: 0.0020 | 24.829 s
Epoch: 782/1000, Train Loss: 0.0021, Val Loss: 0.0020 | 23.924 s
Epoch: 783/1000, Train Loss: 0.0021, Val Loss: 0.0024 | 25.250 s
Epoch: 784/1000, Train Loss: 0.0021, Val Loss: 0.0020 | 24.308 s
Epoch: 785/1000, Train Loss: 0.0020, Val Loss: 0.0020 | 25.535 s
Epoch: 786/1000, Train Loss: 0.0020, Val Loss: 0.0019 | 25.168 s
Epoch: 787/1000, Train Loss: 0.0020, Val Loss: 0.0020 | 24.513 s
Epoch: 788/1000, Train Loss: 0.0020, Val Loss: 0.0023 | 24.908 s
Epoch: 789/1000, Train Loss: 0.0020, Val Loss: 0.0020 | 24.381 s
Epoch: 790/1000, Train Loss: 0.0020, Val Loss: 0.0019 | 25.369 s
Epoch: 791/1000, Train Loss: 0.0020, Val Loss: 0.0021 | 23.306 s
Epoch: 792/1000, Train Loss: 0.0020, Val Loss: 0.0019 | 25.130 s
Epoch: 793/1000, Train Loss: 0.0019, Val Loss: 0.0019 | 24.324 s
Epoch: 794/1000, Train Loss: 0.0020, Val Loss: 0.0019 | 24.712 s
Epoch: 795/1000, Train Loss: 0.0020, Val Loss: 0.0021 | 24.687 s
Epoch: 796/1000, Train Loss: 0.0019, Val Loss: 0.0021 | 25.570 s
Epoch: 797/1000, Train Loss: 0.0019, Val Loss: 0.0020 | 22.839 s
Epoch: 798/1000, Train Loss: 0.0019, Val Loss: 0.0019 | 23.529 s
Epoch: 799/1000, Train Loss: 0.0019, Val Loss: 0.0018 | 23.978 s
Epoch: 800/1000, Train Loss: 0.0019, Val Loss: 0.0018 | 25.782 s
Epoch: 801/1000, Train Loss: 0.0019, Val Loss: 0.0023 | 24.375 s
Epoch: 802/1000, Train Loss: 0.0019, Val Loss: 0.0018 | 24.558 s
Epoch: 803/1000, Train Loss: 0.0019, Val Loss: 0.0018 | 24.538 s
Epoch: 804/1000, Train Loss: 0.0019, Val Loss: 0.0018 | 23.917 s
Epoch: 805/1000, Train Loss: 0.0019, Val Loss: 0.0018 | 24.124 s
Epoch: 806/1000, Train Loss: 0.0019, Val Loss: 0.0018 | 24.809 s
Epoch: 807/1000, Train Loss: 0.0018, Val Loss: 0.0018 | 24.477 s
Epoch: 808/1000, Train Loss: 0.0018, Val Loss: 0.0018 | 24.263 s
Epoch: 809/1000, Train Loss: 0.0018, Val Loss: 0.0017 | 23.791 s
Epoch: 810/1000, Train Loss: 0.0018, Val Loss: 0.0017 | 25.166 s
Epoch: 811/1000, Train Loss: 0.0018, Val Loss: 0.0017 | 24.165 s
Epoch: 812/1000, Train Loss: 0.0018, Val Loss: 0.0020 | 25.477 s
Epoch: 813/1000, Train Loss: 0.0018, Val Loss: 0.0017 | 25.806 s
Epoch: 814/1000, Train Loss: 0.0018, Val Loss: 0.0018 | 24.258 s
Epoch: 815/1000, Train Loss: 0.0018, Val Loss: 0.0017 | 25.236 s
Epoch: 816/1000, Train Loss: 0.0017, Val Loss: 0.0017 | 24.249 s
Epoch: 817/1000, Train Loss: 0.0018, Val Loss: 0.0017 | 25.114 s
Epoch: 818/1000, Train Loss: 0.0017, Val Loss: 0.0017 | 25.116 s
Epoch: 819/1000, Train Loss: 0.0017, Val Loss: 0.0019 | 25.952 s
Epoch: 820/1000, Train Loss: 0.0018, Val Loss: 0.0019 | 25.291 s
Epoch: 821/1000, Train Loss: 0.0018, Val Loss: 0.0017 | 25.364 s
Epoch: 822/1000, Train Loss: 0.0018, Val Loss: 0.0017 | 23.510 s
Epoch: 823/1000, Train Loss: 0.0017, Val Loss: 0.0019 | 25.082 s
Epoch: 824/1000, Train Loss: 0.0017, Val Loss: 0.0017 | 23.428 s
Epoch: 825/1000, Train Loss: 0.0017, Val Loss: 0.0017 | 22.743 s
Epoch: 826/1000, Train Loss: 0.0017, Val Loss: 0.0016 | 25.396 s
Epoch: 827/1000, Train Loss: 0.0017, Val Loss: 0.0017 | 23.998 s
Epoch: 828/1000, Train Loss: 0.0017, Val Loss: 0.0016 | 24.261 s
Epoch: 829/1000, Train Loss: 0.0017, Val Loss: 0.0018 | 25.269 s
Epoch: 830/1000, Train Loss: 0.0017, Val Loss: 0.0016 | 25.166 s
Epoch: 831/1000, Train Loss: 0.0016, Val Loss: 0.0016 | 25.325 s
Epoch: 832/1000, Train Loss: 0.0017, Val Loss: 0.0017 | 25.144 s
Epoch: 833/1000, Train Loss: 0.0017, Val Loss: 0.0018 | 25.367 s
Epoch: 834/1000, Train Loss: 0.0016, Val Loss: 0.0019 | 24.997 s
Epoch: 835/1000, Train Loss: 0.0016, Val Loss: 0.0016 | 25.094 s
Epoch: 836/1000, Train Loss: 0.0016, Val Loss: 0.0016 | 24.062 s
Epoch: 837/1000, Train Loss: 0.0016, Val Loss: 0.0016 | 23.675 s
Epoch: 838/1000, Train Loss: 0.0016, Val Loss: 0.0015 | 25.233 s
Epoch: 839/1000, Train Loss: 0.0016, Val Loss: 0.0016 | 24.624 s
Epoch: 840/1000, Train Loss: 0.0016, Val Loss: 0.0016 | 24.455 s
Epoch: 841/1000, Train Loss: 0.0016, Val Loss: 0.0015 | 23.799 s
Epoch: 842/1000, Train Loss: 0.0016, Val Loss: 0.0017 | 24.903 s
Epoch: 843/1000, Train Loss: 0.0016, Val Loss: 0.0015 | 24.167 s
Epoch: 844/1000, Train Loss: 0.0016, Val Loss: 0.0015 | 24.846 s
Epoch: 845/1000, Train Loss: 0.0016, Val Loss: 0.0016 | 25.537 s
Epoch: 846/1000, Train Loss: 0.0016, Val Loss: 0.0016 | 23.440 s
Epoch: 847/1000, Train Loss: 0.0016, Val Loss: 0.0015 | 24.936 s
Epoch: 848/1000, Train Loss: 0.0016, Val Loss: 0.0015 | 25.188 s
Epoch: 849/1000, Train Loss: 0.0015, Val Loss: 0.0015 | 25.390 s
Epoch: 850/1000, Train Loss: 0.0015, Val Loss: 0.0019 | 24.563 s
Epoch: 851/1000, Train Loss: 0.0016, Val Loss: 0.0015 | 23.830 s
Epoch: 852/1000, Train Loss: 0.0015, Val Loss: 0.0015 | 25.657 s
Epoch: 853/1000, Train Loss: 0.0015, Val Loss: 0.0015 | 24.798 s
Epoch: 854/1000, Train Loss: 0.0015, Val Loss: 0.0015 | 25.468 s
Epoch: 855/1000, Train Loss: 0.0015, Val Loss: 0.0015 | 24.271 s
Epoch: 856/1000, Train Loss: 0.0015, Val Loss: 0.0015 | 24.207 s
Epoch: 857/1000, Train Loss: 0.0015, Val Loss: 0.0015 | 25.040 s
Epoch: 858/1000, Train Loss: 0.0015, Val Loss: 0.0015 | 23.777 s
Epoch: 859/1000, Train Loss: 0.0016, Val Loss: 0.0015 | 24.342 s
Epoch: 860/1000, Train Loss: 0.0015, Val Loss: 0.0015 | 24.424 s
Epoch: 861/1000, Train Loss: 0.0015, Val Loss: 0.0014 | 24.909 s
Epoch: 862/1000, Train Loss: 0.0015, Val Loss: 0.0014 | 24.776 s
Epoch: 863/1000, Train Loss: 0.0015, Val Loss: 0.0015 | 25.933 s
Epoch: 864/1000, Train Loss: 0.0015, Val Loss: 0.0014 | 24.392 s
Epoch: 865/1000, Train Loss: 0.0015, Val Loss: 0.0017 | 25.434 s
Epoch: 866/1000, Train Loss: 0.0015, Val Loss: 0.0014 | 25.732 s
Epoch: 867/1000, Train Loss: 0.0015, Val Loss: 0.0015 | 25.281 s
Epoch: 868/1000, Train Loss: 0.0015, Val Loss: 0.0014 | 24.200 s
Epoch: 869/1000, Train Loss: 0.0015, Val Loss: 0.0020 | 22.978 s
Epoch: 870/1000, Train Loss: 0.0015, Val Loss: 0.0015 | 24.481 s
Epoch: 871/1000, Train Loss: 0.0014, Val Loss: 0.0014 | 25.674 s
Epoch: 872/1000, Train Loss: 0.0015, Val Loss: 0.0014 | 24.281 s
Epoch: 873/1000, Train Loss: 0.0015, Val Loss: 0.0014 | 24.427 s
Epoch: 874/1000, Train Loss: 0.0015, Val Loss: 0.0014 | 25.509 s
Epoch: 875/1000, Train Loss: 0.0015, Val Loss: 0.0015 | 25.439 s
Epoch: 876/1000, Train Loss: 0.0014, Val Loss: 0.0014 | 25.696 s
Epoch: 877/1000, Train Loss: 0.0014, Val Loss: 0.0014 | 25.700 s
Epoch: 878/1000, Train Loss: 0.0014, Val Loss: 0.0014 | 23.976 s
Epoch: 879/1000, Train Loss: 0.0015, Val Loss: 0.0014 | 24.642 s
Epoch: 880/1000, Train Loss: 0.0014, Val Loss: 0.0015 | 24.916 s
Epoch: 881/1000, Train Loss: 0.0014, Val Loss: 0.0016 | 23.859 s
Epoch: 882/1000, Train Loss: 0.0015, Val Loss: 0.0014 | 23.312 s
Epoch: 883/1000, Train Loss: 0.0014, Val Loss: 0.0014 | 24.668 s
Epoch: 884/1000, Train Loss: 0.0014, Val Loss: 0.0014 | 24.481 s
Epoch: 885/1000, Train Loss: 0.0014, Val Loss: 0.0014 | 23.575 s
Epoch: 886/1000, Train Loss: 0.0014, Val Loss: 0.0013 | 25.038 s
Epoch: 887/1000, Train Loss: 0.0014, Val Loss: 0.0013 | 25.365 s
Epoch: 888/1000, Train Loss: 0.0015, Val Loss: 0.0013 | 24.416 s
Epoch: 889/1000, Train Loss: 0.0014, Val Loss: 0.0013 | 24.526 s
Epoch: 890/1000, Train Loss: 0.0014, Val Loss: 0.0013 | 23.456 s
Epoch: 891/1000, Train Loss: 0.0014, Val Loss: 0.0013 | 23.377 s
Epoch: 892/1000, Train Loss: 0.0014, Val Loss: 0.0013 | 23.100 s
Epoch: 893/1000, Train Loss: 0.0014, Val Loss: 0.0014 | 25.519 s
Epoch: 894/1000, Train Loss: 0.0014, Val Loss: 0.0014 | 24.638 s
Epoch: 895/1000, Train Loss: 0.0014, Val Loss: 0.0013 | 24.310 s
Epoch: 896/1000, Train Loss: 0.0014, Val Loss: 0.0014 | 24.373 s
Epoch: 897/1000, Train Loss: 0.0014, Val Loss: 0.0014 | 24.037 s
Epoch: 898/1000, Train Loss: 0.0014, Val Loss: 0.0013 | 24.696 s
Epoch: 899/1000, Train Loss: 0.0014, Val Loss: 0.0013 | 25.056 s
Epoch: 900/1000, Train Loss: 0.0014, Val Loss: 0.0013 | 24.902 s
Epoch: 901/1000, Train Loss: 0.0014, Val Loss: 0.0013 | 24.338 s
Epoch: 902/1000, Train Loss: 0.0013, Val Loss: 0.0013 | 23.509 s
Epoch: 903/1000, Train Loss: 0.0014, Val Loss: 0.0013 | 23.662 s
Epoch: 904/1000, Train Loss: 0.0013, Val Loss: 0.0014 | 25.165 s
Epoch: 905/1000, Train Loss: 0.0014, Val Loss: 0.0014 | 24.938 s
Epoch: 906/1000, Train Loss: 0.0013, Val Loss: 0.0014 | 25.432 s
Epoch: 907/1000, Train Loss: 0.0013, Val Loss: 0.0013 | 23.789 s
Epoch: 908/1000, Train Loss: 0.0014, Val Loss: 0.0014 | 23.313 s
Epoch: 909/1000, Train Loss: 0.0014, Val Loss: 0.0013 | 23.252 s
Epoch: 910/1000, Train Loss: 0.0013, Val Loss: 0.0013 | 25.338 s
Epoch: 911/1000, Train Loss: 0.0013, Val Loss: 0.0014 | 23.567 s
Epoch: 912/1000, Train Loss: 0.0013, Val Loss: 0.0013 | 26.111 s
Epoch: 913/1000, Train Loss: 0.0013, Val Loss: 0.0013 | 23.844 s
Epoch: 914/1000, Train Loss: 0.0013, Val Loss: 0.0013 | 24.379 s
Epoch: 915/1000, Train Loss: 0.0013, Val Loss: 0.0014 | 23.772 s
Epoch: 916/1000, Train Loss: 0.0013, Val Loss: 0.0013 | 23.984 s
Epoch: 917/1000, Train Loss: 0.0013, Val Loss: 0.0013 | 25.758 s
Epoch: 918/1000, Train Loss: 0.0013, Val Loss: 0.0013 | 24.857 s
Epoch: 919/1000, Train Loss: 0.0014, Val Loss: 0.0013 | 26.022 s
Epoch: 920/1000, Train Loss: 0.0013, Val Loss: 0.0015 | 23.680 s
Epoch: 921/1000, Train Loss: 0.0013, Val Loss: 0.0013 | 25.283 s
Epoch: 922/1000, Train Loss: 0.0013, Val Loss: 0.0012 | 24.073 s
Epoch: 923/1000, Train Loss: 0.0013, Val Loss: 0.0012 | 24.680 s
Epoch: 924/1000, Train Loss: 0.0013, Val Loss: 0.0012 | 24.812 s
Epoch: 925/1000, Train Loss: 0.0013, Val Loss: 0.0012 | 24.828 s
Epoch: 926/1000, Train Loss: 0.0013, Val Loss: 0.0012 | 25.561 s
Epoch: 927/1000, Train Loss: 0.0013, Val Loss: 0.0013 | 24.972 s
Epoch: 928/1000, Train Loss: 0.0013, Val Loss: 0.0015 | 24.256 s
Epoch: 929/1000, Train Loss: 0.0013, Val Loss: 0.0012 | 24.864 s
Epoch: 930/1000, Train Loss: 0.0014, Val Loss: 0.0013 | 24.577 s
Epoch: 931/1000, Train Loss: 0.0013, Val Loss: 0.0012 | 23.498 s
Epoch: 932/1000, Train Loss: 0.0013, Val Loss: 0.0013 | 25.117 s
Epoch: 933/1000, Train Loss: 0.0013, Val Loss: 0.0013 | 24.381 s
Epoch: 934/1000, Train Loss: 0.0013, Val Loss: 0.0012 | 24.577 s
Epoch: 935/1000, Train Loss: 0.0013, Val Loss: 0.0013 | 24.059 s
Epoch: 936/1000, Train Loss: 0.0013, Val Loss: 0.0012 | 23.934 s
Epoch: 937/1000, Train Loss: 0.0013, Val Loss: 0.0014 | 22.840 s
Epoch: 938/1000, Train Loss: 0.0012, Val Loss: 0.0013 | 25.851 s
Epoch: 939/1000, Train Loss: 0.0013, Val Loss: 0.0012 | 23.703 s
Epoch: 940/1000, Train Loss: 0.0013, Val Loss: 0.0013 | 24.955 s
Epoch: 941/1000, Train Loss: 0.0013, Val Loss: 0.0014 | 25.421 s
Epoch: 942/1000, Train Loss: 0.0013, Val Loss: 0.0012 | 24.393 s
Epoch: 943/1000, Train Loss: 0.0012, Val Loss: 0.0012 | 24.427 s
Epoch: 944/1000, Train Loss: 0.0013, Val Loss: 0.0012 | 24.801 s
Epoch: 945/1000, Train Loss: 0.0013, Val Loss: 0.0012 | 25.548 s
Epoch: 946/1000, Train Loss: 0.0013, Val Loss: 0.0013 | 26.100 s
Epoch: 947/1000, Train Loss: 0.0012, Val Loss: 0.0013 | 24.085 s
Epoch: 948/1000, Train Loss: 0.0012, Val Loss: 0.0013 | 23.135 s
Epoch: 949/1000, Train Loss: 0.0013, Val Loss: 0.0012 | 24.926 s
Epoch: 950/1000, Train Loss: 0.0012, Val Loss: 0.0012 | 23.860 s
Epoch: 951/1000, Train Loss: 0.0012, Val Loss: 0.0012 | 24.169 s
Epoch: 952/1000, Train Loss: 0.0013, Val Loss: 0.0012 | 24.683 s
Epoch: 953/1000, Train Loss: 0.0012, Val Loss: 0.0012 | 24.744 s
Epoch: 954/1000, Train Loss: 0.0013, Val Loss: 0.0012 | 25.390 s
Epoch: 955/1000, Train Loss: 0.0013, Val Loss: 0.0012 | 24.543 s
Epoch: 956/1000, Train Loss: 0.0012, Val Loss: 0.0014 | 25.179 s
Epoch: 957/1000, Train Loss: 0.0012, Val Loss: 0.0012 | 25.053 s
Epoch: 958/1000, Train Loss: 0.0012, Val Loss: 0.0013 | 22.930 s
Epoch: 959/1000, Train Loss: 0.0013, Val Loss: 0.0012 | 23.547 s
Epoch: 960/1000, Train Loss: 0.0012, Val Loss: 0.0012 | 25.576 s
Epoch: 961/1000, Train Loss: 0.0013, Val Loss: 0.0015 | 25.758 s
Epoch: 962/1000, Train Loss: 0.0012, Val Loss: 0.0012 | 24.445 s
Epoch: 963/1000, Train Loss: 0.0012, Val Loss: 0.0012 | 25.418 s
Epoch: 964/1000, Train Loss: 0.0012, Val Loss: 0.0012 | 24.958 s
Epoch: 965/1000, Train Loss: 0.0012, Val Loss: 0.0012 | 24.887 s
Epoch: 966/1000, Train Loss: 0.0012, Val Loss: 0.0012 | 24.742 s
Epoch: 967/1000, Train Loss: 0.0012, Val Loss: 0.0012 | 24.700 s
Epoch: 968/1000, Train Loss: 0.0012, Val Loss: 0.0012 | 24.351 s
Epoch: 969/1000, Train Loss: 0.0012, Val Loss: 0.0012 | 24.628 s
Epoch: 970/1000, Train Loss: 0.0012, Val Loss: 0.0013 | 25.792 s
Epoch: 971/1000, Train Loss: 0.0012, Val Loss: 0.0012 | 24.038 s
Epoch: 972/1000, Train Loss: 0.0012, Val Loss: 0.0012 | 25.255 s
Epoch: 973/1000, Train Loss: 0.0012, Val Loss: 0.0011 | 23.608 s
Epoch: 974/1000, Train Loss: 0.0012, Val Loss: 0.0012 | 25.513 s
Epoch: 975/1000, Train Loss: 0.0012, Val Loss: 0.0011 | 24.143 s
Epoch: 976/1000, Train Loss: 0.0012, Val Loss: 0.0012 | 23.291 s
Epoch: 977/1000, Train Loss: 0.0012, Val Loss: 0.0014 | 25.075 s
Epoch: 978/1000, Train Loss: 0.0012, Val Loss: 0.0012 | 22.686 s
Epoch: 979/1000, Train Loss: 0.0012, Val Loss: 0.0013 | 25.209 s
Epoch: 980/1000, Train Loss: 0.0012, Val Loss: 0.0011 | 25.332 s
Epoch: 981/1000, Train Loss: 0.0012, Val Loss: 0.0011 | 25.420 s
Epoch: 982/1000, Train Loss: 0.0012, Val Loss: 0.0011 | 24.486 s
Epoch: 983/1000, Train Loss: 0.0012, Val Loss: 0.0011 | 24.872 s
Epoch: 984/1000, Train Loss: 0.0012, Val Loss: 0.0011 | 24.048 s
Epoch: 985/1000, Train Loss: 0.0012, Val Loss: 0.0013 | 24.855 s
Epoch: 986/1000, Train Loss: 0.0012, Val Loss: 0.0011 | 25.145 s
Epoch: 987/1000, Train Loss: 0.0012, Val Loss: 0.0011 | 24.788 s
Epoch: 988/1000, Train Loss: 0.0012, Val Loss: 0.0012 | 25.100 s
Epoch: 989/1000, Train Loss: 0.0012, Val Loss: 0.0012 | 23.112 s
Epoch: 990/1000, Train Loss: 0.0012, Val Loss: 0.0011 | 24.426 s
Epoch: 991/1000, Train Loss: 0.0012, Val Loss: 0.0011 | 25.686 s
Epoch: 992/1000, Train Loss: 0.0012, Val Loss: 0.0011 | 23.724 s
Epoch: 993/1000, Train Loss: 0.0012, Val Loss: 0.0013 | 24.241 s
Epoch: 994/1000, Train Loss: 0.0012, Val Loss: 0.0011 | 24.901 s
Epoch: 995/1000, Train Loss: 0.0012, Val Loss: 0.0011 | 23.115 s
Epoch: 996/1000, Train Loss: 0.0012, Val Loss: 0.0011 | 23.104 s
Epoch: 997/1000, Train Loss: 0.0012, Val Loss: 0.0011 | 24.930 s
Epoch: 998/1000, Train Loss: 0.0012, Val Loss: 0.0012 | 25.409 s
Epoch: 999/1000, Train Loss: 0.0012, Val Loss: 0.0011 | 25.233 s
Epoch: 1000/1000, Train Loss: 0.0011, Val Loss: 0.0011 | 24.922 s
