Traceback (most recent call last):
  File "/clusterfs/students/achmadjae/RA/02_deep3D/script/main.py", line 172, in <module>
    train_set, train_loader, val_set, val_loader = data_preparation(mode, filename)
                                                   ^^^^^^^^^^^^^^^^^^^^^^^^^^^^^^^^
  File "/clusterfs/students/achmadjae/RA/02_deep3D/script/main.py", line 27, in data_preparation
    with h5py.File(filename, 'r') as hf:
         ^^^^^^^^^^^^^^^^^^^^^^^^
  File "/clusterfs/students/achmadjae/.local/lib/python3.11/site-packages/h5py/_hl/files.py", line 567, in __init__
    fid = make_fid(name, mode, userblock_size, fapl, fcpl, swmr=swmr)
          ^^^^^^^^^^^^^^^^^^^^^^^^^^^^^^^^^^^^^^^^^^^^^^^^^^^^^^^^^^^
  File "/clusterfs/students/achmadjae/.local/lib/python3.11/site-packages/h5py/_hl/files.py", line 231, in make_fid
    fid = h5f.open(name, flags, fapl=fapl)
          ^^^^^^^^^^^^^^^^^^^^^^^^^^^^^^^^
  File "h5py/_objects.pyx", line 54, in h5py._objects.with_phil.wrapper
  File "h5py/_objects.pyx", line 55, in h5py._objects.with_phil.wrapper
  File "h5py/h5f.pyx", line 106, in h5py.h5f.open
FileNotFoundError: [Errno 2] Unable to open file (unable to open file: name = '/clusterfs/students/achmadjae/RA/02_deep3D/data/Li_train_40_15000.h5', errno = 2, error message = 'No such file or directory', flags = 0, o_flags = 0)
ic| feature.shape: (20000, 40, 40, 40), target.shape: (20000,)
Epoch: 1/1000, Train Loss: 1.8509, Val Loss: 0.1891 | 24.243 s
Epoch: 2/1000, Train Loss: 0.0675, Val Loss: 0.0688 | 25.302 s
Epoch: 3/1000, Train Loss: 0.2232, Val Loss: 0.2545 | 25.901 s
Epoch: 4/1000, Train Loss: 0.0998, Val Loss: 0.0220 | 23.749 s
Epoch: 5/1000, Train Loss: 0.0289, Val Loss: 0.0205 | 24.093 s
Epoch: 6/1000, Train Loss: 0.0321, Val Loss: 0.0199 | 24.893 s
Epoch: 7/1000, Train Loss: 0.0796, Val Loss: 0.1516 | 22.269 s
Epoch: 8/1000, Train Loss: 0.0636, Val Loss: 0.0431 | 25.259 s
Epoch 00018: reducing learning rate of group 0 to 1.0000e-05.
Epoch: 9/1000, Train Loss: 0.0946, Val Loss: 0.0467 | 24.369 s
Epoch: 10/1000, Train Loss: 0.0212, Val Loss: 0.0196 | 25.156 s
Epoch: 11/1000, Train Loss: 0.0198, Val Loss: 0.0196 | 25.165 s
Epoch: 12/1000, Train Loss: 0.0197, Val Loss: 0.0205 | 25.043 s
Epoch: 13/1000, Train Loss: 0.0198, Val Loss: 0.0210 | 24.810 s
Epoch: 14/1000, Train Loss: 0.0196, Val Loss: 0.0193 | 23.620 s
Epoch: 15/1000, Train Loss: 0.0197, Val Loss: 0.0196 | 25.429 s
Epoch: 16/1000, Train Loss: 0.0197, Val Loss: 0.0193 | 25.237 s
Epoch: 17/1000, Train Loss: 0.0196, Val Loss: 0.0193 | 24.106 s
Epoch: 18/1000, Train Loss: 0.0194, Val Loss: 0.0207 | 24.305 s
Epoch: 19/1000, Train Loss: 0.0193, Val Loss: 0.0194 | 26.017 s
Epoch: 20/1000, Train Loss: 0.0194, Val Loss: 0.0190 | 24.020 s
Epoch: 21/1000, Train Loss: 0.0195, Val Loss: 0.0188 | 23.481 s
Epoch: 22/1000, Train Loss: 0.0191, Val Loss: 0.0190 | 23.756 s
Epoch: 23/1000, Train Loss: 0.0197, Val Loss: 0.0208 | 25.514 s
Epoch 00048: reducing learning rate of group 0 to 1.0000e-06.
Epoch: 24/1000, Train Loss: 0.0195, Val Loss: 0.0198 | 24.220 s
Epoch: 25/1000, Train Loss: 0.0186, Val Loss: 0.0185 | 23.245 s
Epoch: 26/1000, Train Loss: 0.0185, Val Loss: 0.0184 | 24.710 s
Epoch: 27/1000, Train Loss: 0.0185, Val Loss: 0.0186 | 24.557 s
Epoch: 28/1000, Train Loss: 0.0185, Val Loss: 0.0184 | 24.777 s
Epoch: 29/1000, Train Loss: 0.0185, Val Loss: 0.0187 | 25.259 s
Epoch: 30/1000, Train Loss: 0.0185, Val Loss: 0.0184 | 23.586 s
Epoch: 31/1000, Train Loss: 0.0185, Val Loss: 0.0184 | 23.566 s
Epoch: 32/1000, Train Loss: 0.0184, Val Loss: 0.0185 | 25.048 s
Epoch: 33/1000, Train Loss: 0.0184, Val Loss: 0.0186 | 23.202 s
Epoch: 34/1000, Train Loss: 0.0184, Val Loss: 0.0183 | 23.565 s
Epoch: 35/1000, Train Loss: 0.0185, Val Loss: 0.0186 | 24.250 s
Epoch: 36/1000, Train Loss: 0.0184, Val Loss: 0.0197 | 25.266 s
Epoch: 37/1000, Train Loss: 0.0185, Val Loss: 0.0184 | 24.698 s
Epoch: 38/1000, Train Loss: 0.0183, Val Loss: 0.0183 | 24.178 s
Epoch: 39/1000, Train Loss: 0.0184, Val Loss: 0.0186 | 23.765 s
Epoch: 40/1000, Train Loss: 0.0183, Val Loss: 0.0184 | 24.477 s
Epoch: 41/1000, Train Loss: 0.0184, Val Loss: 0.0183 | 23.898 s
Epoch: 42/1000, Train Loss: 0.0183, Val Loss: 0.0183 | 24.392 s
Epoch: 43/1000, Train Loss: 0.0184, Val Loss: 0.0183 | 25.227 s
Epoch: 44/1000, Train Loss: 0.0184, Val Loss: 0.0188 | 23.915 s
Epoch: 45/1000, Train Loss: 0.0185, Val Loss: 0.0194 | 23.496 s
Epoch: 46/1000, Train Loss: 0.0183, Val Loss: 0.0182 | 24.208 s
Epoch: 47/1000, Train Loss: 0.0184, Val Loss: 0.0183 | 24.556 s
Epoch: 48/1000, Train Loss: 0.0183, Val Loss: 0.0183 | 24.818 s
Epoch: 49/1000, Train Loss: 0.0182, Val Loss: 0.0184 | 24.474 s
Epoch: 50/1000, Train Loss: 0.0184, Val Loss: 0.0182 | 24.028 s
Epoch: 51/1000, Train Loss: 0.0183, Val Loss: 0.0181 | 24.906 s
Epoch: 52/1000, Train Loss: 0.0184, Val Loss: 0.0181 | 24.312 s
Epoch: 53/1000, Train Loss: 0.0182, Val Loss: 0.0181 | 23.211 s
Epoch: 54/1000, Train Loss: 0.0182, Val Loss: 0.0181 | 25.189 s
Epoch: 55/1000, Train Loss: 0.0183, Val Loss: 0.0184 | 24.047 s
Epoch: 56/1000, Train Loss: 0.0182, Val Loss: 0.0184 | 23.967 s
Epoch: 57/1000, Train Loss: 0.0182, Val Loss: 0.0181 | 24.558 s
Epoch: 58/1000, Train Loss: 0.0182, Val Loss: 0.0195 | 24.501 s
Epoch: 59/1000, Train Loss: 0.0183, Val Loss: 0.0180 | 24.392 s
Epoch: 60/1000, Train Loss: 0.0181, Val Loss: 0.0183 | 25.386 s
Epoch: 61/1000, Train Loss: 0.0182, Val Loss: 0.0180 | 25.411 s
Epoch: 62/1000, Train Loss: 0.0180, Val Loss: 0.0180 | 23.462 s
Epoch: 63/1000, Train Loss: 0.0181, Val Loss: 0.0182 | 23.968 s
Epoch: 64/1000, Train Loss: 0.0180, Val Loss: 0.0180 | 24.723 s
Epoch: 65/1000, Train Loss: 0.0181, Val Loss: 0.0179 | 25.414 s
Epoch: 66/1000, Train Loss: 0.0180, Val Loss: 0.0182 | 24.536 s
Epoch: 67/1000, Train Loss: 0.0180, Val Loss: 0.0184 | 23.556 s
Epoch: 68/1000, Train Loss: 0.0181, Val Loss: 0.0181 | 25.073 s
Epoch: 69/1000, Train Loss: 0.0181, Val Loss: 0.0180 | 23.734 s
Epoch: 70/1000, Train Loss: 0.0179, Val Loss: 0.0179 | 25.191 s
Epoch: 71/1000, Train Loss: 0.0179, Val Loss: 0.0178 | 23.735 s
Epoch: 72/1000, Train Loss: 0.0181, Val Loss: 0.0178 | 25.227 s
Epoch: 73/1000, Train Loss: 0.0179, Val Loss: 0.0181 | 25.037 s
Epoch: 74/1000, Train Loss: 0.0179, Val Loss: 0.0179 | 23.759 s
Epoch: 75/1000, Train Loss: 0.0180, Val Loss: 0.0179 | 24.545 s
Epoch: 76/1000, Train Loss: 0.0179, Val Loss: 0.0178 | 23.754 s
Epoch: 77/1000, Train Loss: 0.0178, Val Loss: 0.0178 | 24.292 s
Epoch: 78/1000, Train Loss: 0.0178, Val Loss: 0.0178 | 24.820 s
Epoch: 79/1000, Train Loss: 0.0178, Val Loss: 0.0178 | 24.199 s
Epoch: 80/1000, Train Loss: 0.0179, Val Loss: 0.0181 | 23.909 s
Epoch: 81/1000, Train Loss: 0.0178, Val Loss: 0.0178 | 25.242 s
Epoch: 82/1000, Train Loss: 0.0178, Val Loss: 0.0177 | 25.026 s
Epoch: 83/1000, Train Loss: 0.0178, Val Loss: 0.0178 | 26.310 s
Epoch: 84/1000, Train Loss: 0.0178, Val Loss: 0.0177 | 25.095 s
Epoch: 85/1000, Train Loss: 0.0178, Val Loss: 0.0178 | 23.379 s
Epoch: 86/1000, Train Loss: 0.0177, Val Loss: 0.0176 | 25.171 s
Epoch: 87/1000, Train Loss: 0.0180, Val Loss: 0.0177 | 24.852 s
Epoch: 88/1000, Train Loss: 0.0177, Val Loss: 0.0177 | 23.072 s
Epoch: 89/1000, Train Loss: 0.0177, Val Loss: 0.0177 | 24.789 s
Epoch: 90/1000, Train Loss: 0.0178, Val Loss: 0.0176 | 25.139 s
Epoch: 91/1000, Train Loss: 0.0177, Val Loss: 0.0181 | 25.881 s
Epoch: 92/1000, Train Loss: 0.0176, Val Loss: 0.0176 | 25.161 s
Epoch: 93/1000, Train Loss: 0.0176, Val Loss: 0.0176 | 23.678 s
Epoch: 94/1000, Train Loss: 0.0177, Val Loss: 0.0177 | 22.756 s
Epoch: 95/1000, Train Loss: 0.0175, Val Loss: 0.0180 | 24.325 s
Epoch: 96/1000, Train Loss: 0.0176, Val Loss: 0.0177 | 25.734 s
Epoch: 97/1000, Train Loss: 0.0176, Val Loss: 0.0175 | 25.259 s
Epoch: 98/1000, Train Loss: 0.0175, Val Loss: 0.0176 | 24.245 s
Epoch: 99/1000, Train Loss: 0.0176, Val Loss: 0.0176 | 24.284 s
Epoch: 100/1000, Train Loss: 0.0176, Val Loss: 0.0175 | 24.854 s
Epoch: 101/1000, Train Loss: 0.0177, Val Loss: 0.0175 | 25.008 s
Epoch: 102/1000, Train Loss: 0.0176, Val Loss: 0.0177 | 24.571 s
Epoch: 103/1000, Train Loss: 0.0175, Val Loss: 0.0174 | 23.761 s
Epoch: 104/1000, Train Loss: 0.0175, Val Loss: 0.0174 | 25.085 s
Epoch: 105/1000, Train Loss: 0.0176, Val Loss: 0.0176 | 25.301 s
Epoch: 106/1000, Train Loss: 0.0176, Val Loss: 0.0174 | 24.811 s
Epoch: 107/1000, Train Loss: 0.0175, Val Loss: 0.0180 | 24.885 s
Epoch: 108/1000, Train Loss: 0.0176, Val Loss: 0.0174 | 24.707 s
Epoch: 109/1000, Train Loss: 0.0175, Val Loss: 0.0174 | 24.413 s
Epoch: 110/1000, Train Loss: 0.0175, Val Loss: 0.0174 | 24.130 s
Epoch: 111/1000, Train Loss: 0.0174, Val Loss: 0.0174 | 25.106 s
Epoch: 112/1000, Train Loss: 0.0174, Val Loss: 0.0174 | 25.719 s
Epoch: 113/1000, Train Loss: 0.0176, Val Loss: 0.0186 | 25.154 s
Epoch: 114/1000, Train Loss: 0.0175, Val Loss: 0.0174 | 24.023 s
Epoch: 115/1000, Train Loss: 0.0174, Val Loss: 0.0173 | 25.269 s
Epoch: 116/1000, Train Loss: 0.0173, Val Loss: 0.0174 | 24.989 s
Epoch: 117/1000, Train Loss: 0.0174, Val Loss: 0.0173 | 25.059 s
Epoch: 118/1000, Train Loss: 0.0173, Val Loss: 0.0174 | 24.220 s
Epoch: 119/1000, Train Loss: 0.0173, Val Loss: 0.0174 | 24.112 s
Epoch: 120/1000, Train Loss: 0.0174, Val Loss: 0.0177 | 23.937 s
Epoch: 121/1000, Train Loss: 0.0174, Val Loss: 0.0172 | 22.814 s
Epoch: 122/1000, Train Loss: 0.0174, Val Loss: 0.0181 | 25.964 s
Epoch: 123/1000, Train Loss: 0.0174, Val Loss: 0.0179 | 26.266 s
Epoch: 124/1000, Train Loss: 0.0173, Val Loss: 0.0184 | 24.369 s
Epoch: 125/1000, Train Loss: 0.0174, Val Loss: 0.0185 | 24.122 s
Epoch: 126/1000, Train Loss: 0.0172, Val Loss: 0.0174 | 25.482 s
Epoch: 127/1000, Train Loss: 0.0173, Val Loss: 0.0173 | 25.531 s
Epoch: 128/1000, Train Loss: 0.0172, Val Loss: 0.0176 | 23.056 s
Epoch: 129/1000, Train Loss: 0.0173, Val Loss: 0.0175 | 26.007 s
Epoch: 130/1000, Train Loss: 0.0172, Val Loss: 0.0172 | 24.541 s
Epoch: 131/1000, Train Loss: 0.0171, Val Loss: 0.0171 | 24.774 s
Epoch: 132/1000, Train Loss: 0.0172, Val Loss: 0.0171 | 24.936 s
Epoch: 133/1000, Train Loss: 0.0172, Val Loss: 0.0173 | 24.980 s
Epoch: 134/1000, Train Loss: 0.0172, Val Loss: 0.0174 | 24.756 s
Epoch: 135/1000, Train Loss: 0.0172, Val Loss: 0.0177 | 25.774 s
Epoch: 136/1000, Train Loss: 0.0172, Val Loss: 0.0174 | 25.745 s
Epoch: 137/1000, Train Loss: 0.0172, Val Loss: 0.0172 | 25.329 s
Epoch: 138/1000, Train Loss: 0.0171, Val Loss: 0.0171 | 24.302 s
Epoch: 139/1000, Train Loss: 0.0171, Val Loss: 0.0172 | 25.088 s
Epoch: 140/1000, Train Loss: 0.0171, Val Loss: 0.0172 | 24.607 s
Epoch: 141/1000, Train Loss: 0.0171, Val Loss: 0.0170 | 25.097 s
Epoch: 142/1000, Train Loss: 0.0171, Val Loss: 0.0172 | 26.129 s
Epoch: 143/1000, Train Loss: 0.0170, Val Loss: 0.0177 | 25.174 s
Epoch: 144/1000, Train Loss: 0.0170, Val Loss: 0.0172 | 25.517 s
Epoch: 145/1000, Train Loss: 0.0170, Val Loss: 0.0170 | 23.649 s
Epoch: 146/1000, Train Loss: 0.0170, Val Loss: 0.0170 | 23.295 s
Epoch: 147/1000, Train Loss: 0.0170, Val Loss: 0.0174 | 24.498 s
Epoch: 148/1000, Train Loss: 0.0170, Val Loss: 0.0169 | 23.587 s
Epoch: 149/1000, Train Loss: 0.0170, Val Loss: 0.0169 | 25.600 s
Epoch: 150/1000, Train Loss: 0.0170, Val Loss: 0.0170 | 24.178 s
Epoch: 151/1000, Train Loss: 0.0170, Val Loss: 0.0170 | 24.357 s
Epoch: 152/1000, Train Loss: 0.0170, Val Loss: 0.0169 | 25.415 s
Epoch: 153/1000, Train Loss: 0.0170, Val Loss: 0.0169 | 25.894 s
Epoch: 154/1000, Train Loss: 0.0170, Val Loss: 0.0169 | 26.330 s
Epoch: 155/1000, Train Loss: 0.0169, Val Loss: 0.0169 | 23.602 s
Epoch: 156/1000, Train Loss: 0.0170, Val Loss: 0.0172 | 25.299 s
Epoch: 157/1000, Train Loss: 0.0169, Val Loss: 0.0168 | 26.028 s
Epoch: 158/1000, Train Loss: 0.0169, Val Loss: 0.0168 | 25.486 s
Epoch: 159/1000, Train Loss: 0.0168, Val Loss: 0.0169 | 26.025 s
Epoch: 160/1000, Train Loss: 0.0170, Val Loss: 0.0170 | 25.425 s
Epoch: 161/1000, Train Loss: 0.0168, Val Loss: 0.0168 | 24.847 s
Epoch: 162/1000, Train Loss: 0.0168, Val Loss: 0.0167 | 23.621 s
Epoch: 163/1000, Train Loss: 0.0169, Val Loss: 0.0169 | 25.396 s
Epoch: 164/1000, Train Loss: 0.0169, Val Loss: 0.0167 | 26.170 s
Epoch: 165/1000, Train Loss: 0.0168, Val Loss: 0.0168 | 23.176 s
Epoch: 166/1000, Train Loss: 0.0168, Val Loss: 0.0168 | 24.630 s
Epoch: 167/1000, Train Loss: 0.0167, Val Loss: 0.0167 | 25.881 s
Epoch: 168/1000, Train Loss: 0.0167, Val Loss: 0.0168 | 25.006 s
Epoch: 169/1000, Train Loss: 0.0169, Val Loss: 0.0167 | 24.993 s
Epoch: 170/1000, Train Loss: 0.0168, Val Loss: 0.0167 | 24.790 s
Epoch: 171/1000, Train Loss: 0.0167, Val Loss: 0.0167 | 24.696 s
Epoch: 172/1000, Train Loss: 0.0166, Val Loss: 0.0167 | 24.642 s
Epoch: 173/1000, Train Loss: 0.0167, Val Loss: 0.0166 | 26.581 s
Epoch: 174/1000, Train Loss: 0.0168, Val Loss: 0.0166 | 24.261 s
Epoch: 175/1000, Train Loss: 0.0166, Val Loss: 0.0166 | 25.474 s
Epoch: 176/1000, Train Loss: 0.0168, Val Loss: 0.0166 | 25.757 s
Epoch: 177/1000, Train Loss: 0.0169, Val Loss: 0.0168 | 24.762 s
Epoch: 178/1000, Train Loss: 0.0167, Val Loss: 0.0167 | 26.387 s
Epoch: 179/1000, Train Loss: 0.0166, Val Loss: 0.0166 | 23.270 s
Epoch: 180/1000, Train Loss: 0.0166, Val Loss: 0.0169 | 26.026 s
Epoch: 181/1000, Train Loss: 0.0166, Val Loss: 0.0170 | 25.819 s
Epoch: 182/1000, Train Loss: 0.0166, Val Loss: 0.0166 | 24.885 s
Epoch: 183/1000, Train Loss: 0.0165, Val Loss: 0.0165 | 25.157 s
Epoch: 184/1000, Train Loss: 0.0165, Val Loss: 0.0168 | 24.127 s
Epoch: 185/1000, Train Loss: 0.0166, Val Loss: 0.0170 | 24.187 s
Epoch: 186/1000, Train Loss: 0.0166, Val Loss: 0.0165 | 26.177 s
Epoch: 187/1000, Train Loss: 0.0165, Val Loss: 0.0166 | 24.648 s
Epoch: 188/1000, Train Loss: 0.0166, Val Loss: 0.0165 | 23.943 s
Epoch: 189/1000, Train Loss: 0.0165, Val Loss: 0.0165 | 25.739 s
Epoch: 190/1000, Train Loss: 0.0165, Val Loss: 0.0165 | 23.707 s
Epoch: 191/1000, Train Loss: 0.0165, Val Loss: 0.0164 | 25.077 s
Epoch: 192/1000, Train Loss: 0.0166, Val Loss: 0.0164 | 25.696 s
Epoch: 193/1000, Train Loss: 0.0165, Val Loss: 0.0164 | 25.345 s
Epoch: 194/1000, Train Loss: 0.0165, Val Loss: 0.0164 | 23.634 s
Epoch: 195/1000, Train Loss: 0.0165, Val Loss: 0.0165 | 24.023 s
Epoch: 196/1000, Train Loss: 0.0164, Val Loss: 0.0165 | 25.256 s
Epoch: 197/1000, Train Loss: 0.0164, Val Loss: 0.0164 | 23.930 s
Epoch: 198/1000, Train Loss: 0.0164, Val Loss: 0.0164 | 25.175 s
Epoch: 199/1000, Train Loss: 0.0164, Val Loss: 0.0163 | 25.280 s
Epoch: 200/1000, Train Loss: 0.0165, Val Loss: 0.0164 | 24.523 s
Epoch: 201/1000, Train Loss: 0.0165, Val Loss: 0.0165 | 24.873 s
Epoch: 202/1000, Train Loss: 0.0165, Val Loss: 0.0170 | 23.613 s
Epoch: 203/1000, Train Loss: 0.0163, Val Loss: 0.0169 | 24.449 s
Epoch: 204/1000, Train Loss: 0.0164, Val Loss: 0.0165 | 24.579 s
Epoch: 205/1000, Train Loss: 0.0164, Val Loss: 0.0168 | 23.769 s
Epoch: 206/1000, Train Loss: 0.0164, Val Loss: 0.0165 | 23.573 s
Epoch: 207/1000, Train Loss: 0.0164, Val Loss: 0.0164 | 26.289 s
Epoch: 208/1000, Train Loss: 0.0163, Val Loss: 0.0163 | 24.343 s
Epoch: 209/1000, Train Loss: 0.0162, Val Loss: 0.0162 | 23.596 s
Epoch: 210/1000, Train Loss: 0.0162, Val Loss: 0.0162 | 24.431 s
Epoch: 211/1000, Train Loss: 0.0164, Val Loss: 0.0162 | 23.635 s
Epoch: 212/1000, Train Loss: 0.0162, Val Loss: 0.0162 | 24.180 s
Epoch: 213/1000, Train Loss: 0.0162, Val Loss: 0.0162 | 25.634 s
Epoch: 214/1000, Train Loss: 0.0162, Val Loss: 0.0164 | 23.267 s
Epoch: 215/1000, Train Loss: 0.0162, Val Loss: 0.0162 | 24.248 s
Epoch: 216/1000, Train Loss: 0.0162, Val Loss: 0.0161 | 22.711 s
Epoch: 217/1000, Train Loss: 0.0162, Val Loss: 0.0161 | 25.083 s
Epoch: 218/1000, Train Loss: 0.0162, Val Loss: 0.0162 | 24.686 s
Epoch: 219/1000, Train Loss: 0.0162, Val Loss: 0.0161 | 25.483 s
Epoch: 220/1000, Train Loss: 0.0161, Val Loss: 0.0161 | 24.271 s
Epoch: 221/1000, Train Loss: 0.0162, Val Loss: 0.0162 | 25.490 s
Epoch: 222/1000, Train Loss: 0.0161, Val Loss: 0.0161 | 24.284 s
Epoch: 223/1000, Train Loss: 0.0163, Val Loss: 0.0171 | 25.116 s
Epoch: 224/1000, Train Loss: 0.0163, Val Loss: 0.0161 | 24.908 s
Epoch: 225/1000, Train Loss: 0.0161, Val Loss: 0.0160 | 25.211 s
Epoch: 226/1000, Train Loss: 0.0161, Val Loss: 0.0163 | 24.101 s
Epoch: 227/1000, Train Loss: 0.0161, Val Loss: 0.0161 | 24.627 s
Epoch: 228/1000, Train Loss: 0.0161, Val Loss: 0.0162 | 24.908 s
Epoch: 229/1000, Train Loss: 0.0161, Val Loss: 0.0160 | 24.051 s
Epoch: 230/1000, Train Loss: 0.0161, Val Loss: 0.0161 | 24.669 s
Epoch: 231/1000, Train Loss: 0.0161, Val Loss: 0.0160 | 24.394 s
Epoch: 232/1000, Train Loss: 0.0160, Val Loss: 0.0159 | 23.083 s
Epoch: 233/1000, Train Loss: 0.0160, Val Loss: 0.0160 | 26.159 s
Epoch: 234/1000, Train Loss: 0.0160, Val Loss: 0.0161 | 24.423 s
Epoch: 235/1000, Train Loss: 0.0160, Val Loss: 0.0160 | 22.188 s
Epoch: 236/1000, Train Loss: 0.0160, Val Loss: 0.0159 | 24.790 s
Epoch: 237/1000, Train Loss: 0.0160, Val Loss: 0.0164 | 24.731 s
Epoch: 238/1000, Train Loss: 0.0161, Val Loss: 0.0169 | 26.159 s
Epoch: 239/1000, Train Loss: 0.0160, Val Loss: 0.0162 | 25.280 s
Epoch: 240/1000, Train Loss: 0.0159, Val Loss: 0.0158 | 23.748 s
Epoch: 241/1000, Train Loss: 0.0159, Val Loss: 0.0160 | 25.235 s
Epoch: 242/1000, Train Loss: 0.0160, Val Loss: 0.0159 | 25.543 s
Epoch: 243/1000, Train Loss: 0.0159, Val Loss: 0.0158 | 24.196 s
Epoch: 244/1000, Train Loss: 0.0160, Val Loss: 0.0158 | 24.148 s
Epoch: 245/1000, Train Loss: 0.0159, Val Loss: 0.0158 | 25.544 s
Epoch: 246/1000, Train Loss: 0.0158, Val Loss: 0.0161 | 22.287 s
Epoch: 247/1000, Train Loss: 0.0158, Val Loss: 0.0158 | 25.865 s
Epoch: 248/1000, Train Loss: 0.0158, Val Loss: 0.0158 | 22.393 s
Epoch: 249/1000, Train Loss: 0.0159, Val Loss: 0.0166 | 25.672 s
Epoch: 250/1000, Train Loss: 0.0158, Val Loss: 0.0160 | 25.518 s
Epoch: 251/1000, Train Loss: 0.0159, Val Loss: 0.0157 | 24.568 s
Epoch: 252/1000, Train Loss: 0.0159, Val Loss: 0.0160 | 24.238 s
Epoch: 253/1000, Train Loss: 0.0159, Val Loss: 0.0157 | 23.750 s
Epoch: 254/1000, Train Loss: 0.0157, Val Loss: 0.0158 | 24.983 s
Epoch: 255/1000, Train Loss: 0.0157, Val Loss: 0.0157 | 25.647 s
Epoch: 256/1000, Train Loss: 0.0158, Val Loss: 0.0156 | 23.990 s
Epoch: 257/1000, Train Loss: 0.0157, Val Loss: 0.0163 | 25.577 s
Epoch: 258/1000, Train Loss: 0.0157, Val Loss: 0.0157 | 24.180 s
Epoch: 259/1000, Train Loss: 0.0159, Val Loss: 0.0171 | 25.966 s
Epoch: 260/1000, Train Loss: 0.0157, Val Loss: 0.0162 | 25.177 s
Epoch: 261/1000, Train Loss: 0.0156, Val Loss: 0.0156 | 23.420 s
Epoch: 262/1000, Train Loss: 0.0156, Val Loss: 0.0156 | 23.310 s
Epoch: 263/1000, Train Loss: 0.0157, Val Loss: 0.0156 | 25.344 s
Epoch: 264/1000, Train Loss: 0.0157, Val Loss: 0.0159 | 23.891 s
Epoch: 265/1000, Train Loss: 0.0156, Val Loss: 0.0156 | 26.023 s
Epoch: 266/1000, Train Loss: 0.0156, Val Loss: 0.0157 | 24.048 s
Epoch: 267/1000, Train Loss: 0.0156, Val Loss: 0.0155 | 23.606 s
Epoch: 268/1000, Train Loss: 0.0157, Val Loss: 0.0156 | 26.029 s
Epoch: 269/1000, Train Loss: 0.0155, Val Loss: 0.0156 | 24.297 s
Epoch: 270/1000, Train Loss: 0.0155, Val Loss: 0.0155 | 24.291 s
Epoch: 271/1000, Train Loss: 0.0155, Val Loss: 0.0157 | 23.855 s
Epoch: 272/1000, Train Loss: 0.0155, Val Loss: 0.0165 | 25.576 s
Epoch: 273/1000, Train Loss: 0.0155, Val Loss: 0.0154 | 24.952 s
Epoch: 274/1000, Train Loss: 0.0155, Val Loss: 0.0159 | 24.797 s
Epoch: 275/1000, Train Loss: 0.0155, Val Loss: 0.0156 | 23.849 s
Epoch: 276/1000, Train Loss: 0.0154, Val Loss: 0.0157 | 23.816 s
Epoch: 277/1000, Train Loss: 0.0154, Val Loss: 0.0154 | 24.047 s
Epoch: 278/1000, Train Loss: 0.0154, Val Loss: 0.0154 | 23.477 s
Epoch: 279/1000, Train Loss: 0.0155, Val Loss: 0.0167 | 23.267 s
Epoch: 280/1000, Train Loss: 0.0155, Val Loss: 0.0153 | 24.381 s
Epoch: 281/1000, Train Loss: 0.0154, Val Loss: 0.0154 | 25.190 s
Epoch: 282/1000, Train Loss: 0.0153, Val Loss: 0.0153 | 24.901 s
Epoch: 283/1000, Train Loss: 0.0153, Val Loss: 0.0156 | 25.334 s
Epoch: 284/1000, Train Loss: 0.0154, Val Loss: 0.0153 | 25.384 s
Epoch: 285/1000, Train Loss: 0.0153, Val Loss: 0.0154 | 25.406 s
Epoch: 286/1000, Train Loss: 0.0152, Val Loss: 0.0152 | 22.753 s
Epoch: 287/1000, Train Loss: 0.0154, Val Loss: 0.0152 | 23.213 s
Epoch: 288/1000, Train Loss: 0.0152, Val Loss: 0.0152 | 25.040 s
Epoch: 289/1000, Train Loss: 0.0152, Val Loss: 0.0152 | 24.435 s
Epoch: 290/1000, Train Loss: 0.0153, Val Loss: 0.0152 | 25.659 s
Epoch: 291/1000, Train Loss: 0.0152, Val Loss: 0.0151 | 24.921 s
Epoch: 292/1000, Train Loss: 0.0151, Val Loss: 0.0152 | 23.844 s
Epoch: 293/1000, Train Loss: 0.0152, Val Loss: 0.0151 | 24.092 s
Epoch: 294/1000, Train Loss: 0.0151, Val Loss: 0.0155 | 25.357 s
Epoch: 295/1000, Train Loss: 0.0151, Val Loss: 0.0151 | 23.853 s
Epoch: 296/1000, Train Loss: 0.0152, Val Loss: 0.0151 | 23.494 s
Epoch: 297/1000, Train Loss: 0.0152, Val Loss: 0.0151 | 25.091 s
Epoch: 298/1000, Train Loss: 0.0150, Val Loss: 0.0150 | 23.185 s
Epoch: 299/1000, Train Loss: 0.0152, Val Loss: 0.0151 | 25.180 s
Epoch: 300/1000, Train Loss: 0.0151, Val Loss: 0.0155 | 24.833 s
Epoch: 301/1000, Train Loss: 0.0152, Val Loss: 0.0150 | 23.734 s
Epoch: 302/1000, Train Loss: 0.0150, Val Loss: 0.0152 | 24.625 s
Epoch: 303/1000, Train Loss: 0.0150, Val Loss: 0.0152 | 25.951 s
Epoch: 304/1000, Train Loss: 0.0150, Val Loss: 0.0149 | 23.912 s
Epoch: 305/1000, Train Loss: 0.0151, Val Loss: 0.0150 | 25.056 s
Epoch: 306/1000, Train Loss: 0.0150, Val Loss: 0.0149 | 24.813 s
Epoch: 307/1000, Train Loss: 0.0149, Val Loss: 0.0154 | 25.317 s
Epoch: 308/1000, Train Loss: 0.0150, Val Loss: 0.0149 | 25.375 s
Epoch: 309/1000, Train Loss: 0.0150, Val Loss: 0.0149 | 22.438 s
Epoch: 310/1000, Train Loss: 0.0150, Val Loss: 0.0149 | 24.618 s
Epoch: 311/1000, Train Loss: 0.0149, Val Loss: 0.0149 | 25.776 s
Epoch: 312/1000, Train Loss: 0.0149, Val Loss: 0.0148 | 24.854 s
Epoch: 313/1000, Train Loss: 0.0149, Val Loss: 0.0151 | 23.988 s
Epoch: 314/1000, Train Loss: 0.0148, Val Loss: 0.0148 | 25.644 s
Epoch: 315/1000, Train Loss: 0.0149, Val Loss: 0.0151 | 25.077 s
Epoch: 316/1000, Train Loss: 0.0149, Val Loss: 0.0153 | 23.014 s
Epoch: 317/1000, Train Loss: 0.0148, Val Loss: 0.0148 | 23.840 s
Epoch: 318/1000, Train Loss: 0.0147, Val Loss: 0.0149 | 23.031 s
Epoch: 319/1000, Train Loss: 0.0148, Val Loss: 0.0150 | 24.390 s
Epoch: 320/1000, Train Loss: 0.0148, Val Loss: 0.0149 | 25.155 s
Epoch: 321/1000, Train Loss: 0.0147, Val Loss: 0.0147 | 26.061 s
Epoch: 322/1000, Train Loss: 0.0147, Val Loss: 0.0147 | 23.291 s
Epoch: 323/1000, Train Loss: 0.0148, Val Loss: 0.0147 | 23.835 s
Epoch: 324/1000, Train Loss: 0.0147, Val Loss: 0.0146 | 24.211 s
Epoch: 325/1000, Train Loss: 0.0147, Val Loss: 0.0146 | 24.927 s
Epoch: 326/1000, Train Loss: 0.0147, Val Loss: 0.0148 | 24.558 s
Epoch: 327/1000, Train Loss: 0.0149, Val Loss: 0.0156 | 24.762 s
Epoch: 328/1000, Train Loss: 0.0147, Val Loss: 0.0147 | 24.945 s
Epoch: 329/1000, Train Loss: 0.0146, Val Loss: 0.0146 | 24.121 s
Epoch: 330/1000, Train Loss: 0.0146, Val Loss: 0.0146 | 22.850 s
Epoch: 331/1000, Train Loss: 0.0146, Val Loss: 0.0146 | 24.882 s
Epoch: 332/1000, Train Loss: 0.0146, Val Loss: 0.0150 | 24.300 s
Epoch: 333/1000, Train Loss: 0.0147, Val Loss: 0.0150 | 25.305 s
Epoch: 334/1000, Train Loss: 0.0146, Val Loss: 0.0145 | 24.984 s
Epoch: 335/1000, Train Loss: 0.0145, Val Loss: 0.0150 | 24.628 s
Epoch: 336/1000, Train Loss: 0.0146, Val Loss: 0.0153 | 24.195 s
Epoch: 337/1000, Train Loss: 0.0146, Val Loss: 0.0145 | 25.397 s
Epoch: 338/1000, Train Loss: 0.0146, Val Loss: 0.0145 | 25.289 s
Epoch: 339/1000, Train Loss: 0.0145, Val Loss: 0.0144 | 24.926 s
Epoch: 340/1000, Train Loss: 0.0144, Val Loss: 0.0148 | 25.107 s
Epoch: 341/1000, Train Loss: 0.0144, Val Loss: 0.0147 | 25.148 s
Epoch: 342/1000, Train Loss: 0.0145, Val Loss: 0.0144 | 24.208 s
Epoch: 343/1000, Train Loss: 0.0145, Val Loss: 0.0145 | 23.440 s
Epoch: 344/1000, Train Loss: 0.0144, Val Loss: 0.0157 | 24.622 s
Epoch: 345/1000, Train Loss: 0.0145, Val Loss: 0.0145 | 25.856 s
Epoch: 346/1000, Train Loss: 0.0145, Val Loss: 0.0143 | 25.178 s
Epoch: 347/1000, Train Loss: 0.0144, Val Loss: 0.0143 | 24.919 s
Epoch: 348/1000, Train Loss: 0.0144, Val Loss: 0.0143 | 24.430 s
Epoch: 349/1000, Train Loss: 0.0144, Val Loss: 0.0145 | 23.198 s
Epoch: 350/1000, Train Loss: 0.0143, Val Loss: 0.0145 | 25.207 s
Epoch: 351/1000, Train Loss: 0.0143, Val Loss: 0.0143 | 23.849 s
Epoch: 352/1000, Train Loss: 0.0144, Val Loss: 0.0143 | 24.969 s
Epoch: 353/1000, Train Loss: 0.0143, Val Loss: 0.0142 | 22.910 s
Epoch: 354/1000, Train Loss: 0.0142, Val Loss: 0.0142 | 24.655 s
Epoch: 355/1000, Train Loss: 0.0143, Val Loss: 0.0143 | 25.980 s
Epoch: 356/1000, Train Loss: 0.0144, Val Loss: 0.0146 | 24.023 s
Epoch: 357/1000, Train Loss: 0.0143, Val Loss: 0.0142 | 23.312 s
Epoch: 358/1000, Train Loss: 0.0142, Val Loss: 0.0141 | 25.348 s
Epoch: 359/1000, Train Loss: 0.0141, Val Loss: 0.0142 | 25.637 s
Epoch: 360/1000, Train Loss: 0.0143, Val Loss: 0.0142 | 24.511 s
Epoch: 361/1000, Train Loss: 0.0142, Val Loss: 0.0143 | 24.134 s
Epoch: 362/1000, Train Loss: 0.0143, Val Loss: 0.0151 | 25.282 s
Epoch: 363/1000, Train Loss: 0.0142, Val Loss: 0.0141 | 25.431 s
Epoch: 364/1000, Train Loss: 0.0142, Val Loss: 0.0146 | 24.893 s
Epoch: 365/1000, Train Loss: 0.0141, Val Loss: 0.0142 | 24.105 s
Epoch: 366/1000, Train Loss: 0.0142, Val Loss: 0.0144 | 25.495 s
Epoch: 367/1000, Train Loss: 0.0140, Val Loss: 0.0144 | 24.771 s
Epoch: 368/1000, Train Loss: 0.0141, Val Loss: 0.0143 | 23.809 s
Epoch: 369/1000, Train Loss: 0.0141, Val Loss: 0.0140 | 24.916 s
Epoch: 370/1000, Train Loss: 0.0141, Val Loss: 0.0141 | 23.807 s
Epoch: 371/1000, Train Loss: 0.0140, Val Loss: 0.0142 | 23.498 s
Epoch: 372/1000, Train Loss: 0.0141, Val Loss: 0.0140 | 24.832 s
Epoch: 373/1000, Train Loss: 0.0141, Val Loss: 0.0139 | 24.765 s
Epoch: 374/1000, Train Loss: 0.0141, Val Loss: 0.0139 | 22.722 s
Epoch: 375/1000, Train Loss: 0.0141, Val Loss: 0.0145 | 23.464 s
Epoch: 376/1000, Train Loss: 0.0140, Val Loss: 0.0139 | 24.605 s
Epoch: 377/1000, Train Loss: 0.0140, Val Loss: 0.0140 | 24.202 s
Epoch: 378/1000, Train Loss: 0.0139, Val Loss: 0.0138 | 25.509 s
Epoch: 379/1000, Train Loss: 0.0140, Val Loss: 0.0139 | 24.716 s
Epoch: 380/1000, Train Loss: 0.0138, Val Loss: 0.0138 | 25.237 s
Epoch: 381/1000, Train Loss: 0.0139, Val Loss: 0.0138 | 26.481 s
Epoch: 382/1000, Train Loss: 0.0139, Val Loss: 0.0139 | 24.701 s
Epoch: 383/1000, Train Loss: 0.0138, Val Loss: 0.0138 | 23.020 s
Epoch: 384/1000, Train Loss: 0.0139, Val Loss: 0.0139 | 23.401 s
Epoch: 385/1000, Train Loss: 0.0139, Val Loss: 0.0137 | 25.238 s
Epoch: 386/1000, Train Loss: 0.0138, Val Loss: 0.0142 | 24.410 s
Epoch: 387/1000, Train Loss: 0.0138, Val Loss: 0.0140 | 24.838 s
Epoch: 388/1000, Train Loss: 0.0139, Val Loss: 0.0137 | 24.905 s
Epoch: 389/1000, Train Loss: 0.0138, Val Loss: 0.0137 | 23.827 s
Epoch: 390/1000, Train Loss: 0.0139, Val Loss: 0.0137 | 24.965 s
Epoch: 391/1000, Train Loss: 0.0137, Val Loss: 0.0138 | 25.568 s
Epoch: 392/1000, Train Loss: 0.0137, Val Loss: 0.0138 | 25.962 s
Epoch: 393/1000, Train Loss: 0.0137, Val Loss: 0.0140 | 24.192 s
Epoch: 394/1000, Train Loss: 0.0137, Val Loss: 0.0136 | 24.939 s
Epoch: 395/1000, Train Loss: 0.0137, Val Loss: 0.0139 | 25.025 s
Epoch: 396/1000, Train Loss: 0.0137, Val Loss: 0.0138 | 24.977 s
Epoch: 397/1000, Train Loss: 0.0137, Val Loss: 0.0135 | 24.172 s
Epoch: 398/1000, Train Loss: 0.0137, Val Loss: 0.0139 | 25.305 s
Epoch: 399/1000, Train Loss: 0.0136, Val Loss: 0.0135 | 24.604 s
Epoch: 400/1000, Train Loss: 0.0136, Val Loss: 0.0136 | 25.613 s
Epoch: 401/1000, Train Loss: 0.0136, Val Loss: 0.0136 | 25.091 s
Epoch: 402/1000, Train Loss: 0.0135, Val Loss: 0.0135 | 25.120 s
Epoch: 403/1000, Train Loss: 0.0135, Val Loss: 0.0134 | 24.675 s
Epoch: 404/1000, Train Loss: 0.0136, Val Loss: 0.0138 | 25.026 s
Epoch: 405/1000, Train Loss: 0.0136, Val Loss: 0.0136 | 25.079 s
Epoch: 406/1000, Train Loss: 0.0135, Val Loss: 0.0135 | 23.142 s
Epoch: 407/1000, Train Loss: 0.0134, Val Loss: 0.0136 | 25.006 s
Epoch: 408/1000, Train Loss: 0.0135, Val Loss: 0.0135 | 24.832 s
Epoch: 409/1000, Train Loss: 0.0134, Val Loss: 0.0134 | 25.852 s
Epoch: 410/1000, Train Loss: 0.0135, Val Loss: 0.0139 | 24.585 s
Epoch: 411/1000, Train Loss: 0.0135, Val Loss: 0.0133 | 25.702 s
Epoch: 412/1000, Train Loss: 0.0134, Val Loss: 0.0134 | 25.062 s
Epoch: 413/1000, Train Loss: 0.0134, Val Loss: 0.0133 | 22.710 s
Epoch: 414/1000, Train Loss: 0.0133, Val Loss: 0.0134 | 25.155 s
Epoch: 415/1000, Train Loss: 0.0133, Val Loss: 0.0132 | 23.388 s
Epoch: 416/1000, Train Loss: 0.0134, Val Loss: 0.0133 | 24.588 s
Epoch: 417/1000, Train Loss: 0.0132, Val Loss: 0.0138 | 23.745 s
Epoch: 418/1000, Train Loss: 0.0133, Val Loss: 0.0132 | 24.979 s
Epoch: 419/1000, Train Loss: 0.0132, Val Loss: 0.0132 | 24.889 s
Epoch: 420/1000, Train Loss: 0.0132, Val Loss: 0.0132 | 24.209 s
Epoch: 421/1000, Train Loss: 0.0133, Val Loss: 0.0133 | 25.774 s
Epoch: 422/1000, Train Loss: 0.0132, Val Loss: 0.0133 | 24.687 s
Epoch: 423/1000, Train Loss: 0.0132, Val Loss: 0.0138 | 23.917 s
Epoch: 424/1000, Train Loss: 0.0132, Val Loss: 0.0131 | 24.394 s
Epoch: 425/1000, Train Loss: 0.0132, Val Loss: 0.0132 | 24.097 s
Epoch: 426/1000, Train Loss: 0.0131, Val Loss: 0.0131 | 23.887 s
Epoch: 427/1000, Train Loss: 0.0131, Val Loss: 0.0130 | 24.233 s
Epoch: 428/1000, Train Loss: 0.0131, Val Loss: 0.0135 | 25.632 s
Epoch: 429/1000, Train Loss: 0.0132, Val Loss: 0.0132 | 25.285 s
Epoch: 430/1000, Train Loss: 0.0131, Val Loss: 0.0131 | 24.989 s
Epoch: 431/1000, Train Loss: 0.0131, Val Loss: 0.0130 | 24.120 s
Epoch: 432/1000, Train Loss: 0.0130, Val Loss: 0.0129 | 25.607 s
Epoch: 433/1000, Train Loss: 0.0131, Val Loss: 0.0132 | 24.994 s
Epoch: 434/1000, Train Loss: 0.0131, Val Loss: 0.0129 | 26.011 s
Epoch: 435/1000, Train Loss: 0.0130, Val Loss: 0.0133 | 24.196 s
Epoch: 436/1000, Train Loss: 0.0130, Val Loss: 0.0145 | 23.052 s
Epoch: 437/1000, Train Loss: 0.0130, Val Loss: 0.0129 | 23.730 s
Epoch: 438/1000, Train Loss: 0.0129, Val Loss: 0.0129 | 22.792 s
Epoch: 439/1000, Train Loss: 0.0129, Val Loss: 0.0131 | 25.306 s
Epoch: 440/1000, Train Loss: 0.0129, Val Loss: 0.0128 | 25.469 s
Epoch: 441/1000, Train Loss: 0.0129, Val Loss: 0.0128 | 23.433 s
Epoch: 442/1000, Train Loss: 0.0128, Val Loss: 0.0128 | 24.334 s
Epoch: 443/1000, Train Loss: 0.0128, Val Loss: 0.0127 | 24.936 s
Epoch: 444/1000, Train Loss: 0.0128, Val Loss: 0.0127 | 25.601 s
Epoch: 445/1000, Train Loss: 0.0127, Val Loss: 0.0127 | 24.874 s
Epoch: 446/1000, Train Loss: 0.0129, Val Loss: 0.0127 | 25.261 s
Epoch: 447/1000, Train Loss: 0.0128, Val Loss: 0.0129 | 23.966 s
Epoch: 448/1000, Train Loss: 0.0128, Val Loss: 0.0127 | 25.740 s
Epoch: 449/1000, Train Loss: 0.0127, Val Loss: 0.0130 | 24.785 s
Epoch: 450/1000, Train Loss: 0.0127, Val Loss: 0.0126 | 22.488 s
Epoch: 451/1000, Train Loss: 0.0127, Val Loss: 0.0127 | 25.112 s
Epoch: 452/1000, Train Loss: 0.0127, Val Loss: 0.0126 | 25.426 s
Epoch: 453/1000, Train Loss: 0.0127, Val Loss: 0.0130 | 23.838 s
Epoch: 454/1000, Train Loss: 0.0126, Val Loss: 0.0125 | 24.872 s
Epoch: 455/1000, Train Loss: 0.0126, Val Loss: 0.0125 | 24.220 s
Epoch: 456/1000, Train Loss: 0.0128, Val Loss: 0.0125 | 24.464 s
Epoch: 457/1000, Train Loss: 0.0125, Val Loss: 0.0126 | 24.537 s
Epoch: 458/1000, Train Loss: 0.0125, Val Loss: 0.0126 | 24.199 s
Epoch: 459/1000, Train Loss: 0.0126, Val Loss: 0.0124 | 24.555 s
Epoch: 460/1000, Train Loss: 0.0125, Val Loss: 0.0126 | 24.338 s
Epoch: 461/1000, Train Loss: 0.0125, Val Loss: 0.0125 | 23.716 s
Epoch: 462/1000, Train Loss: 0.0124, Val Loss: 0.0126 | 24.780 s
Epoch: 463/1000, Train Loss: 0.0124, Val Loss: 0.0124 | 24.707 s
Epoch: 464/1000, Train Loss: 0.0124, Val Loss: 0.0124 | 24.246 s
Epoch: 465/1000, Train Loss: 0.0125, Val Loss: 0.0135 | 24.452 s
Epoch: 466/1000, Train Loss: 0.0124, Val Loss: 0.0130 | 25.839 s
Epoch: 467/1000, Train Loss: 0.0124, Val Loss: 0.0125 | 24.370 s
Epoch: 468/1000, Train Loss: 0.0125, Val Loss: 0.0127 | 25.002 s
Epoch: 469/1000, Train Loss: 0.0124, Val Loss: 0.0125 | 25.908 s
Epoch: 470/1000, Train Loss: 0.0124, Val Loss: 0.0123 | 23.641 s
Epoch: 471/1000, Train Loss: 0.0123, Val Loss: 0.0123 | 24.050 s
Epoch: 472/1000, Train Loss: 0.0124, Val Loss: 0.0124 | 22.199 s
Epoch: 473/1000, Train Loss: 0.0123, Val Loss: 0.0123 | 24.348 s
Epoch: 474/1000, Train Loss: 0.0124, Val Loss: 0.0122 | 24.680 s
Epoch: 475/1000, Train Loss: 0.0122, Val Loss: 0.0121 | 24.616 s
Epoch: 476/1000, Train Loss: 0.0123, Val Loss: 0.0121 | 24.422 s
Epoch: 477/1000, Train Loss: 0.0122, Val Loss: 0.0124 | 23.643 s
Epoch: 478/1000, Train Loss: 0.0122, Val Loss: 0.0122 | 24.108 s
Epoch: 479/1000, Train Loss: 0.0121, Val Loss: 0.0123 | 23.845 s
Epoch: 480/1000, Train Loss: 0.0122, Val Loss: 0.0132 | 24.618 s
Epoch: 481/1000, Train Loss: 0.0122, Val Loss: 0.0121 | 24.494 s
Epoch: 482/1000, Train Loss: 0.0121, Val Loss: 0.0120 | 25.625 s
Epoch: 483/1000, Train Loss: 0.0120, Val Loss: 0.0120 | 24.157 s
Epoch: 484/1000, Train Loss: 0.0121, Val Loss: 0.0121 | 23.914 s
Epoch: 485/1000, Train Loss: 0.0120, Val Loss: 0.0120 | 24.644 s
Epoch: 486/1000, Train Loss: 0.0120, Val Loss: 0.0124 | 24.733 s
Epoch: 487/1000, Train Loss: 0.0120, Val Loss: 0.0120 | 24.493 s
Epoch: 488/1000, Train Loss: 0.0120, Val Loss: 0.0120 | 25.562 s
Epoch: 489/1000, Train Loss: 0.0120, Val Loss: 0.0123 | 25.794 s
Epoch: 490/1000, Train Loss: 0.0120, Val Loss: 0.0119 | 25.892 s
Epoch: 491/1000, Train Loss: 0.0119, Val Loss: 0.0120 | 23.057 s
Epoch: 492/1000, Train Loss: 0.0121, Val Loss: 0.0118 | 24.562 s
Epoch: 493/1000, Train Loss: 0.0118, Val Loss: 0.0118 | 23.189 s
Epoch: 494/1000, Train Loss: 0.0118, Val Loss: 0.0118 | 24.564 s
Epoch: 495/1000, Train Loss: 0.0120, Val Loss: 0.0120 | 24.707 s
Epoch: 496/1000, Train Loss: 0.0119, Val Loss: 0.0118 | 25.403 s
Epoch: 497/1000, Train Loss: 0.0118, Val Loss: 0.0119 | 23.198 s
Epoch: 498/1000, Train Loss: 0.0118, Val Loss: 0.0117 | 23.687 s
Epoch: 499/1000, Train Loss: 0.0117, Val Loss: 0.0117 | 24.139 s
Epoch: 500/1000, Train Loss: 0.0117, Val Loss: 0.0116 | 25.868 s
Epoch: 501/1000, Train Loss: 0.0117, Val Loss: 0.0116 | 25.633 s
Epoch: 502/1000, Train Loss: 0.0116, Val Loss: 0.0116 | 25.105 s
Epoch: 503/1000, Train Loss: 0.0118, Val Loss: 0.0125 | 25.513 s
Epoch: 504/1000, Train Loss: 0.0116, Val Loss: 0.0115 | 24.194 s
Epoch: 505/1000, Train Loss: 0.0115, Val Loss: 0.0117 | 24.314 s
Epoch: 506/1000, Train Loss: 0.0116, Val Loss: 0.0115 | 25.569 s
Epoch: 507/1000, Train Loss: 0.0116, Val Loss: 0.0115 | 23.616 s
Epoch: 508/1000, Train Loss: 0.0116, Val Loss: 0.0117 | 23.882 s
Epoch: 509/1000, Train Loss: 0.0116, Val Loss: 0.0116 | 24.896 s
Epoch: 510/1000, Train Loss: 0.0114, Val Loss: 0.0123 | 26.292 s
Epoch: 511/1000, Train Loss: 0.0115, Val Loss: 0.0114 | 23.813 s
Epoch: 512/1000, Train Loss: 0.0114, Val Loss: 0.0114 | 23.897 s
Epoch: 513/1000, Train Loss: 0.0115, Val Loss: 0.0124 | 24.087 s
Epoch: 514/1000, Train Loss: 0.0114, Val Loss: 0.0114 | 24.400 s
Epoch: 515/1000, Train Loss: 0.0113, Val Loss: 0.0114 | 26.062 s
Epoch: 516/1000, Train Loss: 0.0114, Val Loss: 0.0112 | 25.976 s
Epoch: 517/1000, Train Loss: 0.0114, Val Loss: 0.0112 | 25.663 s
Epoch: 518/1000, Train Loss: 0.0113, Val Loss: 0.0113 | 24.669 s
Epoch: 519/1000, Train Loss: 0.0113, Val Loss: 0.0113 | 22.644 s
Epoch: 520/1000, Train Loss: 0.0113, Val Loss: 0.0114 | 23.604 s
Epoch: 521/1000, Train Loss: 0.0112, Val Loss: 0.0112 | 23.202 s
Epoch: 522/1000, Train Loss: 0.0112, Val Loss: 0.0111 | 24.265 s
Epoch: 523/1000, Train Loss: 0.0112, Val Loss: 0.0111 | 22.752 s
Epoch: 524/1000, Train Loss: 0.0110, Val Loss: 0.0110 | 24.267 s
Epoch: 525/1000, Train Loss: 0.0111, Val Loss: 0.0112 | 24.223 s
Epoch: 526/1000, Train Loss: 0.0110, Val Loss: 0.0110 | 24.769 s
Epoch: 527/1000, Train Loss: 0.0110, Val Loss: 0.0109 | 25.402 s
Epoch: 528/1000, Train Loss: 0.0111, Val Loss: 0.0109 | 24.644 s
Epoch: 529/1000, Train Loss: 0.0111, Val Loss: 0.0109 | 25.793 s
Epoch: 530/1000, Train Loss: 0.0109, Val Loss: 0.0109 | 24.911 s
Epoch: 531/1000, Train Loss: 0.0109, Val Loss: 0.0111 | 23.663 s
Epoch: 532/1000, Train Loss: 0.0110, Val Loss: 0.0108 | 23.627 s
Epoch: 533/1000, Train Loss: 0.0108, Val Loss: 0.0108 | 24.235 s
Epoch: 534/1000, Train Loss: 0.0108, Val Loss: 0.0108 | 24.471 s
Epoch: 535/1000, Train Loss: 0.0108, Val Loss: 0.0109 | 24.588 s
Epoch: 536/1000, Train Loss: 0.0108, Val Loss: 0.0107 | 25.238 s
Epoch: 537/1000, Train Loss: 0.0109, Val Loss: 0.0129 | 24.499 s
Epoch: 538/1000, Train Loss: 0.0108, Val Loss: 0.0107 | 23.363 s
Epoch: 539/1000, Train Loss: 0.0107, Val Loss: 0.0106 | 25.137 s
Epoch: 540/1000, Train Loss: 0.0106, Val Loss: 0.0106 | 24.320 s
Epoch: 541/1000, Train Loss: 0.0107, Val Loss: 0.0107 | 24.236 s
Epoch: 542/1000, Train Loss: 0.0106, Val Loss: 0.0106 | 24.050 s
Epoch: 543/1000, Train Loss: 0.0106, Val Loss: 0.0106 | 24.701 s
Epoch: 544/1000, Train Loss: 0.0106, Val Loss: 0.0106 | 24.661 s
Epoch: 545/1000, Train Loss: 0.0105, Val Loss: 0.0106 | 22.969 s
Epoch: 546/1000, Train Loss: 0.0106, Val Loss: 0.0111 | 24.664 s
Epoch: 547/1000, Train Loss: 0.0105, Val Loss: 0.0105 | 24.277 s
Epoch: 548/1000, Train Loss: 0.0105, Val Loss: 0.0104 | 25.536 s
Epoch: 549/1000, Train Loss: 0.0105, Val Loss: 0.0107 | 24.758 s
Epoch: 550/1000, Train Loss: 0.0104, Val Loss: 0.0106 | 25.512 s
Epoch: 551/1000, Train Loss: 0.0105, Val Loss: 0.0103 | 24.176 s
Epoch: 552/1000, Train Loss: 0.0104, Val Loss: 0.0104 | 23.817 s
Epoch: 553/1000, Train Loss: 0.0103, Val Loss: 0.0102 | 24.519 s
Epoch: 554/1000, Train Loss: 0.0104, Val Loss: 0.0102 | 24.825 s
Epoch: 555/1000, Train Loss: 0.0102, Val Loss: 0.0104 | 23.718 s
Epoch: 556/1000, Train Loss: 0.0103, Val Loss: 0.0102 | 24.671 s
Epoch: 557/1000, Train Loss: 0.0103, Val Loss: 0.0109 | 23.383 s
Epoch: 558/1000, Train Loss: 0.0103, Val Loss: 0.0102 | 24.859 s
Epoch: 559/1000, Train Loss: 0.0102, Val Loss: 0.0101 | 24.057 s
Epoch: 560/1000, Train Loss: 0.0102, Val Loss: 0.0106 | 24.582 s
Epoch: 561/1000, Train Loss: 0.0103, Val Loss: 0.0108 | 25.131 s
Epoch: 562/1000, Train Loss: 0.0103, Val Loss: 0.0101 | 24.308 s
Epoch: 563/1000, Train Loss: 0.0101, Val Loss: 0.0100 | 25.225 s
Epoch: 564/1000, Train Loss: 0.0101, Val Loss: 0.0099 | 23.548 s
Epoch: 565/1000, Train Loss: 0.0101, Val Loss: 0.0104 | 25.403 s
Epoch: 566/1000, Train Loss: 0.0100, Val Loss: 0.0102 | 25.116 s
Epoch: 567/1000, Train Loss: 0.0101, Val Loss: 0.0099 | 24.645 s
Epoch: 568/1000, Train Loss: 0.0100, Val Loss: 0.0100 | 25.479 s
Epoch: 569/1000, Train Loss: 0.0101, Val Loss: 0.0102 | 25.287 s
Epoch: 570/1000, Train Loss: 0.0099, Val Loss: 0.0098 | 25.181 s
Epoch: 571/1000, Train Loss: 0.0098, Val Loss: 0.0099 | 24.973 s
Epoch: 572/1000, Train Loss: 0.0098, Val Loss: 0.0097 | 24.514 s
Epoch: 573/1000, Train Loss: 0.0098, Val Loss: 0.0099 | 25.610 s
Epoch: 574/1000, Train Loss: 0.0098, Val Loss: 0.0097 | 23.895 s
Epoch: 575/1000, Train Loss: 0.0099, Val Loss: 0.0096 | 24.409 s
Epoch: 576/1000, Train Loss: 0.0097, Val Loss: 0.0101 | 24.562 s
Epoch: 577/1000, Train Loss: 0.0098, Val Loss: 0.0099 | 22.268 s
Epoch: 578/1000, Train Loss: 0.0097, Val Loss: 0.0097 | 25.010 s
Epoch: 579/1000, Train Loss: 0.0096, Val Loss: 0.0096 | 25.443 s
Epoch: 580/1000, Train Loss: 0.0096, Val Loss: 0.0097 | 24.468 s
Epoch: 581/1000, Train Loss: 0.0096, Val Loss: 0.0095 | 25.397 s
Epoch: 582/1000, Train Loss: 0.0096, Val Loss: 0.0095 | 24.298 s
Epoch: 583/1000, Train Loss: 0.0096, Val Loss: 0.0098 | 25.600 s
Epoch: 584/1000, Train Loss: 0.0094, Val Loss: 0.0095 | 24.352 s
Epoch: 585/1000, Train Loss: 0.0094, Val Loss: 0.0094 | 22.895 s
Epoch: 586/1000, Train Loss: 0.0094, Val Loss: 0.0096 | 24.204 s
Epoch: 587/1000, Train Loss: 0.0095, Val Loss: 0.0093 | 24.945 s
Epoch: 588/1000, Train Loss: 0.0094, Val Loss: 0.0092 | 23.258 s
Epoch: 589/1000, Train Loss: 0.0093, Val Loss: 0.0093 | 25.157 s
Epoch: 590/1000, Train Loss: 0.0092, Val Loss: 0.0093 | 24.174 s
Epoch: 591/1000, Train Loss: 0.0094, Val Loss: 0.0093 | 23.701 s
Epoch: 592/1000, Train Loss: 0.0093, Val Loss: 0.0091 | 24.439 s
Epoch: 593/1000, Train Loss: 0.0092, Val Loss: 0.0091 | 25.284 s
Epoch: 594/1000, Train Loss: 0.0092, Val Loss: 0.0100 | 25.773 s
Epoch: 595/1000, Train Loss: 0.0095, Val Loss: 0.0100 | 25.502 s
Epoch: 596/1000, Train Loss: 0.0091, Val Loss: 0.0092 | 24.532 s
Epoch: 597/1000, Train Loss: 0.0092, Val Loss: 0.0090 | 25.221 s
Epoch: 598/1000, Train Loss: 0.0092, Val Loss: 0.0090 | 25.228 s
Epoch: 599/1000, Train Loss: 0.0091, Val Loss: 0.0095 | 22.415 s
Epoch: 600/1000, Train Loss: 0.0090, Val Loss: 0.0090 | 24.520 s
Epoch: 601/1000, Train Loss: 0.0090, Val Loss: 0.0094 | 25.209 s
Epoch: 602/1000, Train Loss: 0.0090, Val Loss: 0.0089 | 25.489 s
Epoch: 603/1000, Train Loss: 0.0090, Val Loss: 0.0089 | 24.311 s
Epoch: 604/1000, Train Loss: 0.0090, Val Loss: 0.0091 | 25.304 s
Epoch: 605/1000, Train Loss: 0.0089, Val Loss: 0.0088 | 24.545 s
Epoch: 606/1000, Train Loss: 0.0088, Val Loss: 0.0088 | 23.763 s
Epoch: 607/1000, Train Loss: 0.0089, Val Loss: 0.0093 | 25.234 s
Epoch: 608/1000, Train Loss: 0.0089, Val Loss: 0.0087 | 25.277 s
Epoch: 609/1000, Train Loss: 0.0088, Val Loss: 0.0087 | 23.040 s
Epoch: 610/1000, Train Loss: 0.0088, Val Loss: 0.0088 | 24.358 s
Epoch: 611/1000, Train Loss: 0.0087, Val Loss: 0.0087 | 24.877 s
Epoch: 612/1000, Train Loss: 0.0087, Val Loss: 0.0086 | 24.338 s
Epoch: 613/1000, Train Loss: 0.0087, Val Loss: 0.0086 | 23.711 s
Epoch: 614/1000, Train Loss: 0.0087, Val Loss: 0.0085 | 25.028 s
Epoch: 615/1000, Train Loss: 0.0087, Val Loss: 0.0085 | 25.601 s
Epoch: 616/1000, Train Loss: 0.0087, Val Loss: 0.0087 | 25.443 s
Epoch: 617/1000, Train Loss: 0.0086, Val Loss: 0.0097 | 24.758 s
Epoch: 618/1000, Train Loss: 0.0086, Val Loss: 0.0084 | 25.010 s
Epoch: 619/1000, Train Loss: 0.0086, Val Loss: 0.0084 | 24.932 s
Epoch: 620/1000, Train Loss: 0.0086, Val Loss: 0.0087 | 24.580 s
Epoch: 621/1000, Train Loss: 0.0085, Val Loss: 0.0087 | 24.297 s
Epoch: 622/1000, Train Loss: 0.0084, Val Loss: 0.0084 | 23.790 s
Epoch: 623/1000, Train Loss: 0.0084, Val Loss: 0.0085 | 24.300 s
Epoch: 624/1000, Train Loss: 0.0084, Val Loss: 0.0083 | 25.786 s
Epoch: 625/1000, Train Loss: 0.0084, Val Loss: 0.0083 | 24.773 s
Epoch: 626/1000, Train Loss: 0.0084, Val Loss: 0.0082 | 23.208 s
Epoch: 627/1000, Train Loss: 0.0084, Val Loss: 0.0082 | 24.582 s
Epoch: 628/1000, Train Loss: 0.0082, Val Loss: 0.0086 | 24.745 s
Epoch: 629/1000, Train Loss: 0.0083, Val Loss: 0.0081 | 26.168 s
Epoch: 630/1000, Train Loss: 0.0082, Val Loss: 0.0081 | 25.253 s
Epoch: 631/1000, Train Loss: 0.0081, Val Loss: 0.0081 | 24.220 s
Epoch: 632/1000, Train Loss: 0.0082, Val Loss: 0.0083 | 25.805 s
Epoch: 633/1000, Train Loss: 0.0081, Val Loss: 0.0080 | 24.964 s
Epoch: 634/1000, Train Loss: 0.0082, Val Loss: 0.0082 | 23.887 s
Epoch: 635/1000, Train Loss: 0.0081, Val Loss: 0.0079 | 25.070 s
Epoch: 636/1000, Train Loss: 0.0079, Val Loss: 0.0081 | 24.404 s
Epoch: 637/1000, Train Loss: 0.0080, Val Loss: 0.0079 | 24.997 s
Epoch: 638/1000, Train Loss: 0.0080, Val Loss: 0.0085 | 24.453 s
Epoch: 639/1000, Train Loss: 0.0079, Val Loss: 0.0079 | 24.760 s
Epoch: 640/1000, Train Loss: 0.0078, Val Loss: 0.0078 | 23.673 s
Epoch: 641/1000, Train Loss: 0.0079, Val Loss: 0.0078 | 25.791 s
Epoch: 642/1000, Train Loss: 0.0079, Val Loss: 0.0078 | 24.988 s
Epoch: 643/1000, Train Loss: 0.0078, Val Loss: 0.0078 | 25.518 s
Epoch: 644/1000, Train Loss: 0.0078, Val Loss: 0.0078 | 26.388 s
Epoch: 645/1000, Train Loss: 0.0079, Val Loss: 0.0077 | 24.616 s
Epoch: 646/1000, Train Loss: 0.0079, Val Loss: 0.0076 | 25.410 s
Epoch: 647/1000, Train Loss: 0.0078, Val Loss: 0.0078 | 24.429 s
Epoch: 648/1000, Train Loss: 0.0077, Val Loss: 0.0078 | 23.969 s
Epoch: 649/1000, Train Loss: 0.0077, Val Loss: 0.0078 | 23.671 s
Epoch: 650/1000, Train Loss: 0.0076, Val Loss: 0.0075 | 25.052 s
Epoch: 651/1000, Train Loss: 0.0076, Val Loss: 0.0076 | 26.101 s
Epoch: 652/1000, Train Loss: 0.0075, Val Loss: 0.0077 | 22.526 s
Epoch: 653/1000, Train Loss: 0.0075, Val Loss: 0.0075 | 25.159 s
Epoch: 654/1000, Train Loss: 0.0074, Val Loss: 0.0074 | 24.892 s
Epoch: 655/1000, Train Loss: 0.0075, Val Loss: 0.0074 | 24.263 s
Epoch: 656/1000, Train Loss: 0.0074, Val Loss: 0.0073 | 24.206 s
Epoch: 657/1000, Train Loss: 0.0074, Val Loss: 0.0073 | 24.027 s
Epoch: 658/1000, Train Loss: 0.0074, Val Loss: 0.0073 | 24.119 s
Epoch: 659/1000, Train Loss: 0.0074, Val Loss: 0.0080 | 24.550 s
Epoch: 660/1000, Train Loss: 0.0074, Val Loss: 0.0074 | 23.411 s
Epoch: 661/1000, Train Loss: 0.0073, Val Loss: 0.0072 | 25.004 s
Epoch: 662/1000, Train Loss: 0.0073, Val Loss: 0.0076 | 22.418 s
Epoch: 663/1000, Train Loss: 0.0072, Val Loss: 0.0073 | 23.088 s
Epoch: 664/1000, Train Loss: 0.0073, Val Loss: 0.0072 | 25.861 s
Epoch: 665/1000, Train Loss: 0.0072, Val Loss: 0.0071 | 26.753 s
Epoch: 666/1000, Train Loss: 0.0073, Val Loss: 0.0071 | 22.729 s
Epoch: 667/1000, Train Loss: 0.0071, Val Loss: 0.0070 | 23.554 s
Epoch: 668/1000, Train Loss: 0.0071, Val Loss: 0.0073 | 25.080 s
Epoch: 669/1000, Train Loss: 0.0070, Val Loss: 0.0071 | 25.413 s
Epoch: 670/1000, Train Loss: 0.0071, Val Loss: 0.0070 | 26.021 s
Epoch: 671/1000, Train Loss: 0.0069, Val Loss: 0.0069 | 24.448 s
Epoch: 672/1000, Train Loss: 0.0071, Val Loss: 0.0069 | 23.811 s
Epoch: 673/1000, Train Loss: 0.0069, Val Loss: 0.0074 | 24.979 s
Epoch: 674/1000, Train Loss: 0.0069, Val Loss: 0.0068 | 24.158 s
Epoch: 675/1000, Train Loss: 0.0068, Val Loss: 0.0073 | 25.826 s
Epoch: 676/1000, Train Loss: 0.0069, Val Loss: 0.0071 | 24.591 s
Epoch: 677/1000, Train Loss: 0.0068, Val Loss: 0.0069 | 26.184 s
Epoch: 678/1000, Train Loss: 0.0068, Val Loss: 0.0067 | 24.739 s
Epoch: 679/1000, Train Loss: 0.0067, Val Loss: 0.0066 | 25.000 s
Epoch: 680/1000, Train Loss: 0.0067, Val Loss: 0.0067 | 23.610 s
Epoch: 681/1000, Train Loss: 0.0067, Val Loss: 0.0068 | 25.267 s
Epoch: 682/1000, Train Loss: 0.0067, Val Loss: 0.0066 | 24.541 s
Epoch: 683/1000, Train Loss: 0.0067, Val Loss: 0.0065 | 23.357 s
Epoch: 684/1000, Train Loss: 0.0067, Val Loss: 0.0065 | 22.960 s
Epoch: 685/1000, Train Loss: 0.0065, Val Loss: 0.0065 | 24.699 s
Epoch: 686/1000, Train Loss: 0.0065, Val Loss: 0.0064 | 24.158 s
Epoch: 687/1000, Train Loss: 0.0065, Val Loss: 0.0065 | 23.691 s
Epoch: 688/1000, Train Loss: 0.0065, Val Loss: 0.0070 | 24.818 s
Epoch: 689/1000, Train Loss: 0.0064, Val Loss: 0.0063 | 24.174 s
Epoch: 690/1000, Train Loss: 0.0064, Val Loss: 0.0065 | 23.459 s
Epoch: 691/1000, Train Loss: 0.0063, Val Loss: 0.0063 | 25.679 s
Epoch: 692/1000, Train Loss: 0.0063, Val Loss: 0.0064 | 24.187 s
Epoch: 693/1000, Train Loss: 0.0063, Val Loss: 0.0063 | 24.382 s
Epoch: 694/1000, Train Loss: 0.0063, Val Loss: 0.0068 | 25.271 s
Epoch: 695/1000, Train Loss: 0.0063, Val Loss: 0.0065 | 23.457 s
Epoch: 696/1000, Train Loss: 0.0062, Val Loss: 0.0062 | 25.940 s
Epoch: 697/1000, Train Loss: 0.0062, Val Loss: 0.0061 | 24.297 s
Epoch: 698/1000, Train Loss: 0.0064, Val Loss: 0.0061 | 25.134 s
Epoch: 699/1000, Train Loss: 0.0061, Val Loss: 0.0060 | 26.080 s
Epoch: 700/1000, Train Loss: 0.0061, Val Loss: 0.0061 | 25.126 s
Epoch: 701/1000, Train Loss: 0.0062, Val Loss: 0.0061 | 25.403 s
Epoch: 702/1000, Train Loss: 0.0060, Val Loss: 0.0059 | 24.497 s
Epoch: 703/1000, Train Loss: 0.0060, Val Loss: 0.0059 | 23.312 s
Epoch: 704/1000, Train Loss: 0.0060, Val Loss: 0.0062 | 24.021 s
Epoch: 705/1000, Train Loss: 0.0059, Val Loss: 0.0059 | 23.257 s
Epoch: 706/1000, Train Loss: 0.0059, Val Loss: 0.0059 | 25.569 s
Epoch: 707/1000, Train Loss: 0.0059, Val Loss: 0.0058 | 25.109 s
Epoch: 708/1000, Train Loss: 0.0059, Val Loss: 0.0059 | 26.248 s
Epoch: 709/1000, Train Loss: 0.0059, Val Loss: 0.0057 | 25.251 s
Epoch: 710/1000, Train Loss: 0.0058, Val Loss: 0.0057 | 24.422 s
Epoch: 711/1000, Train Loss: 0.0058, Val Loss: 0.0058 | 23.588 s
Epoch: 712/1000, Train Loss: 0.0059, Val Loss: 0.0059 | 25.728 s
Epoch: 713/1000, Train Loss: 0.0058, Val Loss: 0.0056 | 24.822 s
Epoch: 714/1000, Train Loss: 0.0057, Val Loss: 0.0060 | 23.528 s
Epoch: 715/1000, Train Loss: 0.0058, Val Loss: 0.0056 | 24.834 s
Epoch: 716/1000, Train Loss: 0.0056, Val Loss: 0.0056 | 24.767 s
Epoch: 717/1000, Train Loss: 0.0058, Val Loss: 0.0056 | 24.306 s
Epoch: 718/1000, Train Loss: 0.0056, Val Loss: 0.0058 | 25.607 s
Epoch: 719/1000, Train Loss: 0.0056, Val Loss: 0.0055 | 23.864 s
Epoch: 720/1000, Train Loss: 0.0056, Val Loss: 0.0055 | 23.866 s
Epoch: 721/1000, Train Loss: 0.0056, Val Loss: 0.0056 | 25.144 s
Epoch: 722/1000, Train Loss: 0.0056, Val Loss: 0.0054 | 25.489 s
Epoch: 723/1000, Train Loss: 0.0055, Val Loss: 0.0054 | 25.898 s
Epoch: 724/1000, Train Loss: 0.0056, Val Loss: 0.0054 | 22.901 s
Epoch: 725/1000, Train Loss: 0.0054, Val Loss: 0.0054 | 23.145 s
Epoch: 726/1000, Train Loss: 0.0054, Val Loss: 0.0053 | 24.482 s
Epoch: 727/1000, Train Loss: 0.0054, Val Loss: 0.0053 | 24.863 s
Epoch: 728/1000, Train Loss: 0.0054, Val Loss: 0.0053 | 23.840 s
Epoch: 729/1000, Train Loss: 0.0053, Val Loss: 0.0053 | 24.304 s
Epoch: 730/1000, Train Loss: 0.0053, Val Loss: 0.0053 | 24.702 s
Epoch: 731/1000, Train Loss: 0.0055, Val Loss: 0.0065 | 25.251 s
Epoch: 732/1000, Train Loss: 0.0054, Val Loss: 0.0056 | 25.659 s
Epoch: 733/1000, Train Loss: 0.0054, Val Loss: 0.0052 | 23.127 s
Epoch: 734/1000, Train Loss: 0.0052, Val Loss: 0.0052 | 23.578 s
Epoch: 735/1000, Train Loss: 0.0052, Val Loss: 0.0052 | 24.195 s
Epoch: 736/1000, Train Loss: 0.0052, Val Loss: 0.0051 | 23.618 s
Epoch: 737/1000, Train Loss: 0.0052, Val Loss: 0.0051 | 24.182 s
Epoch: 738/1000, Train Loss: 0.0052, Val Loss: 0.0053 | 24.735 s
Epoch: 739/1000, Train Loss: 0.0052, Val Loss: 0.0051 | 24.799 s
Epoch: 740/1000, Train Loss: 0.0052, Val Loss: 0.0050 | 24.647 s
Epoch: 741/1000, Train Loss: 0.0051, Val Loss: 0.0055 | 24.402 s
Epoch: 742/1000, Train Loss: 0.0051, Val Loss: 0.0051 | 24.627 s
Epoch: 743/1000, Train Loss: 0.0051, Val Loss: 0.0052 | 23.271 s
Epoch: 744/1000, Train Loss: 0.0051, Val Loss: 0.0051 | 23.195 s
Epoch: 745/1000, Train Loss: 0.0050, Val Loss: 0.0052 | 25.925 s
Epoch: 746/1000, Train Loss: 0.0051, Val Loss: 0.0049 | 25.591 s
Epoch: 747/1000, Train Loss: 0.0050, Val Loss: 0.0050 | 23.505 s
Epoch: 748/1000, Train Loss: 0.0051, Val Loss: 0.0049 | 25.310 s
Epoch: 749/1000, Train Loss: 0.0051, Val Loss: 0.0050 | 25.498 s
Epoch: 750/1000, Train Loss: 0.0050, Val Loss: 0.0052 | 24.387 s
Epoch: 751/1000, Train Loss: 0.0050, Val Loss: 0.0049 | 24.115 s
Epoch: 752/1000, Train Loss: 0.0049, Val Loss: 0.0050 | 22.910 s
Epoch: 753/1000, Train Loss: 0.0050, Val Loss: 0.0049 | 25.345 s
Epoch: 754/1000, Train Loss: 0.0050, Val Loss: 0.0048 | 23.732 s
Epoch: 755/1000, Train Loss: 0.0048, Val Loss: 0.0049 | 24.076 s
Epoch: 756/1000, Train Loss: 0.0048, Val Loss: 0.0053 | 25.651 s
Epoch: 757/1000, Train Loss: 0.0049, Val Loss: 0.0047 | 24.658 s
Epoch: 758/1000, Train Loss: 0.0049, Val Loss: 0.0048 | 24.364 s
Epoch: 759/1000, Train Loss: 0.0047, Val Loss: 0.0047 | 23.414 s
Epoch: 760/1000, Train Loss: 0.0048, Val Loss: 0.0047 | 25.516 s
Epoch: 761/1000, Train Loss: 0.0047, Val Loss: 0.0047 | 24.123 s
Epoch: 762/1000, Train Loss: 0.0048, Val Loss: 0.0048 | 25.141 s
Epoch: 763/1000, Train Loss: 0.0048, Val Loss: 0.0046 | 24.099 s
Epoch: 764/1000, Train Loss: 0.0047, Val Loss: 0.0046 | 25.313 s
Epoch: 765/1000, Train Loss: 0.0047, Val Loss: 0.0046 | 25.160 s
Epoch: 766/1000, Train Loss: 0.0047, Val Loss: 0.0052 | 22.568 s
Epoch: 767/1000, Train Loss: 0.0047, Val Loss: 0.0046 | 25.324 s
Epoch: 768/1000, Train Loss: 0.0047, Val Loss: 0.0046 | 24.934 s
Epoch: 769/1000, Train Loss: 0.0047, Val Loss: 0.0048 | 25.666 s
Epoch: 770/1000, Train Loss: 0.0046, Val Loss: 0.0045 | 24.463 s
Epoch: 771/1000, Train Loss: 0.0047, Val Loss: 0.0047 | 24.215 s
Epoch: 772/1000, Train Loss: 0.0045, Val Loss: 0.0045 | 23.378 s
Epoch: 773/1000, Train Loss: 0.0046, Val Loss: 0.0045 | 24.524 s
Epoch: 774/1000, Train Loss: 0.0047, Val Loss: 0.0044 | 25.057 s
Epoch: 775/1000, Train Loss: 0.0045, Val Loss: 0.0044 | 24.653 s
Epoch: 776/1000, Train Loss: 0.0047, Val Loss: 0.0045 | 24.883 s
Epoch: 777/1000, Train Loss: 0.0044, Val Loss: 0.0044 | 24.382 s
Epoch: 778/1000, Train Loss: 0.0045, Val Loss: 0.0046 | 23.835 s
Epoch: 779/1000, Train Loss: 0.0046, Val Loss: 0.0045 | 25.391 s
Epoch: 780/1000, Train Loss: 0.0045, Val Loss: 0.0044 | 24.152 s
Epoch: 781/1000, Train Loss: 0.0044, Val Loss: 0.0047 | 25.223 s
Epoch: 782/1000, Train Loss: 0.0044, Val Loss: 0.0043 | 24.718 s
Epoch: 783/1000, Train Loss: 0.0044, Val Loss: 0.0045 | 24.799 s
Epoch: 784/1000, Train Loss: 0.0044, Val Loss: 0.0044 | 25.048 s
Epoch: 785/1000, Train Loss: 0.0043, Val Loss: 0.0045 | 25.134 s
Epoch: 786/1000, Train Loss: 0.0044, Val Loss: 0.0043 | 25.771 s
Epoch: 787/1000, Train Loss: 0.0044, Val Loss: 0.0043 | 23.963 s
Epoch: 788/1000, Train Loss: 0.0044, Val Loss: 0.0044 | 22.737 s
Epoch: 789/1000, Train Loss: 0.0044, Val Loss: 0.0043 | 25.404 s
Epoch: 790/1000, Train Loss: 0.0043, Val Loss: 0.0043 | 25.033 s
Epoch: 791/1000, Train Loss: 0.0043, Val Loss: 0.0044 | 24.017 s
Epoch: 792/1000, Train Loss: 0.0044, Val Loss: 0.0042 | 23.962 s
Epoch: 793/1000, Train Loss: 0.0044, Val Loss: 0.0042 | 23.650 s
Epoch: 794/1000, Train Loss: 0.0043, Val Loss: 0.0047 | 23.988 s
Epoch: 795/1000, Train Loss: 0.0042, Val Loss: 0.0041 | 23.477 s
Epoch: 796/1000, Train Loss: 0.0043, Val Loss: 0.0043 | 24.902 s
Epoch: 797/1000, Train Loss: 0.0043, Val Loss: 0.0042 | 24.741 s
Epoch: 798/1000, Train Loss: 0.0042, Val Loss: 0.0044 | 24.886 s
Epoch: 799/1000, Train Loss: 0.0042, Val Loss: 0.0042 | 23.231 s
Epoch: 800/1000, Train Loss: 0.0042, Val Loss: 0.0042 | 25.711 s
Epoch: 801/1000, Train Loss: 0.0042, Val Loss: 0.0051 | 23.818 s
Epoch: 802/1000, Train Loss: 0.0042, Val Loss: 0.0041 | 23.409 s
Epoch: 803/1000, Train Loss: 0.0042, Val Loss: 0.0041 | 24.578 s
Epoch: 804/1000, Train Loss: 0.0042, Val Loss: 0.0041 | 24.888 s
Epoch: 805/1000, Train Loss: 0.0042, Val Loss: 0.0041 | 22.503 s
Epoch: 806/1000, Train Loss: 0.0042, Val Loss: 0.0044 | 24.659 s
Epoch: 807/1000, Train Loss: 0.0042, Val Loss: 0.0040 | 25.780 s
Epoch: 808/1000, Train Loss: 0.0041, Val Loss: 0.0042 | 22.496 s
Epoch: 809/1000, Train Loss: 0.0041, Val Loss: 0.0046 | 24.621 s
Epoch: 810/1000, Train Loss: 0.0042, Val Loss: 0.0041 | 25.135 s
Epoch: 811/1000, Train Loss: 0.0043, Val Loss: 0.0040 | 25.327 s
Epoch: 812/1000, Train Loss: 0.0041, Val Loss: 0.0041 | 23.413 s
Epoch: 813/1000, Train Loss: 0.0041, Val Loss: 0.0041 | 25.972 s
Epoch: 814/1000, Train Loss: 0.0041, Val Loss: 0.0040 | 25.591 s
Epoch: 815/1000, Train Loss: 0.0042, Val Loss: 0.0040 | 24.388 s
Epoch: 816/1000, Train Loss: 0.0040, Val Loss: 0.0041 | 25.610 s
Epoch: 817/1000, Train Loss: 0.0040, Val Loss: 0.0039 | 25.307 s
Epoch: 818/1000, Train Loss: 0.0041, Val Loss: 0.0041 | 22.899 s
Epoch: 819/1000, Train Loss: 0.0042, Val Loss: 0.0041 | 24.872 s
Epoch: 820/1000, Train Loss: 0.0040, Val Loss: 0.0044 | 24.460 s
Epoch: 821/1000, Train Loss: 0.0041, Val Loss: 0.0039 | 24.472 s
Epoch: 822/1000, Train Loss: 0.0041, Val Loss: 0.0040 | 25.244 s
Epoch: 823/1000, Train Loss: 0.0040, Val Loss: 0.0040 | 22.368 s
Epoch: 824/1000, Train Loss: 0.0041, Val Loss: 0.0040 | 24.962 s
Epoch: 825/1000, Train Loss: 0.0041, Val Loss: 0.0039 | 24.832 s
Epoch: 826/1000, Train Loss: 0.0040, Val Loss: 0.0039 | 23.444 s
Epoch: 827/1000, Train Loss: 0.0040, Val Loss: 0.0042 | 24.404 s
Epoch: 828/1000, Train Loss: 0.0040, Val Loss: 0.0043 | 24.958 s
Epoch: 829/1000, Train Loss: 0.0042, Val Loss: 0.0044 | 24.220 s
Epoch: 830/1000, Train Loss: 0.0041, Val Loss: 0.0039 | 24.651 s
Epoch: 831/1000, Train Loss: 0.0040, Val Loss: 0.0039 | 24.393 s
Epoch: 832/1000, Train Loss: 0.0039, Val Loss: 0.0038 | 25.510 s
Epoch: 833/1000, Train Loss: 0.0041, Val Loss: 0.0039 | 25.235 s
Epoch: 834/1000, Train Loss: 0.0039, Val Loss: 0.0038 | 24.293 s
Epoch: 835/1000, Train Loss: 0.0040, Val Loss: 0.0046 | 24.138 s
Epoch: 836/1000, Train Loss: 0.0040, Val Loss: 0.0039 | 24.816 s
Epoch: 837/1000, Train Loss: 0.0040, Val Loss: 0.0039 | 23.990 s
Epoch: 838/1000, Train Loss: 0.0039, Val Loss: 0.0039 | 26.087 s
Epoch: 839/1000, Train Loss: 0.0039, Val Loss: 0.0039 | 25.706 s
Epoch: 840/1000, Train Loss: 0.0039, Val Loss: 0.0040 | 25.820 s
Epoch: 841/1000, Train Loss: 0.0039, Val Loss: 0.0038 | 24.598 s
Epoch: 842/1000, Train Loss: 0.0039, Val Loss: 0.0038 | 24.908 s
Epoch: 843/1000, Train Loss: 0.0039, Val Loss: 0.0040 | 25.759 s
Epoch: 844/1000, Train Loss: 0.0039, Val Loss: 0.0039 | 24.261 s
Epoch: 845/1000, Train Loss: 0.0039, Val Loss: 0.0038 | 24.732 s
Epoch: 846/1000, Train Loss: 0.0039, Val Loss: 0.0037 | 25.560 s
Epoch: 847/1000, Train Loss: 0.0038, Val Loss: 0.0038 | 24.961 s
Epoch: 848/1000, Train Loss: 0.0038, Val Loss: 0.0037 | 24.789 s
Epoch: 849/1000, Train Loss: 0.0039, Val Loss: 0.0037 | 25.385 s
Epoch: 850/1000, Train Loss: 0.0038, Val Loss: 0.0037 | 25.182 s
Epoch: 851/1000, Train Loss: 0.0038, Val Loss: 0.0037 | 25.933 s
Epoch: 852/1000, Train Loss: 0.0038, Val Loss: 0.0044 | 25.919 s
Epoch: 853/1000, Train Loss: 0.0039, Val Loss: 0.0037 | 23.045 s
Epoch: 854/1000, Train Loss: 0.0038, Val Loss: 0.0037 | 25.888 s
Epoch: 855/1000, Train Loss: 0.0038, Val Loss: 0.0037 | 23.704 s
Epoch: 856/1000, Train Loss: 0.0038, Val Loss: 0.0038 | 24.539 s
Epoch: 857/1000, Train Loss: 0.0038, Val Loss: 0.0049 | 26.082 s
Epoch: 858/1000, Train Loss: 0.0039, Val Loss: 0.0036 | 23.614 s
Epoch: 859/1000, Train Loss: 0.0040, Val Loss: 0.0038 | 24.143 s
Epoch: 860/1000, Train Loss: 0.0038, Val Loss: 0.0038 | 24.098 s
Epoch: 861/1000, Train Loss: 0.0038, Val Loss: 0.0036 | 25.534 s
Epoch: 862/1000, Train Loss: 0.0039, Val Loss: 0.0036 | 25.659 s
Epoch: 863/1000, Train Loss: 0.0037, Val Loss: 0.0036 | 23.868 s
Epoch: 864/1000, Train Loss: 0.0037, Val Loss: 0.0036 | 23.731 s
Epoch: 865/1000, Train Loss: 0.0037, Val Loss: 0.0036 | 25.144 s
Epoch: 866/1000, Train Loss: 0.0038, Val Loss: 0.0036 | 24.975 s
Epoch: 867/1000, Train Loss: 0.0038, Val Loss: 0.0036 | 25.166 s
Epoch: 868/1000, Train Loss: 0.0037, Val Loss: 0.0036 | 23.408 s
Epoch: 869/1000, Train Loss: 0.0037, Val Loss: 0.0036 | 25.253 s
Epoch: 870/1000, Train Loss: 0.0037, Val Loss: 0.0037 | 23.009 s
Epoch: 871/1000, Train Loss: 0.0037, Val Loss: 0.0036 | 24.252 s
Epoch: 872/1000, Train Loss: 0.0037, Val Loss: 0.0036 | 24.303 s
Epoch: 873/1000, Train Loss: 0.0038, Val Loss: 0.0042 | 24.118 s
Epoch: 874/1000, Train Loss: 0.0037, Val Loss: 0.0038 | 24.293 s
Epoch: 875/1000, Train Loss: 0.0037, Val Loss: 0.0038 | 25.149 s
Epoch: 876/1000, Train Loss: 0.0037, Val Loss: 0.0037 | 24.370 s
Epoch: 877/1000, Train Loss: 0.0037, Val Loss: 0.0036 | 24.100 s
Epoch: 878/1000, Train Loss: 0.0038, Val Loss: 0.0039 | 25.669 s
Epoch: 879/1000, Train Loss: 0.0037, Val Loss: 0.0036 | 24.281 s
Epoch: 880/1000, Train Loss: 0.0037, Val Loss: 0.0038 | 23.341 s
Epoch: 881/1000, Train Loss: 0.0037, Val Loss: 0.0035 | 24.809 s
Epoch: 882/1000, Train Loss: 0.0036, Val Loss: 0.0035 | 25.475 s
Epoch: 883/1000, Train Loss: 0.0037, Val Loss: 0.0037 | 24.233 s
Epoch: 884/1000, Train Loss: 0.0036, Val Loss: 0.0035 | 24.767 s
Epoch: 885/1000, Train Loss: 0.0037, Val Loss: 0.0035 | 25.059 s
Epoch: 886/1000, Train Loss: 0.0037, Val Loss: 0.0037 | 24.280 s
Epoch: 887/1000, Train Loss: 0.0036, Val Loss: 0.0038 | 22.405 s
Epoch: 888/1000, Train Loss: 0.0036, Val Loss: 0.0035 | 24.150 s
Epoch: 889/1000, Train Loss: 0.0036, Val Loss: 0.0035 | 24.258 s
Epoch: 890/1000, Train Loss: 0.0036, Val Loss: 0.0035 | 24.684 s
Epoch: 891/1000, Train Loss: 0.0036, Val Loss: 0.0035 | 24.743 s
Epoch: 892/1000, Train Loss: 0.0037, Val Loss: 0.0035 | 25.733 s
Epoch: 893/1000, Train Loss: 0.0036, Val Loss: 0.0036 | 24.207 s
Epoch: 894/1000, Train Loss: 0.0036, Val Loss: 0.0040 | 23.002 s
Epoch: 895/1000, Train Loss: 0.0036, Val Loss: 0.0035 | 24.632 s
Epoch: 896/1000, Train Loss: 0.0036, Val Loss: 0.0034 | 24.717 s
Epoch: 897/1000, Train Loss: 0.0036, Val Loss: 0.0038 | 25.912 s
Epoch: 898/1000, Train Loss: 0.0037, Val Loss: 0.0035 | 24.686 s
Epoch: 899/1000, Train Loss: 0.0036, Val Loss: 0.0035 | 24.595 s
Epoch: 900/1000, Train Loss: 0.0036, Val Loss: 0.0034 | 24.743 s
Epoch: 901/1000, Train Loss: 0.0036, Val Loss: 0.0037 | 25.354 s
Epoch: 902/1000, Train Loss: 0.0037, Val Loss: 0.0035 | 25.316 s
Epoch: 903/1000, Train Loss: 0.0036, Val Loss: 0.0034 | 24.376 s
Epoch: 904/1000, Train Loss: 0.0037, Val Loss: 0.0035 | 25.056 s
Epoch: 905/1000, Train Loss: 0.0036, Val Loss: 0.0035 | 23.508 s
Epoch: 906/1000, Train Loss: 0.0036, Val Loss: 0.0034 | 25.469 s
Epoch: 907/1000, Train Loss: 0.0036, Val Loss: 0.0034 | 23.583 s
Epoch: 908/1000, Train Loss: 0.0035, Val Loss: 0.0035 | 25.499 s
Epoch: 909/1000, Train Loss: 0.0036, Val Loss: 0.0038 | 24.111 s
Epoch: 910/1000, Train Loss: 0.0036, Val Loss: 0.0035 | 24.036 s
Epoch: 911/1000, Train Loss: 0.0036, Val Loss: 0.0035 | 24.747 s
Epoch: 912/1000, Train Loss: 0.0036, Val Loss: 0.0034 | 25.075 s
Epoch: 913/1000, Train Loss: 0.0036, Val Loss: 0.0034 | 25.961 s
Epoch: 914/1000, Train Loss: 0.0035, Val Loss: 0.0035 | 25.508 s
Epoch: 915/1000, Train Loss: 0.0035, Val Loss: 0.0034 | 23.796 s
Epoch: 916/1000, Train Loss: 0.0036, Val Loss: 0.0034 | 24.320 s
Epoch: 917/1000, Train Loss: 0.0036, Val Loss: 0.0034 | 24.787 s
Epoch: 918/1000, Train Loss: 0.0035, Val Loss: 0.0034 | 25.128 s
Epoch: 919/1000, Train Loss: 0.0035, Val Loss: 0.0034 | 25.500 s
Epoch: 920/1000, Train Loss: 0.0035, Val Loss: 0.0034 | 23.413 s
Epoch: 921/1000, Train Loss: 0.0035, Val Loss: 0.0034 | 24.254 s
Epoch: 922/1000, Train Loss: 0.0034, Val Loss: 0.0033 | 23.116 s
Epoch: 923/1000, Train Loss: 0.0035, Val Loss: 0.0035 | 25.434 s
Epoch: 924/1000, Train Loss: 0.0035, Val Loss: 0.0036 | 24.799 s
Epoch: 925/1000, Train Loss: 0.0035, Val Loss: 0.0034 | 25.605 s
Epoch: 926/1000, Train Loss: 0.0036, Val Loss: 0.0036 | 24.226 s
Epoch: 927/1000, Train Loss: 0.0036, Val Loss: 0.0037 | 25.234 s
Epoch: 928/1000, Train Loss: 0.0036, Val Loss: 0.0033 | 24.162 s
Epoch: 929/1000, Train Loss: 0.0035, Val Loss: 0.0034 | 24.166 s
Epoch: 930/1000, Train Loss: 0.0035, Val Loss: 0.0033 | 22.928 s
Epoch: 931/1000, Train Loss: 0.0034, Val Loss: 0.0033 | 25.871 s
Epoch: 932/1000, Train Loss: 0.0035, Val Loss: 0.0035 | 24.820 s
Epoch: 933/1000, Train Loss: 0.0034, Val Loss: 0.0033 | 23.858 s
Epoch: 934/1000, Train Loss: 0.0034, Val Loss: 0.0034 | 23.948 s
Epoch: 935/1000, Train Loss: 0.0034, Val Loss: 0.0035 | 23.974 s
Epoch: 936/1000, Train Loss: 0.0034, Val Loss: 0.0033 | 24.087 s
Epoch: 937/1000, Train Loss: 0.0035, Val Loss: 0.0033 | 25.613 s
Epoch: 938/1000, Train Loss: 0.0035, Val Loss: 0.0033 | 25.179 s
Epoch: 939/1000, Train Loss: 0.0034, Val Loss: 0.0033 | 25.613 s
Epoch: 940/1000, Train Loss: 0.0035, Val Loss: 0.0037 | 23.935 s
Epoch: 941/1000, Train Loss: 0.0034, Val Loss: 0.0033 | 24.826 s
Epoch: 942/1000, Train Loss: 0.0035, Val Loss: 0.0034 | 23.945 s
Epoch: 943/1000, Train Loss: 0.0035, Val Loss: 0.0033 | 22.660 s
Epoch: 944/1000, Train Loss: 0.0035, Val Loss: 0.0038 | 24.252 s
Epoch: 945/1000, Train Loss: 0.0034, Val Loss: 0.0033 | 26.015 s
Epoch: 946/1000, Train Loss: 0.0034, Val Loss: 0.0035 | 24.491 s
Epoch: 947/1000, Train Loss: 0.0035, Val Loss: 0.0033 | 26.149 s
Epoch: 948/1000, Train Loss: 0.0034, Val Loss: 0.0033 | 23.239 s
Epoch: 949/1000, Train Loss: 0.0034, Val Loss: 0.0033 | 25.032 s
Epoch: 950/1000, Train Loss: 0.0035, Val Loss: 0.0033 | 25.142 s
Epoch: 951/1000, Train Loss: 0.0034, Val Loss: 0.0036 | 23.364 s
Epoch: 952/1000, Train Loss: 0.0035, Val Loss: 0.0033 | 23.780 s
Epoch: 953/1000, Train Loss: 0.0034, Val Loss: 0.0036 | 24.774 s
Epoch: 954/1000, Train Loss: 0.0034, Val Loss: 0.0033 | 25.160 s
Epoch: 955/1000, Train Loss: 0.0034, Val Loss: 0.0033 | 24.797 s
Epoch: 956/1000, Train Loss: 0.0034, Val Loss: 0.0034 | 25.630 s
Epoch: 957/1000, Train Loss: 0.0034, Val Loss: 0.0032 | 25.037 s
Epoch: 958/1000, Train Loss: 0.0034, Val Loss: 0.0033 | 25.860 s
Epoch: 959/1000, Train Loss: 0.0035, Val Loss: 0.0032 | 24.090 s
Epoch: 960/1000, Train Loss: 0.0035, Val Loss: 0.0034 | 24.248 s
Epoch: 961/1000, Train Loss: 0.0034, Val Loss: 0.0033 | 24.843 s
Epoch: 962/1000, Train Loss: 0.0034, Val Loss: 0.0032 | 24.697 s
Epoch: 963/1000, Train Loss: 0.0033, Val Loss: 0.0032 | 25.356 s
Epoch: 964/1000, Train Loss: 0.0034, Val Loss: 0.0036 | 23.910 s
Epoch: 965/1000, Train Loss: 0.0033, Val Loss: 0.0032 | 24.921 s
Epoch: 966/1000, Train Loss: 0.0033, Val Loss: 0.0033 | 24.864 s
Epoch: 967/1000, Train Loss: 0.0034, Val Loss: 0.0034 | 24.904 s
Epoch: 968/1000, Train Loss: 0.0034, Val Loss: 0.0032 | 24.746 s
Epoch: 969/1000, Train Loss: 0.0034, Val Loss: 0.0035 | 25.353 s
Epoch: 970/1000, Train Loss: 0.0033, Val Loss: 0.0033 | 22.206 s
Epoch: 971/1000, Train Loss: 0.0033, Val Loss: 0.0035 | 23.743 s
Epoch: 972/1000, Train Loss: 0.0033, Val Loss: 0.0034 | 23.405 s
Epoch: 973/1000, Train Loss: 0.0035, Val Loss: 0.0032 | 24.945 s
Epoch: 974/1000, Train Loss: 0.0033, Val Loss: 0.0032 | 26.213 s
Epoch: 975/1000, Train Loss: 0.0034, Val Loss: 0.0033 | 26.056 s
Epoch: 976/1000, Train Loss: 0.0033, Val Loss: 0.0032 | 24.048 s
Epoch: 977/1000, Train Loss: 0.0034, Val Loss: 0.0032 | 25.758 s
Epoch: 978/1000, Train Loss: 0.0034, Val Loss: 0.0036 | 24.230 s
Epoch: 979/1000, Train Loss: 0.0033, Val Loss: 0.0035 | 24.237 s
Epoch: 980/1000, Train Loss: 0.0034, Val Loss: 0.0034 | 24.897 s
Epoch: 981/1000, Train Loss: 0.0033, Val Loss: 0.0032 | 23.747 s
Epoch: 982/1000, Train Loss: 0.0033, Val Loss: 0.0033 | 24.426 s
Epoch: 983/1000, Train Loss: 0.0033, Val Loss: 0.0033 | 25.609 s
Epoch: 984/1000, Train Loss: 0.0034, Val Loss: 0.0034 | 24.329 s
Epoch: 985/1000, Train Loss: 0.0034, Val Loss: 0.0032 | 23.378 s
Epoch: 986/1000, Train Loss: 0.0033, Val Loss: 0.0034 | 24.391 s
Epoch: 987/1000, Train Loss: 0.0033, Val Loss: 0.0031 | 24.963 s
Epoch: 988/1000, Train Loss: 0.0033, Val Loss: 0.0032 | 24.445 s
Epoch: 989/1000, Train Loss: 0.0033, Val Loss: 0.0032 | 24.857 s
Epoch: 990/1000, Train Loss: 0.0033, Val Loss: 0.0033 | 25.579 s
Epoch: 991/1000, Train Loss: 0.0034, Val Loss: 0.0033 | 25.456 s
Epoch: 992/1000, Train Loss: 0.0033, Val Loss: 0.0031 | 26.262 s
Epoch: 993/1000, Train Loss: 0.0033, Val Loss: 0.0032 | 24.480 s
Epoch: 994/1000, Train Loss: 0.0033, Val Loss: 0.0031 | 24.815 s
Epoch: 995/1000, Train Loss: 0.0033, Val Loss: 0.0031 | 24.346 s
Epoch: 996/1000, Train Loss: 0.0032, Val Loss: 0.0036 | 24.966 s
Epoch: 997/1000, Train Loss: 0.0033, Val Loss: 0.0033 | 23.263 s
Epoch: 998/1000, Train Loss: 0.0033, Val Loss: 0.0040 | 22.542 s
Epoch: 999/1000, Train Loss: 0.0033, Val Loss: 0.0031 | 23.242 s
Epoch: 1000/1000, Train Loss: 0.0033, Val Loss: 0.0033 | 24.610 s
