/clusterfs/students/achmadjae/.local/lib/python3.11/site-packages/lightning_fabric/plugins/environments/slurm.py:191: The `srun` command is available on your system but is not used. HINT: If your intention is to run Lightning on SLURM, prepend your python command with `srun` like so: srun python3 conv6d_h2.py ...
GPU available: True (cuda), used: True
TPU available: False, using: 0 TPU cores
IPU available: False, using: 0 IPUs
HPU available: False, using: 0 HPUs
You are using a CUDA device ('NVIDIA GeForce RTX 3060') that has Tensor Cores. To properly utilize them, you should set `torch.set_float32_matmul_precision('medium' | 'high')` which will trade-off precision for performance. For more details, read https://pytorch.org/docs/stable/generated/torch.set_float32_matmul_precision.html#torch.set_float32_matmul_precision
Missing logger folder: /clusterfs/students/achmadjae/RA/03_deep6D/convNd/lightning_logs
LOCAL_RANK: 0 - CUDA_VISIBLE_DEVICES: [0]

  | Name      | Type    | Params
--------------------------------------
0 | conv6d1   | convNd  | 95.0 K
1 | conv6d2   | convNd  | 23.9 M
2 | conv6d3   | convNd  | 11.9 M
3 | flatten   | Flatten | 0     
4 | relu      | ReLU    | 0     
5 | fc        | Linear  | 4.1 K 
6 | criterion | L1Loss  | 0     
--------------------------------------
35.9 M    Trainable params
0         Non-trainable params
35.9 M    Total params
143.740   Total estimated model params size (MB)
Sanity Checking: |          | 0/? [00:00<?, ?it/s]Sanity Checking:   0%|          | 0/2 [00:00<?, ?it/s]Sanity Checking DataLoader 0:   0%|          | 0/2 [00:00<?, ?it/s]Sanity Checking DataLoader 0:  50%|█████     | 1/2 [00:02<00:02,  0.50it/s]Sanity Checking DataLoader 0: 100%|██████████| 2/2 [00:03<00:00,  0.50it/s]val_loss:  tensor(0.6572, device='cuda:0')
                                                                           Training: |          | 0/? [00:00<?, ?it/s]Training:   0%|          | 0/18 [00:00<?, ?it/s]Epoch 0:   0%|          | 0/18 [00:00<?, ?it/s] Epoch 0:   6%|▌         | 1/18 [00:43<12:11,  0.02it/s]Epoch 0:   6%|▌         | 1/18 [00:43<12:11,  0.02it/s, v_num=0]